04-Feb-2019 22:32:00.522 INFO [main] org.apache.catalina.startup.VersionLoggerListener.log Server version:        Apache Tomcat/8.0.30
04-Feb-2019 22:32:00.523 INFO [main] org.apache.catalina.startup.VersionLoggerListener.log Server built:          Dec 1 2015 22:30:46 UTC
04-Feb-2019 22:32:00.523 INFO [main] org.apache.catalina.startup.VersionLoggerListener.log Server number:         8.0.30.0
04-Feb-2019 22:32:00.523 INFO [main] org.apache.catalina.startup.VersionLoggerListener.log OS Name:               Mac OS X
04-Feb-2019 22:32:00.524 INFO [main] org.apache.catalina.startup.VersionLoggerListener.log OS Version:            10.14
04-Feb-2019 22:32:00.524 INFO [main] org.apache.catalina.startup.VersionLoggerListener.log Architecture:          x86_64
04-Feb-2019 22:32:00.524 INFO [main] org.apache.catalina.startup.VersionLoggerListener.log Java Home:             /Library/Java/JavaVirtualMachines/jdk1.8.0_66.jdk/Contents/Home/jre
04-Feb-2019 22:32:00.524 INFO [main] org.apache.catalina.startup.VersionLoggerListener.log JVM Version:           1.8.0_66-b17
04-Feb-2019 22:32:00.524 INFO [main] org.apache.catalina.startup.VersionLoggerListener.log JVM Vendor:            Oracle Corporation
04-Feb-2019 22:32:00.524 INFO [main] org.apache.catalina.startup.VersionLoggerListener.log CATALINA_BASE:         /Users/ptom/NetBeansProjects/apache-tomcat-8.0.30
04-Feb-2019 22:32:00.524 INFO [main] org.apache.catalina.startup.VersionLoggerListener.log CATALINA_HOME:         /Users/ptom/NetBeansProjects/apache-tomcat-8.0.30
04-Feb-2019 22:32:00.525 INFO [main] org.apache.catalina.startup.VersionLoggerListener.log Command line argument: -Djava.util.logging.config.file=/Users/ptom/NetBeansProjects/apache-tomcat-8.0.30/conf/logging.properties
04-Feb-2019 22:32:00.526 INFO [main] org.apache.catalina.startup.VersionLoggerListener.log Command line argument: -Djava.util.logging.manager=org.apache.juli.ClassLoaderLogManager
04-Feb-2019 22:32:00.526 INFO [main] org.apache.catalina.startup.VersionLoggerListener.log Command line argument: -Dhttp.nonProxyHosts=localhost|127.0.0.1|iMac-di-Paolo-6.station
04-Feb-2019 22:32:00.526 INFO [main] org.apache.catalina.startup.VersionLoggerListener.log Command line argument: -Djava.endorsed.dirs=/Users/ptom/NetBeansProjects/apache-tomcat-8.0.30/endorsed
04-Feb-2019 22:32:00.526 INFO [main] org.apache.catalina.startup.VersionLoggerListener.log Command line argument: -Dcatalina.base=/Users/ptom/NetBeansProjects/apache-tomcat-8.0.30
04-Feb-2019 22:32:00.526 INFO [main] org.apache.catalina.startup.VersionLoggerListener.log Command line argument: -Dcatalina.home=/Users/ptom/NetBeansProjects/apache-tomcat-8.0.30
04-Feb-2019 22:32:00.527 INFO [main] org.apache.catalina.startup.VersionLoggerListener.log Command line argument: -Djava.io.tmpdir=/Users/ptom/NetBeansProjects/apache-tomcat-8.0.30/temp
04-Feb-2019 22:32:00.527 INFO [main] org.apache.catalina.core.AprLifecycleListener.lifecycleEvent The APR based Apache Tomcat Native library which allows optimal performance in production environments was not found on the java.library.path: /Users/ptom/Library/Java/Extensions:/Library/Java/Extensions:/Network/Library/Java/Extensions:/System/Library/Java/Extensions:/usr/lib/java:.
04-Feb-2019 22:32:00.878 INFO [main] org.apache.coyote.AbstractProtocol.init Initializing ProtocolHandler ["http-nio-8080"]
04-Feb-2019 22:32:00.948 INFO [main] org.apache.tomcat.util.net.NioSelectorPool.getSharedSelector Using a shared selector for servlet write/read
04-Feb-2019 22:32:00.965 INFO [main] org.apache.coyote.AbstractProtocol.init Initializing ProtocolHandler ["ajp-nio-8009"]
04-Feb-2019 22:32:00.968 INFO [main] org.apache.tomcat.util.net.NioSelectorPool.getSharedSelector Using a shared selector for servlet write/read
04-Feb-2019 22:32:00.970 INFO [main] org.apache.catalina.startup.Catalina.load Initialization processed in 1645 ms
04-Feb-2019 22:32:01.065 INFO [main] org.apache.catalina.core.StandardService.startInternal Starting service Catalina
04-Feb-2019 22:32:01.065 INFO [main] org.apache.catalina.core.StandardEngine.startInternal Starting Servlet Engine: Apache Tomcat/8.0.30
04-Feb-2019 22:32:01.096 INFO [localhost-startStop-1] org.apache.catalina.startup.HostConfig.deployDescriptor Deploying configuration descriptor /Users/ptom/NetBeansProjects/apache-tomcat-8.0.30/conf/Catalina/localhost/WebApplication2.xml
04-Feb-2019 22:32:05.991 INFO [localhost-startStop-1] org.apache.jasper.servlet.TldScanner.scanJars At least one JAR was scanned for TLDs yet contained no TLDs. Enable debug logging for this logger for a complete list of JARs that were scanned but no TLDs were found in them. Skipping unneeded JARs during scanning can improve startup time and JSP compilation time.
04-Feb-2019 22:32:06.189 INFO [localhost-startStop-1] org.springframework.web.context.ContextLoader.initWebApplicationContext Root WebApplicationContext: initialization started
04-Feb-2019 22:32:06.467 INFO [localhost-startStop-1] org.springframework.context.support.AbstractApplicationContext.prepareRefresh Refreshing Root WebApplicationContext: startup date [Mon Feb 04 22:32:06 CET 2019]; root of context hierarchy
04-Feb-2019 22:32:06.673 INFO [localhost-startStop-1] org.springframework.beans.factory.xml.XmlBeanDefinitionReader.loadBeanDefinitions Loading XML bean definitions from ServletContext resource [/WEB-INF/applicationContext.xml]
04-Feb-2019 22:32:06.964 INFO [localhost-startStop-1] org.springframework.web.context.ContextLoader.initWebApplicationContext Root WebApplicationContext: initialization completed in 775 ms
04-Feb-2019 22:32:07.060 INFO [localhost-startStop-1] org.springframework.web.servlet.FrameworkServlet.initServletBean FrameworkServlet 'dispatcher': initialization started
04-Feb-2019 22:32:07.069 INFO [localhost-startStop-1] org.springframework.context.support.AbstractApplicationContext.prepareRefresh Refreshing WebApplicationContext for namespace 'dispatcher-servlet': startup date [Mon Feb 04 22:32:07 CET 2019]; parent: Root WebApplicationContext
04-Feb-2019 22:32:07.085 INFO [localhost-startStop-1] org.springframework.beans.factory.xml.XmlBeanDefinitionReader.loadBeanDefinitions Loading XML bean definitions from ServletContext resource [/WEB-INF/dispatcher-servlet.xml]
04-Feb-2019 22:32:07.697 INFO [localhost-startStop-1] org.springframework.web.servlet.handler.AbstractUrlHandlerMapping.registerHandler Mapped URL path [/NOMESERVIZIO_01.htm] onto handler 'controllerMultiMap'
04-Feb-2019 22:32:07.697 INFO [localhost-startStop-1] org.springframework.web.servlet.handler.AbstractUrlHandlerMapping.registerHandler Mapped URL path [/NOMESERVIZIO.htm] onto handler 'controllerMultiMap'
04-Feb-2019 22:32:07.698 INFO [localhost-startStop-1] org.springframework.web.servlet.handler.AbstractUrlHandlerMapping.registerHandler Mapped URL path [/NOMESERVIZIO_02.htm] onto handler 'controllerMultiMap'
04-Feb-2019 22:32:08.305 INFO [localhost-startStop-1] org.springframework.web.servlet.FrameworkServlet.initServletBean FrameworkServlet 'dispatcher': initialization completed in 1245 ms
04-Feb-2019 22:32:08.341 INFO [localhost-startStop-1] org.apache.catalina.startup.HostConfig.deployDescriptor Deployment of configuration descriptor /Users/ptom/NetBeansProjects/apache-tomcat-8.0.30/conf/Catalina/localhost/WebApplication2.xml has finished in 7,244 ms
04-Feb-2019 22:32:08.342 INFO [localhost-startStop-1] org.apache.catalina.startup.HostConfig.deployDirectory Deploying web application directory /Users/ptom/NetBeansProjects/apache-tomcat-8.0.30/webapps/docs
04-Feb-2019 22:32:08.515 INFO [localhost-startStop-1] org.apache.jasper.servlet.TldScanner.scanJars At least one JAR was scanned for TLDs yet contained no TLDs. Enable debug logging for this logger for a complete list of JARs that were scanned but no TLDs were found in them. Skipping unneeded JARs during scanning can improve startup time and JSP compilation time.
04-Feb-2019 22:32:08.521 INFO [localhost-startStop-1] org.apache.catalina.startup.HostConfig.deployDirectory Deployment of web application directory /Users/ptom/NetBeansProjects/apache-tomcat-8.0.30/webapps/docs has finished in 179 ms
04-Feb-2019 22:32:08.521 INFO [localhost-startStop-1] org.apache.catalina.startup.HostConfig.deployDirectory Deploying web application directory /Users/ptom/NetBeansProjects/apache-tomcat-8.0.30/webapps/manager
04-Feb-2019 22:32:08.678 INFO [localhost-startStop-1] org.apache.jasper.servlet.TldScanner.scanJars At least one JAR was scanned for TLDs yet contained no TLDs. Enable debug logging for this logger for a complete list of JARs that were scanned but no TLDs were found in them. Skipping unneeded JARs during scanning can improve startup time and JSP compilation time.
04-Feb-2019 22:32:08.702 INFO [localhost-startStop-1] org.apache.catalina.startup.HostConfig.deployDirectory Deployment of web application directory /Users/ptom/NetBeansProjects/apache-tomcat-8.0.30/webapps/manager has finished in 180 ms
04-Feb-2019 22:32:08.703 INFO [localhost-startStop-1] org.apache.catalina.startup.HostConfig.deployDirectory Deploying web application directory /Users/ptom/NetBeansProjects/apache-tomcat-8.0.30/webapps/examples
04-Feb-2019 22:32:09.333 INFO [localhost-startStop-1] org.apache.jasper.servlet.TldScanner.scanJars At least one JAR was scanned for TLDs yet contained no TLDs. Enable debug logging for this logger for a complete list of JARs that were scanned but no TLDs were found in them. Skipping unneeded JARs during scanning can improve startup time and JSP compilation time.
04-Feb-2019 22:32:09.361 INFO [localhost-startStop-1] org.apache.catalina.startup.HostConfig.deployDirectory Deployment of web application directory /Users/ptom/NetBeansProjects/apache-tomcat-8.0.30/webapps/examples has finished in 659 ms
04-Feb-2019 22:32:09.361 INFO [localhost-startStop-1] org.apache.catalina.startup.HostConfig.deployDirectory Deploying web application directory /Users/ptom/NetBeansProjects/apache-tomcat-8.0.30/webapps/host-manager
04-Feb-2019 22:32:09.572 INFO [localhost-startStop-1] org.apache.jasper.servlet.TldScanner.scanJars At least one JAR was scanned for TLDs yet contained no TLDs. Enable debug logging for this logger for a complete list of JARs that were scanned but no TLDs were found in them. Skipping unneeded JARs during scanning can improve startup time and JSP compilation time.
04-Feb-2019 22:32:09.583 INFO [localhost-startStop-1] org.apache.catalina.startup.HostConfig.deployDirectory Deployment of web application directory /Users/ptom/NetBeansProjects/apache-tomcat-8.0.30/webapps/host-manager has finished in 222 ms
04-Feb-2019 22:32:09.588 INFO [main] org.apache.coyote.AbstractProtocol.start Starting ProtocolHandler ["http-nio-8080"]
04-Feb-2019 22:32:09.599 INFO [main] org.apache.coyote.AbstractProtocol.start Starting ProtocolHandler ["ajp-nio-8009"]
04-Feb-2019 22:32:09.601 INFO [main] org.apache.catalina.startup.Catalina.start Server startup in 8630 ms
04-Feb-2019 22:32:11.307 INFO [http-nio-8080-exec-7] org.apache.catalina.startup.HostConfig.deployDescriptor Deploying configuration descriptor /Users/ptom/NetBeansProjects/apache-tomcat-8.0.30/conf/Catalina/localhost/WebApplication1.xml
04-Feb-2019 22:32:14.710 INFO [http-nio-8080-exec-7] org.apache.jasper.servlet.TldScanner.scanJars At least one JAR was scanned for TLDs yet contained no TLDs. Enable debug logging for this logger for a complete list of JARs that were scanned but no TLDs were found in them. Skipping unneeded JARs during scanning can improve startup time and JSP compilation time.
04-Feb-2019 22:32:14.787 INFO [http-nio-8080-exec-7] org.springframework.web.context.ContextLoader.initWebApplicationContext Root WebApplicationContext: initialization started
04-Feb-2019 22:32:15.018 INFO [http-nio-8080-exec-7] org.springframework.context.support.AbstractApplicationContext.prepareRefresh Refreshing Root WebApplicationContext: startup date [Mon Feb 04 22:32:15 CET 2019]; root of context hierarchy
04-Feb-2019 22:32:15.134 INFO [http-nio-8080-exec-7] org.springframework.beans.factory.xml.XmlBeanDefinitionReader.loadBeanDefinitions Loading XML bean definitions from ServletContext resource [/WEB-INF/applicationContext.xml]
04-Feb-2019 22:32:15.249 INFO [http-nio-8080-exec-7] org.springframework.web.context.ContextLoader.initWebApplicationContext Root WebApplicationContext: initialization completed in 461 ms
04-Feb-2019 22:32:15.286 INFO [http-nio-8080-exec-7] org.springframework.web.servlet.FrameworkServlet.initServletBean FrameworkServlet 'dispatcher': initialization started
04-Feb-2019 22:32:15.290 INFO [http-nio-8080-exec-7] org.springframework.context.support.AbstractApplicationContext.prepareRefresh Refreshing WebApplicationContext for namespace 'dispatcher-servlet': startup date [Mon Feb 04 22:32:15 CET 2019]; parent: Root WebApplicationContext
04-Feb-2019 22:32:15.291 INFO [http-nio-8080-exec-7] org.springframework.beans.factory.xml.XmlBeanDefinitionReader.loadBeanDefinitions Loading XML bean definitions from ServletContext resource [/WEB-INF/dispatcher-servlet.xml]
04-Feb-2019 22:32:15.680 INFO [http-nio-8080-exec-7] org.springframework.web.servlet.handler.AbstractUrlHandlerMapping.registerHandler Mapped URL path [/NOMESERVIZIO_01.htm] onto handler 'controllerMultiMap'
04-Feb-2019 22:32:15.682 INFO [http-nio-8080-exec-7] org.springframework.web.servlet.handler.AbstractUrlHandlerMapping.registerHandler Mapped URL path [/NOMESERVIZIO.htm] onto handler 'controllerMultiMap'
04-Feb-2019 22:32:16.012 INFO [http-nio-8080-exec-7] org.springframework.web.servlet.FrameworkServlet.initServletBean FrameworkServlet 'dispatcher': initialization completed in 725 ms
04-Feb-2019 22:32:16.030 INFO [http-nio-8080-exec-7] org.apache.catalina.startup.HostConfig.deployDescriptor Deployment of configuration descriptor /Users/ptom/NetBeansProjects/apache-tomcat-8.0.30/conf/Catalina/localhost/WebApplication1.xml has finished in 4,722 ms
04-Feb-2019 22:32:16.112 INFO [http-nio-8080-exec-8] org.apache.catalina.util.LifecycleBase.start The start() method was called on component [StandardEngine[Catalina].StandardHost[localhost].StandardContext[/WebApplication1]] after start() had already been called. The second call will be ignored.
04-Feb-2019 23:39:31.927 INFO [http-nio-8080-exec-7] org.apache.catalina.core.StandardContext.reload Reloading Context with name [/WebApplication2] has started
04-Feb-2019 23:39:31.935 INFO [http-nio-8080-exec-7] org.springframework.context.support.AbstractApplicationContext.doClose Closing WebApplicationContext for namespace 'dispatcher-servlet': startup date [Mon Feb 04 22:32:07 CET 2019]; parent: Root WebApplicationContext
04-Feb-2019 23:39:31.948 INFO [http-nio-8080-exec-7] org.springframework.context.support.AbstractApplicationContext.doClose Closing Root WebApplicationContext: startup date [Mon Feb 04 22:32:06 CET 2019]; root of context hierarchy
04-Feb-2019 23:39:35.103 INFO [http-nio-8080-exec-7] org.springframework.web.context.ContextLoader.initWebApplicationContext Root WebApplicationContext: initialization started
04-Feb-2019 23:39:35.415 INFO [http-nio-8080-exec-7] org.springframework.context.support.AbstractApplicationContext.prepareRefresh Refreshing Root WebApplicationContext: startup date [Mon Feb 04 23:39:35 CET 2019]; root of context hierarchy
04-Feb-2019 23:39:35.514 INFO [http-nio-8080-exec-7] org.springframework.beans.factory.xml.XmlBeanDefinitionReader.loadBeanDefinitions Loading XML bean definitions from ServletContext resource [/WEB-INF/applicationContext.xml]
04-Feb-2019 23:39:35.620 INFO [http-nio-8080-exec-7] org.springframework.web.context.ContextLoader.initWebApplicationContext Root WebApplicationContext: initialization completed in 517 ms
04-Feb-2019 23:39:35.663 INFO [http-nio-8080-exec-7] org.springframework.web.servlet.FrameworkServlet.initServletBean FrameworkServlet 'dispatcher': initialization started
04-Feb-2019 23:39:35.670 INFO [http-nio-8080-exec-7] org.springframework.context.support.AbstractApplicationContext.prepareRefresh Refreshing WebApplicationContext for namespace 'dispatcher-servlet': startup date [Mon Feb 04 23:39:35 CET 2019]; parent: Root WebApplicationContext
04-Feb-2019 23:39:35.672 INFO [http-nio-8080-exec-7] org.springframework.beans.factory.xml.XmlBeanDefinitionReader.loadBeanDefinitions Loading XML bean definitions from ServletContext resource [/WEB-INF/dispatcher-servlet.xml]
04-Feb-2019 23:39:36.072 INFO [http-nio-8080-exec-7] org.springframework.web.servlet.handler.AbstractUrlHandlerMapping.registerHandler Mapped URL path [/NOMESERVIZIO_01.htm] onto handler 'controllerMultiMap'
04-Feb-2019 23:39:36.073 INFO [http-nio-8080-exec-7] org.springframework.web.servlet.handler.AbstractUrlHandlerMapping.registerHandler Mapped URL path [/NOMESERVIZIO.htm] onto handler 'controllerMultiMap'
04-Feb-2019 23:39:36.073 INFO [http-nio-8080-exec-7] org.springframework.web.servlet.handler.AbstractUrlHandlerMapping.registerHandler Mapped URL path [/NOMESERVIZIO_02.htm] onto handler 'controllerMultiMap'
04-Feb-2019 23:39:36.285 INFO [http-nio-8080-exec-7] org.springframework.web.servlet.FrameworkServlet.initServletBean FrameworkServlet 'dispatcher': initialization completed in 621 ms
04-Feb-2019 23:39:36.292 INFO [http-nio-8080-exec-7] org.apache.catalina.core.StandardContext.reload Reloading Context with name [/WebApplication2] is completed
04-Feb-2019 23:53:20.938 INFO [http-nio-8080-exec-16] org.springframework.context.support.AbstractApplicationContext.doClose Closing WebApplicationContext for namespace 'dispatcher-servlet': startup date [Mon Feb 04 23:39:35 CET 2019]; parent: Root WebApplicationContext
04-Feb-2019 23:53:20.946 INFO [http-nio-8080-exec-16] org.springframework.context.support.AbstractApplicationContext.doClose Closing Root WebApplicationContext: startup date [Mon Feb 04 23:39:35 CET 2019]; root of context hierarchy
04-Feb-2019 23:53:21.478 INFO [http-nio-8080-exec-16] org.apache.catalina.startup.HostConfig.undeploy Undeploying context [/WebApplication2]
04-Feb-2019 23:53:25.826 INFO [http-nio-8080-exec-12] org.springframework.context.support.AbstractApplicationContext.doClose Closing WebApplicationContext for namespace 'dispatcher-servlet': startup date [Mon Feb 04 22:32:15 CET 2019]; parent: Root WebApplicationContext
04-Feb-2019 23:53:25.830 INFO [http-nio-8080-exec-12] org.springframework.context.support.AbstractApplicationContext.doClose Closing Root WebApplicationContext: startup date [Mon Feb 04 22:32:15 CET 2019]; root of context hierarchy
04-Feb-2019 23:53:26.342 INFO [http-nio-8080-exec-12] org.apache.catalina.startup.HostConfig.undeploy Undeploying context [/WebApplication1]
04-Feb-2019 23:55:33.507 INFO [http-nio-8080-exec-27] org.apache.catalina.startup.HostConfig.deployDescriptor Deploying configuration descriptor /Users/ptom/NetBeansProjects/apache-tomcat-8.0.30/conf/Catalina/localhost/WebApplication2.xml
04-Feb-2019 23:55:36.494 INFO [http-nio-8080-exec-27] org.springframework.web.context.ContextLoader.initWebApplicationContext Root WebApplicationContext: initialization started
04-Feb-2019 23:55:36.760 INFO [http-nio-8080-exec-27] org.springframework.context.support.AbstractApplicationContext.prepareRefresh Refreshing Root WebApplicationContext: startup date [Mon Feb 04 23:55:36 CET 2019]; root of context hierarchy
04-Feb-2019 23:55:36.886 INFO [http-nio-8080-exec-27] org.springframework.beans.factory.xml.XmlBeanDefinitionReader.loadBeanDefinitions Loading XML bean definitions from ServletContext resource [/WEB-INF/applicationContext.xml]
04-Feb-2019 23:55:37.024 INFO [http-nio-8080-exec-27] org.springframework.web.context.ContextLoader.initWebApplicationContext Root WebApplicationContext: initialization completed in 530 ms
04-Feb-2019 23:55:37.074 INFO [http-nio-8080-exec-27] org.springframework.web.servlet.FrameworkServlet.initServletBean FrameworkServlet 'dispatcher': initialization started
04-Feb-2019 23:55:37.080 INFO [http-nio-8080-exec-27] org.springframework.context.support.AbstractApplicationContext.prepareRefresh Refreshing WebApplicationContext for namespace 'dispatcher-servlet': startup date [Mon Feb 04 23:55:37 CET 2019]; parent: Root WebApplicationContext
04-Feb-2019 23:55:37.083 INFO [http-nio-8080-exec-27] org.springframework.beans.factory.xml.XmlBeanDefinitionReader.loadBeanDefinitions Loading XML bean definitions from ServletContext resource [/WEB-INF/dispatcher-servlet.xml]
04-Feb-2019 23:55:37.504 INFO [http-nio-8080-exec-27] org.springframework.web.servlet.handler.AbstractUrlHandlerMapping.registerHandler Mapped URL path [/NOMESERVIZIO_01.htm] onto handler 'controllerMultiMap'
04-Feb-2019 23:55:37.505 INFO [http-nio-8080-exec-27] org.springframework.web.servlet.handler.AbstractUrlHandlerMapping.registerHandler Mapped URL path [/NOMESERVIZIO.htm] onto handler 'controllerMultiMap'
04-Feb-2019 23:55:37.506 INFO [http-nio-8080-exec-27] org.springframework.web.servlet.handler.AbstractUrlHandlerMapping.registerHandler Mapped URL path [/NOMESERVIZIO_02.htm] onto handler 'controllerMultiMap'
04-Feb-2019 23:55:37.661 INFO [http-nio-8080-exec-27] org.springframework.web.servlet.FrameworkServlet.initServletBean FrameworkServlet 'dispatcher': initialization completed in 587 ms
04-Feb-2019 23:55:37.666 INFO [http-nio-8080-exec-27] org.apache.catalina.startup.HostConfig.deployDescriptor Deployment of configuration descriptor /Users/ptom/NetBeansProjects/apache-tomcat-8.0.30/conf/Catalina/localhost/WebApplication2.xml has finished in 4,159 ms
04-Feb-2019 23:55:37.720 INFO [http-nio-8080-exec-12] org.apache.catalina.util.LifecycleBase.start The start() method was called on component [StandardEngine[Catalina].StandardHost[localhost].StandardContext[/WebApplication2]] after start() had already been called. The second call will be ignored.
