24-Jan-2020 13:10:59.209 INFO [main] org.apache.catalina.startup.VersionLoggerListener.log Server version:        Apache Tomcat/8.0.30
24-Jan-2020 13:10:59.209 INFO [main] org.apache.catalina.startup.VersionLoggerListener.log Server built:          Dec 1 2015 22:30:46 UTC
24-Jan-2020 13:10:59.209 INFO [main] org.apache.catalina.startup.VersionLoggerListener.log Server number:         8.0.30.0
24-Jan-2020 13:10:59.209 INFO [main] org.apache.catalina.startup.VersionLoggerListener.log OS Name:               Windows 10
24-Jan-2020 13:10:59.209 INFO [main] org.apache.catalina.startup.VersionLoggerListener.log OS Version:            10.0
24-Jan-2020 13:10:59.209 INFO [main] org.apache.catalina.startup.VersionLoggerListener.log Architecture:          amd64
24-Jan-2020 13:10:59.209 INFO [main] org.apache.catalina.startup.VersionLoggerListener.log Java Home:             C:\Program Files\Java\jdk1.8.0_144\jre
24-Jan-2020 13:10:59.209 INFO [main] org.apache.catalina.startup.VersionLoggerListener.log JVM Version:           1.8.0_144-b01
24-Jan-2020 13:10:59.209 INFO [main] org.apache.catalina.startup.VersionLoggerListener.log JVM Vendor:            Oracle Corporation
24-Jan-2020 13:10:59.209 INFO [main] org.apache.catalina.startup.VersionLoggerListener.log CATALINA_BASE:         C:\Users\18029\Desktop\WebApp_2019_20\WebApplication2_1S\apache-tomcat-8.0.30
24-Jan-2020 13:10:59.209 INFO [main] org.apache.catalina.startup.VersionLoggerListener.log CATALINA_HOME:         C:\Users\18029\Desktop\WebApp_2019_20\WebApplication2_1S\apache-tomcat-8.0.30
24-Jan-2020 13:10:59.209 INFO [main] org.apache.catalina.startup.VersionLoggerListener.log Command line argument: -Dhttp.nonProxyHosts=localhost|127.0.0.1|W10STAT-7-166
24-Jan-2020 13:10:59.209 INFO [main] org.apache.catalina.startup.VersionLoggerListener.log Command line argument: -Djava.util.logging.config.file=C:\Users\18029\Desktop\WebApp_2019_20\WebApplication2_1S\apache-tomcat-8.0.30\conf\logging.properties
24-Jan-2020 13:10:59.209 INFO [main] org.apache.catalina.startup.VersionLoggerListener.log Command line argument: -Djava.util.logging.manager=org.apache.juli.ClassLoaderLogManager
24-Jan-2020 13:10:59.209 INFO [main] org.apache.catalina.startup.VersionLoggerListener.log Command line argument: -Djava.endorsed.dirs=C:\Users\18029\Desktop\WebApp_2019_20\WebApplication2_1S\apache-tomcat-8.0.30\endorsed
24-Jan-2020 13:10:59.209 INFO [main] org.apache.catalina.startup.VersionLoggerListener.log Command line argument: -Dcatalina.base=C:\Users\18029\Desktop\WebApp_2019_20\WebApplication2_1S\apache-tomcat-8.0.30
24-Jan-2020 13:10:59.209 INFO [main] org.apache.catalina.startup.VersionLoggerListener.log Command line argument: -Dcatalina.home=C:\Users\18029\Desktop\WebApp_2019_20\WebApplication2_1S\apache-tomcat-8.0.30
24-Jan-2020 13:10:59.209 INFO [main] org.apache.catalina.startup.VersionLoggerListener.log Command line argument: -Djava.io.tmpdir=C:\Users\18029\Desktop\WebApp_2019_20\WebApplication2_1S\apache-tomcat-8.0.30\temp
24-Jan-2020 13:10:59.209 INFO [main] org.apache.catalina.core.AprLifecycleListener.lifecycleEvent The APR based Apache Tomcat Native library which allows optimal performance in production environments was not found on the java.library.path: C:\Program Files\Java\jdk1.8.0_144\bin;C:\windows\Sun\Java\bin;C:\windows\system32;C:\windows;C:\Program Files\Python37\Scripts\;C:\Program Files\Python37\;C:\Program Files (x86)\Common Files\Oracle\Java\javapath;C:\ProgramData\Oracle\Java\javapath;C:\Program Files\Python36\Scripts\;C:\Program Files\Python36\;C:\windows\system32;C:\windows;C:\windows\System32\Wbem;C:\windows\System32\WindowsPowerShell\v1.0\;C:\Program Files\dotnet\;C:\Program Files\Microsoft SQL Server\130\Tools\Binn\;C:\Program Files\Microsoft SQL Server\Client SDK\ODBC\110\Tools\Binn\;C:\Program Files (x86)\Microsoft SQL Server\120\Tools\Binn\ManagementStudio\;C:\Program Files (x86)\Microsoft SQL Server\120\Tools\Binn\;C:\Program Files\Microsoft SQL Server\120\Tools\Binn\;C:\Program Files (x86)\Microsoft SQL Server\120\DTS\Binn\;C:\Program Files\Microsoft SQL Server\120\DTS\Binn\;C:\windows\System32\OpenSSH\;C:\Program Files\Microsoft VS Code\bin;C:\Program Files\PuTTY\;C:\Program Files\Git\cmd;S:\BAT;C:\Users\18029\AppData\Local\Microsoft\WindowsApps;S:\BAT;.
24-Jan-2020 13:10:59.537 INFO [main] org.apache.coyote.AbstractProtocol.init Initializing ProtocolHandler ["http-nio-8080"]
24-Jan-2020 13:11:00.100 INFO [main] org.apache.tomcat.util.net.NioSelectorPool.getSharedSelector Using a shared selector for servlet write/read
24-Jan-2020 13:11:00.115 INFO [main] org.apache.coyote.AbstractProtocol.init Initializing ProtocolHandler ["ajp-nio-8009"]
24-Jan-2020 13:11:00.131 INFO [main] org.apache.tomcat.util.net.NioSelectorPool.getSharedSelector Using a shared selector for servlet write/read
24-Jan-2020 13:11:00.131 INFO [main] org.apache.catalina.startup.Catalina.load Initialization processed in 1278 ms
24-Jan-2020 13:11:00.178 INFO [main] org.apache.catalina.core.StandardService.startInternal Starting service Catalina
24-Jan-2020 13:11:00.178 INFO [main] org.apache.catalina.core.StandardEngine.startInternal Starting Servlet Engine: Apache Tomcat/8.0.30
24-Jan-2020 13:11:00.209 INFO [localhost-startStop-1] org.apache.catalina.startup.HostConfig.deployDescriptor Deploying configuration descriptor C:\Users\18029\Desktop\WebApp_2019_20\WebApplication2_1S\apache-tomcat-8.0.30\conf\Catalina\localhost\WebApplication2.xml
24-Jan-2020 13:11:00.272 WARNING [localhost-startStop-1] org.apache.catalina.startup.HostConfig.deployDescriptor A docBase C:\Users\18029\Desktop\WebApp_2019_20\WebApplication2_1S\apache-tomcat-8.0.30\webapps\Users\ptom\Google Drive\WebApplication2\build\web inside the host appBase has been specified, and will be ignored
24-Jan-2020 13:11:00.303 SEVERE [localhost-startStop-1] org.apache.catalina.core.ContainerBase.addChildInternal ContainerBase.addChild: start: 
 org.apache.catalina.LifecycleException: Failed to start component [StandardEngine[Catalina].StandardHost[localhost].StandardContext[/WebApplication2]]
	at org.apache.catalina.util.LifecycleBase.start(LifecycleBase.java:154)
	at org.apache.catalina.core.ContainerBase.addChildInternal(ContainerBase.java:725)
	at org.apache.catalina.core.ContainerBase.addChild(ContainerBase.java:701)
	at org.apache.catalina.core.StandardHost.addChild(StandardHost.java:717)
	at org.apache.catalina.startup.HostConfig.deployDescriptor(HostConfig.java:586)
	at org.apache.catalina.startup.HostConfig$DeployDescriptor.run(HostConfig.java:1777)
	at java.util.concurrent.Executors$RunnableAdapter.call(Executors.java:511)
	at java.util.concurrent.FutureTask.run(FutureTask.java:266)
	at java.util.concurrent.ThreadPoolExecutor.runWorker(ThreadPoolExecutor.java:1149)
	at java.util.concurrent.ThreadPoolExecutor$Worker.run(ThreadPoolExecutor.java:624)
	at java.lang.Thread.run(Thread.java:748)
Caused by: org.apache.catalina.LifecycleException: Failed to start component [org.apache.catalina.webresources.StandardRoot@1b7cbe8f]
	at org.apache.catalina.util.LifecycleBase.start(LifecycleBase.java:154)
	at org.apache.catalina.core.StandardContext.resourcesStart(StandardContext.java:4928)
	at org.apache.catalina.core.StandardContext.startInternal(StandardContext.java:5058)
	at org.apache.catalina.util.LifecycleBase.start(LifecycleBase.java:150)
	... 10 more
Caused by: java.lang.IllegalArgumentException: The main resource set specified [C:\Users\18029\Desktop\WebApp_2019_20\WebApplication2_1S\apache-tomcat-8.0.30\webapps\WebApplication2] is not valid
	at org.apache.catalina.webresources.StandardRoot.createMainResourceSet(StandardRoot.java:723)
	at org.apache.catalina.webresources.StandardRoot.startInternal(StandardRoot.java:684)
	at org.apache.catalina.util.LifecycleBase.start(LifecycleBase.java:150)
	... 13 more

24-Jan-2020 13:11:00.303 SEVERE [localhost-startStop-1] org.apache.catalina.startup.HostConfig.deployDescriptor Error deploying configuration descriptor C:\Users\18029\Desktop\WebApp_2019_20\WebApplication2_1S\apache-tomcat-8.0.30\conf\Catalina\localhost\WebApplication2.xml
 java.lang.IllegalStateException: ContainerBase.addChild: start: org.apache.catalina.LifecycleException: Failed to start component [StandardEngine[Catalina].StandardHost[localhost].StandardContext[/WebApplication2]]
	at org.apache.catalina.core.ContainerBase.addChildInternal(ContainerBase.java:729)
	at org.apache.catalina.core.ContainerBase.addChild(ContainerBase.java:701)
	at org.apache.catalina.core.StandardHost.addChild(StandardHost.java:717)
	at org.apache.catalina.startup.HostConfig.deployDescriptor(HostConfig.java:586)
	at org.apache.catalina.startup.HostConfig$DeployDescriptor.run(HostConfig.java:1777)
	at java.util.concurrent.Executors$RunnableAdapter.call(Executors.java:511)
	at java.util.concurrent.FutureTask.run(FutureTask.java:266)
	at java.util.concurrent.ThreadPoolExecutor.runWorker(ThreadPoolExecutor.java:1149)
	at java.util.concurrent.ThreadPoolExecutor$Worker.run(ThreadPoolExecutor.java:624)
	at java.lang.Thread.run(Thread.java:748)

24-Jan-2020 13:11:00.303 INFO [localhost-startStop-1] org.apache.catalina.startup.HostConfig.deployDescriptor Deployment of configuration descriptor C:\Users\18029\Desktop\WebApp_2019_20\WebApplication2_1S\apache-tomcat-8.0.30\conf\Catalina\localhost\WebApplication2.xml has finished in 94 ms
24-Jan-2020 13:11:00.303 INFO [localhost-startStop-1] org.apache.catalina.startup.HostConfig.deployDescriptor Deploying configuration descriptor C:\Users\18029\Desktop\WebApp_2019_20\WebApplication2_1S\apache-tomcat-8.0.30\conf\Catalina\localhost\WebApplication2_1S.xml
24-Jan-2020 13:11:03.100 INFO [localhost-startStop-1] org.apache.jasper.servlet.TldScanner.scanJars At least one JAR was scanned for TLDs yet contained no TLDs. Enable debug logging for this logger for a complete list of JARs that were scanned but no TLDs were found in them. Skipping unneeded JARs during scanning can improve startup time and JSP compilation time.
24-Jan-2020 13:11:03.178 INFO [localhost-startStop-1] org.springframework.web.context.ContextLoader.initWebApplicationContext Root WebApplicationContext: initialization started
24-Jan-2020 13:11:03.334 INFO [localhost-startStop-1] org.springframework.context.support.AbstractApplicationContext.prepareRefresh Refreshing Root WebApplicationContext: startup date [Fri Jan 24 13:11:03 CET 2020]; root of context hierarchy
24-Jan-2020 13:11:03.412 INFO [localhost-startStop-1] org.springframework.beans.factory.xml.XmlBeanDefinitionReader.loadBeanDefinitions Loading XML bean definitions from ServletContext resource [/WEB-INF/applicationContext.xml]
24-Jan-2020 13:11:09.314 SEVERE [localhost-startStop-1] org.springframework.web.context.ContextLoader.initWebApplicationContext Context initialization failed
 org.springframework.beans.factory.BeanCreationException: Error creating bean with name 'dao1' defined in ServletContext resource [/WEB-INF/applicationContext.xml]: Instantiation of bean failed; nested exception is org.springframework.beans.BeanInstantiationException: Could not instantiate bean class [dao.DAO]: Constructor threw exception; nested exception is javax.persistence.PersistenceException: Exception [EclipseLink-4002] (Eclipse Persistence Services - 2.5.2.v20140319-9ad6abd): org.eclipse.persistence.exceptions.DatabaseException
Internal Exception: java.sql.SQLNonTransientConnectionException: java.net.ConnectException: Errore di connessione al server localhost sulla porta 1.527 con messaggio Connection refused: connect.
Error Code: 40000
	at org.springframework.beans.factory.support.AbstractAutowireCapableBeanFactory.instantiateBean(AbstractAutowireCapableBeanFactory.java:1076)
	at org.springframework.beans.factory.support.AbstractAutowireCapableBeanFactory.createBeanInstance(AbstractAutowireCapableBeanFactory.java:1021)
	at org.springframework.beans.factory.support.AbstractAutowireCapableBeanFactory.doCreateBean(AbstractAutowireCapableBeanFactory.java:504)
	at org.springframework.beans.factory.support.AbstractAutowireCapableBeanFactory.createBean(AbstractAutowireCapableBeanFactory.java:475)
	at org.springframework.beans.factory.support.AbstractBeanFactory$1.getObject(AbstractBeanFactory.java:304)
	at org.springframework.beans.factory.support.DefaultSingletonBeanRegistry.getSingleton(DefaultSingletonBeanRegistry.java:228)
	at org.springframework.beans.factory.support.AbstractBeanFactory.doGetBean(AbstractBeanFactory.java:300)
	at org.springframework.beans.factory.support.AbstractBeanFactory.getBean(AbstractBeanFactory.java:195)
	at org.springframework.beans.factory.support.DefaultListableBeanFactory.preInstantiateSingletons(DefaultListableBeanFactory.java:700)
	at org.springframework.context.support.AbstractApplicationContext.finishBeanFactoryInitialization(AbstractApplicationContext.java:760)
	at org.springframework.context.support.AbstractApplicationContext.refresh(AbstractApplicationContext.java:482)
	at org.springframework.web.context.ContextLoader.configureAndRefreshWebApplicationContext(ContextLoader.java:403)
	at org.springframework.web.context.ContextLoader.initWebApplicationContext(ContextLoader.java:306)
	at org.springframework.web.context.ContextLoaderListener.contextInitialized(ContextLoaderListener.java:106)
	at org.apache.catalina.core.StandardContext.listenerStart(StandardContext.java:4812)
	at org.apache.catalina.core.StandardContext.startInternal(StandardContext.java:5255)
	at org.apache.catalina.util.LifecycleBase.start(LifecycleBase.java:150)
	at org.apache.catalina.core.ContainerBase.addChildInternal(ContainerBase.java:725)
	at org.apache.catalina.core.ContainerBase.addChild(ContainerBase.java:701)
	at org.apache.catalina.core.StandardHost.addChild(StandardHost.java:717)
	at org.apache.catalina.startup.HostConfig.deployDescriptor(HostConfig.java:586)
	at org.apache.catalina.startup.HostConfig$DeployDescriptor.run(HostConfig.java:1777)
	at java.util.concurrent.Executors$RunnableAdapter.call(Executors.java:511)
	at java.util.concurrent.FutureTask.run(FutureTask.java:266)
	at java.util.concurrent.ThreadPoolExecutor.runWorker(ThreadPoolExecutor.java:1149)
	at java.util.concurrent.ThreadPoolExecutor$Worker.run(ThreadPoolExecutor.java:624)
	at java.lang.Thread.run(Thread.java:748)
Caused by: org.springframework.beans.BeanInstantiationException: Could not instantiate bean class [dao.DAO]: Constructor threw exception; nested exception is javax.persistence.PersistenceException: Exception [EclipseLink-4002] (Eclipse Persistence Services - 2.5.2.v20140319-9ad6abd): org.eclipse.persistence.exceptions.DatabaseException
Internal Exception: java.sql.SQLNonTransientConnectionException: java.net.ConnectException: Errore di connessione al server localhost sulla porta 1.527 con messaggio Connection refused: connect.
Error Code: 40000
	at org.springframework.beans.BeanUtils.instantiateClass(BeanUtils.java:164)
	at org.springframework.beans.factory.support.SimpleInstantiationStrategy.instantiate(SimpleInstantiationStrategy.java:89)
	at org.springframework.beans.factory.support.AbstractAutowireCapableBeanFactory.instantiateBean(AbstractAutowireCapableBeanFactory.java:1069)
	... 26 more
Caused by: javax.persistence.PersistenceException: Exception [EclipseLink-4002] (Eclipse Persistence Services - 2.5.2.v20140319-9ad6abd): org.eclipse.persistence.exceptions.DatabaseException
Internal Exception: java.sql.SQLNonTransientConnectionException: java.net.ConnectException: Errore di connessione al server localhost sulla porta 1.527 con messaggio Connection refused: connect.
Error Code: 40000
	at org.eclipse.persistence.internal.jpa.EntityManagerSetupImpl.deploy(EntityManagerSetupImpl.java:766)
	at org.eclipse.persistence.internal.jpa.EntityManagerFactoryDelegate.getAbstractSession(EntityManagerFactoryDelegate.java:204)
	at org.eclipse.persistence.internal.jpa.EntityManagerFactoryDelegate.getDatabaseSession(EntityManagerFactoryDelegate.java:182)
	at org.eclipse.persistence.internal.jpa.EntityManagerFactoryImpl.getDatabaseSession(EntityManagerFactoryImpl.java:527)
	at org.eclipse.persistence.jpa.PersistenceProvider.createEntityManagerFactoryImpl(PersistenceProvider.java:140)
	at org.eclipse.persistence.jpa.PersistenceProvider.createEntityManagerFactory(PersistenceProvider.java:177)
	at javax.persistence.Persistence.createEntityManagerFactory(Persistence.java:79)
	at javax.persistence.Persistence.createEntityManagerFactory(Persistence.java:54)
	at dao.DAO.<init>(DAO.java:19)
	at sun.reflect.NativeConstructorAccessorImpl.newInstance0(Native Method)
	at sun.reflect.NativeConstructorAccessorImpl.newInstance(NativeConstructorAccessorImpl.java:62)
	at sun.reflect.DelegatingConstructorAccessorImpl.newInstance(DelegatingConstructorAccessorImpl.java:45)
	at java.lang.reflect.Constructor.newInstance(Constructor.java:423)
	at org.springframework.beans.BeanUtils.instantiateClass(BeanUtils.java:148)
	... 28 more
Caused by: Exception [EclipseLink-4002] (Eclipse Persistence Services - 2.5.2.v20140319-9ad6abd): org.eclipse.persistence.exceptions.DatabaseException
Internal Exception: java.sql.SQLNonTransientConnectionException: java.net.ConnectException: Errore di connessione al server localhost sulla porta 1.527 con messaggio Connection refused: connect.
Error Code: 40000
	at org.eclipse.persistence.exceptions.DatabaseException.sqlException(DatabaseException.java:331)
	at org.eclipse.persistence.exceptions.DatabaseException.sqlException(DatabaseException.java:326)
	at org.eclipse.persistence.sessions.DefaultConnector.connect(DefaultConnector.java:138)
	at org.eclipse.persistence.sessions.DatasourceLogin.connectToDatasource(DatasourceLogin.java:162)
	at org.eclipse.persistence.internal.sessions.DatabaseSessionImpl.setOrDetectDatasource(DatabaseSessionImpl.java:204)
	at org.eclipse.persistence.internal.sessions.DatabaseSessionImpl.loginAndDetectDatasource(DatabaseSessionImpl.java:741)
	at org.eclipse.persistence.internal.jpa.EntityManagerFactoryProvider.login(EntityManagerFactoryProvider.java:239)
	at org.eclipse.persistence.internal.jpa.EntityManagerSetupImpl.deploy(EntityManagerSetupImpl.java:685)
	... 41 more
Caused by: java.sql.SQLNonTransientConnectionException: java.net.ConnectException: Errore di connessione al server localhost sulla porta 1.527 con messaggio Connection refused: connect.
	at org.apache.derby.client.am.SQLExceptionFactory.getSQLException(Unknown Source)
	at org.apache.derby.client.am.SqlException.getSQLException(Unknown Source)
	at org.apache.derby.jdbc.ClientDriver.connect(Unknown Source)
	at java.sql.DriverManager.getConnection(DriverManager.java:664)
	at java.sql.DriverManager.getConnection(DriverManager.java:208)
	at org.eclipse.persistence.sessions.DefaultConnector.connect(DefaultConnector.java:98)
	... 46 more
Caused by: ERROR 08001: java.net.ConnectException: Errore di connessione al server localhost sulla porta 1.527 con messaggio Connection refused: connect.
	at org.apache.derby.client.net.NetAgent.<init>(Unknown Source)
	at org.apache.derby.client.net.NetConnection.newAgent_(Unknown Source)
	at org.apache.derby.client.am.ClientConnection.<init>(Unknown Source)
	at org.apache.derby.client.net.NetConnection.<init>(Unknown Source)
	at org.apache.derby.client.net.ClientJDBCObjectFactoryImpl.newNetConnection(Unknown Source)
	... 50 more
Caused by: java.net.ConnectException: Connection refused: connect
	at java.net.DualStackPlainSocketImpl.connect0(Native Method)
	at java.net.DualStackPlainSocketImpl.socketConnect(DualStackPlainSocketImpl.java:79)
	at java.net.AbstractPlainSocketImpl.doConnect(AbstractPlainSocketImpl.java:350)
	at java.net.AbstractPlainSocketImpl.connectToAddress(AbstractPlainSocketImpl.java:206)
	at java.net.AbstractPlainSocketImpl.connect(AbstractPlainSocketImpl.java:188)
	at java.net.PlainSocketImpl.connect(PlainSocketImpl.java:172)
	at java.net.SocksSocketImpl.connect(SocksSocketImpl.java:392)
	at java.net.Socket.connect(Socket.java:589)
	at java.net.Socket.connect(Socket.java:538)
	at java.net.Socket.<init>(Socket.java:434)
	at java.net.Socket.<init>(Socket.java:211)
	at javax.net.DefaultSocketFactory.createSocket(SocketFactory.java:271)
	at org.apache.derby.client.net.OpenSocketAction.run(Unknown Source)
	at org.apache.derby.client.net.OpenSocketAction.run(Unknown Source)
	at java.security.AccessController.doPrivileged(Native Method)
	... 55 more

24-Jan-2020 13:11:09.564 SEVERE [localhost-startStop-1] org.apache.catalina.core.StandardContext.startInternal One or more listeners failed to start. Full details will be found in the appropriate container log file
24-Jan-2020 13:11:09.564 SEVERE [localhost-startStop-1] org.apache.catalina.core.StandardContext.startInternal Context [/WebApplication2_1S] startup failed due to previous errors
24-Jan-2020 13:11:09.596 WARNING [localhost-startStop-1] org.apache.catalina.loader.WebappClassLoaderBase.clearReferencesJdbc The web application [WebApplication2_1S] registered the JDBC driver [org.apache.derby.jdbc.ClientDriver] but failed to unregister it when the web application was stopped. To prevent a memory leak, the JDBC Driver has been forcibly unregistered.
24-Jan-2020 13:11:09.674 INFO [localhost-startStop-1] org.apache.catalina.startup.HostConfig.deployDescriptor Deployment of configuration descriptor C:\Users\18029\Desktop\WebApp_2019_20\WebApplication2_1S\apache-tomcat-8.0.30\conf\Catalina\localhost\WebApplication2_1S.xml has finished in 9,371 ms
24-Jan-2020 13:11:09.674 INFO [localhost-startStop-1] org.apache.catalina.startup.HostConfig.deployDirectory Deploying web application directory C:\Users\18029\Desktop\WebApp_2019_20\WebApplication2_1S\apache-tomcat-8.0.30\webapps\docs
24-Jan-2020 13:11:09.799 INFO [localhost-startStop-1] org.apache.catalina.startup.HostConfig.deployDirectory Deployment of web application directory C:\Users\18029\Desktop\WebApp_2019_20\WebApplication2_1S\apache-tomcat-8.0.30\webapps\docs has finished in 125 ms
24-Jan-2020 13:11:09.799 INFO [localhost-startStop-1] org.apache.catalina.startup.HostConfig.deployDirectory Deploying web application directory C:\Users\18029\Desktop\WebApp_2019_20\WebApplication2_1S\apache-tomcat-8.0.30\webapps\examples
24-Jan-2020 13:11:11.221 INFO [localhost-startStop-1] org.apache.catalina.startup.HostConfig.deployDirectory Deployment of web application directory C:\Users\18029\Desktop\WebApp_2019_20\WebApplication2_1S\apache-tomcat-8.0.30\webapps\examples has finished in 1,422 ms
24-Jan-2020 13:11:11.221 INFO [localhost-startStop-1] org.apache.catalina.startup.HostConfig.deployDirectory Deploying web application directory C:\Users\18029\Desktop\WebApp_2019_20\WebApplication2_1S\apache-tomcat-8.0.30\webapps\host-manager
24-Jan-2020 13:11:11.314 INFO [localhost-startStop-1] org.apache.catalina.startup.HostConfig.deployDirectory Deployment of web application directory C:\Users\18029\Desktop\WebApp_2019_20\WebApplication2_1S\apache-tomcat-8.0.30\webapps\host-manager has finished in 93 ms
24-Jan-2020 13:11:11.314 INFO [localhost-startStop-1] org.apache.catalina.startup.HostConfig.deployDirectory Deploying web application directory C:\Users\18029\Desktop\WebApp_2019_20\WebApplication2_1S\apache-tomcat-8.0.30\webapps\manager
24-Jan-2020 13:11:11.424 INFO [localhost-startStop-1] org.apache.catalina.startup.HostConfig.deployDirectory Deployment of web application directory C:\Users\18029\Desktop\WebApp_2019_20\WebApplication2_1S\apache-tomcat-8.0.30\webapps\manager has finished in 110 ms
24-Jan-2020 13:11:11.424 INFO [main] org.apache.coyote.AbstractProtocol.start Starting ProtocolHandler ["http-nio-8080"]
24-Jan-2020 13:11:11.424 INFO [main] org.apache.coyote.AbstractProtocol.start Starting ProtocolHandler ["ajp-nio-8009"]
24-Jan-2020 13:11:11.424 INFO [main] org.apache.catalina.startup.Catalina.start Server startup in 11301 ms
24-Jan-2020 13:11:12.674 INFO [http-nio-8080-exec-9] org.apache.catalina.startup.HostConfig.deployDescriptor Deploying configuration descriptor C:\Users\18029\Desktop\WebApp_2019_20\WebApplication2_1S\apache-tomcat-8.0.30\conf\Catalina\localhost\Servlet2_Cookie.xml
24-Jan-2020 13:11:12.799 INFO [http-nio-8080-exec-9] org.apache.catalina.startup.HostConfig.deployDescriptor Deployment of configuration descriptor C:\Users\18029\Desktop\WebApp_2019_20\WebApplication2_1S\apache-tomcat-8.0.30\conf\Catalina\localhost\Servlet2_Cookie.xml has finished in 125 ms
24-Jan-2020 13:11:12.814 INFO [http-nio-8080-exec-10] org.apache.catalina.util.LifecycleBase.start The start() method was called on component [StandardEngine[Catalina].StandardHost[localhost].StandardContext[/Servlet2_Cookie]] after start() had already been called. The second call will be ignored.
24-Jan-2020 13:12:23.543 INFO [http-nio-8080-exec-4] org.apache.catalina.core.StandardContext.reload Reloading Context with name [/Servlet2_Cookie] has started
24-Jan-2020 13:12:23.652 INFO [29] org.apache.catalina.core.StandardContext.reload Reloading Context with name [/Servlet2_Cookie] is completed
24-Jan-2020 13:15:08.208 INFO [http-nio-8080-exec-18] org.apache.catalina.core.StandardContext.reload Reloading Context with name [/Servlet2_Cookie] has started
24-Jan-2020 13:15:08.301 INFO [http-nio-8080-exec-18] org.apache.catalina.core.StandardContext.reload Reloading Context with name [/Servlet2_Cookie] is completed
24-Jan-2020 13:15:37.450 INFO [http-nio-8080-exec-23] org.apache.catalina.core.StandardContext.reload Reloading Context with name [/Servlet2_Cookie] has started
24-Jan-2020 13:15:37.638 INFO [http-nio-8080-exec-23] org.apache.catalina.core.StandardContext.reload Reloading Context with name [/Servlet2_Cookie] is completed
24-Jan-2020 13:16:22.901 INFO [http-nio-8080-exec-26] org.apache.catalina.startup.HostConfig.undeploy Undeploying context [/Servlet2_Cookie]
24-Jan-2020 13:16:26.041 INFO [http-nio-8080-exec-29] org.apache.catalina.startup.HostConfig.deployDescriptor Deploying configuration descriptor C:\Users\18029\Desktop\WebApp_2019_20\WebApplication2_1S\apache-tomcat-8.0.30\conf\Catalina\localhost\Servlet2_Cookie.xml
24-Jan-2020 13:16:26.135 INFO [http-nio-8080-exec-29] org.apache.catalina.startup.HostConfig.deployDescriptor Deployment of configuration descriptor C:\Users\18029\Desktop\WebApp_2019_20\WebApplication2_1S\apache-tomcat-8.0.30\conf\Catalina\localhost\Servlet2_Cookie.xml has finished in 94 ms
24-Jan-2020 13:16:26.135 INFO [http-nio-8080-exec-28] org.apache.catalina.util.LifecycleBase.start The start() method was called on component [StandardEngine[Catalina].StandardHost[localhost].StandardContext[/Servlet2_Cookie]] after start() had already been called. The second call will be ignored.
24-Jan-2020 13:17:08.585 INFO [http-nio-8080-exec-28] org.apache.catalina.startup.HostConfig.undeploy Undeploying context [/Servlet2_Cookie]
24-Jan-2020 13:17:10.022 INFO [http-nio-8080-exec-36] org.apache.catalina.startup.HostConfig.deployDescriptor Deploying configuration descriptor C:\Users\18029\Desktop\WebApp_2019_20\WebApplication2_1S\apache-tomcat-8.0.30\conf\Catalina\localhost\Servlet2_Cookie.xml
24-Jan-2020 13:17:10.116 INFO [http-nio-8080-exec-36] org.apache.catalina.startup.HostConfig.deployDescriptor Deployment of configuration descriptor C:\Users\18029\Desktop\WebApp_2019_20\WebApplication2_1S\apache-tomcat-8.0.30\conf\Catalina\localhost\Servlet2_Cookie.xml has finished in 94 ms
24-Jan-2020 13:17:10.116 INFO [http-nio-8080-exec-34] org.apache.catalina.util.LifecycleBase.start The start() method was called on component [StandardEngine[Catalina].StandardHost[localhost].StandardContext[/Servlet2_Cookie]] after start() had already been called. The second call will be ignored.
24-Jan-2020 13:17:44.791 INFO [http-nio-8080-exec-37] org.apache.catalina.core.StandardContext.reload Reloading Context with name [/Servlet2_Cookie] has started
24-Jan-2020 13:17:44.869 INFO [http-nio-8080-exec-37] org.apache.catalina.core.StandardContext.reload Reloading Context with name [/Servlet2_Cookie] is completed
24-Jan-2020 13:17:46.900 INFO [http-nio-8080-exec-40] org.apache.catalina.core.StandardContext.reload Reloading Context with name [/Servlet2_Cookie] has started
24-Jan-2020 13:17:46.947 INFO [http-nio-8080-exec-40] org.apache.catalina.core.StandardContext.reload Reloading Context with name [/Servlet2_Cookie] is completed
24-Jan-2020 13:18:15.412 INFO [http-nio-8080-exec-36] org.apache.catalina.startup.HostConfig.undeploy Undeploying context [/Servlet2_Cookie]
24-Jan-2020 13:19:06.393 INFO [http-nio-8080-exec-46] org.apache.catalina.startup.HostConfig.deployDescriptor Deploying configuration descriptor C:\Users\18029\Desktop\WebApp_2019_20\WebApplication2_1S\apache-tomcat-8.0.30\conf\Catalina\localhost\Servlet2_Cookie.xml
24-Jan-2020 13:19:06.518 INFO [http-nio-8080-exec-46] org.apache.catalina.startup.HostConfig.deployDescriptor Deployment of configuration descriptor C:\Users\18029\Desktop\WebApp_2019_20\WebApplication2_1S\apache-tomcat-8.0.30\conf\Catalina\localhost\Servlet2_Cookie.xml has finished in 125 ms
24-Jan-2020 13:19:06.518 INFO [http-nio-8080-exec-50] org.apache.catalina.util.LifecycleBase.start The start() method was called on component [StandardEngine[Catalina].StandardHost[localhost].StandardContext[/Servlet2_Cookie]] after start() had already been called. The second call will be ignored.
24-Jan-2020 13:20:52.897 INFO [http-nio-8080-exec-51] org.apache.catalina.core.StandardContext.reload Reloading Context with name [/Servlet2_Cookie] has started
24-Jan-2020 13:20:53.007 INFO [http-nio-8080-exec-51] org.apache.catalina.core.StandardContext.reload Reloading Context with name [/Servlet2_Cookie] is completed
24-Jan-2020 13:20:54.757 INFO [http-nio-8080-exec-58] org.apache.catalina.core.StandardContext.reload Reloading Context with name [/Servlet2_Cookie] has started
24-Jan-2020 13:20:54.803 INFO [http-nio-8080-exec-58] org.apache.catalina.core.StandardContext.reload Reloading Context with name [/Servlet2_Cookie] is completed
24-Jan-2020 13:21:24.551 INFO [http-nio-8080-exec-56] org.apache.catalina.core.StandardContext.reload Reloading Context with name [/Servlet2_Cookie] has started
24-Jan-2020 13:21:24.629 INFO [http-nio-8080-exec-56] org.apache.catalina.core.StandardContext.reload Reloading Context with name [/Servlet2_Cookie] is completed
24-Jan-2020 13:21:29.660 INFO [http-nio-8080-exec-64] org.apache.catalina.core.StandardContext.reload Reloading Context with name [/Servlet2_Cookie] has started
24-Jan-2020 13:21:29.691 INFO [http-nio-8080-exec-64] org.apache.catalina.core.StandardContext.reload Reloading Context with name [/Servlet2_Cookie] is completed
24-Jan-2020 13:22:16.061 INFO [http-nio-8080-exec-61] org.apache.catalina.core.StandardContext.reload Reloading Context with name [/Servlet2_Cookie] has started
24-Jan-2020 13:22:16.140 INFO [http-nio-8080-exec-61] org.apache.catalina.core.StandardContext.reload Reloading Context with name [/Servlet2_Cookie] is completed
24-Jan-2020 13:22:23.045 INFO [http-nio-8080-exec-67] org.apache.catalina.core.StandardContext.reload Reloading Context with name [/Servlet2_Cookie] has started
24-Jan-2020 13:22:23.092 INFO [http-nio-8080-exec-67] org.apache.catalina.core.StandardContext.reload Reloading Context with name [/Servlet2_Cookie] is completed
24-Jan-2020 13:22:24.092 INFO [http-nio-8080-exec-59] org.apache.catalina.core.StandardContext.reload Reloading Context with name [/Servlet2_Cookie] has started
24-Jan-2020 13:22:24.139 INFO [http-nio-8080-exec-59] org.apache.catalina.core.StandardContext.reload Reloading Context with name [/Servlet2_Cookie] is completed
24-Jan-2020 13:22:47.809 INFO [http-nio-8080-exec-74] org.apache.catalina.startup.HostConfig.undeploy Undeploying context [/Servlet2_Cookie]
24-Jan-2020 13:22:58.715 INFO [http-nio-8080-exec-80] org.apache.catalina.startup.HostConfig.deployDescriptor Deploying configuration descriptor C:\Users\18029\Desktop\WebApp_2019_20\WebApplication2_1S\apache-tomcat-8.0.30\conf\Catalina\localhost\Servlet2_Cookie.xml
24-Jan-2020 13:22:58.793 INFO [http-nio-8080-exec-80] org.apache.catalina.startup.HostConfig.deployDescriptor Deployment of configuration descriptor C:\Users\18029\Desktop\WebApp_2019_20\WebApplication2_1S\apache-tomcat-8.0.30\conf\Catalina\localhost\Servlet2_Cookie.xml has finished in 78 ms
24-Jan-2020 13:22:58.793 INFO [http-nio-8080-exec-75] org.apache.catalina.util.LifecycleBase.start The start() method was called on component [StandardEngine[Catalina].StandardHost[localhost].StandardContext[/Servlet2_Cookie]] after start() had already been called. The second call will be ignored.
24-Jan-2020 13:24:56.194 INFO [http-nio-8080-exec-85] org.apache.catalina.core.StandardContext.reload Reloading Context with name [/Servlet2_Cookie] has started
24-Jan-2020 13:24:56.288 INFO [http-nio-8080-exec-85] org.apache.catalina.core.StandardContext.reload Reloading Context with name [/Servlet2_Cookie] is completed
24-Jan-2020 13:25:19.534 INFO [http-nio-8080-exec-81] org.apache.catalina.startup.HostConfig.undeploy Undeploying context [/Servlet2_Cookie]
24-Jan-2020 13:25:21.326 INFO [http-nio-8080-exec-90] org.apache.catalina.startup.HostConfig.deployDescriptor Deploying configuration descriptor C:\Users\18029\Desktop\WebApp_2019_20\WebApplication2_1S\apache-tomcat-8.0.30\conf\Catalina\localhost\Servlet2_Cookie.xml
24-Jan-2020 13:25:21.420 INFO [http-nio-8080-exec-90] org.apache.catalina.startup.HostConfig.deployDescriptor Deployment of configuration descriptor C:\Users\18029\Desktop\WebApp_2019_20\WebApplication2_1S\apache-tomcat-8.0.30\conf\Catalina\localhost\Servlet2_Cookie.xml has finished in 94 ms
24-Jan-2020 13:25:21.420 INFO [http-nio-8080-exec-84] org.apache.catalina.util.LifecycleBase.start The start() method was called on component [StandardEngine[Catalina].StandardHost[localhost].StandardContext[/Servlet2_Cookie]] after start() had already been called. The second call will be ignored.
24-Jan-2020 13:26:40.827 INFO [http-nio-8080-exec-80] org.apache.catalina.core.StandardContext.reload Reloading Context with name [/Servlet2_Cookie] has started
24-Jan-2020 13:26:40.921 INFO [http-nio-8080-exec-80] org.apache.catalina.core.StandardContext.reload Reloading Context with name [/Servlet2_Cookie] is completed
24-Jan-2020 13:26:43.936 INFO [http-nio-8080-exec-96] org.apache.catalina.core.StandardContext.reload Reloading Context with name [/Servlet2_Cookie] has started
24-Jan-2020 13:26:43.983 INFO [http-nio-8080-exec-96] org.apache.catalina.core.StandardContext.reload Reloading Context with name [/Servlet2_Cookie] is completed
24-Jan-2020 13:28:31.339 INFO [http-nio-8080-exec-101] org.apache.catalina.core.StandardContext.reload Reloading Context with name [/Servlet2_Cookie] has started
24-Jan-2020 13:28:31.448 INFO [http-nio-8080-exec-101] org.apache.catalina.core.StandardContext.reload Reloading Context with name [/Servlet2_Cookie] is completed
24-Jan-2020 13:28:37.229 INFO [http-nio-8080-exec-99] org.apache.catalina.startup.HostConfig.undeploy Undeploying context [/Servlet2_Cookie]
24-Jan-2020 13:29:34.006 INFO [http-nio-8080-exec-109] org.apache.catalina.startup.HostConfig.deployDescriptor Deploying configuration descriptor C:\Users\18029\Desktop\WebApp_2019_20\WebApplication2_1S\apache-tomcat-8.0.30\conf\Catalina\localhost\Servlet2_Cookie.xml
24-Jan-2020 13:29:34.131 INFO [http-nio-8080-exec-109] org.apache.catalina.startup.HostConfig.deployDescriptor Deployment of configuration descriptor C:\Users\18029\Desktop\WebApp_2019_20\WebApplication2_1S\apache-tomcat-8.0.30\conf\Catalina\localhost\Servlet2_Cookie.xml has finished in 125 ms
24-Jan-2020 13:29:34.147 INFO [http-nio-8080-exec-105] org.apache.catalina.util.LifecycleBase.start The start() method was called on component [StandardEngine[Catalina].StandardHost[localhost].StandardContext[/Servlet2_Cookie]] after start() had already been called. The second call will be ignored.
24-Jan-2020 13:31:04.879 INFO [http-nio-8080-exec-106] org.apache.catalina.core.StandardContext.reload Reloading Context with name [/Servlet2_Cookie] has started
24-Jan-2020 13:31:04.957 INFO [http-nio-8080-exec-106] org.apache.catalina.core.StandardContext.reload Reloading Context with name [/Servlet2_Cookie] is completed
24-Jan-2020 13:31:32.598 INFO [http-nio-8080-exec-118] org.apache.catalina.core.StandardContext.reload Reloading Context with name [/Servlet2_Cookie] has started
24-Jan-2020 13:31:32.645 INFO [http-nio-8080-exec-118] org.apache.catalina.core.StandardContext.reload Reloading Context with name [/Servlet2_Cookie] is completed
24-Jan-2020 13:31:57.762 INFO [http-nio-8080-exec-120] org.apache.catalina.core.StandardContext.reload Reloading Context with name [/Servlet2_Cookie] has started
24-Jan-2020 13:31:57.880 INFO [http-nio-8080-exec-120] org.apache.catalina.core.StandardContext.reload Reloading Context with name [/Servlet2_Cookie] is completed
