05-Feb-2019 00:03:26.478 INFO [main] org.apache.catalina.core.StandardServer.await A valid shutdown command was received via the shutdown port. Stopping the Server instance.
05-Feb-2019 00:03:26.484 INFO [main] org.apache.coyote.AbstractProtocol.pause Pausing ProtocolHandler ["http-nio-8080"]
05-Feb-2019 00:03:26.551 INFO [main] org.apache.coyote.AbstractProtocol.pause Pausing ProtocolHandler ["ajp-nio-8009"]
05-Feb-2019 00:03:26.603 INFO [main] org.apache.catalina.core.StandardService.stopInternal Stopping service Catalina
05-Feb-2019 00:03:26.662 INFO [localhost-startStop-2] org.springframework.context.support.AbstractApplicationContext.doClose Closing WebApplicationContext for namespace 'dispatcher-servlet': startup date [Mon Feb 04 23:55:37 CET 2019]; parent: Root WebApplicationContext
05-Feb-2019 00:03:26.672 INFO [localhost-startStop-2] org.springframework.context.support.AbstractApplicationContext.doClose Closing Root WebApplicationContext: startup date [Mon Feb 04 23:55:36 CET 2019]; root of context hierarchy
05-Feb-2019 00:03:26.730 INFO [main] org.apache.coyote.AbstractProtocol.stop Stopping ProtocolHandler ["http-nio-8080"]
05-Feb-2019 00:03:26.826 INFO [main] org.apache.coyote.AbstractProtocol.stop Stopping ProtocolHandler ["ajp-nio-8009"]
05-Feb-2019 00:03:26.834 INFO [main] org.apache.coyote.AbstractProtocol.destroy Destroying ProtocolHandler ["http-nio-8080"]
05-Feb-2019 00:03:26.835 INFO [main] org.apache.coyote.AbstractProtocol.destroy Destroying ProtocolHandler ["ajp-nio-8009"]
05-Feb-2019 00:03:31.164 INFO [main] org.apache.catalina.startup.VersionLoggerListener.log Server version:        Apache Tomcat/8.0.30
05-Feb-2019 00:03:31.167 INFO [main] org.apache.catalina.startup.VersionLoggerListener.log Server built:          Dec 1 2015 22:30:46 UTC
05-Feb-2019 00:03:31.167 INFO [main] org.apache.catalina.startup.VersionLoggerListener.log Server number:         8.0.30.0
05-Feb-2019 00:03:31.167 INFO [main] org.apache.catalina.startup.VersionLoggerListener.log OS Name:               Mac OS X
05-Feb-2019 00:03:31.167 INFO [main] org.apache.catalina.startup.VersionLoggerListener.log OS Version:            10.14
05-Feb-2019 00:03:31.167 INFO [main] org.apache.catalina.startup.VersionLoggerListener.log Architecture:          x86_64
05-Feb-2019 00:03:31.167 INFO [main] org.apache.catalina.startup.VersionLoggerListener.log Java Home:             /Library/Java/JavaVirtualMachines/jdk1.8.0_66.jdk/Contents/Home/jre
05-Feb-2019 00:03:31.168 INFO [main] org.apache.catalina.startup.VersionLoggerListener.log JVM Version:           1.8.0_66-b17
05-Feb-2019 00:03:31.168 INFO [main] org.apache.catalina.startup.VersionLoggerListener.log JVM Vendor:            Oracle Corporation
05-Feb-2019 00:03:31.168 INFO [main] org.apache.catalina.startup.VersionLoggerListener.log CATALINA_BASE:         /Users/ptom/NetBeansProjects/apache-tomcat-8.0.30
05-Feb-2019 00:03:31.168 INFO [main] org.apache.catalina.startup.VersionLoggerListener.log CATALINA_HOME:         /Users/ptom/NetBeansProjects/apache-tomcat-8.0.30
05-Feb-2019 00:03:31.169 INFO [main] org.apache.catalina.startup.VersionLoggerListener.log Command line argument: -Djava.util.logging.config.file=/Users/ptom/NetBeansProjects/apache-tomcat-8.0.30/conf/logging.properties
05-Feb-2019 00:03:31.169 INFO [main] org.apache.catalina.startup.VersionLoggerListener.log Command line argument: -Djava.util.logging.manager=org.apache.juli.ClassLoaderLogManager
05-Feb-2019 00:03:31.169 INFO [main] org.apache.catalina.startup.VersionLoggerListener.log Command line argument: -Dhttp.nonProxyHosts=localhost|127.0.0.1|iMac-di-Paolo-6.station
05-Feb-2019 00:03:31.169 INFO [main] org.apache.catalina.startup.VersionLoggerListener.log Command line argument: -agentlib:jdwp=transport=dt_socket,address=11550,server=y,suspend=n
05-Feb-2019 00:03:31.170 INFO [main] org.apache.catalina.startup.VersionLoggerListener.log Command line argument: -Djava.endorsed.dirs=/Users/ptom/NetBeansProjects/apache-tomcat-8.0.30/endorsed
05-Feb-2019 00:03:31.170 INFO [main] org.apache.catalina.startup.VersionLoggerListener.log Command line argument: -Dcatalina.base=/Users/ptom/NetBeansProjects/apache-tomcat-8.0.30
05-Feb-2019 00:03:31.170 INFO [main] org.apache.catalina.startup.VersionLoggerListener.log Command line argument: -Dcatalina.home=/Users/ptom/NetBeansProjects/apache-tomcat-8.0.30
05-Feb-2019 00:03:31.170 INFO [main] org.apache.catalina.startup.VersionLoggerListener.log Command line argument: -Djava.io.tmpdir=/Users/ptom/NetBeansProjects/apache-tomcat-8.0.30/temp
05-Feb-2019 00:03:31.171 INFO [main] org.apache.catalina.core.AprLifecycleListener.lifecycleEvent The APR based Apache Tomcat Native library which allows optimal performance in production environments was not found on the java.library.path: /Users/ptom/Library/Java/Extensions:/Library/Java/Extensions:/Network/Library/Java/Extensions:/System/Library/Java/Extensions:/usr/lib/java:.
05-Feb-2019 00:03:31.628 INFO [main] org.apache.coyote.AbstractProtocol.init Initializing ProtocolHandler ["http-nio-8080"]
05-Feb-2019 00:03:31.712 INFO [main] org.apache.tomcat.util.net.NioSelectorPool.getSharedSelector Using a shared selector for servlet write/read
05-Feb-2019 00:03:31.725 INFO [main] org.apache.coyote.AbstractProtocol.init Initializing ProtocolHandler ["ajp-nio-8009"]
05-Feb-2019 00:03:31.729 INFO [main] org.apache.tomcat.util.net.NioSelectorPool.getSharedSelector Using a shared selector for servlet write/read
05-Feb-2019 00:03:31.729 INFO [main] org.apache.catalina.startup.Catalina.load Initialization processed in 1431 ms
05-Feb-2019 00:03:31.784 INFO [main] org.apache.catalina.core.StandardService.startInternal Starting service Catalina
05-Feb-2019 00:03:31.785 INFO [main] org.apache.catalina.core.StandardEngine.startInternal Starting Servlet Engine: Apache Tomcat/8.0.30
05-Feb-2019 00:03:31.809 INFO [localhost-startStop-1] org.apache.catalina.startup.HostConfig.deployDescriptor Deploying configuration descriptor /Users/ptom/NetBeansProjects/apache-tomcat-8.0.30/conf/Catalina/localhost/WebApplication2.xml
05-Feb-2019 00:03:34.477 INFO [localhost-startStop-1] org.apache.jasper.servlet.TldScanner.scanJars At least one JAR was scanned for TLDs yet contained no TLDs. Enable debug logging for this logger for a complete list of JARs that were scanned but no TLDs were found in them. Skipping unneeded JARs during scanning can improve startup time and JSP compilation time.
05-Feb-2019 00:03:34.531 INFO [localhost-startStop-1] org.springframework.web.context.ContextLoader.initWebApplicationContext Root WebApplicationContext: initialization started
05-Feb-2019 00:03:34.670 INFO [localhost-startStop-1] org.springframework.context.support.AbstractApplicationContext.prepareRefresh Refreshing Root WebApplicationContext: startup date [Tue Feb 05 00:03:34 CET 2019]; root of context hierarchy
05-Feb-2019 00:03:34.772 INFO [localhost-startStop-1] org.springframework.beans.factory.xml.XmlBeanDefinitionReader.loadBeanDefinitions Loading XML bean definitions from ServletContext resource [/WEB-INF/applicationContext.xml]
05-Feb-2019 00:03:35.071 INFO [localhost-startStop-1] org.springframework.web.context.ContextLoader.initWebApplicationContext Root WebApplicationContext: initialization completed in 539 ms
05-Feb-2019 00:03:35.148 INFO [localhost-startStop-1] org.springframework.web.servlet.FrameworkServlet.initServletBean FrameworkServlet 'dispatcher': initialization started
05-Feb-2019 00:03:35.161 INFO [localhost-startStop-1] org.springframework.context.support.AbstractApplicationContext.prepareRefresh Refreshing WebApplicationContext for namespace 'dispatcher-servlet': startup date [Tue Feb 05 00:03:35 CET 2019]; parent: Root WebApplicationContext
05-Feb-2019 00:03:35.165 INFO [localhost-startStop-1] org.springframework.beans.factory.xml.XmlBeanDefinitionReader.loadBeanDefinitions Loading XML bean definitions from ServletContext resource [/WEB-INF/dispatcher-servlet.xml]
05-Feb-2019 00:03:35.670 INFO [localhost-startStop-1] org.springframework.web.servlet.handler.AbstractUrlHandlerMapping.registerHandler Mapped URL path [/NOMESERVIZIO.htm] onto handler 'controllerMultiMap'
05-Feb-2019 00:03:35.670 INFO [localhost-startStop-1] org.springframework.web.servlet.handler.AbstractUrlHandlerMapping.registerHandler Mapped URL path [/NOMESERVIZIO_02.htm] onto handler 'controllerMultiMap'
05-Feb-2019 00:03:35.671 INFO [localhost-startStop-1] org.springframework.web.servlet.handler.AbstractUrlHandlerMapping.registerHandler Mapped URL path [/NOMESERVIZIO_01.htm] onto handler 'controllerMultiMap'
05-Feb-2019 00:03:36.056 INFO [localhost-startStop-1] org.springframework.web.servlet.FrameworkServlet.initServletBean FrameworkServlet 'dispatcher': initialization completed in 906 ms
05-Feb-2019 00:03:36.093 INFO [localhost-startStop-1] org.apache.catalina.startup.HostConfig.deployDescriptor Deployment of configuration descriptor /Users/ptom/NetBeansProjects/apache-tomcat-8.0.30/conf/Catalina/localhost/WebApplication2.xml has finished in 4,283 ms
05-Feb-2019 00:03:36.096 INFO [localhost-startStop-1] org.apache.catalina.startup.HostConfig.deployDirectory Deploying web application directory /Users/ptom/NetBeansProjects/apache-tomcat-8.0.30/webapps/docs
05-Feb-2019 00:03:36.268 INFO [localhost-startStop-1] org.apache.jasper.servlet.TldScanner.scanJars At least one JAR was scanned for TLDs yet contained no TLDs. Enable debug logging for this logger for a complete list of JARs that were scanned but no TLDs were found in them. Skipping unneeded JARs during scanning can improve startup time and JSP compilation time.
05-Feb-2019 00:03:36.272 INFO [localhost-startStop-1] org.apache.catalina.startup.HostConfig.deployDirectory Deployment of web application directory /Users/ptom/NetBeansProjects/apache-tomcat-8.0.30/webapps/docs has finished in 176 ms
05-Feb-2019 00:03:36.273 INFO [localhost-startStop-1] org.apache.catalina.startup.HostConfig.deployDirectory Deploying web application directory /Users/ptom/NetBeansProjects/apache-tomcat-8.0.30/webapps/manager
05-Feb-2019 00:03:36.370 INFO [localhost-startStop-1] org.apache.jasper.servlet.TldScanner.scanJars At least one JAR was scanned for TLDs yet contained no TLDs. Enable debug logging for this logger for a complete list of JARs that were scanned but no TLDs were found in them. Skipping unneeded JARs during scanning can improve startup time and JSP compilation time.
05-Feb-2019 00:03:36.377 INFO [localhost-startStop-1] org.apache.catalina.startup.HostConfig.deployDirectory Deployment of web application directory /Users/ptom/NetBeansProjects/apache-tomcat-8.0.30/webapps/manager has finished in 104 ms
05-Feb-2019 00:03:36.377 INFO [localhost-startStop-1] org.apache.catalina.startup.HostConfig.deployDirectory Deploying web application directory /Users/ptom/NetBeansProjects/apache-tomcat-8.0.30/webapps/examples
05-Feb-2019 00:03:36.772 INFO [localhost-startStop-1] org.apache.jasper.servlet.TldScanner.scanJars At least one JAR was scanned for TLDs yet contained no TLDs. Enable debug logging for this logger for a complete list of JARs that were scanned but no TLDs were found in them. Skipping unneeded JARs during scanning can improve startup time and JSP compilation time.
05-Feb-2019 00:03:36.818 INFO [localhost-startStop-1] org.apache.catalina.startup.HostConfig.deployDirectory Deployment of web application directory /Users/ptom/NetBeansProjects/apache-tomcat-8.0.30/webapps/examples has finished in 441 ms
05-Feb-2019 00:03:36.818 INFO [localhost-startStop-1] org.apache.catalina.startup.HostConfig.deployDirectory Deploying web application directory /Users/ptom/NetBeansProjects/apache-tomcat-8.0.30/webapps/host-manager
05-Feb-2019 00:03:36.887 INFO [localhost-startStop-1] org.apache.jasper.servlet.TldScanner.scanJars At least one JAR was scanned for TLDs yet contained no TLDs. Enable debug logging for this logger for a complete list of JARs that were scanned but no TLDs were found in them. Skipping unneeded JARs during scanning can improve startup time and JSP compilation time.
05-Feb-2019 00:03:36.897 INFO [localhost-startStop-1] org.apache.catalina.startup.HostConfig.deployDirectory Deployment of web application directory /Users/ptom/NetBeansProjects/apache-tomcat-8.0.30/webapps/host-manager has finished in 79 ms
05-Feb-2019 00:03:36.908 INFO [main] org.apache.coyote.AbstractProtocol.start Starting ProtocolHandler ["http-nio-8080"]
05-Feb-2019 00:03:36.917 INFO [main] org.apache.coyote.AbstractProtocol.start Starting ProtocolHandler ["ajp-nio-8009"]
05-Feb-2019 00:03:36.918 INFO [main] org.apache.catalina.startup.Catalina.start Server startup in 5188 ms
05-Feb-2019 00:03:46.329 INFO [http-nio-8080-exec-9] org.springframework.context.support.AbstractApplicationContext.doClose Closing WebApplicationContext for namespace 'dispatcher-servlet': startup date [Tue Feb 05 00:03:35 CET 2019]; parent: Root WebApplicationContext
05-Feb-2019 00:03:46.336 INFO [http-nio-8080-exec-9] org.springframework.context.support.AbstractApplicationContext.doClose Closing Root WebApplicationContext: startup date [Tue Feb 05 00:03:34 CET 2019]; root of context hierarchy
05-Feb-2019 00:03:46.861 INFO [http-nio-8080-exec-9] org.apache.catalina.startup.HostConfig.undeploy Undeploying context [/WebApplication2]
05-Feb-2019 00:03:46.918 INFO [http-nio-8080-exec-3] org.apache.catalina.startup.HostConfig.deployDescriptor Deploying configuration descriptor /Users/ptom/NetBeansProjects/apache-tomcat-8.0.30/conf/Catalina/localhost/WebApplication2.xml
05-Feb-2019 00:03:48.698 INFO [http-nio-8080-exec-3] org.springframework.web.context.ContextLoader.initWebApplicationContext Root WebApplicationContext: initialization started
05-Feb-2019 00:03:48.854 INFO [http-nio-8080-exec-3] org.springframework.context.support.AbstractApplicationContext.prepareRefresh Refreshing Root WebApplicationContext: startup date [Tue Feb 05 00:03:48 CET 2019]; root of context hierarchy
05-Feb-2019 00:03:48.933 INFO [http-nio-8080-exec-3] org.springframework.beans.factory.xml.XmlBeanDefinitionReader.loadBeanDefinitions Loading XML bean definitions from ServletContext resource [/WEB-INF/applicationContext.xml]
05-Feb-2019 00:03:49.088 INFO [http-nio-8080-exec-3] org.springframework.web.context.ContextLoader.initWebApplicationContext Root WebApplicationContext: initialization completed in 390 ms
05-Feb-2019 00:03:49.120 INFO [http-nio-8080-exec-3] org.springframework.web.servlet.FrameworkServlet.initServletBean FrameworkServlet 'dispatcher': initialization started
05-Feb-2019 00:03:49.128 INFO [http-nio-8080-exec-3] org.springframework.context.support.AbstractApplicationContext.prepareRefresh Refreshing WebApplicationContext for namespace 'dispatcher-servlet': startup date [Tue Feb 05 00:03:49 CET 2019]; parent: Root WebApplicationContext
05-Feb-2019 00:03:49.130 INFO [http-nio-8080-exec-3] org.springframework.beans.factory.xml.XmlBeanDefinitionReader.loadBeanDefinitions Loading XML bean definitions from ServletContext resource [/WEB-INF/dispatcher-servlet.xml]
05-Feb-2019 00:03:49.421 INFO [http-nio-8080-exec-3] org.springframework.web.servlet.handler.AbstractUrlHandlerMapping.registerHandler Mapped URL path [/NOMESERVIZIO.htm] onto handler 'controllerMultiMap'
05-Feb-2019 00:03:49.421 INFO [http-nio-8080-exec-3] org.springframework.web.servlet.handler.AbstractUrlHandlerMapping.registerHandler Mapped URL path [/NOMESERVIZIO_02.htm] onto handler 'controllerMultiMap'
05-Feb-2019 00:03:49.421 INFO [http-nio-8080-exec-3] org.springframework.web.servlet.handler.AbstractUrlHandlerMapping.registerHandler Mapped URL path [/NOMESERVIZIO_01.htm] onto handler 'controllerMultiMap'
05-Feb-2019 00:03:49.625 INFO [http-nio-8080-exec-3] org.springframework.web.servlet.FrameworkServlet.initServletBean FrameworkServlet 'dispatcher': initialization completed in 505 ms
05-Feb-2019 00:03:49.635 INFO [http-nio-8080-exec-3] org.apache.catalina.startup.HostConfig.deployDescriptor Deployment of configuration descriptor /Users/ptom/NetBeansProjects/apache-tomcat-8.0.30/conf/Catalina/localhost/WebApplication2.xml has finished in 2,717 ms
05-Feb-2019 00:03:49.717 INFO [http-nio-8080-exec-1] org.apache.catalina.util.LifecycleBase.start The start() method was called on component [StandardEngine[Catalina].StandardHost[localhost].StandardContext[/WebApplication2]] after start() had already been called. The second call will be ignored.
05-Feb-2019 00:07:50.754 INFO [http-nio-8080-exec-11] org.springframework.context.support.AbstractApplicationContext.doClose Closing WebApplicationContext for namespace 'dispatcher-servlet': startup date [Tue Feb 05 00:03:49 CET 2019]; parent: Root WebApplicationContext
05-Feb-2019 00:07:50.763 INFO [http-nio-8080-exec-11] org.springframework.context.support.AbstractApplicationContext.doClose Closing Root WebApplicationContext: startup date [Tue Feb 05 00:03:48 CET 2019]; root of context hierarchy
05-Feb-2019 00:07:51.290 INFO [http-nio-8080-exec-11] org.apache.catalina.startup.HostConfig.undeploy Undeploying context [/WebApplication2]
05-Feb-2019 00:07:51.339 INFO [http-nio-8080-exec-14] org.apache.catalina.startup.HostConfig.deployDescriptor Deploying configuration descriptor /Users/ptom/NetBeansProjects/apache-tomcat-8.0.30/conf/Catalina/localhost/WebApplication2.xml
05-Feb-2019 00:07:54.556 INFO [http-nio-8080-exec-14] org.springframework.web.context.ContextLoader.initWebApplicationContext Root WebApplicationContext: initialization started
05-Feb-2019 00:07:54.923 INFO [http-nio-8080-exec-14] org.springframework.context.support.AbstractApplicationContext.prepareRefresh Refreshing Root WebApplicationContext: startup date [Tue Feb 05 00:07:54 CET 2019]; root of context hierarchy
05-Feb-2019 00:07:55.041 INFO [http-nio-8080-exec-14] org.springframework.beans.factory.xml.XmlBeanDefinitionReader.loadBeanDefinitions Loading XML bean definitions from ServletContext resource [/WEB-INF/applicationContext.xml]
05-Feb-2019 00:07:55.235 INFO [http-nio-8080-exec-14] org.springframework.web.context.ContextLoader.initWebApplicationContext Root WebApplicationContext: initialization completed in 679 ms
05-Feb-2019 00:07:55.264 INFO [http-nio-8080-exec-14] org.springframework.web.servlet.FrameworkServlet.initServletBean FrameworkServlet 'dispatcher': initialization started
05-Feb-2019 00:07:55.268 INFO [http-nio-8080-exec-14] org.springframework.context.support.AbstractApplicationContext.prepareRefresh Refreshing WebApplicationContext for namespace 'dispatcher-servlet': startup date [Tue Feb 05 00:07:55 CET 2019]; parent: Root WebApplicationContext
05-Feb-2019 00:07:55.270 INFO [http-nio-8080-exec-14] org.springframework.beans.factory.xml.XmlBeanDefinitionReader.loadBeanDefinitions Loading XML bean definitions from ServletContext resource [/WEB-INF/dispatcher-servlet.xml]
05-Feb-2019 00:07:55.848 INFO [http-nio-8080-exec-14] org.springframework.web.servlet.handler.AbstractUrlHandlerMapping.registerHandler Mapped URL path [/NOMESERVIZIO.htm] onto handler 'controllerMultiMap'
05-Feb-2019 00:07:55.848 INFO [http-nio-8080-exec-14] org.springframework.web.servlet.handler.AbstractUrlHandlerMapping.registerHandler Mapped URL path [/NOMESERVIZIO_02.htm] onto handler 'controllerMultiMap'
05-Feb-2019 00:07:55.848 INFO [http-nio-8080-exec-14] org.springframework.web.servlet.handler.AbstractUrlHandlerMapping.registerHandler Mapped URL path [/NOMESERVIZIO_01.htm] onto handler 'controllerMultiMap'
05-Feb-2019 00:07:56.008 INFO [http-nio-8080-exec-14] org.springframework.web.servlet.FrameworkServlet.initServletBean FrameworkServlet 'dispatcher': initialization completed in 743 ms
05-Feb-2019 00:07:56.013 INFO [http-nio-8080-exec-14] org.apache.catalina.startup.HostConfig.deployDescriptor Deployment of configuration descriptor /Users/ptom/NetBeansProjects/apache-tomcat-8.0.30/conf/Catalina/localhost/WebApplication2.xml has finished in 4,674 ms
05-Feb-2019 00:07:56.059 INFO [http-nio-8080-exec-12] org.apache.catalina.util.LifecycleBase.start The start() method was called on component [StandardEngine[Catalina].StandardHost[localhost].StandardContext[/WebApplication2]] after start() had already been called. The second call will be ignored.
05-Feb-2019 00:08:58.805 INFO [http-nio-8080-exec-25] org.springframework.context.support.AbstractApplicationContext.doClose Closing WebApplicationContext for namespace 'dispatcher-servlet': startup date [Tue Feb 05 00:07:55 CET 2019]; parent: Root WebApplicationContext
05-Feb-2019 00:08:58.812 INFO [http-nio-8080-exec-25] org.springframework.context.support.AbstractApplicationContext.doClose Closing Root WebApplicationContext: startup date [Tue Feb 05 00:07:54 CET 2019]; root of context hierarchy
05-Feb-2019 00:08:59.334 INFO [http-nio-8080-exec-25] org.apache.catalina.startup.HostConfig.undeploy Undeploying context [/WebApplication2]
05-Feb-2019 00:08:59.398 INFO [http-nio-8080-exec-27] org.apache.catalina.startup.HostConfig.deployDescriptor Deploying configuration descriptor /Users/ptom/NetBeansProjects/apache-tomcat-8.0.30/conf/Catalina/localhost/WebApplication2.xml
05-Feb-2019 00:09:01.389 INFO [http-nio-8080-exec-27] org.springframework.web.context.ContextLoader.initWebApplicationContext Root WebApplicationContext: initialization started
05-Feb-2019 00:09:01.572 INFO [http-nio-8080-exec-27] org.springframework.context.support.AbstractApplicationContext.prepareRefresh Refreshing Root WebApplicationContext: startup date [Tue Feb 05 00:09:01 CET 2019]; root of context hierarchy
05-Feb-2019 00:09:01.640 INFO [http-nio-8080-exec-27] org.springframework.beans.factory.xml.XmlBeanDefinitionReader.loadBeanDefinitions Loading XML bean definitions from ServletContext resource [/WEB-INF/applicationContext.xml]
05-Feb-2019 00:09:01.738 INFO [http-nio-8080-exec-27] org.springframework.web.context.ContextLoader.initWebApplicationContext Root WebApplicationContext: initialization completed in 347 ms
05-Feb-2019 00:09:01.773 INFO [http-nio-8080-exec-27] org.springframework.web.servlet.FrameworkServlet.initServletBean FrameworkServlet 'dispatcher': initialization started
05-Feb-2019 00:09:01.783 INFO [http-nio-8080-exec-27] org.springframework.context.support.AbstractApplicationContext.prepareRefresh Refreshing WebApplicationContext for namespace 'dispatcher-servlet': startup date [Tue Feb 05 00:09:01 CET 2019]; parent: Root WebApplicationContext
05-Feb-2019 00:09:01.786 INFO [http-nio-8080-exec-27] org.springframework.beans.factory.xml.XmlBeanDefinitionReader.loadBeanDefinitions Loading XML bean definitions from ServletContext resource [/WEB-INF/dispatcher-servlet.xml]
05-Feb-2019 00:09:02.298 INFO [http-nio-8080-exec-27] org.springframework.web.servlet.handler.AbstractUrlHandlerMapping.registerHandler Mapped URL path [/NOMESERVIZIO.htm] onto handler 'controllerMultiMap'
05-Feb-2019 00:09:02.299 INFO [http-nio-8080-exec-27] org.springframework.web.servlet.handler.AbstractUrlHandlerMapping.registerHandler Mapped URL path [/NOMESERVIZIO_02.htm] onto handler 'controllerMultiMap'
05-Feb-2019 00:09:02.299 INFO [http-nio-8080-exec-27] org.springframework.web.servlet.handler.AbstractUrlHandlerMapping.registerHandler Mapped URL path [/NOMESERVIZIO_01.htm] onto handler 'controllerMultiMap'
05-Feb-2019 00:09:02.504 INFO [http-nio-8080-exec-27] org.springframework.web.servlet.FrameworkServlet.initServletBean FrameworkServlet 'dispatcher': initialization completed in 730 ms
05-Feb-2019 00:09:02.520 INFO [http-nio-8080-exec-27] org.apache.catalina.startup.HostConfig.deployDescriptor Deployment of configuration descriptor /Users/ptom/NetBeansProjects/apache-tomcat-8.0.30/conf/Catalina/localhost/WebApplication2.xml has finished in 3,121 ms
05-Feb-2019 00:09:02.577 INFO [http-nio-8080-exec-23] org.apache.catalina.util.LifecycleBase.start The start() method was called on component [StandardEngine[Catalina].StandardHost[localhost].StandardContext[/WebApplication2]] after start() had already been called. The second call will be ignored.
05-Feb-2019 00:12:37.824 INFO [http-nio-8080-exec-34] org.springframework.context.support.AbstractApplicationContext.doClose Closing WebApplicationContext for namespace 'dispatcher-servlet': startup date [Tue Feb 05 00:09:01 CET 2019]; parent: Root WebApplicationContext
05-Feb-2019 00:12:37.835 INFO [http-nio-8080-exec-34] org.springframework.context.support.AbstractApplicationContext.doClose Closing Root WebApplicationContext: startup date [Tue Feb 05 00:09:01 CET 2019]; root of context hierarchy
05-Feb-2019 00:12:38.376 INFO [http-nio-8080-exec-34] org.apache.catalina.startup.HostConfig.undeploy Undeploying context [/WebApplication2]
05-Feb-2019 00:12:38.424 INFO [http-nio-8080-exec-37] org.apache.catalina.startup.HostConfig.deployDescriptor Deploying configuration descriptor /Users/ptom/NetBeansProjects/apache-tomcat-8.0.30/conf/Catalina/localhost/WebApplication2.xml
05-Feb-2019 00:12:40.380 INFO [http-nio-8080-exec-37] org.springframework.web.context.ContextLoader.initWebApplicationContext Root WebApplicationContext: initialization started
05-Feb-2019 00:12:40.536 INFO [http-nio-8080-exec-37] org.springframework.context.support.AbstractApplicationContext.prepareRefresh Refreshing Root WebApplicationContext: startup date [Tue Feb 05 00:12:40 CET 2019]; root of context hierarchy
05-Feb-2019 00:12:40.624 INFO [http-nio-8080-exec-37] org.springframework.beans.factory.xml.XmlBeanDefinitionReader.loadBeanDefinitions Loading XML bean definitions from ServletContext resource [/WEB-INF/applicationContext.xml]
05-Feb-2019 00:12:40.718 INFO [http-nio-8080-exec-37] org.springframework.web.context.ContextLoader.initWebApplicationContext Root WebApplicationContext: initialization completed in 337 ms
05-Feb-2019 00:12:40.747 INFO [http-nio-8080-exec-37] org.springframework.web.servlet.FrameworkServlet.initServletBean FrameworkServlet 'dispatcher': initialization started
05-Feb-2019 00:12:40.774 INFO [http-nio-8080-exec-37] org.springframework.context.support.AbstractApplicationContext.prepareRefresh Refreshing WebApplicationContext for namespace 'dispatcher-servlet': startup date [Tue Feb 05 00:12:40 CET 2019]; parent: Root WebApplicationContext
05-Feb-2019 00:12:40.775 INFO [http-nio-8080-exec-37] org.springframework.beans.factory.xml.XmlBeanDefinitionReader.loadBeanDefinitions Loading XML bean definitions from ServletContext resource [/WEB-INF/dispatcher-servlet.xml]
05-Feb-2019 00:12:41.142 INFO [http-nio-8080-exec-37] org.springframework.web.servlet.handler.AbstractUrlHandlerMapping.registerHandler Mapped URL path [/NOMESERVIZIO.htm] onto handler 'controllerMultiMap'
05-Feb-2019 00:12:41.142 INFO [http-nio-8080-exec-37] org.springframework.web.servlet.handler.AbstractUrlHandlerMapping.registerHandler Mapped URL path [/NOMESERVIZIO_02.htm] onto handler 'controllerMultiMap'
05-Feb-2019 00:12:41.143 INFO [http-nio-8080-exec-37] org.springframework.web.servlet.handler.AbstractUrlHandlerMapping.registerHandler Mapped URL path [/NOMESERVIZIO_01.htm] onto handler 'controllerMultiMap'
05-Feb-2019 00:12:41.273 INFO [http-nio-8080-exec-37] org.springframework.web.servlet.FrameworkServlet.initServletBean FrameworkServlet 'dispatcher': initialization completed in 525 ms
05-Feb-2019 00:12:41.280 INFO [http-nio-8080-exec-37] org.apache.catalina.startup.HostConfig.deployDescriptor Deployment of configuration descriptor /Users/ptom/NetBeansProjects/apache-tomcat-8.0.30/conf/Catalina/localhost/WebApplication2.xml has finished in 2,855 ms
05-Feb-2019 00:12:41.313 INFO [http-nio-8080-exec-36] org.apache.catalina.util.LifecycleBase.start The start() method was called on component [StandardEngine[Catalina].StandardHost[localhost].StandardContext[/WebApplication2]] after start() had already been called. The second call will be ignored.
05-Feb-2019 00:13:27.559 INFO [http-nio-8080-exec-32] org.springframework.context.support.AbstractApplicationContext.doClose Closing WebApplicationContext for namespace 'dispatcher-servlet': startup date [Tue Feb 05 00:12:40 CET 2019]; parent: Root WebApplicationContext
05-Feb-2019 00:13:27.561 INFO [http-nio-8080-exec-32] org.springframework.context.support.AbstractApplicationContext.doClose Closing Root WebApplicationContext: startup date [Tue Feb 05 00:12:40 CET 2019]; root of context hierarchy
05-Feb-2019 00:13:28.072 INFO [http-nio-8080-exec-32] org.apache.catalina.startup.HostConfig.undeploy Undeploying context [/WebApplication2]
05-Feb-2019 00:13:28.114 INFO [http-nio-8080-exec-42] org.apache.catalina.startup.HostConfig.deployDescriptor Deploying configuration descriptor /Users/ptom/NetBeansProjects/apache-tomcat-8.0.30/conf/Catalina/localhost/WebApplication2.xml
05-Feb-2019 00:13:29.585 INFO [http-nio-8080-exec-42] org.springframework.web.context.ContextLoader.initWebApplicationContext Root WebApplicationContext: initialization started
05-Feb-2019 00:13:29.752 INFO [http-nio-8080-exec-42] org.springframework.context.support.AbstractApplicationContext.prepareRefresh Refreshing Root WebApplicationContext: startup date [Tue Feb 05 00:13:29 CET 2019]; root of context hierarchy
05-Feb-2019 00:13:29.879 INFO [http-nio-8080-exec-42] org.springframework.beans.factory.xml.XmlBeanDefinitionReader.loadBeanDefinitions Loading XML bean definitions from ServletContext resource [/WEB-INF/applicationContext.xml]
05-Feb-2019 00:13:30.059 INFO [http-nio-8080-exec-42] org.springframework.web.context.ContextLoader.initWebApplicationContext Root WebApplicationContext: initialization completed in 473 ms
05-Feb-2019 00:13:30.080 INFO [http-nio-8080-exec-42] org.springframework.web.servlet.FrameworkServlet.initServletBean FrameworkServlet 'dispatcher': initialization started
05-Feb-2019 00:13:30.085 INFO [http-nio-8080-exec-42] org.springframework.context.support.AbstractApplicationContext.prepareRefresh Refreshing WebApplicationContext for namespace 'dispatcher-servlet': startup date [Tue Feb 05 00:13:30 CET 2019]; parent: Root WebApplicationContext
05-Feb-2019 00:13:30.087 INFO [http-nio-8080-exec-42] org.springframework.beans.factory.xml.XmlBeanDefinitionReader.loadBeanDefinitions Loading XML bean definitions from ServletContext resource [/WEB-INF/dispatcher-servlet.xml]
05-Feb-2019 00:13:30.340 INFO [http-nio-8080-exec-42] org.springframework.web.servlet.handler.AbstractUrlHandlerMapping.registerHandler Mapped URL path [/NOMESERVIZIO.htm] onto handler 'controllerMultiMap'
05-Feb-2019 00:13:30.340 INFO [http-nio-8080-exec-42] org.springframework.web.servlet.handler.AbstractUrlHandlerMapping.registerHandler Mapped URL path [/NOMESERVIZIO_02.htm] onto handler 'controllerMultiMap'
05-Feb-2019 00:13:30.341 INFO [http-nio-8080-exec-42] org.springframework.web.servlet.handler.AbstractUrlHandlerMapping.registerHandler Mapped URL path [/NOMESERVIZIO_01.htm] onto handler 'controllerMultiMap'
05-Feb-2019 00:13:30.477 INFO [http-nio-8080-exec-42] org.springframework.web.servlet.FrameworkServlet.initServletBean FrameworkServlet 'dispatcher': initialization completed in 396 ms
05-Feb-2019 00:13:30.485 INFO [http-nio-8080-exec-42] org.apache.catalina.startup.HostConfig.deployDescriptor Deployment of configuration descriptor /Users/ptom/NetBeansProjects/apache-tomcat-8.0.30/conf/Catalina/localhost/WebApplication2.xml has finished in 2,370 ms
05-Feb-2019 00:13:30.504 INFO [http-nio-8080-exec-36] org.apache.catalina.util.LifecycleBase.start The start() method was called on component [StandardEngine[Catalina].StandardHost[localhost].StandardContext[/WebApplication2]] after start() had already been called. The second call will be ignored.
05-Feb-2019 00:14:07.071 INFO [http-nio-8080-exec-45] org.springframework.context.support.AbstractApplicationContext.doClose Closing WebApplicationContext for namespace 'dispatcher-servlet': startup date [Tue Feb 05 00:13:30 CET 2019]; parent: Root WebApplicationContext
05-Feb-2019 00:14:07.081 INFO [http-nio-8080-exec-45] org.springframework.context.support.AbstractApplicationContext.doClose Closing Root WebApplicationContext: startup date [Tue Feb 05 00:13:29 CET 2019]; root of context hierarchy
05-Feb-2019 00:14:07.595 INFO [http-nio-8080-exec-45] org.apache.catalina.startup.HostConfig.undeploy Undeploying context [/WebApplication2]
05-Feb-2019 00:14:07.641 INFO [http-nio-8080-exec-48] org.apache.catalina.startup.HostConfig.deployDescriptor Deploying configuration descriptor /Users/ptom/NetBeansProjects/apache-tomcat-8.0.30/conf/Catalina/localhost/WebApplication2.xml
05-Feb-2019 00:14:09.089 INFO [http-nio-8080-exec-48] org.springframework.web.context.ContextLoader.initWebApplicationContext Root WebApplicationContext: initialization started
05-Feb-2019 00:14:09.243 INFO [http-nio-8080-exec-48] org.springframework.context.support.AbstractApplicationContext.prepareRefresh Refreshing Root WebApplicationContext: startup date [Tue Feb 05 00:14:09 CET 2019]; root of context hierarchy
05-Feb-2019 00:14:09.313 INFO [http-nio-8080-exec-48] org.springframework.beans.factory.xml.XmlBeanDefinitionReader.loadBeanDefinitions Loading XML bean definitions from ServletContext resource [/WEB-INF/applicationContext.xml]
05-Feb-2019 00:14:09.403 INFO [http-nio-8080-exec-48] org.springframework.web.context.ContextLoader.initWebApplicationContext Root WebApplicationContext: initialization completed in 314 ms
05-Feb-2019 00:14:09.455 INFO [http-nio-8080-exec-48] org.springframework.web.servlet.FrameworkServlet.initServletBean FrameworkServlet 'dispatcher': initialization started
05-Feb-2019 00:14:09.460 INFO [http-nio-8080-exec-48] org.springframework.context.support.AbstractApplicationContext.prepareRefresh Refreshing WebApplicationContext for namespace 'dispatcher-servlet': startup date [Tue Feb 05 00:14:09 CET 2019]; parent: Root WebApplicationContext
05-Feb-2019 00:14:09.462 INFO [http-nio-8080-exec-48] org.springframework.beans.factory.xml.XmlBeanDefinitionReader.loadBeanDefinitions Loading XML bean definitions from ServletContext resource [/WEB-INF/dispatcher-servlet.xml]
05-Feb-2019 00:14:09.910 INFO [http-nio-8080-exec-48] org.springframework.web.servlet.handler.AbstractUrlHandlerMapping.registerHandler Mapped URL path [/NOMESERVIZIO.htm] onto handler 'controllerMultiMap'
05-Feb-2019 00:14:09.911 INFO [http-nio-8080-exec-48] org.springframework.web.servlet.handler.AbstractUrlHandlerMapping.registerHandler Mapped URL path [/NOMESERVIZIO_02.htm] onto handler 'controllerMultiMap'
05-Feb-2019 00:14:09.911 INFO [http-nio-8080-exec-48] org.springframework.web.servlet.handler.AbstractUrlHandlerMapping.registerHandler Mapped URL path [/NOMESERVIZIO_01.htm] onto handler 'controllerMultiMap'
05-Feb-2019 00:14:10.070 INFO [http-nio-8080-exec-48] org.springframework.web.servlet.FrameworkServlet.initServletBean FrameworkServlet 'dispatcher': initialization completed in 615 ms
05-Feb-2019 00:14:10.087 INFO [http-nio-8080-exec-48] org.apache.catalina.startup.HostConfig.deployDescriptor Deployment of configuration descriptor /Users/ptom/NetBeansProjects/apache-tomcat-8.0.30/conf/Catalina/localhost/WebApplication2.xml has finished in 2,446 ms
05-Feb-2019 00:14:10.113 INFO [http-nio-8080-exec-36] org.apache.catalina.util.LifecycleBase.start The start() method was called on component [StandardEngine[Catalina].StandardHost[localhost].StandardContext[/WebApplication2]] after start() had already been called. The second call will be ignored.
05-Feb-2019 00:38:17.663 INFO [main] org.apache.catalina.startup.VersionLoggerListener.log Server version:        Apache Tomcat/8.0.30
05-Feb-2019 00:38:17.665 INFO [main] org.apache.catalina.startup.VersionLoggerListener.log Server built:          Dec 1 2015 22:30:46 UTC
05-Feb-2019 00:38:17.666 INFO [main] org.apache.catalina.startup.VersionLoggerListener.log Server number:         8.0.30.0
05-Feb-2019 00:38:17.666 INFO [main] org.apache.catalina.startup.VersionLoggerListener.log OS Name:               Mac OS X
05-Feb-2019 00:38:17.666 INFO [main] org.apache.catalina.startup.VersionLoggerListener.log OS Version:            10.14
05-Feb-2019 00:38:17.666 INFO [main] org.apache.catalina.startup.VersionLoggerListener.log Architecture:          x86_64
05-Feb-2019 00:38:17.667 INFO [main] org.apache.catalina.startup.VersionLoggerListener.log Java Home:             /Library/Java/JavaVirtualMachines/jdk1.8.0_66.jdk/Contents/Home/jre
05-Feb-2019 00:38:17.667 INFO [main] org.apache.catalina.startup.VersionLoggerListener.log JVM Version:           1.8.0_66-b17
05-Feb-2019 00:38:17.667 INFO [main] org.apache.catalina.startup.VersionLoggerListener.log JVM Vendor:            Oracle Corporation
05-Feb-2019 00:38:17.667 INFO [main] org.apache.catalina.startup.VersionLoggerListener.log CATALINA_BASE:         /Users/ptom/Google Drive/WebApplication2/apache-tomcat-8.0.30
05-Feb-2019 00:38:17.667 INFO [main] org.apache.catalina.startup.VersionLoggerListener.log CATALINA_HOME:         /Users/ptom/Google Drive/WebApplication2/apache-tomcat-8.0.30
05-Feb-2019 00:38:17.669 INFO [main] org.apache.catalina.startup.VersionLoggerListener.log Command line argument: -Djava.util.logging.config.file=/Users/ptom/Google Drive/WebApplication2/apache-tomcat-8.0.30/conf/logging.properties
05-Feb-2019 00:38:17.669 INFO [main] org.apache.catalina.startup.VersionLoggerListener.log Command line argument: -Djava.util.logging.manager=org.apache.juli.ClassLoaderLogManager
05-Feb-2019 00:38:17.670 INFO [main] org.apache.catalina.startup.VersionLoggerListener.log Command line argument: -Dhttp.nonProxyHosts=localhost|127.0.0.1|iMac-di-Paolo-6.station
05-Feb-2019 00:38:17.670 INFO [main] org.apache.catalina.startup.VersionLoggerListener.log Command line argument: -agentlib:jdwp=transport=dt_socket,address=11550,server=y,suspend=n
05-Feb-2019 00:38:17.670 INFO [main] org.apache.catalina.startup.VersionLoggerListener.log Command line argument: -Djava.endorsed.dirs=/Users/ptom/Google Drive/WebApplication2/apache-tomcat-8.0.30/endorsed
05-Feb-2019 00:38:17.670 INFO [main] org.apache.catalina.startup.VersionLoggerListener.log Command line argument: -Dcatalina.base=/Users/ptom/Google Drive/WebApplication2/apache-tomcat-8.0.30
05-Feb-2019 00:38:17.671 INFO [main] org.apache.catalina.startup.VersionLoggerListener.log Command line argument: -Dcatalina.home=/Users/ptom/Google Drive/WebApplication2/apache-tomcat-8.0.30
05-Feb-2019 00:38:17.671 INFO [main] org.apache.catalina.startup.VersionLoggerListener.log Command line argument: -Djava.io.tmpdir=/Users/ptom/Google Drive/WebApplication2/apache-tomcat-8.0.30/temp
05-Feb-2019 00:38:17.671 INFO [main] org.apache.catalina.core.AprLifecycleListener.lifecycleEvent The APR based Apache Tomcat Native library which allows optimal performance in production environments was not found on the java.library.path: /Users/ptom/Library/Java/Extensions:/Library/Java/Extensions:/Network/Library/Java/Extensions:/System/Library/Java/Extensions:/usr/lib/java:.
05-Feb-2019 00:38:17.991 INFO [main] org.apache.coyote.AbstractProtocol.init Initializing ProtocolHandler ["http-nio-8080"]
05-Feb-2019 00:38:18.039 INFO [main] org.apache.tomcat.util.net.NioSelectorPool.getSharedSelector Using a shared selector for servlet write/read
05-Feb-2019 00:38:18.044 INFO [main] org.apache.coyote.AbstractProtocol.init Initializing ProtocolHandler ["ajp-nio-8009"]
05-Feb-2019 00:38:18.049 INFO [main] org.apache.tomcat.util.net.NioSelectorPool.getSharedSelector Using a shared selector for servlet write/read
05-Feb-2019 00:38:18.049 INFO [main] org.apache.catalina.startup.Catalina.load Initialization processed in 1429 ms
05-Feb-2019 00:38:18.084 INFO [main] org.apache.catalina.core.StandardService.startInternal Starting service Catalina
05-Feb-2019 00:38:18.084 INFO [main] org.apache.catalina.core.StandardEngine.startInternal Starting Servlet Engine: Apache Tomcat/8.0.30
05-Feb-2019 00:38:18.092 INFO [localhost-startStop-1] org.apache.catalina.startup.HostConfig.deployDescriptor Deploying configuration descriptor /Users/ptom/Google Drive/WebApplication2/apache-tomcat-8.0.30/conf/Catalina/localhost/WebApplication2.xml
05-Feb-2019 00:38:20.557 INFO [localhost-startStop-1] org.apache.jasper.servlet.TldScanner.scanJars At least one JAR was scanned for TLDs yet contained no TLDs. Enable debug logging for this logger for a complete list of JARs that were scanned but no TLDs were found in them. Skipping unneeded JARs during scanning can improve startup time and JSP compilation time.
05-Feb-2019 00:38:20.734 INFO [localhost-startStop-1] org.springframework.web.context.ContextLoader.initWebApplicationContext Root WebApplicationContext: initialization started
05-Feb-2019 00:38:21.003 INFO [localhost-startStop-1] org.springframework.context.support.AbstractApplicationContext.prepareRefresh Refreshing Root WebApplicationContext: startup date [Tue Feb 05 00:38:21 CET 2019]; root of context hierarchy
05-Feb-2019 00:38:21.156 INFO [localhost-startStop-1] org.springframework.beans.factory.xml.XmlBeanDefinitionReader.loadBeanDefinitions Loading XML bean definitions from ServletContext resource [/WEB-INF/applicationContext.xml]
05-Feb-2019 00:38:21.368 INFO [localhost-startStop-1] org.springframework.web.context.ContextLoader.initWebApplicationContext Root WebApplicationContext: initialization completed in 634 ms
05-Feb-2019 00:38:21.487 INFO [localhost-startStop-1] org.springframework.web.servlet.FrameworkServlet.initServletBean FrameworkServlet 'dispatcher': initialization started
05-Feb-2019 00:38:21.492 INFO [localhost-startStop-1] org.springframework.context.support.AbstractApplicationContext.prepareRefresh Refreshing WebApplicationContext for namespace 'dispatcher-servlet': startup date [Tue Feb 05 00:38:21 CET 2019]; parent: Root WebApplicationContext
05-Feb-2019 00:38:21.493 INFO [localhost-startStop-1] org.springframework.beans.factory.xml.XmlBeanDefinitionReader.loadBeanDefinitions Loading XML bean definitions from ServletContext resource [/WEB-INF/dispatcher-servlet.xml]
05-Feb-2019 00:38:21.966 INFO [localhost-startStop-1] org.springframework.web.servlet.handler.AbstractUrlHandlerMapping.registerHandler Mapped URL path [/NOMESERVIZIO_01.htm] onto handler 'controllerMultiMap'
05-Feb-2019 00:38:21.967 INFO [localhost-startStop-1] org.springframework.web.servlet.handler.AbstractUrlHandlerMapping.registerHandler Mapped URL path [/NOMESERVIZIO.htm] onto handler 'controllerMultiMap'
05-Feb-2019 00:38:21.969 INFO [localhost-startStop-1] org.springframework.web.servlet.handler.AbstractUrlHandlerMapping.registerHandler Mapped URL path [/NOMESERVIZIO_02.htm] onto handler 'controllerMultiMap'
05-Feb-2019 00:38:22.390 INFO [localhost-startStop-1] org.springframework.web.servlet.FrameworkServlet.initServletBean FrameworkServlet 'dispatcher': initialization completed in 903 ms
05-Feb-2019 00:38:22.406 INFO [localhost-startStop-1] org.apache.catalina.startup.HostConfig.deployDescriptor Deployment of configuration descriptor /Users/ptom/Google Drive/WebApplication2/apache-tomcat-8.0.30/conf/Catalina/localhost/WebApplication2.xml has finished in 4,313 ms
05-Feb-2019 00:38:22.408 INFO [localhost-startStop-1] org.apache.catalina.startup.HostConfig.deployDirectory Deploying web application directory /Users/ptom/Google Drive/WebApplication2/apache-tomcat-8.0.30/webapps/docs
05-Feb-2019 00:38:22.534 INFO [localhost-startStop-1] org.apache.jasper.servlet.TldScanner.scanJars At least one JAR was scanned for TLDs yet contained no TLDs. Enable debug logging for this logger for a complete list of JARs that were scanned but no TLDs were found in them. Skipping unneeded JARs during scanning can improve startup time and JSP compilation time.
05-Feb-2019 00:38:22.535 INFO [localhost-startStop-1] org.apache.catalina.startup.HostConfig.deployDirectory Deployment of web application directory /Users/ptom/Google Drive/WebApplication2/apache-tomcat-8.0.30/webapps/docs has finished in 127 ms
05-Feb-2019 00:38:22.536 INFO [localhost-startStop-1] org.apache.catalina.startup.HostConfig.deployDirectory Deploying web application directory /Users/ptom/Google Drive/WebApplication2/apache-tomcat-8.0.30/webapps/manager
05-Feb-2019 00:38:22.634 INFO [localhost-startStop-1] org.apache.jasper.servlet.TldScanner.scanJars At least one JAR was scanned for TLDs yet contained no TLDs. Enable debug logging for this logger for a complete list of JARs that were scanned but no TLDs were found in them. Skipping unneeded JARs during scanning can improve startup time and JSP compilation time.
05-Feb-2019 00:38:22.638 INFO [localhost-startStop-1] org.apache.catalina.startup.HostConfig.deployDirectory Deployment of web application directory /Users/ptom/Google Drive/WebApplication2/apache-tomcat-8.0.30/webapps/manager has finished in 102 ms
05-Feb-2019 00:38:22.642 INFO [localhost-startStop-1] org.apache.catalina.startup.HostConfig.deployDirectory Deploying web application directory /Users/ptom/Google Drive/WebApplication2/apache-tomcat-8.0.30/webapps/examples
05-Feb-2019 00:38:23.059 INFO [localhost-startStop-1] org.apache.jasper.servlet.TldScanner.scanJars At least one JAR was scanned for TLDs yet contained no TLDs. Enable debug logging for this logger for a complete list of JARs that were scanned but no TLDs were found in them. Skipping unneeded JARs during scanning can improve startup time and JSP compilation time.
05-Feb-2019 00:38:23.092 INFO [localhost-startStop-1] org.apache.catalina.startup.HostConfig.deployDirectory Deployment of web application directory /Users/ptom/Google Drive/WebApplication2/apache-tomcat-8.0.30/webapps/examples has finished in 449 ms
05-Feb-2019 00:38:23.093 INFO [localhost-startStop-1] org.apache.catalina.startup.HostConfig.deployDirectory Deploying web application directory /Users/ptom/Google Drive/WebApplication2/apache-tomcat-8.0.30/webapps/host-manager
05-Feb-2019 00:38:23.167 INFO [localhost-startStop-1] org.apache.jasper.servlet.TldScanner.scanJars At least one JAR was scanned for TLDs yet contained no TLDs. Enable debug logging for this logger for a complete list of JARs that were scanned but no TLDs were found in them. Skipping unneeded JARs during scanning can improve startup time and JSP compilation time.
05-Feb-2019 00:38:23.171 INFO [localhost-startStop-1] org.apache.catalina.startup.HostConfig.deployDirectory Deployment of web application directory /Users/ptom/Google Drive/WebApplication2/apache-tomcat-8.0.30/webapps/host-manager has finished in 77 ms
05-Feb-2019 00:38:23.176 INFO [main] org.apache.coyote.AbstractProtocol.start Starting ProtocolHandler ["http-nio-8080"]
05-Feb-2019 00:38:23.181 INFO [main] org.apache.coyote.AbstractProtocol.start Starting ProtocolHandler ["ajp-nio-8009"]
05-Feb-2019 00:38:23.181 INFO [main] org.apache.catalina.startup.Catalina.start Server startup in 5131 ms
05-Feb-2019 00:38:31.470 INFO [http-nio-8080-exec-8] org.springframework.context.support.AbstractApplicationContext.doClose Closing WebApplicationContext for namespace 'dispatcher-servlet': startup date [Tue Feb 05 00:38:21 CET 2019]; parent: Root WebApplicationContext
05-Feb-2019 00:38:31.475 INFO [http-nio-8080-exec-8] org.springframework.context.support.AbstractApplicationContext.doClose Closing Root WebApplicationContext: startup date [Tue Feb 05 00:38:21 CET 2019]; root of context hierarchy
05-Feb-2019 00:38:32.000 INFO [http-nio-8080-exec-8] org.apache.catalina.startup.HostConfig.undeploy Undeploying context [/WebApplication2]
05-Feb-2019 00:38:32.028 INFO [http-nio-8080-exec-4] org.apache.catalina.startup.HostConfig.deployDescriptor Deploying configuration descriptor /Users/ptom/Google Drive/WebApplication2/apache-tomcat-8.0.30/conf/Catalina/localhost/WebApplication2.xml
05-Feb-2019 00:38:34.604 INFO [http-nio-8080-exec-4] org.springframework.web.context.ContextLoader.initWebApplicationContext Root WebApplicationContext: initialization started
05-Feb-2019 00:38:34.985 INFO [http-nio-8080-exec-4] org.springframework.context.support.AbstractApplicationContext.prepareRefresh Refreshing Root WebApplicationContext: startup date [Tue Feb 05 00:38:34 CET 2019]; root of context hierarchy
05-Feb-2019 00:38:35.168 INFO [http-nio-8080-exec-4] org.springframework.beans.factory.xml.XmlBeanDefinitionReader.loadBeanDefinitions Loading XML bean definitions from ServletContext resource [/WEB-INF/applicationContext.xml]
05-Feb-2019 00:38:35.320 INFO [http-nio-8080-exec-4] org.springframework.web.context.ContextLoader.initWebApplicationContext Root WebApplicationContext: initialization completed in 716 ms
05-Feb-2019 00:38:35.389 INFO [http-nio-8080-exec-4] org.springframework.web.servlet.FrameworkServlet.initServletBean FrameworkServlet 'dispatcher': initialization started
05-Feb-2019 00:38:35.401 INFO [http-nio-8080-exec-4] org.springframework.context.support.AbstractApplicationContext.prepareRefresh Refreshing WebApplicationContext for namespace 'dispatcher-servlet': startup date [Tue Feb 05 00:38:35 CET 2019]; parent: Root WebApplicationContext
05-Feb-2019 00:38:35.403 INFO [http-nio-8080-exec-4] org.springframework.beans.factory.xml.XmlBeanDefinitionReader.loadBeanDefinitions Loading XML bean definitions from ServletContext resource [/WEB-INF/dispatcher-servlet.xml]
05-Feb-2019 00:38:35.947 INFO [http-nio-8080-exec-4] org.springframework.web.servlet.handler.AbstractUrlHandlerMapping.registerHandler Mapped URL path [/NOMESERVIZIO_01.htm] onto handler 'controllerMultiMap'
05-Feb-2019 00:38:35.947 INFO [http-nio-8080-exec-4] org.springframework.web.servlet.handler.AbstractUrlHandlerMapping.registerHandler Mapped URL path [/NOMESERVIZIO.htm] onto handler 'controllerMultiMap'
05-Feb-2019 00:38:35.948 INFO [http-nio-8080-exec-4] org.springframework.web.servlet.handler.AbstractUrlHandlerMapping.registerHandler Mapped URL path [/NOMESERVIZIO_02.htm] onto handler 'controllerMultiMap'
05-Feb-2019 00:38:36.210 INFO [http-nio-8080-exec-4] org.springframework.web.servlet.FrameworkServlet.initServletBean FrameworkServlet 'dispatcher': initialization completed in 820 ms
05-Feb-2019 00:38:36.235 INFO [http-nio-8080-exec-4] org.apache.catalina.startup.HostConfig.deployDescriptor Deployment of configuration descriptor /Users/ptom/Google Drive/WebApplication2/apache-tomcat-8.0.30/conf/Catalina/localhost/WebApplication2.xml has finished in 4,206 ms
05-Feb-2019 00:38:36.251 INFO [http-nio-8080-exec-3] org.apache.catalina.util.LifecycleBase.start The start() method was called on component [StandardEngine[Catalina].StandardHost[localhost].StandardContext[/WebApplication2]] after start() had already been called. The second call will be ignored.
05-Feb-2019 00:56:02.431 INFO [main] org.apache.catalina.core.StandardServer.await A valid shutdown command was received via the shutdown port. Stopping the Server instance.
05-Feb-2019 00:56:02.433 INFO [main] org.apache.coyote.AbstractProtocol.pause Pausing ProtocolHandler ["http-nio-8080"]
05-Feb-2019 00:56:02.494 INFO [main] org.apache.coyote.AbstractProtocol.pause Pausing ProtocolHandler ["ajp-nio-8009"]
05-Feb-2019 00:56:02.545 INFO [main] org.apache.catalina.core.StandardService.stopInternal Stopping service Catalina
05-Feb-2019 00:56:02.581 INFO [localhost-startStop-2] org.springframework.context.support.AbstractApplicationContext.doClose Closing WebApplicationContext for namespace 'dispatcher-servlet': startup date [Tue Feb 05 00:38:35 CET 2019]; parent: Root WebApplicationContext
05-Feb-2019 00:56:02.586 INFO [localhost-startStop-2] org.springframework.context.support.AbstractApplicationContext.doClose Closing Root WebApplicationContext: startup date [Tue Feb 05 00:38:34 CET 2019]; root of context hierarchy
05-Feb-2019 00:56:02.751 INFO [main] org.apache.coyote.AbstractProtocol.stop Stopping ProtocolHandler ["http-nio-8080"]
05-Feb-2019 00:56:02.831 INFO [main] org.apache.coyote.AbstractProtocol.stop Stopping ProtocolHandler ["ajp-nio-8009"]
05-Feb-2019 00:56:02.831 INFO [main] org.apache.coyote.AbstractProtocol.destroy Destroying ProtocolHandler ["http-nio-8080"]
05-Feb-2019 00:56:02.832 INFO [main] org.apache.coyote.AbstractProtocol.destroy Destroying ProtocolHandler ["ajp-nio-8009"]
