08-Mar-2017 01:15:47.076 INFO [main] org.apache.catalina.startup.VersionLoggerListener.log Server version:        Apache Tomcat/8.0.30
08-Mar-2017 01:15:47.090 INFO [main] org.apache.catalina.startup.VersionLoggerListener.log Server built:          Dec 1 2015 22:30:46 UTC
08-Mar-2017 01:15:47.090 INFO [main] org.apache.catalina.startup.VersionLoggerListener.log Server number:         8.0.30.0
08-Mar-2017 01:15:47.090 INFO [main] org.apache.catalina.startup.VersionLoggerListener.log OS Name:               Mac OS X
08-Mar-2017 01:15:47.090 INFO [main] org.apache.catalina.startup.VersionLoggerListener.log OS Version:            10.12.3
08-Mar-2017 01:15:47.091 INFO [main] org.apache.catalina.startup.VersionLoggerListener.log Architecture:          x86_64
08-Mar-2017 01:15:47.091 INFO [main] org.apache.catalina.startup.VersionLoggerListener.log Java Home:             /Library/Java/JavaVirtualMachines/jdk1.8.0_66.jdk/Contents/Home/jre
08-Mar-2017 01:15:47.091 INFO [main] org.apache.catalina.startup.VersionLoggerListener.log JVM Version:           1.8.0_66-b17
08-Mar-2017 01:15:47.091 INFO [main] org.apache.catalina.startup.VersionLoggerListener.log JVM Vendor:            Oracle Corporation
08-Mar-2017 01:15:47.091 INFO [main] org.apache.catalina.startup.VersionLoggerListener.log CATALINA_BASE:         /Users/ptom/NetBeansProjects/apache-tomcat-8.0.30
08-Mar-2017 01:15:47.091 INFO [main] org.apache.catalina.startup.VersionLoggerListener.log CATALINA_HOME:         /Users/ptom/NetBeansProjects/apache-tomcat-8.0.30
08-Mar-2017 01:15:47.092 INFO [main] org.apache.catalina.startup.VersionLoggerListener.log Command line argument: -Djava.util.logging.config.file=/Users/ptom/NetBeansProjects/apache-tomcat-8.0.30/conf/logging.properties
08-Mar-2017 01:15:47.092 INFO [main] org.apache.catalina.startup.VersionLoggerListener.log Command line argument: -Djava.util.logging.manager=org.apache.juli.ClassLoaderLogManager
08-Mar-2017 01:15:47.092 INFO [main] org.apache.catalina.startup.VersionLoggerListener.log Command line argument: -Dhttp.nonProxyHosts=localhost|127.0.0.1|iMac-di-Paolo-6.station
08-Mar-2017 01:15:47.092 INFO [main] org.apache.catalina.startup.VersionLoggerListener.log Command line argument: -Djava.endorsed.dirs=/Users/ptom/NetBeansProjects/apache-tomcat-8.0.30/endorsed
08-Mar-2017 01:15:47.092 INFO [main] org.apache.catalina.startup.VersionLoggerListener.log Command line argument: -Dcatalina.base=/Users/ptom/NetBeansProjects/apache-tomcat-8.0.30
08-Mar-2017 01:15:47.092 INFO [main] org.apache.catalina.startup.VersionLoggerListener.log Command line argument: -Dcatalina.home=/Users/ptom/NetBeansProjects/apache-tomcat-8.0.30
08-Mar-2017 01:15:47.093 INFO [main] org.apache.catalina.startup.VersionLoggerListener.log Command line argument: -Djava.io.tmpdir=/Users/ptom/NetBeansProjects/apache-tomcat-8.0.30/temp
08-Mar-2017 01:15:47.093 INFO [main] org.apache.catalina.core.AprLifecycleListener.lifecycleEvent The APR based Apache Tomcat Native library which allows optimal performance in production environments was not found on the java.library.path: /Users/ptom/Library/Java/Extensions:/Library/Java/Extensions:/Network/Library/Java/Extensions:/System/Library/Java/Extensions:/usr/lib/java:.
08-Mar-2017 01:15:48.253 INFO [main] org.apache.coyote.AbstractProtocol.init Initializing ProtocolHandler ["http-nio-8080"]
08-Mar-2017 01:15:48.418 INFO [main] org.apache.tomcat.util.net.NioSelectorPool.getSharedSelector Using a shared selector for servlet write/read
08-Mar-2017 01:15:48.421 INFO [main] org.apache.coyote.AbstractProtocol.init Initializing ProtocolHandler ["ajp-nio-8009"]
08-Mar-2017 01:15:48.424 INFO [main] org.apache.tomcat.util.net.NioSelectorPool.getSharedSelector Using a shared selector for servlet write/read
08-Mar-2017 01:15:48.424 INFO [main] org.apache.catalina.startup.Catalina.load Initialization processed in 3417 ms
08-Mar-2017 01:15:48.646 INFO [main] org.apache.catalina.core.StandardService.startInternal Starting service Catalina
08-Mar-2017 01:15:48.646 INFO [main] org.apache.catalina.core.StandardEngine.startInternal Starting Servlet Engine: Apache Tomcat/8.0.30
08-Mar-2017 01:15:48.740 INFO [localhost-startStop-1] org.apache.catalina.startup.HostConfig.deployDescriptor Deploying configuration descriptor /Users/ptom/NetBeansProjects/apache-tomcat-8.0.30/conf/Catalina/localhost/PR_WEBAPP03.xml
08-Mar-2017 01:15:48.931 WARNING [localhost-startStop-1] org.apache.catalina.startup.SetContextPropertiesRule.begin [SetContextPropertiesRule]{Context} Setting property 'antiJARLocking' to 'true' did not find a matching property.
08-Mar-2017 01:15:54.248 INFO [localhost-startStop-1] org.apache.jasper.servlet.TldScanner.scanJars At least one JAR was scanned for TLDs yet contained no TLDs. Enable debug logging for this logger for a complete list of JARs that were scanned but no TLDs were found in them. Skipping unneeded JARs during scanning can improve startup time and JSP compilation time.
08-Mar-2017 01:15:54.575 INFO [localhost-startStop-1] org.apache.catalina.util.SessionIdGeneratorBase.createSecureRandom Creation of SecureRandom instance for session ID generation using [SHA1PRNG] took [209] milliseconds.
08-Mar-2017 01:15:54.913 INFO [localhost-startStop-1] org.apache.catalina.startup.HostConfig.deployDescriptor Deployment of configuration descriptor /Users/ptom/NetBeansProjects/apache-tomcat-8.0.30/conf/Catalina/localhost/PR_WEBAPP03.xml has finished in 6,173 ms
08-Mar-2017 01:15:54.915 INFO [localhost-startStop-1] org.apache.catalina.startup.HostConfig.deployDirectory Deploying web application directory /Users/ptom/NetBeansProjects/apache-tomcat-8.0.30/webapps/docs
08-Mar-2017 01:15:55.024 INFO [localhost-startStop-1] org.apache.catalina.startup.HostConfig.deployDirectory Deployment of web application directory /Users/ptom/NetBeansProjects/apache-tomcat-8.0.30/webapps/docs has finished in 109 ms
08-Mar-2017 01:15:55.024 INFO [localhost-startStop-1] org.apache.catalina.startup.HostConfig.deployDirectory Deploying web application directory /Users/ptom/NetBeansProjects/apache-tomcat-8.0.30/webapps/examples
08-Mar-2017 01:15:55.902 INFO [localhost-startStop-1] org.apache.catalina.startup.HostConfig.deployDirectory Deployment of web application directory /Users/ptom/NetBeansProjects/apache-tomcat-8.0.30/webapps/examples has finished in 878 ms
08-Mar-2017 01:15:55.903 INFO [localhost-startStop-1] org.apache.catalina.startup.HostConfig.deployDirectory Deploying web application directory /Users/ptom/NetBeansProjects/apache-tomcat-8.0.30/webapps/host-manager
08-Mar-2017 01:15:55.950 INFO [localhost-startStop-1] org.apache.catalina.startup.HostConfig.deployDirectory Deployment of web application directory /Users/ptom/NetBeansProjects/apache-tomcat-8.0.30/webapps/host-manager has finished in 47 ms
08-Mar-2017 01:15:55.951 INFO [localhost-startStop-1] org.apache.catalina.startup.HostConfig.deployDirectory Deploying web application directory /Users/ptom/NetBeansProjects/apache-tomcat-8.0.30/webapps/manager
08-Mar-2017 01:15:56.011 INFO [localhost-startStop-1] org.apache.catalina.startup.HostConfig.deployDirectory Deployment of web application directory /Users/ptom/NetBeansProjects/apache-tomcat-8.0.30/webapps/manager has finished in 61 ms
08-Mar-2017 01:15:56.012 INFO [localhost-startStop-1] org.apache.catalina.startup.HostConfig.deployDirectory Deploying web application directory /Users/ptom/NetBeansProjects/apache-tomcat-8.0.30/webapps/ROOT
08-Mar-2017 01:15:56.046 INFO [localhost-startStop-1] org.apache.catalina.startup.HostConfig.deployDirectory Deployment of web application directory /Users/ptom/NetBeansProjects/apache-tomcat-8.0.30/webapps/ROOT has finished in 33 ms
08-Mar-2017 01:15:56.051 INFO [main] org.apache.coyote.AbstractProtocol.start Starting ProtocolHandler ["http-nio-8080"]
08-Mar-2017 01:15:56.095 INFO [main] org.apache.coyote.AbstractProtocol.start Starting ProtocolHandler ["ajp-nio-8009"]
08-Mar-2017 01:15:56.096 INFO [main] org.apache.catalina.startup.Catalina.start Server startup in 7671 ms
08-Mar-2017 01:17:25.077 INFO [http-nio-8080-exec-2] org.apache.catalina.startup.HostConfig.undeploy Undeploying context []
08-Mar-2017 01:17:25.306 INFO [http-nio-8080-exec-3] org.apache.catalina.startup.HostConfig.deployDescriptor Deploying configuration descriptor /Users/ptom/NetBeansProjects/apache-tomcat-8.0.30/conf/Catalina/localhost/ROOT.xml
08-Mar-2017 01:17:25.330 WARNING [http-nio-8080-exec-3] org.apache.catalina.startup.SetContextPropertiesRule.begin [SetContextPropertiesRule]{Context} Setting property 'antiJARLocking' to 'true' did not find a matching property.
08-Mar-2017 01:17:25.461 INFO [http-nio-8080-exec-3] org.apache.catalina.startup.HostConfig.deployDescriptor Deployment of configuration descriptor /Users/ptom/NetBeansProjects/apache-tomcat-8.0.30/conf/Catalina/localhost/ROOT.xml has finished in 155 ms
08-Mar-2017 01:17:25.469 INFO [http-nio-8080-exec-4] org.apache.catalina.util.LifecycleBase.start The start() method was called on component [StandardEngine[Catalina].StandardHost[localhost].StandardContext[]] after start() had already been called. The second call will be ignored.
08-Mar-2017 01:24:17.206 INFO [http-nio-8080-exec-12] org.apache.catalina.startup.HostConfig.undeploy Undeploying context [/PR_WEBAPP03]
08-Mar-2017 01:26:14.429 INFO [main] org.apache.catalina.core.StandardServer.await A valid shutdown command was received via the shutdown port. Stopping the Server instance.
08-Mar-2017 01:26:14.433 INFO [main] org.apache.coyote.AbstractProtocol.pause Pausing ProtocolHandler ["http-nio-8080"]
08-Mar-2017 01:26:14.499 INFO [main] org.apache.coyote.AbstractProtocol.pause Pausing ProtocolHandler ["ajp-nio-8009"]
08-Mar-2017 01:26:14.551 INFO [main] org.apache.catalina.core.StandardService.stopInternal Stopping service Catalina
08-Mar-2017 01:26:14.692 INFO [main] org.apache.coyote.AbstractProtocol.stop Stopping ProtocolHandler ["http-nio-8080"]
08-Mar-2017 01:26:14.694 INFO [main] org.apache.coyote.AbstractProtocol.stop Stopping ProtocolHandler ["ajp-nio-8009"]
08-Mar-2017 01:26:14.779 INFO [main] org.apache.coyote.AbstractProtocol.destroy Destroying ProtocolHandler ["http-nio-8080"]
08-Mar-2017 01:26:14.781 INFO [main] org.apache.coyote.AbstractProtocol.destroy Destroying ProtocolHandler ["ajp-nio-8009"]
08-Mar-2017 01:26:19.237 INFO [main] org.apache.catalina.startup.VersionLoggerListener.log Server version:        Apache Tomcat/8.0.30
08-Mar-2017 01:26:19.238 INFO [main] org.apache.catalina.startup.VersionLoggerListener.log Server built:          Dec 1 2015 22:30:46 UTC
08-Mar-2017 01:26:19.238 INFO [main] org.apache.catalina.startup.VersionLoggerListener.log Server number:         8.0.30.0
08-Mar-2017 01:26:19.239 INFO [main] org.apache.catalina.startup.VersionLoggerListener.log OS Name:               Mac OS X
08-Mar-2017 01:26:19.239 INFO [main] org.apache.catalina.startup.VersionLoggerListener.log OS Version:            10.12.3
08-Mar-2017 01:26:19.240 INFO [main] org.apache.catalina.startup.VersionLoggerListener.log Architecture:          x86_64
08-Mar-2017 01:26:19.240 INFO [main] org.apache.catalina.startup.VersionLoggerListener.log Java Home:             /Library/Java/JavaVirtualMachines/jdk1.8.0_66.jdk/Contents/Home/jre
08-Mar-2017 01:26:19.240 INFO [main] org.apache.catalina.startup.VersionLoggerListener.log JVM Version:           1.8.0_66-b17
08-Mar-2017 01:26:19.240 INFO [main] org.apache.catalina.startup.VersionLoggerListener.log JVM Vendor:            Oracle Corporation
08-Mar-2017 01:26:19.240 INFO [main] org.apache.catalina.startup.VersionLoggerListener.log CATALINA_BASE:         /Users/ptom/NetBeansProjects/apache-tomcat-8.0.30
08-Mar-2017 01:26:19.241 INFO [main] org.apache.catalina.startup.VersionLoggerListener.log CATALINA_HOME:         /Users/ptom/NetBeansProjects/apache-tomcat-8.0.30
08-Mar-2017 01:26:19.242 INFO [main] org.apache.catalina.startup.VersionLoggerListener.log Command line argument: -Djava.util.logging.config.file=/Users/ptom/NetBeansProjects/apache-tomcat-8.0.30/conf/logging.properties
08-Mar-2017 01:26:19.242 INFO [main] org.apache.catalina.startup.VersionLoggerListener.log Command line argument: -Djava.util.logging.manager=org.apache.juli.ClassLoaderLogManager
08-Mar-2017 01:26:19.242 INFO [main] org.apache.catalina.startup.VersionLoggerListener.log Command line argument: -Dhttp.nonProxyHosts=localhost|127.0.0.1|iMac-di-Paolo-6.station
08-Mar-2017 01:26:19.243 INFO [main] org.apache.catalina.startup.VersionLoggerListener.log Command line argument: -Djava.endorsed.dirs=/Users/ptom/NetBeansProjects/apache-tomcat-8.0.30/endorsed
08-Mar-2017 01:26:19.243 INFO [main] org.apache.catalina.startup.VersionLoggerListener.log Command line argument: -Dcatalina.base=/Users/ptom/NetBeansProjects/apache-tomcat-8.0.30
08-Mar-2017 01:26:19.243 INFO [main] org.apache.catalina.startup.VersionLoggerListener.log Command line argument: -Dcatalina.home=/Users/ptom/NetBeansProjects/apache-tomcat-8.0.30
08-Mar-2017 01:26:19.243 INFO [main] org.apache.catalina.startup.VersionLoggerListener.log Command line argument: -Djava.io.tmpdir=/Users/ptom/NetBeansProjects/apache-tomcat-8.0.30/temp
08-Mar-2017 01:26:19.243 INFO [main] org.apache.catalina.core.AprLifecycleListener.lifecycleEvent The APR based Apache Tomcat Native library which allows optimal performance in production environments was not found on the java.library.path: /Users/ptom/Library/Java/Extensions:/Library/Java/Extensions:/Network/Library/Java/Extensions:/System/Library/Java/Extensions:/usr/lib/java:.
08-Mar-2017 01:26:19.540 INFO [main] org.apache.coyote.AbstractProtocol.init Initializing ProtocolHandler ["http-nio-8080"]
08-Mar-2017 01:26:19.574 INFO [main] org.apache.tomcat.util.net.NioSelectorPool.getSharedSelector Using a shared selector for servlet write/read
08-Mar-2017 01:26:19.578 INFO [main] org.apache.coyote.AbstractProtocol.init Initializing ProtocolHandler ["ajp-nio-8009"]
08-Mar-2017 01:26:19.580 INFO [main] org.apache.tomcat.util.net.NioSelectorPool.getSharedSelector Using a shared selector for servlet write/read
08-Mar-2017 01:26:19.582 INFO [main] org.apache.catalina.startup.Catalina.load Initialization processed in 1033 ms
08-Mar-2017 01:26:19.628 INFO [main] org.apache.catalina.core.StandardService.startInternal Starting service Catalina
08-Mar-2017 01:26:19.629 INFO [main] org.apache.catalina.core.StandardEngine.startInternal Starting Servlet Engine: Apache Tomcat/8.0.30
08-Mar-2017 01:26:19.641 INFO [localhost-startStop-1] org.apache.catalina.startup.HostConfig.deployDescriptor Deploying configuration descriptor /Users/ptom/NetBeansProjects/apache-tomcat-8.0.30/conf/Catalina/localhost/ROOT.xml
08-Mar-2017 01:26:19.707 WARNING [localhost-startStop-1] org.apache.catalina.startup.SetContextPropertiesRule.begin [SetContextPropertiesRule]{Context} Setting property 'antiJARLocking' to 'true' did not find a matching property.
08-Mar-2017 01:26:20.272 INFO [localhost-startStop-1] org.apache.jasper.servlet.TldScanner.scanJars At least one JAR was scanned for TLDs yet contained no TLDs. Enable debug logging for this logger for a complete list of JARs that were scanned but no TLDs were found in them. Skipping unneeded JARs during scanning can improve startup time and JSP compilation time.
08-Mar-2017 01:26:20.388 INFO [localhost-startStop-1] org.apache.catalina.startup.HostConfig.deployDescriptor Deployment of configuration descriptor /Users/ptom/NetBeansProjects/apache-tomcat-8.0.30/conf/Catalina/localhost/ROOT.xml has finished in 746 ms
08-Mar-2017 01:26:20.389 INFO [localhost-startStop-1] org.apache.catalina.startup.HostConfig.deployDirectory Deploying web application directory /Users/ptom/NetBeansProjects/apache-tomcat-8.0.30/webapps/docs
08-Mar-2017 01:26:20.618 INFO [localhost-startStop-1] org.apache.jasper.servlet.TldScanner.scanJars At least one JAR was scanned for TLDs yet contained no TLDs. Enable debug logging for this logger for a complete list of JARs that were scanned but no TLDs were found in them. Skipping unneeded JARs during scanning can improve startup time and JSP compilation time.
08-Mar-2017 01:26:20.622 INFO [localhost-startStop-1] org.apache.catalina.startup.HostConfig.deployDirectory Deployment of web application directory /Users/ptom/NetBeansProjects/apache-tomcat-8.0.30/webapps/docs has finished in 233 ms
08-Mar-2017 01:26:20.623 INFO [localhost-startStop-1] org.apache.catalina.startup.HostConfig.deployDirectory Deploying web application directory /Users/ptom/NetBeansProjects/apache-tomcat-8.0.30/webapps/examples
08-Mar-2017 01:26:21.705 INFO [localhost-startStop-1] org.apache.jasper.servlet.TldScanner.scanJars At least one JAR was scanned for TLDs yet contained no TLDs. Enable debug logging for this logger for a complete list of JARs that were scanned but no TLDs were found in them. Skipping unneeded JARs during scanning can improve startup time and JSP compilation time.
08-Mar-2017 01:26:21.770 INFO [localhost-startStop-1] org.apache.catalina.startup.HostConfig.deployDirectory Deployment of web application directory /Users/ptom/NetBeansProjects/apache-tomcat-8.0.30/webapps/examples has finished in 1,148 ms
08-Mar-2017 01:26:21.770 INFO [localhost-startStop-1] org.apache.catalina.startup.HostConfig.deployDirectory Deploying web application directory /Users/ptom/NetBeansProjects/apache-tomcat-8.0.30/webapps/host-manager
08-Mar-2017 01:26:21.957 INFO [localhost-startStop-1] org.apache.jasper.servlet.TldScanner.scanJars At least one JAR was scanned for TLDs yet contained no TLDs. Enable debug logging for this logger for a complete list of JARs that were scanned but no TLDs were found in them. Skipping unneeded JARs during scanning can improve startup time and JSP compilation time.
08-Mar-2017 01:26:21.961 INFO [localhost-startStop-1] org.apache.catalina.startup.HostConfig.deployDirectory Deployment of web application directory /Users/ptom/NetBeansProjects/apache-tomcat-8.0.30/webapps/host-manager has finished in 191 ms
08-Mar-2017 01:26:21.961 INFO [localhost-startStop-1] org.apache.catalina.startup.HostConfig.deployDirectory Deploying web application directory /Users/ptom/NetBeansProjects/apache-tomcat-8.0.30/webapps/manager
08-Mar-2017 01:26:22.056 INFO [localhost-startStop-1] org.apache.jasper.servlet.TldScanner.scanJars At least one JAR was scanned for TLDs yet contained no TLDs. Enable debug logging for this logger for a complete list of JARs that were scanned but no TLDs were found in them. Skipping unneeded JARs during scanning can improve startup time and JSP compilation time.
08-Mar-2017 01:26:22.058 INFO [localhost-startStop-1] org.apache.catalina.startup.HostConfig.deployDirectory Deployment of web application directory /Users/ptom/NetBeansProjects/apache-tomcat-8.0.30/webapps/manager has finished in 97 ms
08-Mar-2017 01:26:22.062 INFO [main] org.apache.coyote.AbstractProtocol.start Starting ProtocolHandler ["http-nio-8080"]
08-Mar-2017 01:26:22.067 INFO [main] org.apache.coyote.AbstractProtocol.start Starting ProtocolHandler ["ajp-nio-8009"]
08-Mar-2017 01:26:22.068 INFO [main] org.apache.catalina.startup.Catalina.start Server startup in 2485 ms
08-Mar-2017 01:27:11.171 INFO [http-nio-8080-exec-6] org.apache.catalina.startup.HostConfig.undeploy Undeploying context []
08-Mar-2017 01:27:11.252 INFO [http-nio-8080-exec-9] org.apache.catalina.startup.HostConfig.deployDescriptor Deploying configuration descriptor /Users/ptom/NetBeansProjects/apache-tomcat-8.0.30/conf/Catalina/localhost/ROOT.xml
08-Mar-2017 01:27:11.273 WARNING [http-nio-8080-exec-9] org.apache.catalina.startup.SetContextPropertiesRule.begin [SetContextPropertiesRule]{Context} Setting property 'antiJARLocking' to 'true' did not find a matching property.
08-Mar-2017 01:27:11.449 INFO [http-nio-8080-exec-9] org.apache.catalina.startup.HostConfig.deployDescriptor Deployment of configuration descriptor /Users/ptom/NetBeansProjects/apache-tomcat-8.0.30/conf/Catalina/localhost/ROOT.xml has finished in 196 ms
08-Mar-2017 01:27:11.498 INFO [http-nio-8080-exec-8] org.apache.catalina.util.LifecycleBase.start The start() method was called on component [StandardEngine[Catalina].StandardHost[localhost].StandardContext[]] after start() had already been called. The second call will be ignored.
08-Mar-2017 01:31:31.126 INFO [http-nio-8080-exec-13] org.apache.catalina.startup.HostConfig.undeploy Undeploying context []
08-Mar-2017 01:32:24.392 INFO [http-nio-8080-exec-25] org.apache.catalina.startup.HostConfig.deployDescriptor Deploying configuration descriptor /Users/ptom/NetBeansProjects/apache-tomcat-8.0.30/conf/Catalina/localhost/ROOT.xml
08-Mar-2017 01:32:24.427 WARNING [http-nio-8080-exec-25] org.apache.catalina.startup.SetContextPropertiesRule.begin [SetContextPropertiesRule]{Context} Setting property 'antiJARLocking' to 'true' did not find a matching property.
08-Mar-2017 01:32:24.548 INFO [http-nio-8080-exec-25] org.apache.catalina.startup.HostConfig.deployDescriptor Deployment of configuration descriptor /Users/ptom/NetBeansProjects/apache-tomcat-8.0.30/conf/Catalina/localhost/ROOT.xml has finished in 156 ms
08-Mar-2017 01:32:24.575 INFO [http-nio-8080-exec-17] org.apache.catalina.util.LifecycleBase.start The start() method was called on component [StandardEngine[Catalina].StandardHost[localhost].StandardContext[]] after start() had already been called. The second call will be ignored.
08-Mar-2017 01:34:52.909 INFO [ContainerBackgroundProcessor[StandardEngine[Catalina]]] org.apache.catalina.startup.HostConfig.undeploy Undeploying context []
08-Mar-2017 01:34:52.954 INFO [localhost-startStop-2] org.apache.catalina.startup.HostConfig.deployDescriptor Deploying configuration descriptor /Users/ptom/NetBeansProjects/apache-tomcat-8.0.30/conf/Catalina/localhost/ROOT.xml
08-Mar-2017 01:34:53.004 WARNING [localhost-startStop-2] org.apache.catalina.startup.SetContextPropertiesRule.begin [SetContextPropertiesRule]{Context} Setting property 'antiJARLocking' to 'true' did not find a matching property.
08-Mar-2017 01:34:53.007 SEVERE [localhost-startStop-2] org.apache.catalina.core.ContainerBase.addChildInternal ContainerBase.addChild: start: 
 org.apache.catalina.LifecycleException: Failed to start component [StandardEngine[Catalina].StandardHost[localhost].StandardContext[]]
	at org.apache.catalina.util.LifecycleBase.start(LifecycleBase.java:154)
	at org.apache.catalina.core.ContainerBase.addChildInternal(ContainerBase.java:725)
	at org.apache.catalina.core.ContainerBase.addChild(ContainerBase.java:701)
	at org.apache.catalina.core.StandardHost.addChild(StandardHost.java:717)
	at org.apache.catalina.startup.HostConfig.deployDescriptor(HostConfig.java:586)
	at org.apache.catalina.startup.HostConfig$DeployDescriptor.run(HostConfig.java:1777)
	at java.util.concurrent.Executors$RunnableAdapter.call(Executors.java:511)
	at java.util.concurrent.FutureTask.run(FutureTask.java:266)
	at java.util.concurrent.ThreadPoolExecutor.runWorker(ThreadPoolExecutor.java:1142)
	at java.util.concurrent.ThreadPoolExecutor$Worker.run(ThreadPoolExecutor.java:617)
	at java.lang.Thread.run(Thread.java:745)
Caused by: org.apache.catalina.LifecycleException: Failed to start component [org.apache.catalina.webresources.StandardRoot@58c643d7]
	at org.apache.catalina.util.LifecycleBase.start(LifecycleBase.java:154)
	at org.apache.catalina.core.StandardContext.resourcesStart(StandardContext.java:4928)
	at org.apache.catalina.core.StandardContext.startInternal(StandardContext.java:5058)
	at org.apache.catalina.util.LifecycleBase.start(LifecycleBase.java:150)
	... 10 more
Caused by: java.lang.IllegalArgumentException: The main resource set specified [/Users/ptom/NetBeansProjects/skel-servlet_1 5/build/web] is not valid
	at org.apache.catalina.webresources.StandardRoot.createMainResourceSet(StandardRoot.java:723)
	at org.apache.catalina.webresources.StandardRoot.startInternal(StandardRoot.java:684)
	at org.apache.catalina.util.LifecycleBase.start(LifecycleBase.java:150)
	... 13 more

08-Mar-2017 01:34:53.009 SEVERE [localhost-startStop-2] org.apache.catalina.startup.HostConfig.deployDescriptor Error deploying configuration descriptor /Users/ptom/NetBeansProjects/apache-tomcat-8.0.30/conf/Catalina/localhost/ROOT.xml
 java.lang.IllegalStateException: ContainerBase.addChild: start: org.apache.catalina.LifecycleException: Failed to start component [StandardEngine[Catalina].StandardHost[localhost].StandardContext[]]
	at org.apache.catalina.core.ContainerBase.addChildInternal(ContainerBase.java:729)
	at org.apache.catalina.core.ContainerBase.addChild(ContainerBase.java:701)
	at org.apache.catalina.core.StandardHost.addChild(StandardHost.java:717)
	at org.apache.catalina.startup.HostConfig.deployDescriptor(HostConfig.java:586)
	at org.apache.catalina.startup.HostConfig$DeployDescriptor.run(HostConfig.java:1777)
	at java.util.concurrent.Executors$RunnableAdapter.call(Executors.java:511)
	at java.util.concurrent.FutureTask.run(FutureTask.java:266)
	at java.util.concurrent.ThreadPoolExecutor.runWorker(ThreadPoolExecutor.java:1142)
	at java.util.concurrent.ThreadPoolExecutor$Worker.run(ThreadPoolExecutor.java:617)
	at java.lang.Thread.run(Thread.java:745)

08-Mar-2017 01:34:53.010 INFO [localhost-startStop-2] org.apache.catalina.startup.HostConfig.deployDescriptor Deployment of configuration descriptor /Users/ptom/NetBeansProjects/apache-tomcat-8.0.30/conf/Catalina/localhost/ROOT.xml has finished in 55 ms
08-Mar-2017 01:35:16.354 INFO [http-nio-8080-exec-23] org.apache.catalina.startup.HostConfig.undeploy Undeploying context []
08-Mar-2017 01:35:16.401 INFO [http-nio-8080-exec-17] org.apache.catalina.startup.HostConfig.deployDescriptor Deploying configuration descriptor /Users/ptom/NetBeansProjects/apache-tomcat-8.0.30/conf/Catalina/localhost/ROOT.xml
08-Mar-2017 01:35:16.426 WARNING [http-nio-8080-exec-17] org.apache.catalina.startup.SetContextPropertiesRule.begin [SetContextPropertiesRule]{Context} Setting property 'antiJARLocking' to 'true' did not find a matching property.
08-Mar-2017 01:35:16.649 INFO [http-nio-8080-exec-17] org.apache.catalina.startup.HostConfig.deployDescriptor Deployment of configuration descriptor /Users/ptom/NetBeansProjects/apache-tomcat-8.0.30/conf/Catalina/localhost/ROOT.xml has finished in 249 ms
08-Mar-2017 01:35:16.677 INFO [http-nio-8080-exec-30] org.apache.catalina.util.LifecycleBase.start The start() method was called on component [StandardEngine[Catalina].StandardHost[localhost].StandardContext[]] after start() had already been called. The second call will be ignored.
08-Mar-2017 01:35:53.347 INFO [http-nio-8080-exec-30] org.apache.catalina.startup.HostConfig.undeploy Undeploying context []
08-Mar-2017 01:41:46.850 INFO [http-nio-8080-exec-46] org.apache.catalina.startup.HostConfig.deployDescriptor Deploying configuration descriptor /Users/ptom/NetBeansProjects/apache-tomcat-8.0.30/conf/Catalina/localhost/skel-servlet_1.xml
08-Mar-2017 01:41:46.895 WARNING [http-nio-8080-exec-46] org.apache.catalina.startup.SetContextPropertiesRule.begin [SetContextPropertiesRule]{Context} Setting property 'antiJARLocking' to 'true' did not find a matching property.
08-Mar-2017 01:41:47.101 INFO [http-nio-8080-exec-46] org.apache.catalina.startup.HostConfig.deployDescriptor Deployment of configuration descriptor /Users/ptom/NetBeansProjects/apache-tomcat-8.0.30/conf/Catalina/localhost/skel-servlet_1.xml has finished in 252 ms
08-Mar-2017 01:41:47.147 INFO [http-nio-8080-exec-35] org.apache.catalina.util.LifecycleBase.start The start() method was called on component [StandardEngine[Catalina].StandardHost[localhost].StandardContext[/skel-servlet_1]] after start() had already been called. The second call will be ignored.
08-Mar-2017 01:53:36.109 INFO [main] org.apache.catalina.core.StandardServer.await A valid shutdown command was received via the shutdown port. Stopping the Server instance.
08-Mar-2017 01:53:36.179 INFO [main] org.apache.coyote.AbstractProtocol.pause Pausing ProtocolHandler ["http-nio-8080"]
08-Mar-2017 01:53:36.304 INFO [main] org.apache.coyote.AbstractProtocol.pause Pausing ProtocolHandler ["ajp-nio-8009"]
08-Mar-2017 01:53:36.378 INFO [main] org.apache.catalina.core.StandardService.stopInternal Stopping service Catalina
08-Mar-2017 01:53:36.538 INFO [main] org.apache.coyote.AbstractProtocol.stop Stopping ProtocolHandler ["http-nio-8080"]
08-Mar-2017 01:53:36.591 INFO [main] org.apache.coyote.AbstractProtocol.stop Stopping ProtocolHandler ["ajp-nio-8009"]
08-Mar-2017 01:53:36.653 INFO [main] org.apache.coyote.AbstractProtocol.destroy Destroying ProtocolHandler ["http-nio-8080"]
08-Mar-2017 01:53:36.655 INFO [main] org.apache.coyote.AbstractProtocol.destroy Destroying ProtocolHandler ["ajp-nio-8009"]
