03-Feb-2020 18:04:12.045 INFO [main] org.apache.catalina.startup.VersionLoggerListener.log Server version:        Apache Tomcat/8.0.30
03-Feb-2020 18:04:12.047 INFO [main] org.apache.catalina.startup.VersionLoggerListener.log Server built:          Dec 1 2015 22:30:46 UTC
03-Feb-2020 18:04:12.047 INFO [main] org.apache.catalina.startup.VersionLoggerListener.log Server number:         8.0.30.0
03-Feb-2020 18:04:12.047 INFO [main] org.apache.catalina.startup.VersionLoggerListener.log OS Name:               Windows 10
03-Feb-2020 18:04:12.047 INFO [main] org.apache.catalina.startup.VersionLoggerListener.log OS Version:            10.0
03-Feb-2020 18:04:12.047 INFO [main] org.apache.catalina.startup.VersionLoggerListener.log Architecture:          amd64
03-Feb-2020 18:04:12.047 INFO [main] org.apache.catalina.startup.VersionLoggerListener.log Java Home:             C:\Program Files\Java\jdk1.8.0_211\jre
03-Feb-2020 18:04:12.047 INFO [main] org.apache.catalina.startup.VersionLoggerListener.log JVM Version:           1.8.0_211-b12
03-Feb-2020 18:04:12.047 INFO [main] org.apache.catalina.startup.VersionLoggerListener.log JVM Vendor:            Oracle Corporation
03-Feb-2020 18:04:12.047 INFO [main] org.apache.catalina.startup.VersionLoggerListener.log CATALINA_BASE:         D:\Alessio\Scuola\2019-2020\TPI\Laboratorio\Esercitazioni\Java\SessionBlog\apache-tomcat-8.0.30
03-Feb-2020 18:04:12.047 INFO [main] org.apache.catalina.startup.VersionLoggerListener.log CATALINA_HOME:         D:\Alessio\Scuola\2019-2020\TPI\Laboratorio\Esercitazioni\Java\SessionBlog\apache-tomcat-8.0.30
03-Feb-2020 18:04:12.048 INFO [main] org.apache.catalina.startup.VersionLoggerListener.log Command line argument: -Dhttp.nonProxyHosts=localhost|127.0.0.1|Alessio-PC
03-Feb-2020 18:04:12.048 INFO [main] org.apache.catalina.startup.VersionLoggerListener.log Command line argument: -Djava.util.logging.config.file=D:\Alessio\Scuola\2019-2020\TPI\Laboratorio\Esercitazioni\Java\SessionBlog\apache-tomcat-8.0.30\conf\logging.properties
03-Feb-2020 18:04:12.048 INFO [main] org.apache.catalina.startup.VersionLoggerListener.log Command line argument: -Djava.util.logging.manager=org.apache.juli.ClassLoaderLogManager
03-Feb-2020 18:04:12.048 INFO [main] org.apache.catalina.startup.VersionLoggerListener.log Command line argument: -Djava.endorsed.dirs=D:\Alessio\Scuola\2019-2020\TPI\Laboratorio\Esercitazioni\Java\SessionBlog\apache-tomcat-8.0.30\endorsed
03-Feb-2020 18:04:12.048 INFO [main] org.apache.catalina.startup.VersionLoggerListener.log Command line argument: -Dcatalina.base=D:\Alessio\Scuola\2019-2020\TPI\Laboratorio\Esercitazioni\Java\SessionBlog\apache-tomcat-8.0.30
03-Feb-2020 18:04:12.048 INFO [main] org.apache.catalina.startup.VersionLoggerListener.log Command line argument: -Dcatalina.home=D:\Alessio\Scuola\2019-2020\TPI\Laboratorio\Esercitazioni\Java\SessionBlog\apache-tomcat-8.0.30
03-Feb-2020 18:04:12.048 INFO [main] org.apache.catalina.startup.VersionLoggerListener.log Command line argument: -Djava.io.tmpdir=D:\Alessio\Scuola\2019-2020\TPI\Laboratorio\Esercitazioni\Java\SessionBlog\apache-tomcat-8.0.30\temp
03-Feb-2020 18:04:12.048 INFO [main] org.apache.catalina.core.AprLifecycleListener.lifecycleEvent The APR based Apache Tomcat Native library which allows optimal performance in production environments was not found on the java.library.path: C:\Program Files\Java\jdk1.8.0_211\bin;C:\WINDOWS\Sun\Java\bin;C:\WINDOWS\system32;C:\WINDOWS;C:\Program Files (x86)\Intel\iCLS Client\;C:\Program Files\Intel\iCLS Client\;C:\Windows\system32;C:\Windows;C:\Windows\System32\Wbem;C:\Windows\System32\WindowsPowerShell\v1.0\;C:\Program Files\Intel\WiFi\bin\;C:\Program Files\Common Files\Intel\WirelessCommon\;C:\Program Files (x86)\Intel\Intel(R) Management Engine Components\DAL;C:\Program Files\Intel\Intel(R) Management Engine Components\DAL;C:\Program Files (x86)\Intel\Intel(R) Management Engine Components\IPT;C:\Program Files\Intel\Intel(R) Management Engine Components\IPT;C:\WINDOWS\system32;C:\WINDOWS;C:\WINDOWS\System32\Wbem;C:\WINDOWS\System32\WindowsPowerShell\v1.0\;C:\WINDOWS\System32\OpenSSH\;C:\Program Files (x86)\NVIDIA Corporation\PhysX\Common;C:\Program Files\NVIDIA Corporation\NVIDIA NvDLISR;C:\WINDOWS\system32;C:\WINDOWS;C:\WINDOWS\System32\Wbem;C:\WINDOWS\System32\WindowsPowerShell\v1.0\;C:\WINDOWS\System32\OpenSSH\;D:\Programmi\Microsoft VS Code\bin;D:\Programmi\Git\cmd;C:\Program Files\MySQL\MySQL Shell 8.0\bin\;C:\Users\Alessio Trentin\AppData\Local\Microsoft\WindowsApps;C:\Users\Alessio Trentin\AppData\Local\GitHubDesktop\bin;.
03-Feb-2020 18:04:12.165 INFO [main] org.apache.coyote.AbstractProtocol.init Initializing ProtocolHandler ["http-nio-8081"]
03-Feb-2020 18:04:12.399 INFO [main] org.apache.tomcat.util.net.NioSelectorPool.getSharedSelector Using a shared selector for servlet write/read
03-Feb-2020 18:04:12.401 INFO [main] org.apache.coyote.AbstractProtocol.init Initializing ProtocolHandler ["ajp-nio-8009"]
03-Feb-2020 18:04:12.402 INFO [main] org.apache.tomcat.util.net.NioSelectorPool.getSharedSelector Using a shared selector for servlet write/read
03-Feb-2020 18:04:12.403 INFO [main] org.apache.catalina.startup.Catalina.load Initialization processed in 599 ms
03-Feb-2020 18:04:12.427 INFO [main] org.apache.catalina.core.StandardService.startInternal Starting service Catalina
03-Feb-2020 18:04:12.428 INFO [main] org.apache.catalina.core.StandardEngine.startInternal Starting Servlet Engine: Apache Tomcat/8.0.30
03-Feb-2020 18:04:12.435 INFO [localhost-startStop-1] org.apache.catalina.startup.HostConfig.deployDescriptor Deploying configuration descriptor D:\Alessio\Scuola\2019-2020\TPI\Laboratorio\Esercitazioni\Java\SessionBlog\apache-tomcat-8.0.30\conf\Catalina\localhost\Servlet2_Cookie.xml
03-Feb-2020 18:04:12.476 SEVERE [localhost-startStop-1] org.apache.catalina.core.ContainerBase.addChildInternal ContainerBase.addChild: start: 
 org.apache.catalina.LifecycleException: Failed to start component [StandardEngine[Catalina].StandardHost[localhost].StandardContext[/Servlet2_Cookie]]
	at org.apache.catalina.util.LifecycleBase.start(LifecycleBase.java:154)
	at org.apache.catalina.core.ContainerBase.addChildInternal(ContainerBase.java:725)
	at org.apache.catalina.core.ContainerBase.addChild(ContainerBase.java:701)
	at org.apache.catalina.core.StandardHost.addChild(StandardHost.java:717)
	at org.apache.catalina.startup.HostConfig.deployDescriptor(HostConfig.java:586)
	at org.apache.catalina.startup.HostConfig$DeployDescriptor.run(HostConfig.java:1777)
	at java.util.concurrent.Executors$RunnableAdapter.call(Executors.java:511)
	at java.util.concurrent.FutureTask.run(FutureTask.java:266)
	at java.util.concurrent.ThreadPoolExecutor.runWorker(ThreadPoolExecutor.java:1149)
	at java.util.concurrent.ThreadPoolExecutor$Worker.run(ThreadPoolExecutor.java:624)
	at java.lang.Thread.run(Thread.java:748)
Caused by: org.apache.catalina.LifecycleException: Failed to start component [org.apache.catalina.webresources.StandardRoot@2ad49d79]
	at org.apache.catalina.util.LifecycleBase.start(LifecycleBase.java:154)
	at org.apache.catalina.core.StandardContext.resourcesStart(StandardContext.java:4928)
	at org.apache.catalina.core.StandardContext.startInternal(StandardContext.java:5058)
	at org.apache.catalina.util.LifecycleBase.start(LifecycleBase.java:150)
	... 10 more
Caused by: java.lang.IllegalArgumentException: The main resource set specified [C:\Users\18029\Desktop\TPI\Servlet2_Cookie\build\web] is not valid
	at org.apache.catalina.webresources.StandardRoot.createMainResourceSet(StandardRoot.java:723)
	at org.apache.catalina.webresources.StandardRoot.startInternal(StandardRoot.java:684)
	at org.apache.catalina.util.LifecycleBase.start(LifecycleBase.java:150)
	... 13 more

03-Feb-2020 18:04:12.476 SEVERE [localhost-startStop-1] org.apache.catalina.startup.HostConfig.deployDescriptor Error deploying configuration descriptor D:\Alessio\Scuola\2019-2020\TPI\Laboratorio\Esercitazioni\Java\SessionBlog\apache-tomcat-8.0.30\conf\Catalina\localhost\Servlet2_Cookie.xml
 java.lang.IllegalStateException: ContainerBase.addChild: start: org.apache.catalina.LifecycleException: Failed to start component [StandardEngine[Catalina].StandardHost[localhost].StandardContext[/Servlet2_Cookie]]
	at org.apache.catalina.core.ContainerBase.addChildInternal(ContainerBase.java:729)
	at org.apache.catalina.core.ContainerBase.addChild(ContainerBase.java:701)
	at org.apache.catalina.core.StandardHost.addChild(StandardHost.java:717)
	at org.apache.catalina.startup.HostConfig.deployDescriptor(HostConfig.java:586)
	at org.apache.catalina.startup.HostConfig$DeployDescriptor.run(HostConfig.java:1777)
	at java.util.concurrent.Executors$RunnableAdapter.call(Executors.java:511)
	at java.util.concurrent.FutureTask.run(FutureTask.java:266)
	at java.util.concurrent.ThreadPoolExecutor.runWorker(ThreadPoolExecutor.java:1149)
	at java.util.concurrent.ThreadPoolExecutor$Worker.run(ThreadPoolExecutor.java:624)
	at java.lang.Thread.run(Thread.java:748)

03-Feb-2020 18:04:12.478 INFO [localhost-startStop-1] org.apache.catalina.startup.HostConfig.deployDescriptor Deployment of configuration descriptor D:\Alessio\Scuola\2019-2020\TPI\Laboratorio\Esercitazioni\Java\SessionBlog\apache-tomcat-8.0.30\conf\Catalina\localhost\Servlet2_Cookie.xml has finished in 43 ms
03-Feb-2020 18:04:12.478 INFO [localhost-startStop-1] org.apache.catalina.startup.HostConfig.deployDescriptor Deploying configuration descriptor D:\Alessio\Scuola\2019-2020\TPI\Laboratorio\Esercitazioni\Java\SessionBlog\apache-tomcat-8.0.30\conf\Catalina\localhost\WebApplication2.xml
03-Feb-2020 18:04:12.480 WARNING [localhost-startStop-1] org.apache.catalina.startup.HostConfig.deployDescriptor A docBase D:\Alessio\Scuola\2019-2020\TPI\Laboratorio\Esercitazioni\Java\SessionBlog\apache-tomcat-8.0.30\webapps\Users\ptom\Google Drive\WebApplication2\build\web inside the host appBase has been specified, and will be ignored
03-Feb-2020 18:04:12.485 SEVERE [localhost-startStop-1] org.apache.catalina.core.ContainerBase.addChildInternal ContainerBase.addChild: start: 
 org.apache.catalina.LifecycleException: Failed to start component [StandardEngine[Catalina].StandardHost[localhost].StandardContext[/WebApplication2]]
	at org.apache.catalina.util.LifecycleBase.start(LifecycleBase.java:154)
	at org.apache.catalina.core.ContainerBase.addChildInternal(ContainerBase.java:725)
	at org.apache.catalina.core.ContainerBase.addChild(ContainerBase.java:701)
	at org.apache.catalina.core.StandardHost.addChild(StandardHost.java:717)
	at org.apache.catalina.startup.HostConfig.deployDescriptor(HostConfig.java:586)
	at org.apache.catalina.startup.HostConfig$DeployDescriptor.run(HostConfig.java:1777)
	at java.util.concurrent.Executors$RunnableAdapter.call(Executors.java:511)
	at java.util.concurrent.FutureTask.run(FutureTask.java:266)
	at java.util.concurrent.ThreadPoolExecutor.runWorker(ThreadPoolExecutor.java:1149)
	at java.util.concurrent.ThreadPoolExecutor$Worker.run(ThreadPoolExecutor.java:624)
	at java.lang.Thread.run(Thread.java:748)
Caused by: org.apache.catalina.LifecycleException: Failed to start component [org.apache.catalina.webresources.StandardRoot@167f5fd]
	at org.apache.catalina.util.LifecycleBase.start(LifecycleBase.java:154)
	at org.apache.catalina.core.StandardContext.resourcesStart(StandardContext.java:4928)
	at org.apache.catalina.core.StandardContext.startInternal(StandardContext.java:5058)
	at org.apache.catalina.util.LifecycleBase.start(LifecycleBase.java:150)
	... 10 more
Caused by: java.lang.IllegalArgumentException: The main resource set specified [D:\Alessio\Scuola\2019-2020\TPI\Laboratorio\Esercitazioni\Java\SessionBlog\apache-tomcat-8.0.30\webapps\WebApplication2] is not valid
	at org.apache.catalina.webresources.StandardRoot.createMainResourceSet(StandardRoot.java:723)
	at org.apache.catalina.webresources.StandardRoot.startInternal(StandardRoot.java:684)
	at org.apache.catalina.util.LifecycleBase.start(LifecycleBase.java:150)
	... 13 more

03-Feb-2020 18:04:12.485 SEVERE [localhost-startStop-1] org.apache.catalina.startup.HostConfig.deployDescriptor Error deploying configuration descriptor D:\Alessio\Scuola\2019-2020\TPI\Laboratorio\Esercitazioni\Java\SessionBlog\apache-tomcat-8.0.30\conf\Catalina\localhost\WebApplication2.xml
 java.lang.IllegalStateException: ContainerBase.addChild: start: org.apache.catalina.LifecycleException: Failed to start component [StandardEngine[Catalina].StandardHost[localhost].StandardContext[/WebApplication2]]
	at org.apache.catalina.core.ContainerBase.addChildInternal(ContainerBase.java:729)
	at org.apache.catalina.core.ContainerBase.addChild(ContainerBase.java:701)
	at org.apache.catalina.core.StandardHost.addChild(StandardHost.java:717)
	at org.apache.catalina.startup.HostConfig.deployDescriptor(HostConfig.java:586)
	at org.apache.catalina.startup.HostConfig$DeployDescriptor.run(HostConfig.java:1777)
	at java.util.concurrent.Executors$RunnableAdapter.call(Executors.java:511)
	at java.util.concurrent.FutureTask.run(FutureTask.java:266)
	at java.util.concurrent.ThreadPoolExecutor.runWorker(ThreadPoolExecutor.java:1149)
	at java.util.concurrent.ThreadPoolExecutor$Worker.run(ThreadPoolExecutor.java:624)
	at java.lang.Thread.run(Thread.java:748)

03-Feb-2020 18:04:12.486 INFO [localhost-startStop-1] org.apache.catalina.startup.HostConfig.deployDescriptor Deployment of configuration descriptor D:\Alessio\Scuola\2019-2020\TPI\Laboratorio\Esercitazioni\Java\SessionBlog\apache-tomcat-8.0.30\conf\Catalina\localhost\WebApplication2.xml has finished in 8 ms
03-Feb-2020 18:04:12.486 INFO [localhost-startStop-1] org.apache.catalina.startup.HostConfig.deployDescriptor Deploying configuration descriptor D:\Alessio\Scuola\2019-2020\TPI\Laboratorio\Esercitazioni\Java\SessionBlog\apache-tomcat-8.0.30\conf\Catalina\localhost\WebApplication2_1S.xml
03-Feb-2020 18:04:12.553 SEVERE [localhost-startStop-1] org.apache.catalina.core.ContainerBase.addChildInternal ContainerBase.addChild: start: 
 org.apache.catalina.LifecycleException: Failed to start component [StandardEngine[Catalina].StandardHost[localhost].StandardContext[/WebApplication2_1S]]
	at org.apache.catalina.util.LifecycleBase.start(LifecycleBase.java:154)
	at org.apache.catalina.core.ContainerBase.addChildInternal(ContainerBase.java:725)
	at org.apache.catalina.core.ContainerBase.addChild(ContainerBase.java:701)
	at org.apache.catalina.core.StandardHost.addChild(StandardHost.java:717)
	at org.apache.catalina.startup.HostConfig.deployDescriptor(HostConfig.java:586)
	at org.apache.catalina.startup.HostConfig$DeployDescriptor.run(HostConfig.java:1777)
	at java.util.concurrent.Executors$RunnableAdapter.call(Executors.java:511)
	at java.util.concurrent.FutureTask.run(FutureTask.java:266)
	at java.util.concurrent.ThreadPoolExecutor.runWorker(ThreadPoolExecutor.java:1149)
	at java.util.concurrent.ThreadPoolExecutor$Worker.run(ThreadPoolExecutor.java:624)
	at java.lang.Thread.run(Thread.java:748)
Caused by: org.apache.catalina.LifecycleException: Failed to start component [org.apache.catalina.webresources.StandardRoot@34f6fdd0]
	at org.apache.catalina.util.LifecycleBase.start(LifecycleBase.java:154)
	at org.apache.catalina.core.StandardContext.resourcesStart(StandardContext.java:4928)
	at org.apache.catalina.core.StandardContext.startInternal(StandardContext.java:5058)
	at org.apache.catalina.util.LifecycleBase.start(LifecycleBase.java:150)
	... 10 more
Caused by: java.lang.IllegalArgumentException: The main resource set specified [C:\Users\18029\Desktop\INI\WebApp_2019_20\WebApplication2_1S\build\web] is not valid
	at org.apache.catalina.webresources.StandardRoot.createMainResourceSet(StandardRoot.java:723)
	at org.apache.catalina.webresources.StandardRoot.startInternal(StandardRoot.java:684)
	at org.apache.catalina.util.LifecycleBase.start(LifecycleBase.java:150)
	... 13 more

03-Feb-2020 18:04:12.554 SEVERE [localhost-startStop-1] org.apache.catalina.startup.HostConfig.deployDescriptor Error deploying configuration descriptor D:\Alessio\Scuola\2019-2020\TPI\Laboratorio\Esercitazioni\Java\SessionBlog\apache-tomcat-8.0.30\conf\Catalina\localhost\WebApplication2_1S.xml
 java.lang.IllegalStateException: ContainerBase.addChild: start: org.apache.catalina.LifecycleException: Failed to start component [StandardEngine[Catalina].StandardHost[localhost].StandardContext[/WebApplication2_1S]]
	at org.apache.catalina.core.ContainerBase.addChildInternal(ContainerBase.java:729)
	at org.apache.catalina.core.ContainerBase.addChild(ContainerBase.java:701)
	at org.apache.catalina.core.StandardHost.addChild(StandardHost.java:717)
	at org.apache.catalina.startup.HostConfig.deployDescriptor(HostConfig.java:586)
	at org.apache.catalina.startup.HostConfig$DeployDescriptor.run(HostConfig.java:1777)
	at java.util.concurrent.Executors$RunnableAdapter.call(Executors.java:511)
	at java.util.concurrent.FutureTask.run(FutureTask.java:266)
	at java.util.concurrent.ThreadPoolExecutor.runWorker(ThreadPoolExecutor.java:1149)
	at java.util.concurrent.ThreadPoolExecutor$Worker.run(ThreadPoolExecutor.java:624)
	at java.lang.Thread.run(Thread.java:748)

03-Feb-2020 18:04:12.555 INFO [localhost-startStop-1] org.apache.catalina.startup.HostConfig.deployDescriptor Deployment of configuration descriptor D:\Alessio\Scuola\2019-2020\TPI\Laboratorio\Esercitazioni\Java\SessionBlog\apache-tomcat-8.0.30\conf\Catalina\localhost\WebApplication2_1S.xml has finished in 69 ms
03-Feb-2020 18:04:12.556 INFO [localhost-startStop-1] org.apache.catalina.startup.HostConfig.deployDirectory Deploying web application directory D:\Alessio\Scuola\2019-2020\TPI\Laboratorio\Esercitazioni\Java\SessionBlog\apache-tomcat-8.0.30\webapps\docs
03-Feb-2020 18:04:12.771 INFO [localhost-startStop-1] org.apache.jasper.servlet.TldScanner.scanJars At least one JAR was scanned for TLDs yet contained no TLDs. Enable debug logging for this logger for a complete list of JARs that were scanned but no TLDs were found in them. Skipping unneeded JARs during scanning can improve startup time and JSP compilation time.
03-Feb-2020 18:04:12.809 INFO [localhost-startStop-1] org.apache.catalina.startup.HostConfig.deployDirectory Deployment of web application directory D:\Alessio\Scuola\2019-2020\TPI\Laboratorio\Esercitazioni\Java\SessionBlog\apache-tomcat-8.0.30\webapps\docs has finished in 253 ms
03-Feb-2020 18:04:12.809 INFO [localhost-startStop-1] org.apache.catalina.startup.HostConfig.deployDirectory Deploying web application directory D:\Alessio\Scuola\2019-2020\TPI\Laboratorio\Esercitazioni\Java\SessionBlog\apache-tomcat-8.0.30\webapps\examples
03-Feb-2020 18:04:13.124 INFO [localhost-startStop-1] org.apache.jasper.servlet.TldScanner.scanJars At least one JAR was scanned for TLDs yet contained no TLDs. Enable debug logging for this logger for a complete list of JARs that were scanned but no TLDs were found in them. Skipping unneeded JARs during scanning can improve startup time and JSP compilation time.
03-Feb-2020 18:04:13.161 INFO [localhost-startStop-1] org.apache.catalina.startup.HostConfig.deployDirectory Deployment of web application directory D:\Alessio\Scuola\2019-2020\TPI\Laboratorio\Esercitazioni\Java\SessionBlog\apache-tomcat-8.0.30\webapps\examples has finished in 352 ms
03-Feb-2020 18:04:13.161 INFO [localhost-startStop-1] org.apache.catalina.startup.HostConfig.deployDirectory Deploying web application directory D:\Alessio\Scuola\2019-2020\TPI\Laboratorio\Esercitazioni\Java\SessionBlog\apache-tomcat-8.0.30\webapps\host-manager
03-Feb-2020 18:04:13.243 INFO [localhost-startStop-1] org.apache.jasper.servlet.TldScanner.scanJars At least one JAR was scanned for TLDs yet contained no TLDs. Enable debug logging for this logger for a complete list of JARs that were scanned but no TLDs were found in them. Skipping unneeded JARs during scanning can improve startup time and JSP compilation time.
03-Feb-2020 18:04:13.247 INFO [localhost-startStop-1] org.apache.catalina.startup.HostConfig.deployDirectory Deployment of web application directory D:\Alessio\Scuola\2019-2020\TPI\Laboratorio\Esercitazioni\Java\SessionBlog\apache-tomcat-8.0.30\webapps\host-manager has finished in 86 ms
03-Feb-2020 18:04:13.247 INFO [localhost-startStop-1] org.apache.catalina.startup.HostConfig.deployDirectory Deploying web application directory D:\Alessio\Scuola\2019-2020\TPI\Laboratorio\Esercitazioni\Java\SessionBlog\apache-tomcat-8.0.30\webapps\manager
03-Feb-2020 18:04:13.337 INFO [localhost-startStop-1] org.apache.jasper.servlet.TldScanner.scanJars At least one JAR was scanned for TLDs yet contained no TLDs. Enable debug logging for this logger for a complete list of JARs that were scanned but no TLDs were found in them. Skipping unneeded JARs during scanning can improve startup time and JSP compilation time.
03-Feb-2020 18:04:13.339 INFO [localhost-startStop-1] org.apache.catalina.startup.HostConfig.deployDirectory Deployment of web application directory D:\Alessio\Scuola\2019-2020\TPI\Laboratorio\Esercitazioni\Java\SessionBlog\apache-tomcat-8.0.30\webapps\manager has finished in 92 ms
03-Feb-2020 18:04:13.341 INFO [main] org.apache.coyote.AbstractProtocol.start Starting ProtocolHandler ["http-nio-8081"]
03-Feb-2020 18:04:13.345 INFO [main] org.apache.coyote.AbstractProtocol.start Starting ProtocolHandler ["ajp-nio-8009"]
03-Feb-2020 18:04:13.347 INFO [main] org.apache.catalina.startup.Catalina.start Server startup in 943 ms
03-Feb-2020 18:05:09.667 INFO [main] org.apache.catalina.core.StandardServer.await A valid shutdown command was received via the shutdown port. Stopping the Server instance.
03-Feb-2020 18:05:09.667 INFO [main] org.apache.coyote.AbstractProtocol.pause Pausing ProtocolHandler ["http-nio-8081"]
03-Feb-2020 18:05:09.722 INFO [main] org.apache.coyote.AbstractProtocol.pause Pausing ProtocolHandler ["ajp-nio-8009"]
03-Feb-2020 18:05:09.773 INFO [main] org.apache.catalina.core.StandardService.stopInternal Stopping service Catalina
03-Feb-2020 18:05:09.791 INFO [main] org.apache.coyote.AbstractProtocol.stop Stopping ProtocolHandler ["http-nio-8081"]
03-Feb-2020 18:05:09.794 INFO [main] org.apache.coyote.AbstractProtocol.stop Stopping ProtocolHandler ["ajp-nio-8009"]
03-Feb-2020 18:05:09.794 INFO [main] org.apache.coyote.AbstractProtocol.destroy Destroying ProtocolHandler ["http-nio-8081"]
03-Feb-2020 18:05:09.794 INFO [main] org.apache.coyote.AbstractProtocol.destroy Destroying ProtocolHandler ["ajp-nio-8009"]
03-Feb-2020 18:06:42.290 INFO [main] org.apache.catalina.startup.VersionLoggerListener.log Server version:        Apache Tomcat/8.0.30
03-Feb-2020 18:06:42.291 INFO [main] org.apache.catalina.startup.VersionLoggerListener.log Server built:          Dec 1 2015 22:30:46 UTC
03-Feb-2020 18:06:42.291 INFO [main] org.apache.catalina.startup.VersionLoggerListener.log Server number:         8.0.30.0
03-Feb-2020 18:06:42.291 INFO [main] org.apache.catalina.startup.VersionLoggerListener.log OS Name:               Windows 10
03-Feb-2020 18:06:42.291 INFO [main] org.apache.catalina.startup.VersionLoggerListener.log OS Version:            10.0
03-Feb-2020 18:06:42.291 INFO [main] org.apache.catalina.startup.VersionLoggerListener.log Architecture:          amd64
03-Feb-2020 18:06:42.291 INFO [main] org.apache.catalina.startup.VersionLoggerListener.log Java Home:             C:\Program Files\Java\jdk1.8.0_211\jre
03-Feb-2020 18:06:42.292 INFO [main] org.apache.catalina.startup.VersionLoggerListener.log JVM Version:           1.8.0_211-b12
03-Feb-2020 18:06:42.292 INFO [main] org.apache.catalina.startup.VersionLoggerListener.log JVM Vendor:            Oracle Corporation
03-Feb-2020 18:06:42.292 INFO [main] org.apache.catalina.startup.VersionLoggerListener.log CATALINA_BASE:         D:\Alessio\Scuola\2019-2020\TPI\Laboratorio\Esercitazioni\Java\SessionBlog\apache-tomcat-8.0.30
03-Feb-2020 18:06:42.292 INFO [main] org.apache.catalina.startup.VersionLoggerListener.log CATALINA_HOME:         D:\Alessio\Scuola\2019-2020\TPI\Laboratorio\Esercitazioni\Java\SessionBlog\apache-tomcat-8.0.30
03-Feb-2020 18:06:42.292 INFO [main] org.apache.catalina.startup.VersionLoggerListener.log Command line argument: -Dhttp.nonProxyHosts=localhost|127.0.0.1|Alessio-PC
03-Feb-2020 18:06:42.292 INFO [main] org.apache.catalina.startup.VersionLoggerListener.log Command line argument: -Djava.util.logging.config.file=D:\Alessio\Scuola\2019-2020\TPI\Laboratorio\Esercitazioni\Java\SessionBlog\apache-tomcat-8.0.30\conf\logging.properties
03-Feb-2020 18:06:42.292 INFO [main] org.apache.catalina.startup.VersionLoggerListener.log Command line argument: -Djava.util.logging.manager=org.apache.juli.ClassLoaderLogManager
03-Feb-2020 18:06:42.292 INFO [main] org.apache.catalina.startup.VersionLoggerListener.log Command line argument: -Djava.endorsed.dirs=D:\Alessio\Scuola\2019-2020\TPI\Laboratorio\Esercitazioni\Java\SessionBlog\apache-tomcat-8.0.30\endorsed
03-Feb-2020 18:06:42.292 INFO [main] org.apache.catalina.startup.VersionLoggerListener.log Command line argument: -Dcatalina.base=D:\Alessio\Scuola\2019-2020\TPI\Laboratorio\Esercitazioni\Java\SessionBlog\apache-tomcat-8.0.30
03-Feb-2020 18:06:42.295 INFO [main] org.apache.catalina.startup.VersionLoggerListener.log Command line argument: -Dcatalina.home=D:\Alessio\Scuola\2019-2020\TPI\Laboratorio\Esercitazioni\Java\SessionBlog\apache-tomcat-8.0.30
03-Feb-2020 18:06:42.295 INFO [main] org.apache.catalina.startup.VersionLoggerListener.log Command line argument: -Djava.io.tmpdir=D:\Alessio\Scuola\2019-2020\TPI\Laboratorio\Esercitazioni\Java\SessionBlog\apache-tomcat-8.0.30\temp
03-Feb-2020 18:06:42.295 INFO [main] org.apache.catalina.core.AprLifecycleListener.lifecycleEvent The APR based Apache Tomcat Native library which allows optimal performance in production environments was not found on the java.library.path: C:\Program Files\Java\jdk1.8.0_211\bin;C:\WINDOWS\Sun\Java\bin;C:\WINDOWS\system32;C:\WINDOWS;C:\Program Files (x86)\Intel\iCLS Client\;C:\Program Files\Intel\iCLS Client\;C:\Windows\system32;C:\Windows;C:\Windows\System32\Wbem;C:\Windows\System32\WindowsPowerShell\v1.0\;C:\Program Files\Intel\WiFi\bin\;C:\Program Files\Common Files\Intel\WirelessCommon\;C:\Program Files (x86)\Intel\Intel(R) Management Engine Components\DAL;C:\Program Files\Intel\Intel(R) Management Engine Components\DAL;C:\Program Files (x86)\Intel\Intel(R) Management Engine Components\IPT;C:\Program Files\Intel\Intel(R) Management Engine Components\IPT;C:\WINDOWS\system32;C:\WINDOWS;C:\WINDOWS\System32\Wbem;C:\WINDOWS\System32\WindowsPowerShell\v1.0\;C:\WINDOWS\System32\OpenSSH\;C:\Program Files (x86)\NVIDIA Corporation\PhysX\Common;C:\Program Files\NVIDIA Corporation\NVIDIA NvDLISR;C:\WINDOWS\system32;C:\WINDOWS;C:\WINDOWS\System32\Wbem;C:\WINDOWS\System32\WindowsPowerShell\v1.0\;C:\WINDOWS\System32\OpenSSH\;D:\Programmi\Microsoft VS Code\bin;D:\Programmi\Git\cmd;C:\Program Files\MySQL\MySQL Shell 8.0\bin\;C:\Users\Alessio Trentin\AppData\Local\Microsoft\WindowsApps;C:\Users\Alessio Trentin\AppData\Local\GitHubDesktop\bin;.
03-Feb-2020 18:06:42.476 INFO [main] org.apache.coyote.AbstractProtocol.init Initializing ProtocolHandler ["http-nio-8081"]
03-Feb-2020 18:06:42.733 INFO [main] org.apache.tomcat.util.net.NioSelectorPool.getSharedSelector Using a shared selector for servlet write/read
03-Feb-2020 18:06:42.734 INFO [main] org.apache.coyote.AbstractProtocol.init Initializing ProtocolHandler ["ajp-nio-8009"]
03-Feb-2020 18:06:42.736 INFO [main] org.apache.tomcat.util.net.NioSelectorPool.getSharedSelector Using a shared selector for servlet write/read
03-Feb-2020 18:06:42.737 INFO [main] org.apache.catalina.startup.Catalina.load Initialization processed in 735 ms
03-Feb-2020 18:06:42.761 INFO [main] org.apache.catalina.core.StandardService.startInternal Starting service Catalina
03-Feb-2020 18:06:42.761 INFO [main] org.apache.catalina.core.StandardEngine.startInternal Starting Servlet Engine: Apache Tomcat/8.0.30
03-Feb-2020 18:06:42.769 INFO [localhost-startStop-1] org.apache.catalina.startup.HostConfig.deployDescriptor Deploying configuration descriptor D:\Alessio\Scuola\2019-2020\TPI\Laboratorio\Esercitazioni\Java\SessionBlog\apache-tomcat-8.0.30\conf\Catalina\localhost\Servlet2_Cookie.xml
03-Feb-2020 18:06:42.815 SEVERE [localhost-startStop-1] org.apache.catalina.core.ContainerBase.addChildInternal ContainerBase.addChild: start: 
 org.apache.catalina.LifecycleException: Failed to start component [StandardEngine[Catalina].StandardHost[localhost].StandardContext[/Servlet2_Cookie]]
	at org.apache.catalina.util.LifecycleBase.start(LifecycleBase.java:154)
	at org.apache.catalina.core.ContainerBase.addChildInternal(ContainerBase.java:725)
	at org.apache.catalina.core.ContainerBase.addChild(ContainerBase.java:701)
	at org.apache.catalina.core.StandardHost.addChild(StandardHost.java:717)
	at org.apache.catalina.startup.HostConfig.deployDescriptor(HostConfig.java:586)
	at org.apache.catalina.startup.HostConfig$DeployDescriptor.run(HostConfig.java:1777)
	at java.util.concurrent.Executors$RunnableAdapter.call(Executors.java:511)
	at java.util.concurrent.FutureTask.run(FutureTask.java:266)
	at java.util.concurrent.ThreadPoolExecutor.runWorker(ThreadPoolExecutor.java:1149)
	at java.util.concurrent.ThreadPoolExecutor$Worker.run(ThreadPoolExecutor.java:624)
	at java.lang.Thread.run(Thread.java:748)
Caused by: org.apache.catalina.LifecycleException: Failed to start component [org.apache.catalina.webresources.StandardRoot@2ad49d79]
	at org.apache.catalina.util.LifecycleBase.start(LifecycleBase.java:154)
	at org.apache.catalina.core.StandardContext.resourcesStart(StandardContext.java:4928)
	at org.apache.catalina.core.StandardContext.startInternal(StandardContext.java:5058)
	at org.apache.catalina.util.LifecycleBase.start(LifecycleBase.java:150)
	... 10 more
Caused by: java.lang.IllegalArgumentException: The main resource set specified [C:\Users\18029\Desktop\TPI\Servlet2_Cookie\build\web] is not valid
	at org.apache.catalina.webresources.StandardRoot.createMainResourceSet(StandardRoot.java:723)
	at org.apache.catalina.webresources.StandardRoot.startInternal(StandardRoot.java:684)
	at org.apache.catalina.util.LifecycleBase.start(LifecycleBase.java:150)
	... 13 more

03-Feb-2020 18:06:42.816 SEVERE [localhost-startStop-1] org.apache.catalina.startup.HostConfig.deployDescriptor Error deploying configuration descriptor D:\Alessio\Scuola\2019-2020\TPI\Laboratorio\Esercitazioni\Java\SessionBlog\apache-tomcat-8.0.30\conf\Catalina\localhost\Servlet2_Cookie.xml
 java.lang.IllegalStateException: ContainerBase.addChild: start: org.apache.catalina.LifecycleException: Failed to start component [StandardEngine[Catalina].StandardHost[localhost].StandardContext[/Servlet2_Cookie]]
	at org.apache.catalina.core.ContainerBase.addChildInternal(ContainerBase.java:729)
	at org.apache.catalina.core.ContainerBase.addChild(ContainerBase.java:701)
	at org.apache.catalina.core.StandardHost.addChild(StandardHost.java:717)
	at org.apache.catalina.startup.HostConfig.deployDescriptor(HostConfig.java:586)
	at org.apache.catalina.startup.HostConfig$DeployDescriptor.run(HostConfig.java:1777)
	at java.util.concurrent.Executors$RunnableAdapter.call(Executors.java:511)
	at java.util.concurrent.FutureTask.run(FutureTask.java:266)
	at java.util.concurrent.ThreadPoolExecutor.runWorker(ThreadPoolExecutor.java:1149)
	at java.util.concurrent.ThreadPoolExecutor$Worker.run(ThreadPoolExecutor.java:624)
	at java.lang.Thread.run(Thread.java:748)

03-Feb-2020 18:06:42.817 INFO [localhost-startStop-1] org.apache.catalina.startup.HostConfig.deployDescriptor Deployment of configuration descriptor D:\Alessio\Scuola\2019-2020\TPI\Laboratorio\Esercitazioni\Java\SessionBlog\apache-tomcat-8.0.30\conf\Catalina\localhost\Servlet2_Cookie.xml has finished in 48 ms
03-Feb-2020 18:06:42.818 INFO [localhost-startStop-1] org.apache.catalina.startup.HostConfig.deployDescriptor Deploying configuration descriptor D:\Alessio\Scuola\2019-2020\TPI\Laboratorio\Esercitazioni\Java\SessionBlog\apache-tomcat-8.0.30\conf\Catalina\localhost\WebApplication2.xml
03-Feb-2020 18:06:42.819 WARNING [localhost-startStop-1] org.apache.catalina.startup.HostConfig.deployDescriptor A docBase D:\Alessio\Scuola\2019-2020\TPI\Laboratorio\Esercitazioni\Java\SessionBlog\apache-tomcat-8.0.30\webapps\Users\ptom\Google Drive\WebApplication2\build\web inside the host appBase has been specified, and will be ignored
03-Feb-2020 18:06:42.833 SEVERE [localhost-startStop-1] org.apache.catalina.core.ContainerBase.addChildInternal ContainerBase.addChild: start: 
 org.apache.catalina.LifecycleException: Failed to start component [StandardEngine[Catalina].StandardHost[localhost].StandardContext[/WebApplication2]]
	at org.apache.catalina.util.LifecycleBase.start(LifecycleBase.java:154)
	at org.apache.catalina.core.ContainerBase.addChildInternal(ContainerBase.java:725)
	at org.apache.catalina.core.ContainerBase.addChild(ContainerBase.java:701)
	at org.apache.catalina.core.StandardHost.addChild(StandardHost.java:717)
	at org.apache.catalina.startup.HostConfig.deployDescriptor(HostConfig.java:586)
	at org.apache.catalina.startup.HostConfig$DeployDescriptor.run(HostConfig.java:1777)
	at java.util.concurrent.Executors$RunnableAdapter.call(Executors.java:511)
	at java.util.concurrent.FutureTask.run(FutureTask.java:266)
	at java.util.concurrent.ThreadPoolExecutor.runWorker(ThreadPoolExecutor.java:1149)
	at java.util.concurrent.ThreadPoolExecutor$Worker.run(ThreadPoolExecutor.java:624)
	at java.lang.Thread.run(Thread.java:748)
Caused by: org.apache.catalina.LifecycleException: Failed to start component [org.apache.catalina.webresources.StandardRoot@167f5fd]
	at org.apache.catalina.util.LifecycleBase.start(LifecycleBase.java:154)
	at org.apache.catalina.core.StandardContext.resourcesStart(StandardContext.java:4928)
	at org.apache.catalina.core.StandardContext.startInternal(StandardContext.java:5058)
	at org.apache.catalina.util.LifecycleBase.start(LifecycleBase.java:150)
	... 10 more
Caused by: java.lang.IllegalArgumentException: The main resource set specified [D:\Alessio\Scuola\2019-2020\TPI\Laboratorio\Esercitazioni\Java\SessionBlog\apache-tomcat-8.0.30\webapps\WebApplication2] is not valid
	at org.apache.catalina.webresources.StandardRoot.createMainResourceSet(StandardRoot.java:723)
	at org.apache.catalina.webresources.StandardRoot.startInternal(StandardRoot.java:684)
	at org.apache.catalina.util.LifecycleBase.start(LifecycleBase.java:150)
	... 13 more

03-Feb-2020 18:06:42.833 SEVERE [localhost-startStop-1] org.apache.catalina.startup.HostConfig.deployDescriptor Error deploying configuration descriptor D:\Alessio\Scuola\2019-2020\TPI\Laboratorio\Esercitazioni\Java\SessionBlog\apache-tomcat-8.0.30\conf\Catalina\localhost\WebApplication2.xml
 java.lang.IllegalStateException: ContainerBase.addChild: start: org.apache.catalina.LifecycleException: Failed to start component [StandardEngine[Catalina].StandardHost[localhost].StandardContext[/WebApplication2]]
	at org.apache.catalina.core.ContainerBase.addChildInternal(ContainerBase.java:729)
	at org.apache.catalina.core.ContainerBase.addChild(ContainerBase.java:701)
	at org.apache.catalina.core.StandardHost.addChild(StandardHost.java:717)
	at org.apache.catalina.startup.HostConfig.deployDescriptor(HostConfig.java:586)
	at org.apache.catalina.startup.HostConfig$DeployDescriptor.run(HostConfig.java:1777)
	at java.util.concurrent.Executors$RunnableAdapter.call(Executors.java:511)
	at java.util.concurrent.FutureTask.run(FutureTask.java:266)
	at java.util.concurrent.ThreadPoolExecutor.runWorker(ThreadPoolExecutor.java:1149)
	at java.util.concurrent.ThreadPoolExecutor$Worker.run(ThreadPoolExecutor.java:624)
	at java.lang.Thread.run(Thread.java:748)

03-Feb-2020 18:06:42.834 INFO [localhost-startStop-1] org.apache.catalina.startup.HostConfig.deployDescriptor Deployment of configuration descriptor D:\Alessio\Scuola\2019-2020\TPI\Laboratorio\Esercitazioni\Java\SessionBlog\apache-tomcat-8.0.30\conf\Catalina\localhost\WebApplication2.xml has finished in 17 ms
03-Feb-2020 18:06:42.834 INFO [localhost-startStop-1] org.apache.catalina.startup.HostConfig.deployDescriptor Deploying configuration descriptor D:\Alessio\Scuola\2019-2020\TPI\Laboratorio\Esercitazioni\Java\SessionBlog\apache-tomcat-8.0.30\conf\Catalina\localhost\WebApplication2_1S.xml
03-Feb-2020 18:06:42.841 SEVERE [localhost-startStop-1] org.apache.catalina.core.ContainerBase.addChildInternal ContainerBase.addChild: start: 
 org.apache.catalina.LifecycleException: Failed to start component [StandardEngine[Catalina].StandardHost[localhost].StandardContext[/WebApplication2_1S]]
	at org.apache.catalina.util.LifecycleBase.start(LifecycleBase.java:154)
	at org.apache.catalina.core.ContainerBase.addChildInternal(ContainerBase.java:725)
	at org.apache.catalina.core.ContainerBase.addChild(ContainerBase.java:701)
	at org.apache.catalina.core.StandardHost.addChild(StandardHost.java:717)
	at org.apache.catalina.startup.HostConfig.deployDescriptor(HostConfig.java:586)
	at org.apache.catalina.startup.HostConfig$DeployDescriptor.run(HostConfig.java:1777)
	at java.util.concurrent.Executors$RunnableAdapter.call(Executors.java:511)
	at java.util.concurrent.FutureTask.run(FutureTask.java:266)
	at java.util.concurrent.ThreadPoolExecutor.runWorker(ThreadPoolExecutor.java:1149)
	at java.util.concurrent.ThreadPoolExecutor$Worker.run(ThreadPoolExecutor.java:624)
	at java.lang.Thread.run(Thread.java:748)
Caused by: org.apache.catalina.LifecycleException: Failed to start component [org.apache.catalina.webresources.StandardRoot@34f6fdd0]
	at org.apache.catalina.util.LifecycleBase.start(LifecycleBase.java:154)
	at org.apache.catalina.core.StandardContext.resourcesStart(StandardContext.java:4928)
	at org.apache.catalina.core.StandardContext.startInternal(StandardContext.java:5058)
	at org.apache.catalina.util.LifecycleBase.start(LifecycleBase.java:150)
	... 10 more
Caused by: java.lang.IllegalArgumentException: The main resource set specified [C:\Users\18029\Desktop\INI\WebApp_2019_20\WebApplication2_1S\build\web] is not valid
	at org.apache.catalina.webresources.StandardRoot.createMainResourceSet(StandardRoot.java:723)
	at org.apache.catalina.webresources.StandardRoot.startInternal(StandardRoot.java:684)
	at org.apache.catalina.util.LifecycleBase.start(LifecycleBase.java:150)
	... 13 more

03-Feb-2020 18:06:43.013 SEVERE [localhost-startStop-1] org.apache.catalina.startup.HostConfig.deployDescriptor Error deploying configuration descriptor D:\Alessio\Scuola\2019-2020\TPI\Laboratorio\Esercitazioni\Java\SessionBlog\apache-tomcat-8.0.30\conf\Catalina\localhost\WebApplication2_1S.xml
 java.lang.IllegalStateException: ContainerBase.addChild: start: org.apache.catalina.LifecycleException: Failed to start component [StandardEngine[Catalina].StandardHost[localhost].StandardContext[/WebApplication2_1S]]
	at org.apache.catalina.core.ContainerBase.addChildInternal(ContainerBase.java:729)
	at org.apache.catalina.core.ContainerBase.addChild(ContainerBase.java:701)
	at org.apache.catalina.core.StandardHost.addChild(StandardHost.java:717)
	at org.apache.catalina.startup.HostConfig.deployDescriptor(HostConfig.java:586)
	at org.apache.catalina.startup.HostConfig$DeployDescriptor.run(HostConfig.java:1777)
	at java.util.concurrent.Executors$RunnableAdapter.call(Executors.java:511)
	at java.util.concurrent.FutureTask.run(FutureTask.java:266)
	at java.util.concurrent.ThreadPoolExecutor.runWorker(ThreadPoolExecutor.java:1149)
	at java.util.concurrent.ThreadPoolExecutor$Worker.run(ThreadPoolExecutor.java:624)
	at java.lang.Thread.run(Thread.java:748)

03-Feb-2020 18:06:43.013 INFO [localhost-startStop-1] org.apache.catalina.startup.HostConfig.deployDescriptor Deployment of configuration descriptor D:\Alessio\Scuola\2019-2020\TPI\Laboratorio\Esercitazioni\Java\SessionBlog\apache-tomcat-8.0.30\conf\Catalina\localhost\WebApplication2_1S.xml has finished in 179 ms
03-Feb-2020 18:06:43.014 INFO [localhost-startStop-1] org.apache.catalina.startup.HostConfig.deployDirectory Deploying web application directory D:\Alessio\Scuola\2019-2020\TPI\Laboratorio\Esercitazioni\Java\SessionBlog\apache-tomcat-8.0.30\webapps\docs
03-Feb-2020 18:06:43.263 INFO [localhost-startStop-1] org.apache.jasper.servlet.TldScanner.scanJars At least one JAR was scanned for TLDs yet contained no TLDs. Enable debug logging for this logger for a complete list of JARs that were scanned but no TLDs were found in them. Skipping unneeded JARs during scanning can improve startup time and JSP compilation time.
03-Feb-2020 18:06:43.299 INFO [localhost-startStop-1] org.apache.catalina.startup.HostConfig.deployDirectory Deployment of web application directory D:\Alessio\Scuola\2019-2020\TPI\Laboratorio\Esercitazioni\Java\SessionBlog\apache-tomcat-8.0.30\webapps\docs has finished in 285 ms
03-Feb-2020 18:06:43.299 INFO [localhost-startStop-1] org.apache.catalina.startup.HostConfig.deployDirectory Deploying web application directory D:\Alessio\Scuola\2019-2020\TPI\Laboratorio\Esercitazioni\Java\SessionBlog\apache-tomcat-8.0.30\webapps\examples
03-Feb-2020 18:06:43.626 INFO [localhost-startStop-1] org.apache.jasper.servlet.TldScanner.scanJars At least one JAR was scanned for TLDs yet contained no TLDs. Enable debug logging for this logger for a complete list of JARs that were scanned but no TLDs were found in them. Skipping unneeded JARs during scanning can improve startup time and JSP compilation time.
03-Feb-2020 18:06:43.660 INFO [localhost-startStop-1] org.apache.catalina.startup.HostConfig.deployDirectory Deployment of web application directory D:\Alessio\Scuola\2019-2020\TPI\Laboratorio\Esercitazioni\Java\SessionBlog\apache-tomcat-8.0.30\webapps\examples has finished in 361 ms
03-Feb-2020 18:06:43.660 INFO [localhost-startStop-1] org.apache.catalina.startup.HostConfig.deployDirectory Deploying web application directory D:\Alessio\Scuola\2019-2020\TPI\Laboratorio\Esercitazioni\Java\SessionBlog\apache-tomcat-8.0.30\webapps\host-manager
03-Feb-2020 18:06:43.753 INFO [localhost-startStop-1] org.apache.jasper.servlet.TldScanner.scanJars At least one JAR was scanned for TLDs yet contained no TLDs. Enable debug logging for this logger for a complete list of JARs that were scanned but no TLDs were found in them. Skipping unneeded JARs during scanning can improve startup time and JSP compilation time.
03-Feb-2020 18:06:43.758 INFO [localhost-startStop-1] org.apache.catalina.startup.HostConfig.deployDirectory Deployment of web application directory D:\Alessio\Scuola\2019-2020\TPI\Laboratorio\Esercitazioni\Java\SessionBlog\apache-tomcat-8.0.30\webapps\host-manager has finished in 97 ms
03-Feb-2020 18:06:43.758 INFO [localhost-startStop-1] org.apache.catalina.startup.HostConfig.deployDirectory Deploying web application directory D:\Alessio\Scuola\2019-2020\TPI\Laboratorio\Esercitazioni\Java\SessionBlog\apache-tomcat-8.0.30\webapps\manager
03-Feb-2020 18:06:43.851 INFO [localhost-startStop-1] org.apache.jasper.servlet.TldScanner.scanJars At least one JAR was scanned for TLDs yet contained no TLDs. Enable debug logging for this logger for a complete list of JARs that were scanned but no TLDs were found in them. Skipping unneeded JARs during scanning can improve startup time and JSP compilation time.
03-Feb-2020 18:06:43.853 INFO [localhost-startStop-1] org.apache.catalina.startup.HostConfig.deployDirectory Deployment of web application directory D:\Alessio\Scuola\2019-2020\TPI\Laboratorio\Esercitazioni\Java\SessionBlog\apache-tomcat-8.0.30\webapps\manager has finished in 95 ms
03-Feb-2020 18:06:43.855 INFO [main] org.apache.coyote.AbstractProtocol.start Starting ProtocolHandler ["http-nio-8081"]
03-Feb-2020 18:06:43.859 INFO [main] org.apache.coyote.AbstractProtocol.start Starting ProtocolHandler ["ajp-nio-8009"]
03-Feb-2020 18:06:43.860 INFO [main] org.apache.catalina.startup.Catalina.start Server startup in 1123 ms
03-Feb-2020 18:06:44.353 INFO [http-nio-8081-exec-1] org.apache.catalina.startup.HostConfig.deployDescriptor Deploying configuration descriptor D:\Alessio\Scuola\2019-2020\TPI\Laboratorio\Esercitazioni\Java\SessionBlog\apache-tomcat-8.0.30\conf\Catalina\localhost\SessionBlog.xml
03-Feb-2020 18:06:45.547 INFO [http-nio-8081-exec-1] org.apache.jasper.servlet.TldScanner.scanJars At least one JAR was scanned for TLDs yet contained no TLDs. Enable debug logging for this logger for a complete list of JARs that were scanned but no TLDs were found in them. Skipping unneeded JARs during scanning can improve startup time and JSP compilation time.
03-Feb-2020 18:06:45.559 INFO [http-nio-8081-exec-1] org.apache.catalina.startup.HostConfig.deployDescriptor Deployment of configuration descriptor D:\Alessio\Scuola\2019-2020\TPI\Laboratorio\Esercitazioni\Java\SessionBlog\apache-tomcat-8.0.30\conf\Catalina\localhost\SessionBlog.xml has finished in 1,206 ms
03-Feb-2020 18:06:45.562 INFO [http-nio-8081-exec-2] org.apache.catalina.util.LifecycleBase.start The start() method was called on component [StandardEngine[Catalina].StandardHost[localhost].StandardContext[/SessionBlog]] after start() had already been called. The second call will be ignored.
03-Feb-2020 18:09:54.786 INFO [http-nio-8081-exec-9] org.apache.catalina.core.StandardContext.reload Reloading Context with name [/SessionBlog] has started
03-Feb-2020 18:09:55.916 INFO [http-nio-8081-exec-9] org.apache.jasper.servlet.TldScanner.scanJars At least one JAR was scanned for TLDs yet contained no TLDs. Enable debug logging for this logger for a complete list of JARs that were scanned but no TLDs were found in them. Skipping unneeded JARs during scanning can improve startup time and JSP compilation time.
03-Feb-2020 18:09:55.923 INFO [http-nio-8081-exec-9] org.apache.catalina.core.StandardContext.reload Reloading Context with name [/SessionBlog] is completed
03-Feb-2020 18:09:55.944 INFO [http-nio-8081-exec-8] org.apache.catalina.core.StandardContext.reload Reloading Context with name [/SessionBlog] has started
03-Feb-2020 18:09:56.937 INFO [http-nio-8081-exec-8] org.apache.jasper.servlet.TldScanner.scanJars At least one JAR was scanned for TLDs yet contained no TLDs. Enable debug logging for this logger for a complete list of JARs that were scanned but no TLDs were found in them. Skipping unneeded JARs during scanning can improve startup time and JSP compilation time.
03-Feb-2020 18:09:56.944 INFO [http-nio-8081-exec-8] org.apache.catalina.core.StandardContext.reload Reloading Context with name [/SessionBlog] is completed
03-Feb-2020 18:14:12.136 INFO [http-nio-8081-exec-17] org.apache.catalina.core.StandardContext.reload Reloading Context with name [/SessionBlog] has started
03-Feb-2020 18:14:13.205 INFO [http-nio-8081-exec-17] org.apache.jasper.servlet.TldScanner.scanJars At least one JAR was scanned for TLDs yet contained no TLDs. Enable debug logging for this logger for a complete list of JARs that were scanned but no TLDs were found in them. Skipping unneeded JARs during scanning can improve startup time and JSP compilation time.
03-Feb-2020 18:14:13.209 INFO [http-nio-8081-exec-17] org.apache.catalina.core.StandardContext.reload Reloading Context with name [/SessionBlog] is completed
03-Feb-2020 18:16:19.907 INFO [http-nio-8081-exec-1] org.apache.catalina.core.StandardContext.reload Reloading Context with name [/SessionBlog] has started
03-Feb-2020 18:16:20.996 INFO [http-nio-8081-exec-1] org.apache.jasper.servlet.TldScanner.scanJars At least one JAR was scanned for TLDs yet contained no TLDs. Enable debug logging for this logger for a complete list of JARs that were scanned but no TLDs were found in them. Skipping unneeded JARs during scanning can improve startup time and JSP compilation time.
03-Feb-2020 18:16:20.999 INFO [http-nio-8081-exec-1] org.apache.catalina.core.StandardContext.reload Reloading Context with name [/SessionBlog] is completed
03-Feb-2020 18:17:06.610 INFO [http-nio-8081-exec-24] org.apache.catalina.core.StandardContext.reload Reloading Context with name [/SessionBlog] has started
03-Feb-2020 18:17:07.648 INFO [http-nio-8081-exec-24] org.apache.jasper.servlet.TldScanner.scanJars At least one JAR was scanned for TLDs yet contained no TLDs. Enable debug logging for this logger for a complete list of JARs that were scanned but no TLDs were found in them. Skipping unneeded JARs during scanning can improve startup time and JSP compilation time.
03-Feb-2020 18:17:07.656 INFO [http-nio-8081-exec-24] org.apache.catalina.core.StandardContext.reload Reloading Context with name [/SessionBlog] is completed
03-Feb-2020 18:17:17.975 INFO [http-nio-8081-exec-28] org.apache.catalina.core.StandardContext.reload Reloading Context with name [/SessionBlog] has started
03-Feb-2020 18:17:19.059 INFO [http-nio-8081-exec-28] org.apache.jasper.servlet.TldScanner.scanJars At least one JAR was scanned for TLDs yet contained no TLDs. Enable debug logging for this logger for a complete list of JARs that were scanned but no TLDs were found in them. Skipping unneeded JARs during scanning can improve startup time and JSP compilation time.
03-Feb-2020 18:17:19.065 INFO [http-nio-8081-exec-28] org.apache.catalina.core.StandardContext.reload Reloading Context with name [/SessionBlog] is completed
03-Feb-2020 18:17:19.448 INFO [http-nio-8081-exec-12] org.apache.catalina.core.StandardContext.reload Reloading Context with name [/SessionBlog] has started
03-Feb-2020 18:17:20.555 INFO [http-nio-8081-exec-12] org.apache.jasper.servlet.TldScanner.scanJars At least one JAR was scanned for TLDs yet contained no TLDs. Enable debug logging for this logger for a complete list of JARs that were scanned but no TLDs were found in them. Skipping unneeded JARs during scanning can improve startup time and JSP compilation time.
03-Feb-2020 18:17:20.560 INFO [http-nio-8081-exec-12] org.apache.catalina.core.StandardContext.reload Reloading Context with name [/SessionBlog] is completed
03-Feb-2020 18:18:23.703 INFO [http-nio-8081-exec-35] org.apache.catalina.core.StandardContext.reload Reloading Context with name [/SessionBlog] has started
03-Feb-2020 18:18:24.699 INFO [http-nio-8081-exec-35] org.apache.jasper.servlet.TldScanner.scanJars At least one JAR was scanned for TLDs yet contained no TLDs. Enable debug logging for this logger for a complete list of JARs that were scanned but no TLDs were found in them. Skipping unneeded JARs during scanning can improve startup time and JSP compilation time.
03-Feb-2020 18:18:24.703 INFO [http-nio-8081-exec-35] org.apache.catalina.core.StandardContext.reload Reloading Context with name [/SessionBlog] is completed
03-Feb-2020 18:21:17.486 INFO [http-nio-8081-exec-41] org.apache.catalina.core.StandardContext.reload Reloading Context with name [/SessionBlog] has started
03-Feb-2020 18:21:18.496 INFO [http-nio-8081-exec-41] org.apache.jasper.servlet.TldScanner.scanJars At least one JAR was scanned for TLDs yet contained no TLDs. Enable debug logging for this logger for a complete list of JARs that were scanned but no TLDs were found in them. Skipping unneeded JARs during scanning can improve startup time and JSP compilation time.
03-Feb-2020 18:21:18.499 INFO [http-nio-8081-exec-41] org.apache.catalina.core.StandardContext.reload Reloading Context with name [/SessionBlog] is completed
03-Feb-2020 18:21:43.923 INFO [http-nio-8081-exec-26] org.apache.catalina.core.StandardContext.reload Reloading Context with name [/SessionBlog] has started
03-Feb-2020 18:21:44.996 INFO [http-nio-8081-exec-26] org.apache.jasper.servlet.TldScanner.scanJars At least one JAR was scanned for TLDs yet contained no TLDs. Enable debug logging for this logger for a complete list of JARs that were scanned but no TLDs were found in them. Skipping unneeded JARs during scanning can improve startup time and JSP compilation time.
03-Feb-2020 18:21:44.998 INFO [http-nio-8081-exec-26] org.apache.catalina.core.StandardContext.reload Reloading Context with name [/SessionBlog] is completed
03-Feb-2020 18:23:33.564 INFO [http-nio-8081-exec-48] org.apache.catalina.core.StandardContext.reload Reloading Context with name [/SessionBlog] has started
03-Feb-2020 18:23:34.580 INFO [http-nio-8081-exec-48] org.apache.jasper.servlet.TldScanner.scanJars At least one JAR was scanned for TLDs yet contained no TLDs. Enable debug logging for this logger for a complete list of JARs that were scanned but no TLDs were found in them. Skipping unneeded JARs during scanning can improve startup time and JSP compilation time.
03-Feb-2020 18:23:34.583 INFO [http-nio-8081-exec-48] org.apache.catalina.core.StandardContext.reload Reloading Context with name [/SessionBlog] is completed
03-Feb-2020 18:23:47.527 INFO [main] org.apache.catalina.core.StandardServer.await A valid shutdown command was received via the shutdown port. Stopping the Server instance.
03-Feb-2020 18:23:47.527 INFO [main] org.apache.coyote.AbstractProtocol.pause Pausing ProtocolHandler ["http-nio-8081"]
03-Feb-2020 18:23:47.581 INFO [main] org.apache.coyote.AbstractProtocol.pause Pausing ProtocolHandler ["ajp-nio-8009"]
03-Feb-2020 18:23:47.632 INFO [main] org.apache.catalina.core.StandardService.stopInternal Stopping service Catalina
03-Feb-2020 18:23:47.647 INFO [main] org.apache.coyote.AbstractProtocol.stop Stopping ProtocolHandler ["http-nio-8081"]
03-Feb-2020 18:23:47.649 INFO [main] org.apache.coyote.AbstractProtocol.stop Stopping ProtocolHandler ["ajp-nio-8009"]
03-Feb-2020 18:23:47.649 INFO [main] org.apache.coyote.AbstractProtocol.destroy Destroying ProtocolHandler ["http-nio-8081"]
03-Feb-2020 18:23:47.650 INFO [main] org.apache.coyote.AbstractProtocol.destroy Destroying ProtocolHandler ["ajp-nio-8009"]
