21-Apr-2018 01:04:39.505 INFO [http-nio-8080-exec-37] org.apache.catalina.core.StandardContext.reload Reloading Context with name [/WebSpringSkel] has started
21-Apr-2018 01:04:39.590 INFO [http-nio-8080-exec-37] org.springframework.context.support.AbstractApplicationContext.doClose Closing WebApplicationContext for namespace 'dispatcher-servlet': startup date [Fri Apr 20 20:17:07 CEST 2018]; parent: Root WebApplicationContext
21-Apr-2018 01:04:39.745 INFO [http-nio-8080-exec-37] org.springframework.context.support.AbstractApplicationContext.doClose Closing Root WebApplicationContext: startup date [Fri Apr 20 20:17:07 CEST 2018]; root of context hierarchy
21-Apr-2018 01:04:42.344 INFO [main] org.apache.catalina.core.StandardServer.await A valid shutdown command was received via the shutdown port. Stopping the Server instance.
21-Apr-2018 01:04:42.353 INFO [main] org.apache.coyote.AbstractProtocol.pause Pausing ProtocolHandler ["http-nio-8080"]
21-Apr-2018 01:04:42.411 INFO [main] org.apache.coyote.AbstractProtocol.pause Pausing ProtocolHandler ["ajp-nio-8009"]
21-Apr-2018 01:04:42.466 INFO [main] org.apache.catalina.core.StandardService.stopInternal Stopping service Catalina
21-Apr-2018 01:04:43.735 INFO [http-nio-8080-exec-37] org.springframework.web.context.ContextLoader.initWebApplicationContext Root WebApplicationContext: initialization started
21-Apr-2018 01:04:43.837 INFO [http-nio-8080-exec-37] org.springframework.context.support.AbstractApplicationContext.prepareRefresh Refreshing Root WebApplicationContext: startup date [Sat Apr 21 01:04:43 CEST 2018]; root of context hierarchy
21-Apr-2018 01:04:43.888 INFO [http-nio-8080-exec-37] org.springframework.beans.factory.xml.XmlBeanDefinitionReader.loadBeanDefinitions Loading XML bean definitions from ServletContext resource [/WEB-INF/applicationContext.xml]
21-Apr-2018 01:04:43.957 INFO [http-nio-8080-exec-37] org.springframework.web.context.ContextLoader.initWebApplicationContext Root WebApplicationContext: initialization completed in 222 ms
21-Apr-2018 01:04:43.973 INFO [http-nio-8080-exec-37] org.springframework.web.servlet.FrameworkServlet.initServletBean FrameworkServlet 'dispatcher': initialization started
21-Apr-2018 01:04:43.976 INFO [http-nio-8080-exec-37] org.springframework.context.support.AbstractApplicationContext.prepareRefresh Refreshing WebApplicationContext for namespace 'dispatcher-servlet': startup date [Sat Apr 21 01:04:43 CEST 2018]; parent: Root WebApplicationContext
21-Apr-2018 01:04:43.977 INFO [http-nio-8080-exec-37] org.springframework.beans.factory.xml.XmlBeanDefinitionReader.loadBeanDefinitions Loading XML bean definitions from ServletContext resource [/WEB-INF/dispatcher-servlet.xml]
21-Apr-2018 01:04:44.233 INFO [http-nio-8080-exec-37] org.springframework.web.servlet.handler.AbstractUrlHandlerMapping.registerHandler Mapped URL path [/controllermultimap] onto handler 'controllerMultiMap'
21-Apr-2018 01:04:44.234 INFO [http-nio-8080-exec-37] org.springframework.web.servlet.handler.AbstractUrlHandlerMapping.registerHandler Mapped URL path [/controllermultimap/*] onto handler 'controllerMultiMap'
21-Apr-2018 01:04:44.297 INFO [http-nio-8080-exec-37] org.springframework.web.servlet.handler.AbstractUrlHandlerMapping.registerHandler Mapped URL path [/index.htm] onto handler 'indexController'
21-Apr-2018 01:04:44.506 INFO [http-nio-8080-exec-37] org.springframework.web.servlet.FrameworkServlet.initServletBean FrameworkServlet 'dispatcher': initialization completed in 533 ms
21-Apr-2018 01:04:44.510 INFO [http-nio-8080-exec-37] org.apache.catalina.core.StandardContext.reload Reloading Context with name [/WebSpringSkel] is completed
21-Apr-2018 01:04:44.670 INFO [localhost-startStop-2] org.springframework.context.support.AbstractApplicationContext.doClose Closing WebApplicationContext for namespace 'dispatcher-servlet': startup date [Sat Apr 21 01:04:43 CEST 2018]; parent: Root WebApplicationContext
21-Apr-2018 01:04:44.672 INFO [localhost-startStop-2] org.springframework.context.support.AbstractApplicationContext.doClose Closing Root WebApplicationContext: startup date [Sat Apr 21 01:04:43 CEST 2018]; root of context hierarchy
21-Apr-2018 01:04:44.678 INFO [main] org.apache.coyote.AbstractProtocol.stop Stopping ProtocolHandler ["http-nio-8080"]
21-Apr-2018 01:04:44.792 INFO [main] org.apache.coyote.AbstractProtocol.stop Stopping ProtocolHandler ["ajp-nio-8009"]
21-Apr-2018 01:04:44.894 INFO [main] org.apache.coyote.AbstractProtocol.destroy Destroying ProtocolHandler ["http-nio-8080"]
21-Apr-2018 01:04:44.896 INFO [main] org.apache.coyote.AbstractProtocol.destroy Destroying ProtocolHandler ["ajp-nio-8009"]
21-Apr-2018 19:59:27.135 INFO [main] org.apache.catalina.startup.VersionLoggerListener.log Server version:        Apache Tomcat/8.0.30
21-Apr-2018 19:59:27.139 INFO [main] org.apache.catalina.startup.VersionLoggerListener.log Server built:          Dec 1 2015 22:30:46 UTC
21-Apr-2018 19:59:27.139 INFO [main] org.apache.catalina.startup.VersionLoggerListener.log Server number:         8.0.30.0
21-Apr-2018 19:59:27.139 INFO [main] org.apache.catalina.startup.VersionLoggerListener.log OS Name:               Mac OS X
21-Apr-2018 19:59:27.140 INFO [main] org.apache.catalina.startup.VersionLoggerListener.log OS Version:            10.12.6
21-Apr-2018 19:59:27.140 INFO [main] org.apache.catalina.startup.VersionLoggerListener.log Architecture:          x86_64
21-Apr-2018 19:59:27.144 INFO [main] org.apache.catalina.startup.VersionLoggerListener.log Java Home:             /Library/Java/JavaVirtualMachines/jdk1.8.0_66.jdk/Contents/Home/jre
21-Apr-2018 19:59:27.146 INFO [main] org.apache.catalina.startup.VersionLoggerListener.log JVM Version:           1.8.0_66-b17
21-Apr-2018 19:59:27.147 INFO [main] org.apache.catalina.startup.VersionLoggerListener.log JVM Vendor:            Oracle Corporation
21-Apr-2018 19:59:27.147 INFO [main] org.apache.catalina.startup.VersionLoggerListener.log CATALINA_BASE:         /Users/ptom/NetBeansProjects/apache-tomcat-8.0.30
21-Apr-2018 19:59:27.148 INFO [main] org.apache.catalina.startup.VersionLoggerListener.log CATALINA_HOME:         /Users/ptom/NetBeansProjects/apache-tomcat-8.0.30
21-Apr-2018 19:59:27.149 INFO [main] org.apache.catalina.startup.VersionLoggerListener.log Command line argument: -Djava.util.logging.config.file=/Users/ptom/NetBeansProjects/apache-tomcat-8.0.30/conf/logging.properties
21-Apr-2018 19:59:27.149 INFO [main] org.apache.catalina.startup.VersionLoggerListener.log Command line argument: -Djava.util.logging.manager=org.apache.juli.ClassLoaderLogManager
21-Apr-2018 19:59:27.149 INFO [main] org.apache.catalina.startup.VersionLoggerListener.log Command line argument: -Dhttp.nonProxyHosts=localhost|127.0.0.1|iMac-di-Paolo-6.station
21-Apr-2018 19:59:27.149 INFO [main] org.apache.catalina.startup.VersionLoggerListener.log Command line argument: -Djava.endorsed.dirs=/Users/ptom/NetBeansProjects/apache-tomcat-8.0.30/endorsed
21-Apr-2018 19:59:27.149 INFO [main] org.apache.catalina.startup.VersionLoggerListener.log Command line argument: -Dcatalina.base=/Users/ptom/NetBeansProjects/apache-tomcat-8.0.30
21-Apr-2018 19:59:27.149 INFO [main] org.apache.catalina.startup.VersionLoggerListener.log Command line argument: -Dcatalina.home=/Users/ptom/NetBeansProjects/apache-tomcat-8.0.30
21-Apr-2018 19:59:27.150 INFO [main] org.apache.catalina.startup.VersionLoggerListener.log Command line argument: -Djava.io.tmpdir=/Users/ptom/NetBeansProjects/apache-tomcat-8.0.30/temp
21-Apr-2018 19:59:27.150 INFO [main] org.apache.catalina.core.AprLifecycleListener.lifecycleEvent The APR based Apache Tomcat Native library which allows optimal performance in production environments was not found on the java.library.path: /Users/ptom/Library/Java/Extensions:/Library/Java/Extensions:/Network/Library/Java/Extensions:/System/Library/Java/Extensions:/usr/lib/java:.
21-Apr-2018 19:59:27.892 INFO [main] org.apache.coyote.AbstractProtocol.init Initializing ProtocolHandler ["http-nio-8080"]
21-Apr-2018 19:59:28.054 INFO [main] org.apache.tomcat.util.net.NioSelectorPool.getSharedSelector Using a shared selector for servlet write/read
21-Apr-2018 19:59:28.073 INFO [main] org.apache.coyote.AbstractProtocol.init Initializing ProtocolHandler ["ajp-nio-8009"]
21-Apr-2018 19:59:28.082 INFO [main] org.apache.tomcat.util.net.NioSelectorPool.getSharedSelector Using a shared selector for servlet write/read
21-Apr-2018 19:59:28.082 INFO [main] org.apache.catalina.startup.Catalina.load Initialization processed in 2578 ms
21-Apr-2018 19:59:28.169 INFO [main] org.apache.catalina.core.StandardService.startInternal Starting service Catalina
21-Apr-2018 19:59:28.170 INFO [main] org.apache.catalina.core.StandardEngine.startInternal Starting Servlet Engine: Apache Tomcat/8.0.30
21-Apr-2018 19:59:28.230 INFO [localhost-startStop-1] org.apache.catalina.startup.HostConfig.deployDescriptor Deploying configuration descriptor /Users/ptom/NetBeansProjects/apache-tomcat-8.0.30/conf/Catalina/localhost/WebSpringSkel.xml
21-Apr-2018 19:59:32.882 INFO [localhost-startStop-1] org.apache.jasper.servlet.TldScanner.scanJars At least one JAR was scanned for TLDs yet contained no TLDs. Enable debug logging for this logger for a complete list of JARs that were scanned but no TLDs were found in them. Skipping unneeded JARs during scanning can improve startup time and JSP compilation time.
21-Apr-2018 19:59:33.067 INFO [localhost-startStop-1] org.springframework.web.context.ContextLoader.initWebApplicationContext Root WebApplicationContext: initialization started
21-Apr-2018 19:59:33.463 INFO [localhost-startStop-1] org.springframework.context.support.AbstractApplicationContext.prepareRefresh Refreshing Root WebApplicationContext: startup date [Sat Apr 21 19:59:33 CEST 2018]; root of context hierarchy
21-Apr-2018 19:59:33.667 INFO [localhost-startStop-1] org.springframework.beans.factory.xml.XmlBeanDefinitionReader.loadBeanDefinitions Loading XML bean definitions from ServletContext resource [/WEB-INF/applicationContext.xml]
21-Apr-2018 19:59:34.090 INFO [localhost-startStop-1] org.springframework.web.context.ContextLoader.initWebApplicationContext Root WebApplicationContext: initialization completed in 1021 ms
21-Apr-2018 19:59:34.307 INFO [localhost-startStop-1] org.springframework.web.servlet.FrameworkServlet.initServletBean FrameworkServlet 'dispatcher': initialization started
21-Apr-2018 19:59:34.313 INFO [localhost-startStop-1] org.springframework.context.support.AbstractApplicationContext.prepareRefresh Refreshing WebApplicationContext for namespace 'dispatcher-servlet': startup date [Sat Apr 21 19:59:34 CEST 2018]; parent: Root WebApplicationContext
21-Apr-2018 19:59:34.318 INFO [localhost-startStop-1] org.springframework.beans.factory.xml.XmlBeanDefinitionReader.loadBeanDefinitions Loading XML bean definitions from ServletContext resource [/WEB-INF/dispatcher-servlet.xml]
21-Apr-2018 19:59:35.118 INFO [localhost-startStop-1] org.springframework.web.servlet.handler.AbstractUrlHandlerMapping.registerHandler Mapped URL path [/controllermultimap] onto handler 'controllerMultiMap'
21-Apr-2018 19:59:35.121 INFO [localhost-startStop-1] org.springframework.web.servlet.handler.AbstractUrlHandlerMapping.registerHandler Mapped URL path [/controllermultimap/*] onto handler 'controllerMultiMap'
21-Apr-2018 19:59:35.316 INFO [localhost-startStop-1] org.springframework.web.servlet.handler.AbstractUrlHandlerMapping.registerHandler Mapped URL path [/index.htm] onto handler 'indexController'
21-Apr-2018 19:59:36.236 INFO [localhost-startStop-1] org.springframework.web.servlet.FrameworkServlet.initServletBean FrameworkServlet 'dispatcher': initialization completed in 1929 ms
21-Apr-2018 19:59:36.307 INFO [localhost-startStop-1] org.apache.catalina.startup.HostConfig.deployDescriptor Deployment of configuration descriptor /Users/ptom/NetBeansProjects/apache-tomcat-8.0.30/conf/Catalina/localhost/WebSpringSkel.xml has finished in 8,075 ms
21-Apr-2018 19:59:36.310 INFO [localhost-startStop-1] org.apache.catalina.startup.HostConfig.deployDirectory Deploying web application directory /Users/ptom/NetBeansProjects/apache-tomcat-8.0.30/webapps/docs
21-Apr-2018 19:59:36.413 INFO [localhost-startStop-1] org.apache.jasper.servlet.TldScanner.scanJars At least one JAR was scanned for TLDs yet contained no TLDs. Enable debug logging for this logger for a complete list of JARs that were scanned but no TLDs were found in them. Skipping unneeded JARs during scanning can improve startup time and JSP compilation time.
21-Apr-2018 19:59:36.416 INFO [localhost-startStop-1] org.apache.catalina.startup.HostConfig.deployDirectory Deployment of web application directory /Users/ptom/NetBeansProjects/apache-tomcat-8.0.30/webapps/docs has finished in 106 ms
21-Apr-2018 19:59:36.416 INFO [localhost-startStop-1] org.apache.catalina.startup.HostConfig.deployDirectory Deploying web application directory /Users/ptom/NetBeansProjects/apache-tomcat-8.0.30/webapps/examples
21-Apr-2018 19:59:37.066 INFO [localhost-startStop-1] org.apache.jasper.servlet.TldScanner.scanJars At least one JAR was scanned for TLDs yet contained no TLDs. Enable debug logging for this logger for a complete list of JARs that were scanned but no TLDs were found in them. Skipping unneeded JARs during scanning can improve startup time and JSP compilation time.
21-Apr-2018 19:59:37.193 INFO [localhost-startStop-1] org.apache.catalina.startup.HostConfig.deployDirectory Deployment of web application directory /Users/ptom/NetBeansProjects/apache-tomcat-8.0.30/webapps/examples has finished in 776 ms
21-Apr-2018 19:59:37.193 INFO [localhost-startStop-1] org.apache.catalina.startup.HostConfig.deployDirectory Deploying web application directory /Users/ptom/NetBeansProjects/apache-tomcat-8.0.30/webapps/host-manager
21-Apr-2018 19:59:37.397 INFO [localhost-startStop-1] org.apache.jasper.servlet.TldScanner.scanJars At least one JAR was scanned for TLDs yet contained no TLDs. Enable debug logging for this logger for a complete list of JARs that were scanned but no TLDs were found in them. Skipping unneeded JARs during scanning can improve startup time and JSP compilation time.
21-Apr-2018 19:59:37.408 INFO [localhost-startStop-1] org.apache.catalina.startup.HostConfig.deployDirectory Deployment of web application directory /Users/ptom/NetBeansProjects/apache-tomcat-8.0.30/webapps/host-manager has finished in 215 ms
21-Apr-2018 19:59:37.409 INFO [localhost-startStop-1] org.apache.catalina.startup.HostConfig.deployDirectory Deploying web application directory /Users/ptom/NetBeansProjects/apache-tomcat-8.0.30/webapps/manager
21-Apr-2018 19:59:37.490 INFO [localhost-startStop-1] org.apache.jasper.servlet.TldScanner.scanJars At least one JAR was scanned for TLDs yet contained no TLDs. Enable debug logging for this logger for a complete list of JARs that were scanned but no TLDs were found in them. Skipping unneeded JARs during scanning can improve startup time and JSP compilation time.
21-Apr-2018 19:59:37.494 INFO [localhost-startStop-1] org.apache.catalina.startup.HostConfig.deployDirectory Deployment of web application directory /Users/ptom/NetBeansProjects/apache-tomcat-8.0.30/webapps/manager has finished in 85 ms
21-Apr-2018 19:59:37.498 INFO [main] org.apache.coyote.AbstractProtocol.start Starting ProtocolHandler ["http-nio-8080"]
21-Apr-2018 19:59:37.511 INFO [main] org.apache.coyote.AbstractProtocol.start Starting ProtocolHandler ["ajp-nio-8009"]
21-Apr-2018 19:59:37.515 INFO [main] org.apache.catalina.startup.Catalina.start Server startup in 9432 ms
21-Apr-2018 19:59:39.972 INFO [http-nio-8080-exec-5] org.springframework.context.support.AbstractApplicationContext.doClose Closing WebApplicationContext for namespace 'dispatcher-servlet': startup date [Sat Apr 21 19:59:34 CEST 2018]; parent: Root WebApplicationContext
21-Apr-2018 19:59:39.980 INFO [http-nio-8080-exec-5] org.springframework.context.support.AbstractApplicationContext.doClose Closing Root WebApplicationContext: startup date [Sat Apr 21 19:59:33 CEST 2018]; root of context hierarchy
21-Apr-2018 19:59:40.507 INFO [http-nio-8080-exec-5] org.apache.catalina.startup.HostConfig.undeploy Undeploying context [/WebSpringSkel]
21-Apr-2018 19:59:40.570 INFO [http-nio-8080-exec-3] org.apache.catalina.startup.HostConfig.deployDescriptor Deploying configuration descriptor /Users/ptom/NetBeansProjects/apache-tomcat-8.0.30/conf/Catalina/localhost/WebSpringSkel.xml
21-Apr-2018 19:59:44.816 INFO [http-nio-8080-exec-3] org.springframework.web.context.ContextLoader.initWebApplicationContext Root WebApplicationContext: initialization started
21-Apr-2018 19:59:45.281 INFO [http-nio-8080-exec-3] org.springframework.context.support.AbstractApplicationContext.prepareRefresh Refreshing Root WebApplicationContext: startup date [Sat Apr 21 19:59:45 CEST 2018]; root of context hierarchy
21-Apr-2018 19:59:45.389 INFO [http-nio-8080-exec-3] org.springframework.beans.factory.xml.XmlBeanDefinitionReader.loadBeanDefinitions Loading XML bean definitions from ServletContext resource [/WEB-INF/applicationContext.xml]
21-Apr-2018 19:59:45.753 INFO [http-nio-8080-exec-3] org.springframework.web.context.ContextLoader.initWebApplicationContext Root WebApplicationContext: initialization completed in 937 ms
21-Apr-2018 19:59:45.833 INFO [http-nio-8080-exec-3] org.springframework.web.servlet.FrameworkServlet.initServletBean FrameworkServlet 'dispatcher': initialization started
21-Apr-2018 19:59:45.844 INFO [http-nio-8080-exec-3] org.springframework.context.support.AbstractApplicationContext.prepareRefresh Refreshing WebApplicationContext for namespace 'dispatcher-servlet': startup date [Sat Apr 21 19:59:45 CEST 2018]; parent: Root WebApplicationContext
21-Apr-2018 19:59:45.847 INFO [http-nio-8080-exec-3] org.springframework.beans.factory.xml.XmlBeanDefinitionReader.loadBeanDefinitions Loading XML bean definitions from ServletContext resource [/WEB-INF/dispatcher-servlet.xml]
21-Apr-2018 19:59:46.535 INFO [http-nio-8080-exec-3] org.springframework.web.servlet.handler.AbstractUrlHandlerMapping.registerHandler Mapped URL path [/controllermultimap] onto handler 'controllerMultiMap'
21-Apr-2018 19:59:46.537 INFO [http-nio-8080-exec-3] org.springframework.web.servlet.handler.AbstractUrlHandlerMapping.registerHandler Mapped URL path [/controllermultimap/*] onto handler 'controllerMultiMap'
21-Apr-2018 19:59:46.659 INFO [http-nio-8080-exec-3] org.springframework.web.servlet.handler.AbstractUrlHandlerMapping.registerHandler Mapped URL path [/index.htm] onto handler 'indexController'
21-Apr-2018 19:59:47.093 INFO [http-nio-8080-exec-3] org.springframework.web.servlet.FrameworkServlet.initServletBean FrameworkServlet 'dispatcher': initialization completed in 1260 ms
21-Apr-2018 19:59:47.118 INFO [http-nio-8080-exec-3] org.apache.catalina.startup.HostConfig.deployDescriptor Deployment of configuration descriptor /Users/ptom/NetBeansProjects/apache-tomcat-8.0.30/conf/Catalina/localhost/WebSpringSkel.xml has finished in 6,548 ms
21-Apr-2018 19:59:58.373 WARNING [http-nio-8080-exec-7] org.springframework.web.servlet.DispatcherServlet.noHandlerFound No mapping found for HTTP request with URI [/WebSpringSkel/NOMESERVIZIO.htm] in DispatcherServlet with name 'dispatcher'
21-Apr-2018 20:07:02.833 WARNING [http-nio-8080-exec-12] org.springframework.web.servlet.DispatcherServlet.noHandlerFound No mapping found for HTTP request with URI [/WebSpringSkel/NOMESERVIZIO.htm] in DispatcherServlet with name 'dispatcher'
21-Apr-2018 20:12:35.220 WARNING [http-nio-8080-exec-16] org.springframework.web.servlet.DispatcherServlet.noHandlerFound No mapping found for HTTP request with URI [/WebSpringSkel/NOMESERVIZIO.htm] in DispatcherServlet with name 'dispatcher'
21-Apr-2018 20:13:40.177 INFO [http-nio-8080-exec-13] org.springframework.context.support.AbstractApplicationContext.doClose Closing WebApplicationContext for namespace 'dispatcher-servlet': startup date [Sat Apr 21 19:59:45 CEST 2018]; parent: Root WebApplicationContext
21-Apr-2018 20:13:40.234 INFO [http-nio-8080-exec-13] org.springframework.context.support.AbstractApplicationContext.doClose Closing Root WebApplicationContext: startup date [Sat Apr 21 19:59:45 CEST 2018]; root of context hierarchy
21-Apr-2018 20:13:40.772 INFO [http-nio-8080-exec-13] org.apache.catalina.startup.HostConfig.undeploy Undeploying context [/WebSpringSkel]
21-Apr-2018 20:15:48.780 INFO [http-nio-8080-exec-27] org.apache.catalina.startup.HostConfig.deployDescriptor Deploying configuration descriptor /Users/ptom/NetBeansProjects/apache-tomcat-8.0.30/conf/Catalina/localhost/WebSpringSkel.xml
21-Apr-2018 20:15:54.114 INFO [http-nio-8080-exec-27] org.springframework.web.context.ContextLoader.initWebApplicationContext Root WebApplicationContext: initialization started
21-Apr-2018 20:15:54.368 INFO [http-nio-8080-exec-27] org.springframework.context.support.AbstractApplicationContext.prepareRefresh Refreshing Root WebApplicationContext: startup date [Sat Apr 21 20:15:54 CEST 2018]; root of context hierarchy
21-Apr-2018 20:15:54.504 INFO [http-nio-8080-exec-27] org.springframework.beans.factory.xml.XmlBeanDefinitionReader.loadBeanDefinitions Loading XML bean definitions from ServletContext resource [/WEB-INF/applicationContext.xml]
21-Apr-2018 20:15:54.779 INFO [http-nio-8080-exec-27] org.springframework.web.context.ContextLoader.initWebApplicationContext Root WebApplicationContext: initialization completed in 665 ms
21-Apr-2018 20:15:54.853 INFO [http-nio-8080-exec-27] org.springframework.web.servlet.FrameworkServlet.initServletBean FrameworkServlet 'dispatcher': initialization started
21-Apr-2018 20:15:54.902 INFO [http-nio-8080-exec-27] org.springframework.context.support.AbstractApplicationContext.prepareRefresh Refreshing WebApplicationContext for namespace 'dispatcher-servlet': startup date [Sat Apr 21 20:15:54 CEST 2018]; parent: Root WebApplicationContext
21-Apr-2018 20:15:54.909 INFO [http-nio-8080-exec-27] org.springframework.beans.factory.xml.XmlBeanDefinitionReader.loadBeanDefinitions Loading XML bean definitions from ServletContext resource [/WEB-INF/dispatcher-servlet.xml]
21-Apr-2018 20:15:55.855 INFO [http-nio-8080-exec-27] org.springframework.web.servlet.handler.AbstractUrlHandlerMapping.registerHandler Mapped URL path [/controllermultimap] onto handler 'controllerMultiMap'
21-Apr-2018 20:15:55.862 INFO [http-nio-8080-exec-27] org.springframework.web.servlet.handler.AbstractUrlHandlerMapping.registerHandler Mapped URL path [/controllermultimap/*] onto handler 'controllerMultiMap'
21-Apr-2018 20:15:56.024 INFO [http-nio-8080-exec-27] org.springframework.web.servlet.handler.AbstractUrlHandlerMapping.registerHandler Mapped URL path [/index.htm] onto handler 'indexController'
21-Apr-2018 20:15:56.516 INFO [http-nio-8080-exec-27] org.springframework.web.servlet.FrameworkServlet.initServletBean FrameworkServlet 'dispatcher': initialization completed in 1662 ms
21-Apr-2018 20:15:56.521 INFO [http-nio-8080-exec-27] org.apache.catalina.startup.HostConfig.deployDescriptor Deployment of configuration descriptor /Users/ptom/NetBeansProjects/apache-tomcat-8.0.30/conf/Catalina/localhost/WebSpringSkel.xml has finished in 7,741 ms
21-Apr-2018 20:15:56.632 INFO [http-nio-8080-exec-21] org.apache.catalina.util.LifecycleBase.start The start() method was called on component [StandardEngine[Catalina].StandardHost[localhost].StandardContext[/WebSpringSkel]] after start() had already been called. The second call will be ignored.
21-Apr-2018 20:15:57.139 WARNING [http-nio-8080-exec-24] org.springframework.web.servlet.DispatcherServlet.noHandlerFound No mapping found for HTTP request with URI [/WebSpringSkel/NOMESERVIZIO.htm] in DispatcherServlet with name 'dispatcher'
21-Apr-2018 20:16:55.887 WARNING [http-nio-8080-exec-26] org.springframework.web.servlet.DispatcherServlet.noHandlerFound No mapping found for HTTP request with URI [/WebSpringSkel/NOMESERVIZIO.htm] in DispatcherServlet with name 'dispatcher'
21-Apr-2018 20:18:59.391 WARNING [http-nio-8080-exec-28] org.springframework.web.servlet.DispatcherServlet.noHandlerFound No mapping found for HTTP request with URI [/WebSpringSkel/NOMESERVIZIO.htm] in DispatcherServlet with name 'dispatcher'
21-Apr-2018 20:19:06.515 WARNING [http-nio-8080-exec-21] org.springframework.web.servlet.DispatcherServlet.noHandlerFound No mapping found for HTTP request with URI [/WebSpringSkel/NOMESERVIZIO.htm] in DispatcherServlet with name 'dispatcher'
21-Apr-2018 20:19:19.042 WARNING [http-nio-8080-exec-23] org.springframework.web.servlet.DispatcherServlet.noHandlerFound No mapping found for HTTP request with URI [/WebSpringSkel/NOMESERVIZIO.htm] in DispatcherServlet with name 'dispatcher'
21-Apr-2018 20:20:11.735 WARNING [http-nio-8080-exec-27] org.springframework.web.servlet.DispatcherServlet.noHandlerFound No mapping found for HTTP request with URI [/WebSpringSkel/NOMESERVIZIO.htm] in DispatcherServlet with name 'dispatcher'
21-Apr-2018 21:27:13.502 WARNING [http-nio-8080-exec-24] org.springframework.web.servlet.DispatcherServlet.noHandlerFound No mapping found for HTTP request with URI [/WebSpringSkel/NOMESERVIZIO.htm] in DispatcherServlet with name 'dispatcher'
21-Apr-2018 21:27:51.776 WARNING [http-nio-8080-exec-25] org.springframework.web.servlet.DispatcherServlet.noHandlerFound No mapping found for HTTP request with URI [/WebSpringSkel/NOMESERVIZIO.htm] in DispatcherServlet with name 'dispatcher'
21-Apr-2018 21:32:43.429 INFO [http-nio-8080-exec-25] org.apache.catalina.core.StandardContext.reload Reloading Context with name [/WebSpringSkel] has started
21-Apr-2018 21:32:43.434 INFO [http-nio-8080-exec-25] org.springframework.context.support.AbstractApplicationContext.doClose Closing WebApplicationContext for namespace 'dispatcher-servlet': startup date [Sat Apr 21 20:15:54 CEST 2018]; parent: Root WebApplicationContext
21-Apr-2018 21:32:43.439 INFO [http-nio-8080-exec-25] org.springframework.context.support.AbstractApplicationContext.doClose Closing Root WebApplicationContext: startup date [Sat Apr 21 20:15:54 CEST 2018]; root of context hierarchy
21-Apr-2018 21:32:49.279 INFO [http-nio-8080-exec-25] org.springframework.web.context.ContextLoader.initWebApplicationContext Root WebApplicationContext: initialization started
21-Apr-2018 21:32:49.495 INFO [http-nio-8080-exec-25] org.springframework.context.support.AbstractApplicationContext.prepareRefresh Refreshing Root WebApplicationContext: startup date [Sat Apr 21 21:32:49 CEST 2018]; root of context hierarchy
21-Apr-2018 21:32:49.613 INFO [http-nio-8080-exec-25] org.springframework.beans.factory.xml.XmlBeanDefinitionReader.loadBeanDefinitions Loading XML bean definitions from ServletContext resource [/WEB-INF/applicationContext.xml]
21-Apr-2018 21:32:49.757 INFO [http-nio-8080-exec-25] org.springframework.web.context.ContextLoader.initWebApplicationContext Root WebApplicationContext: initialization completed in 477 ms
21-Apr-2018 21:32:49.796 INFO [http-nio-8080-exec-25] org.springframework.web.servlet.FrameworkServlet.initServletBean FrameworkServlet 'dispatcher': initialization started
21-Apr-2018 21:32:49.806 INFO [http-nio-8080-exec-25] org.springframework.context.support.AbstractApplicationContext.prepareRefresh Refreshing WebApplicationContext for namespace 'dispatcher-servlet': startup date [Sat Apr 21 21:32:49 CEST 2018]; parent: Root WebApplicationContext
21-Apr-2018 21:32:49.811 INFO [http-nio-8080-exec-25] org.springframework.beans.factory.xml.XmlBeanDefinitionReader.loadBeanDefinitions Loading XML bean definitions from ServletContext resource [/WEB-INF/dispatcher-servlet.xml]
21-Apr-2018 21:32:50.350 INFO [http-nio-8080-exec-25] org.springframework.web.servlet.handler.AbstractUrlHandlerMapping.registerHandler Mapped URL path [/controllermultimap] onto handler 'controllerMultiMap'
21-Apr-2018 21:32:50.351 INFO [http-nio-8080-exec-25] org.springframework.web.servlet.handler.AbstractUrlHandlerMapping.registerHandler Mapped URL path [/controllermultimap/*] onto handler 'controllerMultiMap'
21-Apr-2018 21:32:50.419 INFO [http-nio-8080-exec-25] org.springframework.web.servlet.handler.AbstractUrlHandlerMapping.registerHandler Mapped URL path [/index.htm] onto handler 'indexController'
21-Apr-2018 21:32:50.608 INFO [http-nio-8080-exec-25] org.springframework.web.servlet.FrameworkServlet.initServletBean FrameworkServlet 'dispatcher': initialization completed in 812 ms
21-Apr-2018 21:32:50.629 INFO [http-nio-8080-exec-25] org.apache.catalina.core.StandardContext.reload Reloading Context with name [/WebSpringSkel] is completed
21-Apr-2018 21:32:50.675 INFO [http-nio-8080-exec-30] org.springframework.context.support.AbstractApplicationContext.doClose Closing WebApplicationContext for namespace 'dispatcher-servlet': startup date [Sat Apr 21 21:32:49 CEST 2018]; parent: Root WebApplicationContext
21-Apr-2018 21:32:50.689 INFO [http-nio-8080-exec-30] org.springframework.context.support.AbstractApplicationContext.doClose Closing Root WebApplicationContext: startup date [Sat Apr 21 21:32:49 CEST 2018]; root of context hierarchy
21-Apr-2018 21:32:51.214 INFO [http-nio-8080-exec-30] org.apache.catalina.startup.HostConfig.undeploy Undeploying context [/WebSpringSkel]
21-Apr-2018 21:32:51.270 INFO [http-nio-8080-exec-22] org.apache.catalina.startup.HostConfig.deployDescriptor Deploying configuration descriptor /Users/ptom/NetBeansProjects/apache-tomcat-8.0.30/conf/Catalina/localhost/WebSpringSkel.xml
21-Apr-2018 21:32:53.134 INFO [http-nio-8080-exec-22] org.springframework.web.context.ContextLoader.initWebApplicationContext Root WebApplicationContext: initialization started
21-Apr-2018 21:32:53.301 INFO [http-nio-8080-exec-22] org.springframework.context.support.AbstractApplicationContext.prepareRefresh Refreshing Root WebApplicationContext: startup date [Sat Apr 21 21:32:53 CEST 2018]; root of context hierarchy
21-Apr-2018 21:32:53.371 INFO [http-nio-8080-exec-22] org.springframework.beans.factory.xml.XmlBeanDefinitionReader.loadBeanDefinitions Loading XML bean definitions from ServletContext resource [/WEB-INF/applicationContext.xml]
21-Apr-2018 21:32:53.455 INFO [http-nio-8080-exec-22] org.springframework.web.context.ContextLoader.initWebApplicationContext Root WebApplicationContext: initialization completed in 321 ms
21-Apr-2018 21:32:53.504 INFO [http-nio-8080-exec-22] org.springframework.web.servlet.FrameworkServlet.initServletBean FrameworkServlet 'dispatcher': initialization started
21-Apr-2018 21:32:53.509 INFO [http-nio-8080-exec-22] org.springframework.context.support.AbstractApplicationContext.prepareRefresh Refreshing WebApplicationContext for namespace 'dispatcher-servlet': startup date [Sat Apr 21 21:32:53 CEST 2018]; parent: Root WebApplicationContext
21-Apr-2018 21:32:53.510 INFO [http-nio-8080-exec-22] org.springframework.beans.factory.xml.XmlBeanDefinitionReader.loadBeanDefinitions Loading XML bean definitions from ServletContext resource [/WEB-INF/dispatcher-servlet.xml]
21-Apr-2018 21:32:53.878 INFO [http-nio-8080-exec-22] org.springframework.web.servlet.handler.AbstractUrlHandlerMapping.registerHandler Mapped URL path [/controllermultimap] onto handler 'controllerMultiMap'
21-Apr-2018 21:32:53.878 INFO [http-nio-8080-exec-22] org.springframework.web.servlet.handler.AbstractUrlHandlerMapping.registerHandler Mapped URL path [/controllermultimap/*] onto handler 'controllerMultiMap'
21-Apr-2018 21:32:53.949 INFO [http-nio-8080-exec-22] org.springframework.web.servlet.handler.AbstractUrlHandlerMapping.registerHandler Mapped URL path [/index.htm] onto handler 'indexController'
21-Apr-2018 21:32:54.113 INFO [http-nio-8080-exec-22] org.springframework.web.servlet.FrameworkServlet.initServletBean FrameworkServlet 'dispatcher': initialization completed in 608 ms
21-Apr-2018 21:32:54.130 INFO [http-nio-8080-exec-22] org.apache.catalina.startup.HostConfig.deployDescriptor Deployment of configuration descriptor /Users/ptom/NetBeansProjects/apache-tomcat-8.0.30/conf/Catalina/localhost/WebSpringSkel.xml has finished in 2,861 ms
21-Apr-2018 21:32:54.169 INFO [http-nio-8080-exec-32] org.apache.catalina.util.LifecycleBase.start The start() method was called on component [StandardEngine[Catalina].StandardHost[localhost].StandardContext[/WebSpringSkel]] after start() had already been called. The second call will be ignored.
21-Apr-2018 21:37:28.608 INFO [http-nio-8080-exec-39] org.springframework.context.support.AbstractApplicationContext.doClose Closing WebApplicationContext for namespace 'dispatcher-servlet': startup date [Sat Apr 21 21:32:53 CEST 2018]; parent: Root WebApplicationContext
21-Apr-2018 21:37:28.627 INFO [http-nio-8080-exec-39] org.springframework.context.support.AbstractApplicationContext.doClose Closing Root WebApplicationContext: startup date [Sat Apr 21 21:32:53 CEST 2018]; root of context hierarchy
21-Apr-2018 21:37:29.172 INFO [http-nio-8080-exec-39] org.apache.catalina.startup.HostConfig.undeploy Undeploying context [/WebSpringSkel]
21-Apr-2018 21:43:07.937 INFO [http-nio-8080-exec-46] org.apache.catalina.startup.HostConfig.deployDescriptor Deploying configuration descriptor /Users/ptom/NetBeansProjects/apache-tomcat-8.0.30/conf/Catalina/localhost/WebSpringSkel.xml
21-Apr-2018 21:43:11.034 INFO [http-nio-8080-exec-46] org.springframework.web.context.ContextLoader.initWebApplicationContext Root WebApplicationContext: initialization started
21-Apr-2018 21:43:11.234 INFO [http-nio-8080-exec-46] org.springframework.context.support.AbstractApplicationContext.prepareRefresh Refreshing Root WebApplicationContext: startup date [Sat Apr 21 21:43:11 CEST 2018]; root of context hierarchy
21-Apr-2018 21:43:11.358 INFO [http-nio-8080-exec-46] org.springframework.beans.factory.xml.XmlBeanDefinitionReader.loadBeanDefinitions Loading XML bean definitions from ServletContext resource [/WEB-INF/applicationContext.xml]
21-Apr-2018 21:43:11.508 INFO [http-nio-8080-exec-46] org.springframework.web.context.ContextLoader.initWebApplicationContext Root WebApplicationContext: initialization completed in 473 ms
21-Apr-2018 21:43:11.558 INFO [http-nio-8080-exec-46] org.springframework.web.servlet.FrameworkServlet.initServletBean FrameworkServlet 'dispatcher': initialization started
21-Apr-2018 21:43:11.564 INFO [http-nio-8080-exec-46] org.springframework.context.support.AbstractApplicationContext.prepareRefresh Refreshing WebApplicationContext for namespace 'dispatcher-servlet': startup date [Sat Apr 21 21:43:11 CEST 2018]; parent: Root WebApplicationContext
21-Apr-2018 21:43:11.567 INFO [http-nio-8080-exec-46] org.springframework.beans.factory.xml.XmlBeanDefinitionReader.loadBeanDefinitions Loading XML bean definitions from ServletContext resource [/WEB-INF/dispatcher-servlet.xml]
21-Apr-2018 21:43:11.987 INFO [http-nio-8080-exec-46] org.springframework.web.servlet.handler.AbstractUrlHandlerMapping.registerHandler Mapped URL path [/controllermultimap] onto handler 'controllerMultiMap'
21-Apr-2018 21:43:11.988 INFO [http-nio-8080-exec-46] org.springframework.web.servlet.handler.AbstractUrlHandlerMapping.registerHandler Mapped URL path [/controllermultimap/*] onto handler 'controllerMultiMap'
21-Apr-2018 21:43:12.053 INFO [http-nio-8080-exec-46] org.springframework.web.servlet.handler.AbstractUrlHandlerMapping.registerHandler Mapped URL path [/index.htm] onto handler 'indexController'
21-Apr-2018 21:43:12.293 INFO [http-nio-8080-exec-46] org.springframework.web.servlet.FrameworkServlet.initServletBean FrameworkServlet 'dispatcher': initialization completed in 735 ms
21-Apr-2018 21:43:12.313 INFO [http-nio-8080-exec-46] org.apache.catalina.startup.HostConfig.deployDescriptor Deployment of configuration descriptor /Users/ptom/NetBeansProjects/apache-tomcat-8.0.30/conf/Catalina/localhost/WebSpringSkel.xml has finished in 4,375 ms
21-Apr-2018 21:43:12.374 INFO [http-nio-8080-exec-47] org.apache.catalina.util.LifecycleBase.start The start() method was called on component [StandardEngine[Catalina].StandardHost[localhost].StandardContext[/WebSpringSkel]] after start() had already been called. The second call will be ignored.
21-Apr-2018 21:43:45.585 WARNING [http-nio-8080-exec-46] org.springframework.web.servlet.DispatcherServlet.noHandlerFound No mapping found for HTTP request with URI [/WebSpringSkel/NOMESERVIZIO.htm] in DispatcherServlet with name 'dispatcher'
