17-Apr-2018 22:20:54.830 INFO [main] org.apache.catalina.startup.VersionLoggerListener.log Server version:        Apache Tomcat/8.0.30
17-Apr-2018 22:20:54.835 INFO [main] org.apache.catalina.startup.VersionLoggerListener.log Server built:          Dec 1 2015 22:30:46 UTC
17-Apr-2018 22:20:54.835 INFO [main] org.apache.catalina.startup.VersionLoggerListener.log Server number:         8.0.30.0
17-Apr-2018 22:20:54.835 INFO [main] org.apache.catalina.startup.VersionLoggerListener.log OS Name:               Mac OS X
17-Apr-2018 22:20:54.835 INFO [main] org.apache.catalina.startup.VersionLoggerListener.log OS Version:            10.12.6
17-Apr-2018 22:20:54.835 INFO [main] org.apache.catalina.startup.VersionLoggerListener.log Architecture:          x86_64
17-Apr-2018 22:20:54.836 INFO [main] org.apache.catalina.startup.VersionLoggerListener.log Java Home:             /Library/Java/JavaVirtualMachines/jdk1.8.0_66.jdk/Contents/Home/jre
17-Apr-2018 22:20:54.836 INFO [main] org.apache.catalina.startup.VersionLoggerListener.log JVM Version:           1.8.0_66-b17
17-Apr-2018 22:20:54.836 INFO [main] org.apache.catalina.startup.VersionLoggerListener.log JVM Vendor:            Oracle Corporation
17-Apr-2018 22:20:54.837 INFO [main] org.apache.catalina.startup.VersionLoggerListener.log CATALINA_BASE:         /Users/ptom/NetBeansProjects/apache-tomcat-8.0.30
17-Apr-2018 22:20:54.837 INFO [main] org.apache.catalina.startup.VersionLoggerListener.log CATALINA_HOME:         /Users/ptom/NetBeansProjects/apache-tomcat-8.0.30
17-Apr-2018 22:20:54.838 INFO [main] org.apache.catalina.startup.VersionLoggerListener.log Command line argument: -Djava.util.logging.config.file=/Users/ptom/NetBeansProjects/apache-tomcat-8.0.30/conf/logging.properties
17-Apr-2018 22:20:54.839 INFO [main] org.apache.catalina.startup.VersionLoggerListener.log Command line argument: -Djava.util.logging.manager=org.apache.juli.ClassLoaderLogManager
17-Apr-2018 22:20:54.839 INFO [main] org.apache.catalina.startup.VersionLoggerListener.log Command line argument: -Dhttp.nonProxyHosts=localhost|127.0.0.1|iMac-di-Paolo-6.station
17-Apr-2018 22:20:54.839 INFO [main] org.apache.catalina.startup.VersionLoggerListener.log Command line argument: -Djava.endorsed.dirs=/Users/ptom/NetBeansProjects/apache-tomcat-8.0.30/endorsed
17-Apr-2018 22:20:54.839 INFO [main] org.apache.catalina.startup.VersionLoggerListener.log Command line argument: -Dcatalina.base=/Users/ptom/NetBeansProjects/apache-tomcat-8.0.30
17-Apr-2018 22:20:54.839 INFO [main] org.apache.catalina.startup.VersionLoggerListener.log Command line argument: -Dcatalina.home=/Users/ptom/NetBeansProjects/apache-tomcat-8.0.30
17-Apr-2018 22:20:54.839 INFO [main] org.apache.catalina.startup.VersionLoggerListener.log Command line argument: -Djava.io.tmpdir=/Users/ptom/NetBeansProjects/apache-tomcat-8.0.30/temp
17-Apr-2018 22:20:54.840 INFO [main] org.apache.catalina.core.AprLifecycleListener.lifecycleEvent The APR based Apache Tomcat Native library which allows optimal performance in production environments was not found on the java.library.path: /Users/ptom/Library/Java/Extensions:/Library/Java/Extensions:/Network/Library/Java/Extensions:/System/Library/Java/Extensions:/usr/lib/java:.
17-Apr-2018 22:20:55.223 INFO [main] org.apache.coyote.AbstractProtocol.init Initializing ProtocolHandler ["http-nio-8080"]
17-Apr-2018 22:20:55.304 INFO [main] org.apache.tomcat.util.net.NioSelectorPool.getSharedSelector Using a shared selector for servlet write/read
17-Apr-2018 22:20:55.314 INFO [main] org.apache.coyote.AbstractProtocol.init Initializing ProtocolHandler ["ajp-nio-8009"]
17-Apr-2018 22:20:55.317 INFO [main] org.apache.tomcat.util.net.NioSelectorPool.getSharedSelector Using a shared selector for servlet write/read
17-Apr-2018 22:20:55.318 INFO [main] org.apache.catalina.startup.Catalina.load Initialization processed in 1839 ms
17-Apr-2018 22:20:55.454 INFO [main] org.apache.catalina.core.StandardService.startInternal Starting service Catalina
17-Apr-2018 22:20:55.454 INFO [main] org.apache.catalina.core.StandardEngine.startInternal Starting Servlet Engine: Apache Tomcat/8.0.30
17-Apr-2018 22:20:55.464 INFO [localhost-startStop-1] org.apache.catalina.startup.HostConfig.deployDescriptor Deploying configuration descriptor /Users/ptom/NetBeansProjects/apache-tomcat-8.0.30/conf/Catalina/localhost/skel-servlet_1.xml
17-Apr-2018 22:20:55.518 WARNING [localhost-startStop-1] org.apache.catalina.startup.SetContextPropertiesRule.begin [SetContextPropertiesRule]{Context} Setting property 'antiJARLocking' to 'true' did not find a matching property.
17-Apr-2018 22:20:55.587 SEVERE [localhost-startStop-1] org.apache.catalina.core.ContainerBase.addChildInternal ContainerBase.addChild: start: 
 org.apache.catalina.LifecycleException: Failed to start component [StandardEngine[Catalina].StandardHost[localhost].StandardContext[/skel-servlet_1]]
	at org.apache.catalina.util.LifecycleBase.start(LifecycleBase.java:154)
	at org.apache.catalina.core.ContainerBase.addChildInternal(ContainerBase.java:725)
	at org.apache.catalina.core.ContainerBase.addChild(ContainerBase.java:701)
	at org.apache.catalina.core.StandardHost.addChild(StandardHost.java:717)
	at org.apache.catalina.startup.HostConfig.deployDescriptor(HostConfig.java:586)
	at org.apache.catalina.startup.HostConfig$DeployDescriptor.run(HostConfig.java:1777)
	at java.util.concurrent.Executors$RunnableAdapter.call(Executors.java:511)
	at java.util.concurrent.FutureTask.run(FutureTask.java:266)
	at java.util.concurrent.ThreadPoolExecutor.runWorker(ThreadPoolExecutor.java:1142)
	at java.util.concurrent.ThreadPoolExecutor$Worker.run(ThreadPoolExecutor.java:617)
	at java.lang.Thread.run(Thread.java:745)
Caused by: org.apache.catalina.LifecycleException: Failed to start component [org.apache.catalina.webresources.StandardRoot@6528007a]
	at org.apache.catalina.util.LifecycleBase.start(LifecycleBase.java:154)
	at org.apache.catalina.core.StandardContext.resourcesStart(StandardContext.java:4928)
	at org.apache.catalina.core.StandardContext.startInternal(StandardContext.java:5058)
	at org.apache.catalina.util.LifecycleBase.start(LifecycleBase.java:150)
	... 10 more
Caused by: java.lang.IllegalArgumentException: The main resource set specified [/Users/ptom/Downloads/skel-servlet_1_bonfante/build/web] is not valid
	at org.apache.catalina.webresources.StandardRoot.createMainResourceSet(StandardRoot.java:723)
	at org.apache.catalina.webresources.StandardRoot.startInternal(StandardRoot.java:684)
	at org.apache.catalina.util.LifecycleBase.start(LifecycleBase.java:150)
	... 13 more

17-Apr-2018 22:20:55.588 SEVERE [localhost-startStop-1] org.apache.catalina.startup.HostConfig.deployDescriptor Error deploying configuration descriptor /Users/ptom/NetBeansProjects/apache-tomcat-8.0.30/conf/Catalina/localhost/skel-servlet_1.xml
 java.lang.IllegalStateException: ContainerBase.addChild: start: org.apache.catalina.LifecycleException: Failed to start component [StandardEngine[Catalina].StandardHost[localhost].StandardContext[/skel-servlet_1]]
	at org.apache.catalina.core.ContainerBase.addChildInternal(ContainerBase.java:729)
	at org.apache.catalina.core.ContainerBase.addChild(ContainerBase.java:701)
	at org.apache.catalina.core.StandardHost.addChild(StandardHost.java:717)
	at org.apache.catalina.startup.HostConfig.deployDescriptor(HostConfig.java:586)
	at org.apache.catalina.startup.HostConfig$DeployDescriptor.run(HostConfig.java:1777)
	at java.util.concurrent.Executors$RunnableAdapter.call(Executors.java:511)
	at java.util.concurrent.FutureTask.run(FutureTask.java:266)
	at java.util.concurrent.ThreadPoolExecutor.runWorker(ThreadPoolExecutor.java:1142)
	at java.util.concurrent.ThreadPoolExecutor$Worker.run(ThreadPoolExecutor.java:617)
	at java.lang.Thread.run(Thread.java:745)

17-Apr-2018 22:20:55.589 INFO [localhost-startStop-1] org.apache.catalina.startup.HostConfig.deployDescriptor Deployment of configuration descriptor /Users/ptom/NetBeansProjects/apache-tomcat-8.0.30/conf/Catalina/localhost/skel-servlet_1.xml has finished in 124 ms
17-Apr-2018 22:20:55.589 INFO [localhost-startStop-1] org.apache.catalina.startup.HostConfig.deployDescriptor Deploying configuration descriptor /Users/ptom/NetBeansProjects/apache-tomcat-8.0.30/conf/Catalina/localhost/skel-servlet_1_freeM.xml
17-Apr-2018 22:20:55.594 WARNING [localhost-startStop-1] org.apache.catalina.startup.SetContextPropertiesRule.begin [SetContextPropertiesRule]{Context} Setting property 'antiJARLocking' to 'true' did not find a matching property.
17-Apr-2018 22:20:55.598 SEVERE [localhost-startStop-1] org.apache.catalina.core.ContainerBase.addChildInternal ContainerBase.addChild: start: 
 org.apache.catalina.LifecycleException: Failed to start component [StandardEngine[Catalina].StandardHost[localhost].StandardContext[/skel-servlet_1_freeM]]
	at org.apache.catalina.util.LifecycleBase.start(LifecycleBase.java:154)
	at org.apache.catalina.core.ContainerBase.addChildInternal(ContainerBase.java:725)
	at org.apache.catalina.core.ContainerBase.addChild(ContainerBase.java:701)
	at org.apache.catalina.core.StandardHost.addChild(StandardHost.java:717)
	at org.apache.catalina.startup.HostConfig.deployDescriptor(HostConfig.java:586)
	at org.apache.catalina.startup.HostConfig$DeployDescriptor.run(HostConfig.java:1777)
	at java.util.concurrent.Executors$RunnableAdapter.call(Executors.java:511)
	at java.util.concurrent.FutureTask.run(FutureTask.java:266)
	at java.util.concurrent.ThreadPoolExecutor.runWorker(ThreadPoolExecutor.java:1142)
	at java.util.concurrent.ThreadPoolExecutor$Worker.run(ThreadPoolExecutor.java:617)
	at java.lang.Thread.run(Thread.java:745)
Caused by: org.apache.catalina.LifecycleException: Failed to start component [org.apache.catalina.webresources.StandardRoot@33ba5d37]
	at org.apache.catalina.util.LifecycleBase.start(LifecycleBase.java:154)
	at org.apache.catalina.core.StandardContext.resourcesStart(StandardContext.java:4928)
	at org.apache.catalina.core.StandardContext.startInternal(StandardContext.java:5058)
	at org.apache.catalina.util.LifecycleBase.start(LifecycleBase.java:150)
	... 10 more
Caused by: java.lang.IllegalArgumentException: The main resource set specified [/Users/ptom/Downloads/skel-servlet_1_freeM/build/web] is not valid
	at org.apache.catalina.webresources.StandardRoot.createMainResourceSet(StandardRoot.java:723)
	at org.apache.catalina.webresources.StandardRoot.startInternal(StandardRoot.java:684)
	at org.apache.catalina.util.LifecycleBase.start(LifecycleBase.java:150)
	... 13 more

17-Apr-2018 22:20:55.598 SEVERE [localhost-startStop-1] org.apache.catalina.startup.HostConfig.deployDescriptor Error deploying configuration descriptor /Users/ptom/NetBeansProjects/apache-tomcat-8.0.30/conf/Catalina/localhost/skel-servlet_1_freeM.xml
 java.lang.IllegalStateException: ContainerBase.addChild: start: org.apache.catalina.LifecycleException: Failed to start component [StandardEngine[Catalina].StandardHost[localhost].StandardContext[/skel-servlet_1_freeM]]
	at org.apache.catalina.core.ContainerBase.addChildInternal(ContainerBase.java:729)
	at org.apache.catalina.core.ContainerBase.addChild(ContainerBase.java:701)
	at org.apache.catalina.core.StandardHost.addChild(StandardHost.java:717)
	at org.apache.catalina.startup.HostConfig.deployDescriptor(HostConfig.java:586)
	at org.apache.catalina.startup.HostConfig$DeployDescriptor.run(HostConfig.java:1777)
	at java.util.concurrent.Executors$RunnableAdapter.call(Executors.java:511)
	at java.util.concurrent.FutureTask.run(FutureTask.java:266)
	at java.util.concurrent.ThreadPoolExecutor.runWorker(ThreadPoolExecutor.java:1142)
	at java.util.concurrent.ThreadPoolExecutor$Worker.run(ThreadPoolExecutor.java:617)
	at java.lang.Thread.run(Thread.java:745)

17-Apr-2018 22:20:55.599 INFO [localhost-startStop-1] org.apache.catalina.startup.HostConfig.deployDescriptor Deployment of configuration descriptor /Users/ptom/NetBeansProjects/apache-tomcat-8.0.30/conf/Catalina/localhost/skel-servlet_1_freeM.xml has finished in 9 ms
17-Apr-2018 22:20:55.599 INFO [localhost-startStop-1] org.apache.catalina.startup.HostConfig.deployDescriptor Deploying configuration descriptor /Users/ptom/NetBeansProjects/apache-tomcat-8.0.30/conf/Catalina/localhost/WebAppSpring.xml
17-Apr-2018 22:20:55.603 WARNING [localhost-startStop-1] org.apache.catalina.startup.SetContextPropertiesRule.begin [SetContextPropertiesRule]{Context} Setting property 'antiJARLocking' to 'true' did not find a matching property.
17-Apr-2018 22:20:59.781 INFO [localhost-startStop-1] org.apache.jasper.servlet.TldScanner.scanJars At least one JAR was scanned for TLDs yet contained no TLDs. Enable debug logging for this logger for a complete list of JARs that were scanned but no TLDs were found in them. Skipping unneeded JARs during scanning can improve startup time and JSP compilation time.
17-Apr-2018 22:20:59.954 INFO [localhost-startStop-1] org.springframework.web.context.ContextLoader.initWebApplicationContext Root WebApplicationContext: initialization started
17-Apr-2018 22:21:00.283 INFO [localhost-startStop-1] org.springframework.context.support.AbstractApplicationContext.prepareRefresh Refreshing Root WebApplicationContext: startup date [Tue Apr 17 22:21:00 CEST 2018]; root of context hierarchy
17-Apr-2018 22:21:00.441 INFO [localhost-startStop-1] org.springframework.beans.factory.xml.XmlBeanDefinitionReader.loadBeanDefinitions Loading XML bean definitions from ServletContext resource [/WEB-INF/applicationContext.xml]
17-Apr-2018 22:21:01.412 INFO [localhost-startStop-1] org.springframework.beans.factory.support.DefaultListableBeanFactory.preInstantiateSingletons Pre-instantiating singletons in org.springframework.beans.factory.support.DefaultListableBeanFactory@4b1a3936: defining beans [org.springframework.context.annotation.internalConfigurationAnnotationProcessor,org.springframework.context.annotation.internalAutowiredAnnotationProcessor,org.springframework.context.annotation.internalRequiredAnnotationProcessor,org.springframework.context.annotation.internalCommonAnnotationProcessor,controllerProva,cityDAOImpl,daoManager,helloService,dataSource,org.springframework.context.annotation.ConfigurationClassPostProcessor.importAwareProcessor]; root of factory hierarchy
17-Apr-2018 22:21:01.419 INFO [localhost-startStop-1] org.springframework.web.context.ContextLoader.initWebApplicationContext Root WebApplicationContext: initialization completed in 1465 ms
17-Apr-2018 22:21:01.562 INFO [localhost-startStop-1] org.springframework.web.servlet.FrameworkServlet.initServletBean FrameworkServlet 'dispatcher': initialization started
17-Apr-2018 22:21:01.567 INFO [localhost-startStop-1] org.springframework.context.support.AbstractApplicationContext.prepareRefresh Refreshing WebApplicationContext for namespace 'dispatcher-servlet': startup date [Tue Apr 17 22:21:01 CEST 2018]; parent: Root WebApplicationContext
17-Apr-2018 22:21:01.569 INFO [localhost-startStop-1] org.springframework.beans.factory.xml.XmlBeanDefinitionReader.loadBeanDefinitions Loading XML bean definitions from ServletContext resource [/WEB-INF/dispatcher-servlet.xml]
17-Apr-2018 22:21:01.776 INFO [localhost-startStop-1] org.springframework.beans.factory.support.DefaultListableBeanFactory.preInstantiateSingletons Pre-instantiating singletons in org.springframework.beans.factory.support.DefaultListableBeanFactory@39e7fe83: defining beans [org.springframework.context.annotation.internalConfigurationAnnotationProcessor,org.springframework.context.annotation.internalAutowiredAnnotationProcessor,org.springframework.context.annotation.internalRequiredAnnotationProcessor,org.springframework.context.annotation.internalCommonAnnotationProcessor,controllerProva,cityDAOImpl,daoManager,helloService,freemarkerConfig,viewResolver,org.springframework.context.annotation.ConfigurationClassPostProcessor.importAwareProcessor]; parent: org.springframework.beans.factory.support.DefaultListableBeanFactory@4b1a3936
17-Apr-2018 22:21:02.990 INFO [localhost-startStop-1] org.springframework.jdbc.datasource.DriverManagerDataSource.setDriverClassName Loaded JDBC driver: org.apache.derby.jdbc.EmbeddedDriver
17-Apr-2018 22:21:02.991 INFO [localhost-startStop-1] org.springframework.web.servlet.handler.AbstractUrlHandlerMapping.registerHandler Mapped URL path [/index.html] onto handler 'controllerProva'
17-Apr-2018 22:21:02.992 INFO [localhost-startStop-1] org.springframework.web.servlet.handler.AbstractUrlHandlerMapping.registerHandler Mapped URL path [/welcome] onto handler 'controllerProva'
17-Apr-2018 22:21:02.992 INFO [localhost-startStop-1] org.springframework.web.servlet.handler.AbstractUrlHandlerMapping.registerHandler Mapped URL path [/welcome.*] onto handler 'controllerProva'
17-Apr-2018 22:21:02.992 INFO [localhost-startStop-1] org.springframework.web.servlet.handler.AbstractUrlHandlerMapping.registerHandler Mapped URL path [/welcome/] onto handler 'controllerProva'
17-Apr-2018 22:21:02.993 INFO [localhost-startStop-1] org.springframework.web.servlet.handler.AbstractUrlHandlerMapping.registerHandler Mapped URL path [/hello] onto handler 'controllerProva'
17-Apr-2018 22:21:02.993 INFO [localhost-startStop-1] org.springframework.web.servlet.handler.AbstractUrlHandlerMapping.registerHandler Mapped URL path [/hello.*] onto handler 'controllerProva'
17-Apr-2018 22:21:02.993 INFO [localhost-startStop-1] org.springframework.web.servlet.handler.AbstractUrlHandlerMapping.registerHandler Mapped URL path [/hello/] onto handler 'controllerProva'
17-Apr-2018 22:21:03.606 INFO [localhost-startStop-1] org.springframework.web.servlet.FrameworkServlet.initServletBean FrameworkServlet 'dispatcher': initialization completed in 2043 ms
17-Apr-2018 22:21:03.645 INFO [localhost-startStop-1] org.apache.catalina.startup.HostConfig.deployDescriptor Deployment of configuration descriptor /Users/ptom/NetBeansProjects/apache-tomcat-8.0.30/conf/Catalina/localhost/WebAppSpring.xml has finished in 8,046 ms
17-Apr-2018 22:21:03.646 INFO [localhost-startStop-1] org.apache.catalina.startup.HostConfig.deployDirectory Deploying web application directory /Users/ptom/NetBeansProjects/apache-tomcat-8.0.30/webapps/docs
17-Apr-2018 22:21:03.777 INFO [localhost-startStop-1] org.apache.jasper.servlet.TldScanner.scanJars At least one JAR was scanned for TLDs yet contained no TLDs. Enable debug logging for this logger for a complete list of JARs that were scanned but no TLDs were found in them. Skipping unneeded JARs during scanning can improve startup time and JSP compilation time.
17-Apr-2018 22:21:03.782 INFO [localhost-startStop-1] org.apache.catalina.startup.HostConfig.deployDirectory Deployment of web application directory /Users/ptom/NetBeansProjects/apache-tomcat-8.0.30/webapps/docs has finished in 136 ms
17-Apr-2018 22:21:03.783 INFO [localhost-startStop-1] org.apache.catalina.startup.HostConfig.deployDirectory Deploying web application directory /Users/ptom/NetBeansProjects/apache-tomcat-8.0.30/webapps/examples
17-Apr-2018 22:21:04.346 INFO [localhost-startStop-1] org.apache.jasper.servlet.TldScanner.scanJars At least one JAR was scanned for TLDs yet contained no TLDs. Enable debug logging for this logger for a complete list of JARs that were scanned but no TLDs were found in them. Skipping unneeded JARs during scanning can improve startup time and JSP compilation time.
17-Apr-2018 22:21:04.422 INFO [localhost-startStop-1] org.apache.catalina.startup.HostConfig.deployDirectory Deployment of web application directory /Users/ptom/NetBeansProjects/apache-tomcat-8.0.30/webapps/examples has finished in 639 ms
17-Apr-2018 22:21:04.422 INFO [localhost-startStop-1] org.apache.catalina.startup.HostConfig.deployDirectory Deploying web application directory /Users/ptom/NetBeansProjects/apache-tomcat-8.0.30/webapps/host-manager
17-Apr-2018 22:21:04.535 INFO [localhost-startStop-1] org.apache.jasper.servlet.TldScanner.scanJars At least one JAR was scanned for TLDs yet contained no TLDs. Enable debug logging for this logger for a complete list of JARs that were scanned but no TLDs were found in them. Skipping unneeded JARs during scanning can improve startup time and JSP compilation time.
17-Apr-2018 22:21:04.541 INFO [localhost-startStop-1] org.apache.catalina.startup.HostConfig.deployDirectory Deployment of web application directory /Users/ptom/NetBeansProjects/apache-tomcat-8.0.30/webapps/host-manager has finished in 119 ms
17-Apr-2018 22:21:04.541 INFO [localhost-startStop-1] org.apache.catalina.startup.HostConfig.deployDirectory Deploying web application directory /Users/ptom/NetBeansProjects/apache-tomcat-8.0.30/webapps/manager
17-Apr-2018 22:21:04.658 INFO [localhost-startStop-1] org.apache.jasper.servlet.TldScanner.scanJars At least one JAR was scanned for TLDs yet contained no TLDs. Enable debug logging for this logger for a complete list of JARs that were scanned but no TLDs were found in them. Skipping unneeded JARs during scanning can improve startup time and JSP compilation time.
17-Apr-2018 22:21:04.664 INFO [localhost-startStop-1] org.apache.catalina.startup.HostConfig.deployDirectory Deployment of web application directory /Users/ptom/NetBeansProjects/apache-tomcat-8.0.30/webapps/manager has finished in 123 ms
17-Apr-2018 22:21:04.676 INFO [main] org.apache.coyote.AbstractProtocol.start Starting ProtocolHandler ["http-nio-8080"]
17-Apr-2018 22:21:04.689 INFO [main] org.apache.coyote.AbstractProtocol.start Starting ProtocolHandler ["ajp-nio-8009"]
17-Apr-2018 22:21:04.690 INFO [main] org.apache.catalina.startup.Catalina.start Server startup in 9372 ms
17-Apr-2018 22:21:05.641 INFO [http-nio-8080-exec-7] org.springframework.context.support.AbstractApplicationContext.doClose Closing WebApplicationContext for namespace 'dispatcher-servlet': startup date [Tue Apr 17 22:21:01 CEST 2018]; parent: Root WebApplicationContext
17-Apr-2018 22:21:05.643 INFO [http-nio-8080-exec-7] org.springframework.beans.factory.support.DefaultSingletonBeanRegistry.destroySingletons Destroying singletons in org.springframework.beans.factory.support.DefaultListableBeanFactory@39e7fe83: defining beans [org.springframework.context.annotation.internalConfigurationAnnotationProcessor,org.springframework.context.annotation.internalAutowiredAnnotationProcessor,org.springframework.context.annotation.internalRequiredAnnotationProcessor,org.springframework.context.annotation.internalCommonAnnotationProcessor,controllerProva,cityDAOImpl,daoManager,helloService,freemarkerConfig,viewResolver,org.springframework.context.annotation.ConfigurationClassPostProcessor.importAwareProcessor]; parent: org.springframework.beans.factory.support.DefaultListableBeanFactory@4b1a3936
17-Apr-2018 22:21:05.647 INFO [http-nio-8080-exec-7] org.springframework.context.support.AbstractApplicationContext.doClose Closing Root WebApplicationContext: startup date [Tue Apr 17 22:21:00 CEST 2018]; root of context hierarchy
17-Apr-2018 22:21:05.648 INFO [http-nio-8080-exec-7] org.springframework.beans.factory.support.DefaultSingletonBeanRegistry.destroySingletons Destroying singletons in org.springframework.beans.factory.support.DefaultListableBeanFactory@4b1a3936: defining beans [org.springframework.context.annotation.internalConfigurationAnnotationProcessor,org.springframework.context.annotation.internalAutowiredAnnotationProcessor,org.springframework.context.annotation.internalRequiredAnnotationProcessor,org.springframework.context.annotation.internalCommonAnnotationProcessor,controllerProva,cityDAOImpl,daoManager,helloService,dataSource,org.springframework.context.annotation.ConfigurationClassPostProcessor.importAwareProcessor]; root of factory hierarchy
17-Apr-2018 22:21:05.658 WARNING [http-nio-8080-exec-7] org.apache.catalina.loader.WebappClassLoaderBase.clearReferencesJdbc The web application [WebAppSpring] registered the JDBC driver [org.apache.derby.jdbc.AutoloadedDriver] but failed to unregister it when the web application was stopped. To prevent a memory leak, the JDBC Driver has been forcibly unregistered.
17-Apr-2018 22:21:06.173 INFO [http-nio-8080-exec-7] org.apache.catalina.startup.HostConfig.undeploy Undeploying context [/WebAppSpring]
17-Apr-2018 22:21:06.219 INFO [http-nio-8080-exec-4] org.apache.catalina.startup.HostConfig.deployDescriptor Deploying configuration descriptor /Users/ptom/NetBeansProjects/apache-tomcat-8.0.30/conf/Catalina/localhost/WebAppSpring.xml
17-Apr-2018 22:21:06.225 WARNING [http-nio-8080-exec-4] org.apache.catalina.startup.SetContextPropertiesRule.begin [SetContextPropertiesRule]{Context} Setting property 'antiJARLocking' to 'true' did not find a matching property.
17-Apr-2018 22:21:09.125 INFO [http-nio-8080-exec-4] org.springframework.web.context.ContextLoader.initWebApplicationContext Root WebApplicationContext: initialization started
17-Apr-2018 22:21:09.232 INFO [http-nio-8080-exec-4] org.springframework.context.support.AbstractApplicationContext.prepareRefresh Refreshing Root WebApplicationContext: startup date [Tue Apr 17 22:21:09 CEST 2018]; root of context hierarchy
17-Apr-2018 22:21:09.347 INFO [http-nio-8080-exec-4] org.springframework.beans.factory.xml.XmlBeanDefinitionReader.loadBeanDefinitions Loading XML bean definitions from ServletContext resource [/WEB-INF/applicationContext.xml]
17-Apr-2018 22:21:09.801 INFO [http-nio-8080-exec-4] org.springframework.beans.factory.support.DefaultListableBeanFactory.preInstantiateSingletons Pre-instantiating singletons in org.springframework.beans.factory.support.DefaultListableBeanFactory@3c81d9bf: defining beans [org.springframework.context.annotation.internalConfigurationAnnotationProcessor,org.springframework.context.annotation.internalAutowiredAnnotationProcessor,org.springframework.context.annotation.internalRequiredAnnotationProcessor,org.springframework.context.annotation.internalCommonAnnotationProcessor,controllerProva,cityDAOImpl,daoManager,helloService,dataSource,org.springframework.context.annotation.ConfigurationClassPostProcessor.importAwareProcessor]; root of factory hierarchy
17-Apr-2018 22:21:09.814 INFO [http-nio-8080-exec-4] org.springframework.web.context.ContextLoader.initWebApplicationContext Root WebApplicationContext: initialization completed in 689 ms
17-Apr-2018 22:21:09.829 INFO [http-nio-8080-exec-4] org.springframework.web.servlet.FrameworkServlet.initServletBean FrameworkServlet 'dispatcher': initialization started
17-Apr-2018 22:21:09.838 INFO [http-nio-8080-exec-4] org.springframework.context.support.AbstractApplicationContext.prepareRefresh Refreshing WebApplicationContext for namespace 'dispatcher-servlet': startup date [Tue Apr 17 22:21:09 CEST 2018]; parent: Root WebApplicationContext
17-Apr-2018 22:21:09.839 INFO [http-nio-8080-exec-4] org.springframework.beans.factory.xml.XmlBeanDefinitionReader.loadBeanDefinitions Loading XML bean definitions from ServletContext resource [/WEB-INF/dispatcher-servlet.xml]
17-Apr-2018 22:21:09.953 INFO [http-nio-8080-exec-4] org.springframework.beans.factory.support.DefaultListableBeanFactory.preInstantiateSingletons Pre-instantiating singletons in org.springframework.beans.factory.support.DefaultListableBeanFactory@5c2d43ee: defining beans [org.springframework.context.annotation.internalConfigurationAnnotationProcessor,org.springframework.context.annotation.internalAutowiredAnnotationProcessor,org.springframework.context.annotation.internalRequiredAnnotationProcessor,org.springframework.context.annotation.internalCommonAnnotationProcessor,controllerProva,cityDAOImpl,daoManager,helloService,freemarkerConfig,viewResolver,org.springframework.context.annotation.ConfigurationClassPostProcessor.importAwareProcessor]; parent: org.springframework.beans.factory.support.DefaultListableBeanFactory@3c81d9bf
17-Apr-2018 22:21:10.740 INFO [http-nio-8080-exec-4] org.springframework.jdbc.datasource.DriverManagerDataSource.setDriverClassName Loaded JDBC driver: org.apache.derby.jdbc.EmbeddedDriver
17-Apr-2018 22:21:10.744 INFO [http-nio-8080-exec-4] org.springframework.web.servlet.handler.AbstractUrlHandlerMapping.registerHandler Mapped URL path [/index.html] onto handler 'controllerProva'
17-Apr-2018 22:21:10.747 INFO [http-nio-8080-exec-4] org.springframework.web.servlet.handler.AbstractUrlHandlerMapping.registerHandler Mapped URL path [/welcome] onto handler 'controllerProva'
17-Apr-2018 22:21:10.749 INFO [http-nio-8080-exec-4] org.springframework.web.servlet.handler.AbstractUrlHandlerMapping.registerHandler Mapped URL path [/welcome.*] onto handler 'controllerProva'
17-Apr-2018 22:21:10.751 INFO [http-nio-8080-exec-4] org.springframework.web.servlet.handler.AbstractUrlHandlerMapping.registerHandler Mapped URL path [/welcome/] onto handler 'controllerProva'
17-Apr-2018 22:21:10.757 INFO [http-nio-8080-exec-4] org.springframework.web.servlet.handler.AbstractUrlHandlerMapping.registerHandler Mapped URL path [/hello] onto handler 'controllerProva'
17-Apr-2018 22:21:10.758 INFO [http-nio-8080-exec-4] org.springframework.web.servlet.handler.AbstractUrlHandlerMapping.registerHandler Mapped URL path [/hello.*] onto handler 'controllerProva'
17-Apr-2018 22:21:10.762 INFO [http-nio-8080-exec-4] org.springframework.web.servlet.handler.AbstractUrlHandlerMapping.registerHandler Mapped URL path [/hello/] onto handler 'controllerProva'
17-Apr-2018 22:21:11.087 INFO [http-nio-8080-exec-4] org.springframework.web.servlet.FrameworkServlet.initServletBean FrameworkServlet 'dispatcher': initialization completed in 1251 ms
17-Apr-2018 22:21:11.137 INFO [http-nio-8080-exec-4] org.apache.catalina.startup.HostConfig.deployDescriptor Deployment of configuration descriptor /Users/ptom/NetBeansProjects/apache-tomcat-8.0.30/conf/Catalina/localhost/WebAppSpring.xml has finished in 4,918 ms
17-Apr-2018 22:21:11.147 INFO [http-nio-8080-exec-8] org.apache.catalina.util.LifecycleBase.start The start() method was called on component [StandardEngine[Catalina].StandardHost[localhost].StandardContext[/WebAppSpring]] after start() had already been called. The second call will be ignored.
17-Apr-2018 22:22:37.388 INFO [http-nio-8080-exec-11] org.apache.catalina.startup.HostConfig.deployDescriptor Deploying configuration descriptor /Users/ptom/NetBeansProjects/apache-tomcat-8.0.30/conf/Catalina/localhost/WebSpring02.xml
17-Apr-2018 22:22:37.540 INFO [http-nio-8080-exec-11] org.apache.catalina.startup.HostConfig.deployDescriptor Deployment of configuration descriptor /Users/ptom/NetBeansProjects/apache-tomcat-8.0.30/conf/Catalina/localhost/WebSpring02.xml has finished in 155 ms
17-Apr-2018 22:22:37.558 INFO [http-nio-8080-exec-12] org.apache.catalina.util.LifecycleBase.start The start() method was called on component [StandardEngine[Catalina].StandardHost[localhost].StandardContext[/WebSpring02]] after start() had already been called. The second call will be ignored.
17-Apr-2018 22:23:33.483 INFO [http-nio-8080-exec-11] org.apache.catalina.startup.HostConfig.undeploy Undeploying context [/WebSpring02]
17-Apr-2018 22:24:34.597 INFO [http-nio-8080-exec-21] org.apache.catalina.startup.HostConfig.deployDescriptor Deploying configuration descriptor /Users/ptom/NetBeansProjects/apache-tomcat-8.0.30/conf/Catalina/localhost/WebSpring02.xml
17-Apr-2018 22:24:34.706 INFO [http-nio-8080-exec-21] org.apache.catalina.startup.HostConfig.deployDescriptor Deployment of configuration descriptor /Users/ptom/NetBeansProjects/apache-tomcat-8.0.30/conf/Catalina/localhost/WebSpring02.xml has finished in 110 ms
17-Apr-2018 22:24:34.721 INFO [http-nio-8080-exec-22] org.apache.catalina.util.LifecycleBase.start The start() method was called on component [StandardEngine[Catalina].StandardHost[localhost].StandardContext[/WebSpring02]] after start() had already been called. The second call will be ignored.
17-Apr-2018 22:24:55.847 INFO [http-nio-8080-exec-26] org.apache.catalina.startup.HostConfig.undeploy Undeploying context [/WebSpring02]
17-Apr-2018 22:24:55.870 INFO [http-nio-8080-exec-22] org.apache.catalina.startup.HostConfig.deployDescriptor Deploying configuration descriptor /Users/ptom/NetBeansProjects/apache-tomcat-8.0.30/conf/Catalina/localhost/WebSpring02.xml
17-Apr-2018 22:24:56.040 INFO [http-nio-8080-exec-22] org.apache.catalina.startup.HostConfig.deployDescriptor Deployment of configuration descriptor /Users/ptom/NetBeansProjects/apache-tomcat-8.0.30/conf/Catalina/localhost/WebSpring02.xml has finished in 168 ms
17-Apr-2018 22:24:56.052 INFO [http-nio-8080-exec-21] org.apache.catalina.util.LifecycleBase.start The start() method was called on component [StandardEngine[Catalina].StandardHost[localhost].StandardContext[/WebSpring02]] after start() had already been called. The second call will be ignored.
17-Apr-2018 22:30:10.333 INFO [main] org.apache.catalina.core.StandardServer.await A valid shutdown command was received via the shutdown port. Stopping the Server instance.
17-Apr-2018 22:30:10.335 INFO [main] org.apache.coyote.AbstractProtocol.pause Pausing ProtocolHandler ["http-nio-8080"]
17-Apr-2018 22:30:10.390 INFO [main] org.apache.coyote.AbstractProtocol.pause Pausing ProtocolHandler ["ajp-nio-8009"]
17-Apr-2018 22:30:10.441 INFO [main] org.apache.catalina.core.StandardService.stopInternal Stopping service Catalina
17-Apr-2018 22:30:10.465 INFO [localhost-startStop-2] org.springframework.context.support.AbstractApplicationContext.doClose Closing WebApplicationContext for namespace 'dispatcher-servlet': startup date [Tue Apr 17 22:21:09 CEST 2018]; parent: Root WebApplicationContext
17-Apr-2018 22:30:10.468 INFO [localhost-startStop-2] org.springframework.beans.factory.support.DefaultSingletonBeanRegistry.destroySingletons Destroying singletons in org.springframework.beans.factory.support.DefaultListableBeanFactory@5c2d43ee: defining beans [org.springframework.context.annotation.internalConfigurationAnnotationProcessor,org.springframework.context.annotation.internalAutowiredAnnotationProcessor,org.springframework.context.annotation.internalRequiredAnnotationProcessor,org.springframework.context.annotation.internalCommonAnnotationProcessor,controllerProva,cityDAOImpl,daoManager,helloService,freemarkerConfig,viewResolver,org.springframework.context.annotation.ConfigurationClassPostProcessor.importAwareProcessor]; parent: org.springframework.beans.factory.support.DefaultListableBeanFactory@3c81d9bf
17-Apr-2018 22:30:10.470 INFO [localhost-startStop-2] org.springframework.context.support.AbstractApplicationContext.doClose Closing Root WebApplicationContext: startup date [Tue Apr 17 22:21:09 CEST 2018]; root of context hierarchy
17-Apr-2018 22:30:10.470 INFO [localhost-startStop-2] org.springframework.beans.factory.support.DefaultSingletonBeanRegistry.destroySingletons Destroying singletons in org.springframework.beans.factory.support.DefaultListableBeanFactory@3c81d9bf: defining beans [org.springframework.context.annotation.internalConfigurationAnnotationProcessor,org.springframework.context.annotation.internalAutowiredAnnotationProcessor,org.springframework.context.annotation.internalRequiredAnnotationProcessor,org.springframework.context.annotation.internalCommonAnnotationProcessor,controllerProva,cityDAOImpl,daoManager,helloService,dataSource,org.springframework.context.annotation.ConfigurationClassPostProcessor.importAwareProcessor]; root of factory hierarchy
17-Apr-2018 22:30:10.477 WARNING [localhost-startStop-2] org.apache.catalina.loader.WebappClassLoaderBase.clearReferencesJdbc The web application [WebAppSpring] registered the JDBC driver [org.apache.derby.jdbc.AutoloadedDriver] but failed to unregister it when the web application was stopped. To prevent a memory leak, the JDBC Driver has been forcibly unregistered.
17-Apr-2018 22:30:10.502 INFO [main] org.apache.coyote.AbstractProtocol.stop Stopping ProtocolHandler ["http-nio-8080"]
17-Apr-2018 22:30:10.506 INFO [main] org.apache.coyote.AbstractProtocol.stop Stopping ProtocolHandler ["ajp-nio-8009"]
17-Apr-2018 22:30:10.507 INFO [main] org.apache.coyote.AbstractProtocol.destroy Destroying ProtocolHandler ["http-nio-8080"]
17-Apr-2018 22:30:10.507 INFO [main] org.apache.coyote.AbstractProtocol.destroy Destroying ProtocolHandler ["ajp-nio-8009"]
17-Apr-2018 22:47:19.716 INFO [main] org.apache.catalina.startup.VersionLoggerListener.log Server version:        Apache Tomcat/8.0.30
17-Apr-2018 22:47:19.718 INFO [main] org.apache.catalina.startup.VersionLoggerListener.log Server built:          Dec 1 2015 22:30:46 UTC
17-Apr-2018 22:47:19.719 INFO [main] org.apache.catalina.startup.VersionLoggerListener.log Server number:         8.0.30.0
17-Apr-2018 22:47:19.719 INFO [main] org.apache.catalina.startup.VersionLoggerListener.log OS Name:               Mac OS X
17-Apr-2018 22:47:19.720 INFO [main] org.apache.catalina.startup.VersionLoggerListener.log OS Version:            10.12.6
17-Apr-2018 22:47:19.720 INFO [main] org.apache.catalina.startup.VersionLoggerListener.log Architecture:          x86_64
17-Apr-2018 22:47:19.720 INFO [main] org.apache.catalina.startup.VersionLoggerListener.log Java Home:             /Library/Java/JavaVirtualMachines/jdk1.8.0_66.jdk/Contents/Home/jre
17-Apr-2018 22:47:19.720 INFO [main] org.apache.catalina.startup.VersionLoggerListener.log JVM Version:           1.8.0_66-b17
17-Apr-2018 22:47:19.720 INFO [main] org.apache.catalina.startup.VersionLoggerListener.log JVM Vendor:            Oracle Corporation
17-Apr-2018 22:47:19.721 INFO [main] org.apache.catalina.startup.VersionLoggerListener.log CATALINA_BASE:         /Users/ptom/NetBeansProjects/apache-tomcat-8.0.30
17-Apr-2018 22:47:19.721 INFO [main] org.apache.catalina.startup.VersionLoggerListener.log CATALINA_HOME:         /Users/ptom/NetBeansProjects/apache-tomcat-8.0.30
17-Apr-2018 22:47:19.722 INFO [main] org.apache.catalina.startup.VersionLoggerListener.log Command line argument: -Djava.util.logging.config.file=/Users/ptom/NetBeansProjects/apache-tomcat-8.0.30/conf/logging.properties
17-Apr-2018 22:47:19.722 INFO [main] org.apache.catalina.startup.VersionLoggerListener.log Command line argument: -Djava.util.logging.manager=org.apache.juli.ClassLoaderLogManager
17-Apr-2018 22:47:19.722 INFO [main] org.apache.catalina.startup.VersionLoggerListener.log Command line argument: -Dhttp.nonProxyHosts=localhost|127.0.0.1|iMac-di-Paolo-6.station
17-Apr-2018 22:47:19.722 INFO [main] org.apache.catalina.startup.VersionLoggerListener.log Command line argument: -Djava.endorsed.dirs=/Users/ptom/NetBeansProjects/apache-tomcat-8.0.30/endorsed
17-Apr-2018 22:47:19.722 INFO [main] org.apache.catalina.startup.VersionLoggerListener.log Command line argument: -Dcatalina.base=/Users/ptom/NetBeansProjects/apache-tomcat-8.0.30
17-Apr-2018 22:47:19.722 INFO [main] org.apache.catalina.startup.VersionLoggerListener.log Command line argument: -Dcatalina.home=/Users/ptom/NetBeansProjects/apache-tomcat-8.0.30
17-Apr-2018 22:47:19.722 INFO [main] org.apache.catalina.startup.VersionLoggerListener.log Command line argument: -Djava.io.tmpdir=/Users/ptom/NetBeansProjects/apache-tomcat-8.0.30/temp
17-Apr-2018 22:47:19.722 INFO [main] org.apache.catalina.core.AprLifecycleListener.lifecycleEvent The APR based Apache Tomcat Native library which allows optimal performance in production environments was not found on the java.library.path: /Users/ptom/Library/Java/Extensions:/Library/Java/Extensions:/Network/Library/Java/Extensions:/System/Library/Java/Extensions:/usr/lib/java:.
17-Apr-2018 22:47:20.101 INFO [main] org.apache.coyote.AbstractProtocol.init Initializing ProtocolHandler ["http-nio-8080"]
17-Apr-2018 22:47:20.163 INFO [main] org.apache.tomcat.util.net.NioSelectorPool.getSharedSelector Using a shared selector for servlet write/read
17-Apr-2018 22:47:20.175 INFO [main] org.apache.coyote.AbstractProtocol.init Initializing ProtocolHandler ["ajp-nio-8009"]
17-Apr-2018 22:47:20.181 INFO [main] org.apache.tomcat.util.net.NioSelectorPool.getSharedSelector Using a shared selector for servlet write/read
17-Apr-2018 22:47:20.182 INFO [main] org.apache.catalina.startup.Catalina.load Initialization processed in 1600 ms
17-Apr-2018 22:47:20.252 INFO [main] org.apache.catalina.core.StandardService.startInternal Starting service Catalina
17-Apr-2018 22:47:20.253 INFO [main] org.apache.catalina.core.StandardEngine.startInternal Starting Servlet Engine: Apache Tomcat/8.0.30
17-Apr-2018 22:47:20.284 INFO [localhost-startStop-1] org.apache.catalina.startup.HostConfig.deployDescriptor Deploying configuration descriptor /Users/ptom/NetBeansProjects/apache-tomcat-8.0.30/conf/Catalina/localhost/skel-servlet_1.xml
17-Apr-2018 22:47:20.328 WARNING [localhost-startStop-1] org.apache.catalina.startup.SetContextPropertiesRule.begin [SetContextPropertiesRule]{Context} Setting property 'antiJARLocking' to 'true' did not find a matching property.
17-Apr-2018 22:47:20.402 SEVERE [localhost-startStop-1] org.apache.catalina.core.ContainerBase.addChildInternal ContainerBase.addChild: start: 
 org.apache.catalina.LifecycleException: Failed to start component [StandardEngine[Catalina].StandardHost[localhost].StandardContext[/skel-servlet_1]]
	at org.apache.catalina.util.LifecycleBase.start(LifecycleBase.java:154)
	at org.apache.catalina.core.ContainerBase.addChildInternal(ContainerBase.java:725)
	at org.apache.catalina.core.ContainerBase.addChild(ContainerBase.java:701)
	at org.apache.catalina.core.StandardHost.addChild(StandardHost.java:717)
	at org.apache.catalina.startup.HostConfig.deployDescriptor(HostConfig.java:586)
	at org.apache.catalina.startup.HostConfig$DeployDescriptor.run(HostConfig.java:1777)
	at java.util.concurrent.Executors$RunnableAdapter.call(Executors.java:511)
	at java.util.concurrent.FutureTask.run(FutureTask.java:266)
	at java.util.concurrent.ThreadPoolExecutor.runWorker(ThreadPoolExecutor.java:1142)
	at java.util.concurrent.ThreadPoolExecutor$Worker.run(ThreadPoolExecutor.java:617)
	at java.lang.Thread.run(Thread.java:745)
Caused by: org.apache.catalina.LifecycleException: Failed to start component [org.apache.catalina.webresources.StandardRoot@79f0b4bb]
	at org.apache.catalina.util.LifecycleBase.start(LifecycleBase.java:154)
	at org.apache.catalina.core.StandardContext.resourcesStart(StandardContext.java:4928)
	at org.apache.catalina.core.StandardContext.startInternal(StandardContext.java:5058)
	at org.apache.catalina.util.LifecycleBase.start(LifecycleBase.java:150)
	... 10 more
Caused by: java.lang.IllegalArgumentException: The main resource set specified [/Users/ptom/Downloads/skel-servlet_1_bonfante/build/web] is not valid
	at org.apache.catalina.webresources.StandardRoot.createMainResourceSet(StandardRoot.java:723)
	at org.apache.catalina.webresources.StandardRoot.startInternal(StandardRoot.java:684)
	at org.apache.catalina.util.LifecycleBase.start(LifecycleBase.java:150)
	... 13 more

17-Apr-2018 22:47:20.404 SEVERE [localhost-startStop-1] org.apache.catalina.startup.HostConfig.deployDescriptor Error deploying configuration descriptor /Users/ptom/NetBeansProjects/apache-tomcat-8.0.30/conf/Catalina/localhost/skel-servlet_1.xml
 java.lang.IllegalStateException: ContainerBase.addChild: start: org.apache.catalina.LifecycleException: Failed to start component [StandardEngine[Catalina].StandardHost[localhost].StandardContext[/skel-servlet_1]]
	at org.apache.catalina.core.ContainerBase.addChildInternal(ContainerBase.java:729)
	at org.apache.catalina.core.ContainerBase.addChild(ContainerBase.java:701)
	at org.apache.catalina.core.StandardHost.addChild(StandardHost.java:717)
	at org.apache.catalina.startup.HostConfig.deployDescriptor(HostConfig.java:586)
	at org.apache.catalina.startup.HostConfig$DeployDescriptor.run(HostConfig.java:1777)
	at java.util.concurrent.Executors$RunnableAdapter.call(Executors.java:511)
	at java.util.concurrent.FutureTask.run(FutureTask.java:266)
	at java.util.concurrent.ThreadPoolExecutor.runWorker(ThreadPoolExecutor.java:1142)
	at java.util.concurrent.ThreadPoolExecutor$Worker.run(ThreadPoolExecutor.java:617)
	at java.lang.Thread.run(Thread.java:745)

17-Apr-2018 22:47:20.405 INFO [localhost-startStop-1] org.apache.catalina.startup.HostConfig.deployDescriptor Deployment of configuration descriptor /Users/ptom/NetBeansProjects/apache-tomcat-8.0.30/conf/Catalina/localhost/skel-servlet_1.xml has finished in 120 ms
17-Apr-2018 22:47:20.405 INFO [localhost-startStop-1] org.apache.catalina.startup.HostConfig.deployDescriptor Deploying configuration descriptor /Users/ptom/NetBeansProjects/apache-tomcat-8.0.30/conf/Catalina/localhost/skel-servlet_1_freeM.xml
17-Apr-2018 22:47:20.409 WARNING [localhost-startStop-1] org.apache.catalina.startup.SetContextPropertiesRule.begin [SetContextPropertiesRule]{Context} Setting property 'antiJARLocking' to 'true' did not find a matching property.
17-Apr-2018 22:47:20.412 SEVERE [localhost-startStop-1] org.apache.catalina.core.ContainerBase.addChildInternal ContainerBase.addChild: start: 
 org.apache.catalina.LifecycleException: Failed to start component [StandardEngine[Catalina].StandardHost[localhost].StandardContext[/skel-servlet_1_freeM]]
	at org.apache.catalina.util.LifecycleBase.start(LifecycleBase.java:154)
	at org.apache.catalina.core.ContainerBase.addChildInternal(ContainerBase.java:725)
	at org.apache.catalina.core.ContainerBase.addChild(ContainerBase.java:701)
	at org.apache.catalina.core.StandardHost.addChild(StandardHost.java:717)
	at org.apache.catalina.startup.HostConfig.deployDescriptor(HostConfig.java:586)
	at org.apache.catalina.startup.HostConfig$DeployDescriptor.run(HostConfig.java:1777)
	at java.util.concurrent.Executors$RunnableAdapter.call(Executors.java:511)
	at java.util.concurrent.FutureTask.run(FutureTask.java:266)
	at java.util.concurrent.ThreadPoolExecutor.runWorker(ThreadPoolExecutor.java:1142)
	at java.util.concurrent.ThreadPoolExecutor$Worker.run(ThreadPoolExecutor.java:617)
	at java.lang.Thread.run(Thread.java:745)
Caused by: org.apache.catalina.LifecycleException: Failed to start component [org.apache.catalina.webresources.StandardRoot@26634804]
	at org.apache.catalina.util.LifecycleBase.start(LifecycleBase.java:154)
	at org.apache.catalina.core.StandardContext.resourcesStart(StandardContext.java:4928)
	at org.apache.catalina.core.StandardContext.startInternal(StandardContext.java:5058)
	at org.apache.catalina.util.LifecycleBase.start(LifecycleBase.java:150)
	... 10 more
Caused by: java.lang.IllegalArgumentException: The main resource set specified [/Users/ptom/Downloads/skel-servlet_1_freeM/build/web] is not valid
	at org.apache.catalina.webresources.StandardRoot.createMainResourceSet(StandardRoot.java:723)
	at org.apache.catalina.webresources.StandardRoot.startInternal(StandardRoot.java:684)
	at org.apache.catalina.util.LifecycleBase.start(LifecycleBase.java:150)
	... 13 more

17-Apr-2018 22:47:20.413 SEVERE [localhost-startStop-1] org.apache.catalina.startup.HostConfig.deployDescriptor Error deploying configuration descriptor /Users/ptom/NetBeansProjects/apache-tomcat-8.0.30/conf/Catalina/localhost/skel-servlet_1_freeM.xml
 java.lang.IllegalStateException: ContainerBase.addChild: start: org.apache.catalina.LifecycleException: Failed to start component [StandardEngine[Catalina].StandardHost[localhost].StandardContext[/skel-servlet_1_freeM]]
	at org.apache.catalina.core.ContainerBase.addChildInternal(ContainerBase.java:729)
	at org.apache.catalina.core.ContainerBase.addChild(ContainerBase.java:701)
	at org.apache.catalina.core.StandardHost.addChild(StandardHost.java:717)
	at org.apache.catalina.startup.HostConfig.deployDescriptor(HostConfig.java:586)
	at org.apache.catalina.startup.HostConfig$DeployDescriptor.run(HostConfig.java:1777)
	at java.util.concurrent.Executors$RunnableAdapter.call(Executors.java:511)
	at java.util.concurrent.FutureTask.run(FutureTask.java:266)
	at java.util.concurrent.ThreadPoolExecutor.runWorker(ThreadPoolExecutor.java:1142)
	at java.util.concurrent.ThreadPoolExecutor$Worker.run(ThreadPoolExecutor.java:617)
	at java.lang.Thread.run(Thread.java:745)

17-Apr-2018 22:47:20.413 INFO [localhost-startStop-1] org.apache.catalina.startup.HostConfig.deployDescriptor Deployment of configuration descriptor /Users/ptom/NetBeansProjects/apache-tomcat-8.0.30/conf/Catalina/localhost/skel-servlet_1_freeM.xml has finished in 8 ms
17-Apr-2018 22:47:20.413 INFO [localhost-startStop-1] org.apache.catalina.startup.HostConfig.deployDescriptor Deploying configuration descriptor /Users/ptom/NetBeansProjects/apache-tomcat-8.0.30/conf/Catalina/localhost/WebAppSpring.xml
17-Apr-2018 22:47:20.416 WARNING [localhost-startStop-1] org.apache.catalina.startup.SetContextPropertiesRule.begin [SetContextPropertiesRule]{Context} Setting property 'antiJARLocking' to 'true' did not find a matching property.
17-Apr-2018 22:47:24.175 INFO [localhost-startStop-1] org.apache.jasper.servlet.TldScanner.scanJars At least one JAR was scanned for TLDs yet contained no TLDs. Enable debug logging for this logger for a complete list of JARs that were scanned but no TLDs were found in them. Skipping unneeded JARs during scanning can improve startup time and JSP compilation time.
17-Apr-2018 22:47:24.361 INFO [localhost-startStop-1] org.springframework.web.context.ContextLoader.initWebApplicationContext Root WebApplicationContext: initialization started
17-Apr-2018 22:47:24.707 INFO [localhost-startStop-1] org.springframework.context.support.AbstractApplicationContext.prepareRefresh Refreshing Root WebApplicationContext: startup date [Tue Apr 17 22:47:24 CEST 2018]; root of context hierarchy
17-Apr-2018 22:47:24.873 INFO [localhost-startStop-1] org.springframework.beans.factory.xml.XmlBeanDefinitionReader.loadBeanDefinitions Loading XML bean definitions from ServletContext resource [/WEB-INF/applicationContext.xml]
17-Apr-2018 22:47:25.516 INFO [localhost-startStop-1] org.springframework.beans.factory.support.DefaultListableBeanFactory.preInstantiateSingletons Pre-instantiating singletons in org.springframework.beans.factory.support.DefaultListableBeanFactory@6e382c90: defining beans [org.springframework.context.annotation.internalConfigurationAnnotationProcessor,org.springframework.context.annotation.internalAutowiredAnnotationProcessor,org.springframework.context.annotation.internalRequiredAnnotationProcessor,org.springframework.context.annotation.internalCommonAnnotationProcessor,controllerProva,cityDAOImpl,daoManager,helloService,dataSource,org.springframework.context.annotation.ConfigurationClassPostProcessor.importAwareProcessor]; root of factory hierarchy
17-Apr-2018 22:47:25.545 INFO [localhost-startStop-1] org.springframework.web.context.ContextLoader.initWebApplicationContext Root WebApplicationContext: initialization completed in 1183 ms
17-Apr-2018 22:47:25.619 INFO [localhost-startStop-1] org.springframework.web.servlet.FrameworkServlet.initServletBean FrameworkServlet 'dispatcher': initialization started
17-Apr-2018 22:47:25.626 INFO [localhost-startStop-1] org.springframework.context.support.AbstractApplicationContext.prepareRefresh Refreshing WebApplicationContext for namespace 'dispatcher-servlet': startup date [Tue Apr 17 22:47:25 CEST 2018]; parent: Root WebApplicationContext
17-Apr-2018 22:47:25.628 INFO [localhost-startStop-1] org.springframework.beans.factory.xml.XmlBeanDefinitionReader.loadBeanDefinitions Loading XML bean definitions from ServletContext resource [/WEB-INF/dispatcher-servlet.xml]
17-Apr-2018 22:47:25.731 INFO [localhost-startStop-1] org.springframework.beans.factory.support.DefaultListableBeanFactory.preInstantiateSingletons Pre-instantiating singletons in org.springframework.beans.factory.support.DefaultListableBeanFactory@e8d57d9: defining beans [org.springframework.context.annotation.internalConfigurationAnnotationProcessor,org.springframework.context.annotation.internalAutowiredAnnotationProcessor,org.springframework.context.annotation.internalRequiredAnnotationProcessor,org.springframework.context.annotation.internalCommonAnnotationProcessor,controllerProva,cityDAOImpl,daoManager,helloService,freemarkerConfig,viewResolver,org.springframework.context.annotation.ConfigurationClassPostProcessor.importAwareProcessor]; parent: org.springframework.beans.factory.support.DefaultListableBeanFactory@6e382c90
17-Apr-2018 22:47:26.470 INFO [localhost-startStop-1] org.springframework.jdbc.datasource.DriverManagerDataSource.setDriverClassName Loaded JDBC driver: org.apache.derby.jdbc.EmbeddedDriver
17-Apr-2018 22:47:26.472 INFO [localhost-startStop-1] org.springframework.web.servlet.handler.AbstractUrlHandlerMapping.registerHandler Mapped URL path [/index.html] onto handler 'controllerProva'
17-Apr-2018 22:47:26.473 INFO [localhost-startStop-1] org.springframework.web.servlet.handler.AbstractUrlHandlerMapping.registerHandler Mapped URL path [/hello] onto handler 'controllerProva'
17-Apr-2018 22:47:26.473 INFO [localhost-startStop-1] org.springframework.web.servlet.handler.AbstractUrlHandlerMapping.registerHandler Mapped URL path [/hello.*] onto handler 'controllerProva'
17-Apr-2018 22:47:26.474 INFO [localhost-startStop-1] org.springframework.web.servlet.handler.AbstractUrlHandlerMapping.registerHandler Mapped URL path [/hello/] onto handler 'controllerProva'
17-Apr-2018 22:47:26.474 INFO [localhost-startStop-1] org.springframework.web.servlet.handler.AbstractUrlHandlerMapping.registerHandler Mapped URL path [/welcome] onto handler 'controllerProva'
17-Apr-2018 22:47:26.474 INFO [localhost-startStop-1] org.springframework.web.servlet.handler.AbstractUrlHandlerMapping.registerHandler Mapped URL path [/welcome.*] onto handler 'controllerProva'
17-Apr-2018 22:47:26.474 INFO [localhost-startStop-1] org.springframework.web.servlet.handler.AbstractUrlHandlerMapping.registerHandler Mapped URL path [/welcome/] onto handler 'controllerProva'
17-Apr-2018 22:47:26.837 INFO [localhost-startStop-1] org.springframework.web.servlet.FrameworkServlet.initServletBean FrameworkServlet 'dispatcher': initialization completed in 1218 ms
17-Apr-2018 22:47:26.862 INFO [localhost-startStop-1] org.apache.catalina.startup.HostConfig.deployDescriptor Deployment of configuration descriptor /Users/ptom/NetBeansProjects/apache-tomcat-8.0.30/conf/Catalina/localhost/WebAppSpring.xml has finished in 6,448 ms
17-Apr-2018 22:47:26.862 INFO [localhost-startStop-1] org.apache.catalina.startup.HostConfig.deployDescriptor Deploying configuration descriptor /Users/ptom/NetBeansProjects/apache-tomcat-8.0.30/conf/Catalina/localhost/WebSpring02.xml
17-Apr-2018 22:47:26.867 SEVERE [localhost-startStop-1] org.apache.catalina.core.ContainerBase.addChildInternal ContainerBase.addChild: start: 
 org.apache.catalina.LifecycleException: Failed to start component [StandardEngine[Catalina].StandardHost[localhost].StandardContext[/WebSpring02]]
	at org.apache.catalina.util.LifecycleBase.start(LifecycleBase.java:154)
	at org.apache.catalina.core.ContainerBase.addChildInternal(ContainerBase.java:725)
	at org.apache.catalina.core.ContainerBase.addChild(ContainerBase.java:701)
	at org.apache.catalina.core.StandardHost.addChild(StandardHost.java:717)
	at org.apache.catalina.startup.HostConfig.deployDescriptor(HostConfig.java:586)
	at org.apache.catalina.startup.HostConfig$DeployDescriptor.run(HostConfig.java:1777)
	at java.util.concurrent.Executors$RunnableAdapter.call(Executors.java:511)
	at java.util.concurrent.FutureTask.run(FutureTask.java:266)
	at java.util.concurrent.ThreadPoolExecutor.runWorker(ThreadPoolExecutor.java:1142)
	at java.util.concurrent.ThreadPoolExecutor$Worker.run(ThreadPoolExecutor.java:617)
	at java.lang.Thread.run(Thread.java:745)
Caused by: org.apache.catalina.LifecycleException: Failed to start component [org.apache.catalina.webresources.StandardRoot@642bde6a]
	at org.apache.catalina.util.LifecycleBase.start(LifecycleBase.java:154)
	at org.apache.catalina.core.StandardContext.resourcesStart(StandardContext.java:4928)
	at org.apache.catalina.core.StandardContext.startInternal(StandardContext.java:5058)
	at org.apache.catalina.util.LifecycleBase.start(LifecycleBase.java:150)
	... 10 more
Caused by: java.lang.IllegalArgumentException: The main resource set specified [/Users/ptom/NetBeansProjects/WebSpring02/build/web] is not valid
	at org.apache.catalina.webresources.StandardRoot.createMainResourceSet(StandardRoot.java:723)
	at org.apache.catalina.webresources.StandardRoot.startInternal(StandardRoot.java:684)
	at org.apache.catalina.util.LifecycleBase.start(LifecycleBase.java:150)
	... 13 more

17-Apr-2018 22:47:26.868 SEVERE [localhost-startStop-1] org.apache.catalina.startup.HostConfig.deployDescriptor Error deploying configuration descriptor /Users/ptom/NetBeansProjects/apache-tomcat-8.0.30/conf/Catalina/localhost/WebSpring02.xml
 java.lang.IllegalStateException: ContainerBase.addChild: start: org.apache.catalina.LifecycleException: Failed to start component [StandardEngine[Catalina].StandardHost[localhost].StandardContext[/WebSpring02]]
	at org.apache.catalina.core.ContainerBase.addChildInternal(ContainerBase.java:729)
	at org.apache.catalina.core.ContainerBase.addChild(ContainerBase.java:701)
	at org.apache.catalina.core.StandardHost.addChild(StandardHost.java:717)
	at org.apache.catalina.startup.HostConfig.deployDescriptor(HostConfig.java:586)
	at org.apache.catalina.startup.HostConfig$DeployDescriptor.run(HostConfig.java:1777)
	at java.util.concurrent.Executors$RunnableAdapter.call(Executors.java:511)
	at java.util.concurrent.FutureTask.run(FutureTask.java:266)
	at java.util.concurrent.ThreadPoolExecutor.runWorker(ThreadPoolExecutor.java:1142)
	at java.util.concurrent.ThreadPoolExecutor$Worker.run(ThreadPoolExecutor.java:617)
	at java.lang.Thread.run(Thread.java:745)

17-Apr-2018 22:47:26.868 INFO [localhost-startStop-1] org.apache.catalina.startup.HostConfig.deployDescriptor Deployment of configuration descriptor /Users/ptom/NetBeansProjects/apache-tomcat-8.0.30/conf/Catalina/localhost/WebSpring02.xml has finished in 6 ms
17-Apr-2018 22:47:26.869 INFO [localhost-startStop-1] org.apache.catalina.startup.HostConfig.deployDirectory Deploying web application directory /Users/ptom/NetBeansProjects/apache-tomcat-8.0.30/webapps/docs
17-Apr-2018 22:47:27.019 INFO [localhost-startStop-1] org.apache.jasper.servlet.TldScanner.scanJars At least one JAR was scanned for TLDs yet contained no TLDs. Enable debug logging for this logger for a complete list of JARs that were scanned but no TLDs were found in them. Skipping unneeded JARs during scanning can improve startup time and JSP compilation time.
17-Apr-2018 22:47:27.027 INFO [localhost-startStop-1] org.apache.catalina.startup.HostConfig.deployDirectory Deployment of web application directory /Users/ptom/NetBeansProjects/apache-tomcat-8.0.30/webapps/docs has finished in 158 ms
17-Apr-2018 22:47:27.027 INFO [localhost-startStop-1] org.apache.catalina.startup.HostConfig.deployDirectory Deploying web application directory /Users/ptom/NetBeansProjects/apache-tomcat-8.0.30/webapps/examples
17-Apr-2018 22:47:27.500 INFO [localhost-startStop-1] org.apache.jasper.servlet.TldScanner.scanJars At least one JAR was scanned for TLDs yet contained no TLDs. Enable debug logging for this logger for a complete list of JARs that were scanned but no TLDs were found in them. Skipping unneeded JARs during scanning can improve startup time and JSP compilation time.
17-Apr-2018 22:47:27.606 INFO [localhost-startStop-1] org.apache.catalina.startup.HostConfig.deployDirectory Deployment of web application directory /Users/ptom/NetBeansProjects/apache-tomcat-8.0.30/webapps/examples has finished in 579 ms
17-Apr-2018 22:47:27.606 INFO [localhost-startStop-1] org.apache.catalina.startup.HostConfig.deployDirectory Deploying web application directory /Users/ptom/NetBeansProjects/apache-tomcat-8.0.30/webapps/host-manager
17-Apr-2018 22:47:27.735 INFO [localhost-startStop-1] org.apache.jasper.servlet.TldScanner.scanJars At least one JAR was scanned for TLDs yet contained no TLDs. Enable debug logging for this logger for a complete list of JARs that were scanned but no TLDs were found in them. Skipping unneeded JARs during scanning can improve startup time and JSP compilation time.
17-Apr-2018 22:47:27.745 INFO [localhost-startStop-1] org.apache.catalina.startup.HostConfig.deployDirectory Deployment of web application directory /Users/ptom/NetBeansProjects/apache-tomcat-8.0.30/webapps/host-manager has finished in 138 ms
17-Apr-2018 22:47:27.746 INFO [localhost-startStop-1] org.apache.catalina.startup.HostConfig.deployDirectory Deploying web application directory /Users/ptom/NetBeansProjects/apache-tomcat-8.0.30/webapps/manager
17-Apr-2018 22:47:27.822 INFO [localhost-startStop-1] org.apache.jasper.servlet.TldScanner.scanJars At least one JAR was scanned for TLDs yet contained no TLDs. Enable debug logging for this logger for a complete list of JARs that were scanned but no TLDs were found in them. Skipping unneeded JARs during scanning can improve startup time and JSP compilation time.
17-Apr-2018 22:47:27.826 INFO [localhost-startStop-1] org.apache.catalina.startup.HostConfig.deployDirectory Deployment of web application directory /Users/ptom/NetBeansProjects/apache-tomcat-8.0.30/webapps/manager has finished in 81 ms
17-Apr-2018 22:47:27.831 INFO [main] org.apache.coyote.AbstractProtocol.start Starting ProtocolHandler ["http-nio-8080"]
17-Apr-2018 22:47:27.838 INFO [main] org.apache.coyote.AbstractProtocol.start Starting ProtocolHandler ["ajp-nio-8009"]
17-Apr-2018 22:47:27.839 INFO [main] org.apache.catalina.startup.Catalina.start Server startup in 7657 ms
17-Apr-2018 22:47:28.596 INFO [http-nio-8080-exec-6] org.apache.catalina.startup.HostConfig.deployDescriptor Deploying configuration descriptor /Users/ptom/NetBeansProjects/apache-tomcat-8.0.30/conf/Catalina/localhost/WSpring.xml
17-Apr-2018 22:47:30.615 INFO [http-nio-8080-exec-6] org.apache.jasper.servlet.TldScanner.scanJars At least one JAR was scanned for TLDs yet contained no TLDs. Enable debug logging for this logger for a complete list of JARs that were scanned but no TLDs were found in them. Skipping unneeded JARs during scanning can improve startup time and JSP compilation time.
17-Apr-2018 22:47:30.726 INFO [http-nio-8080-exec-6] org.springframework.web.context.ContextLoader.initWebApplicationContext Root WebApplicationContext: initialization started
17-Apr-2018 22:47:30.991 INFO [http-nio-8080-exec-6] org.springframework.context.support.AbstractApplicationContext.prepareRefresh Refreshing Root WebApplicationContext: startup date [Tue Apr 17 22:47:30 CEST 2018]; root of context hierarchy
17-Apr-2018 22:47:31.138 INFO [http-nio-8080-exec-6] org.springframework.beans.factory.xml.XmlBeanDefinitionReader.loadBeanDefinitions Loading XML bean definitions from ServletContext resource [/WEB-INF/applicationContext.xml]
17-Apr-2018 22:47:31.344 INFO [http-nio-8080-exec-6] org.springframework.beans.factory.support.DefaultListableBeanFactory.preInstantiateSingletons Pre-instantiating singletons in org.springframework.beans.factory.support.DefaultListableBeanFactory@318a5f69: defining beans []; root of factory hierarchy
17-Apr-2018 22:47:31.369 INFO [http-nio-8080-exec-6] org.springframework.web.context.ContextLoader.initWebApplicationContext Root WebApplicationContext: initialization completed in 642 ms
17-Apr-2018 22:47:31.412 INFO [http-nio-8080-exec-6] org.springframework.web.servlet.FrameworkServlet.initServletBean FrameworkServlet 'dispatcher': initialization started
17-Apr-2018 22:47:31.434 INFO [http-nio-8080-exec-6] org.springframework.context.support.AbstractApplicationContext.prepareRefresh Refreshing WebApplicationContext for namespace 'dispatcher-servlet': startup date [Tue Apr 17 22:47:31 CEST 2018]; parent: Root WebApplicationContext
17-Apr-2018 22:47:31.444 INFO [http-nio-8080-exec-6] org.springframework.beans.factory.xml.XmlBeanDefinitionReader.loadBeanDefinitions Loading XML bean definitions from ServletContext resource [/WEB-INF/dispatcher-servlet.xml]
17-Apr-2018 22:47:31.548 INFO [http-nio-8080-exec-6] org.springframework.beans.factory.support.DefaultListableBeanFactory.preInstantiateSingletons Pre-instantiating singletons in org.springframework.beans.factory.support.DefaultListableBeanFactory@28e6028e: defining beans [org.springframework.web.servlet.mvc.support.ControllerClassNameHandlerMapping#0,urlMapping,viewResolver,indexController]; parent: org.springframework.beans.factory.support.DefaultListableBeanFactory@318a5f69
17-Apr-2018 22:47:31.716 INFO [http-nio-8080-exec-6] org.springframework.web.servlet.handler.AbstractUrlHandlerMapping.registerHandler Mapped URL path [/index.htm] onto handler 'indexController'
17-Apr-2018 22:47:31.883 INFO [http-nio-8080-exec-6] org.springframework.web.servlet.FrameworkServlet.initServletBean FrameworkServlet 'dispatcher': initialization completed in 470 ms
17-Apr-2018 22:47:31.902 INFO [http-nio-8080-exec-6] org.apache.catalina.startup.HostConfig.deployDescriptor Deployment of configuration descriptor /Users/ptom/NetBeansProjects/apache-tomcat-8.0.30/conf/Catalina/localhost/WSpring.xml has finished in 3,305 ms
17-Apr-2018 22:47:31.920 INFO [http-nio-8080-exec-5] org.apache.catalina.util.LifecycleBase.start The start() method was called on component [StandardEngine[Catalina].StandardHost[localhost].StandardContext[/WSpring]] after start() had already been called. The second call will be ignored.
17-Apr-2018 23:01:45.448 INFO [http-nio-8080-exec-9] org.apache.catalina.core.StandardContext.reload Reloading Context with name [/WSpring] has started
17-Apr-2018 23:01:45.454 INFO [http-nio-8080-exec-9] org.springframework.context.support.AbstractApplicationContext.doClose Closing WebApplicationContext for namespace 'dispatcher-servlet': startup date [Tue Apr 17 22:47:31 CEST 2018]; parent: Root WebApplicationContext
17-Apr-2018 23:01:45.456 INFO [http-nio-8080-exec-9] org.springframework.beans.factory.support.DefaultSingletonBeanRegistry.destroySingletons Destroying singletons in org.springframework.beans.factory.support.DefaultListableBeanFactory@28e6028e: defining beans [org.springframework.web.servlet.mvc.support.ControllerClassNameHandlerMapping#0,urlMapping,viewResolver,indexController]; parent: org.springframework.beans.factory.support.DefaultListableBeanFactory@318a5f69
17-Apr-2018 23:01:45.496 INFO [http-nio-8080-exec-9] org.springframework.context.support.AbstractApplicationContext.doClose Closing Root WebApplicationContext: startup date [Tue Apr 17 22:47:30 CEST 2018]; root of context hierarchy
17-Apr-2018 23:01:45.497 INFO [http-nio-8080-exec-9] org.springframework.beans.factory.support.DefaultSingletonBeanRegistry.destroySingletons Destroying singletons in org.springframework.beans.factory.support.DefaultListableBeanFactory@318a5f69: defining beans []; root of factory hierarchy
17-Apr-2018 23:01:50.461 INFO [http-nio-8080-exec-9] org.apache.jasper.servlet.TldScanner.scanJars At least one JAR was scanned for TLDs yet contained no TLDs. Enable debug logging for this logger for a complete list of JARs that were scanned but no TLDs were found in them. Skipping unneeded JARs during scanning can improve startup time and JSP compilation time.
17-Apr-2018 23:01:50.580 INFO [http-nio-8080-exec-9] org.springframework.web.context.ContextLoader.initWebApplicationContext Root WebApplicationContext: initialization started
17-Apr-2018 23:01:50.885 INFO [http-nio-8080-exec-9] org.springframework.context.support.AbstractApplicationContext.prepareRefresh Refreshing Root WebApplicationContext: startup date [Tue Apr 17 23:01:50 CEST 2018]; root of context hierarchy
17-Apr-2018 23:01:51.033 INFO [http-nio-8080-exec-9] org.springframework.beans.factory.xml.XmlBeanDefinitionReader.loadBeanDefinitions Loading XML bean definitions from ServletContext resource [/WEB-INF/applicationContext.xml]
17-Apr-2018 23:01:51.303 INFO [http-nio-8080-exec-9] org.springframework.beans.factory.support.DefaultListableBeanFactory.preInstantiateSingletons Pre-instantiating singletons in org.springframework.beans.factory.support.DefaultListableBeanFactory@4c9eefb7: defining beans []; root of factory hierarchy
17-Apr-2018 23:01:51.312 INFO [http-nio-8080-exec-9] org.springframework.web.context.ContextLoader.initWebApplicationContext Root WebApplicationContext: initialization completed in 731 ms
17-Apr-2018 23:01:51.360 INFO [http-nio-8080-exec-9] org.springframework.web.servlet.FrameworkServlet.initServletBean FrameworkServlet 'dispatcher': initialization started
17-Apr-2018 23:01:51.382 INFO [http-nio-8080-exec-9] org.springframework.context.support.AbstractApplicationContext.prepareRefresh Refreshing WebApplicationContext for namespace 'dispatcher-servlet': startup date [Tue Apr 17 23:01:51 CEST 2018]; parent: Root WebApplicationContext
17-Apr-2018 23:01:51.386 INFO [http-nio-8080-exec-9] org.springframework.beans.factory.xml.XmlBeanDefinitionReader.loadBeanDefinitions Loading XML bean definitions from ServletContext resource [/WEB-INF/dispatcher-servlet.xml]
17-Apr-2018 23:01:51.550 INFO [http-nio-8080-exec-9] org.springframework.beans.factory.support.DefaultListableBeanFactory.preInstantiateSingletons Pre-instantiating singletons in org.springframework.beans.factory.support.DefaultListableBeanFactory@65181864: defining beans [org.springframework.web.servlet.mvc.support.ControllerClassNameHandlerMapping#0,urlMapping,viewResolver,indexController]; parent: org.springframework.beans.factory.support.DefaultListableBeanFactory@4c9eefb7
17-Apr-2018 23:01:51.834 INFO [http-nio-8080-exec-9] org.springframework.web.servlet.handler.AbstractUrlHandlerMapping.registerHandler Mapped URL path [/index.htm] onto handler 'indexController'
17-Apr-2018 23:01:52.056 INFO [http-nio-8080-exec-9] org.springframework.web.servlet.FrameworkServlet.initServletBean FrameworkServlet 'dispatcher': initialization completed in 695 ms
17-Apr-2018 23:01:52.069 INFO [http-nio-8080-exec-9] org.apache.catalina.core.StandardContext.reload Reloading Context with name [/WSpring] is completed
17-Apr-2018 23:01:52.136 INFO [http-nio-8080-exec-1] org.apache.catalina.core.StandardContext.reload Reloading Context with name [/WSpring] has started
17-Apr-2018 23:01:52.144 INFO [http-nio-8080-exec-1] org.springframework.context.support.AbstractApplicationContext.doClose Closing WebApplicationContext for namespace 'dispatcher-servlet': startup date [Tue Apr 17 23:01:51 CEST 2018]; parent: Root WebApplicationContext
17-Apr-2018 23:01:52.147 INFO [http-nio-8080-exec-1] org.springframework.beans.factory.support.DefaultSingletonBeanRegistry.destroySingletons Destroying singletons in org.springframework.beans.factory.support.DefaultListableBeanFactory@65181864: defining beans [org.springframework.web.servlet.mvc.support.ControllerClassNameHandlerMapping#0,urlMapping,viewResolver,indexController]; parent: org.springframework.beans.factory.support.DefaultListableBeanFactory@4c9eefb7
17-Apr-2018 23:01:52.151 INFO [http-nio-8080-exec-1] org.springframework.context.support.AbstractApplicationContext.doClose Closing Root WebApplicationContext: startup date [Tue Apr 17 23:01:50 CEST 2018]; root of context hierarchy
17-Apr-2018 23:01:52.151 INFO [http-nio-8080-exec-1] org.springframework.beans.factory.support.DefaultSingletonBeanRegistry.destroySingletons Destroying singletons in org.springframework.beans.factory.support.DefaultListableBeanFactory@4c9eefb7: defining beans []; root of factory hierarchy
17-Apr-2018 23:01:54.763 INFO [http-nio-8080-exec-1] org.apache.jasper.servlet.TldScanner.scanJars At least one JAR was scanned for TLDs yet contained no TLDs. Enable debug logging for this logger for a complete list of JARs that were scanned but no TLDs were found in them. Skipping unneeded JARs during scanning can improve startup time and JSP compilation time.
17-Apr-2018 23:01:54.836 INFO [http-nio-8080-exec-1] org.springframework.web.context.ContextLoader.initWebApplicationContext Root WebApplicationContext: initialization started
17-Apr-2018 23:01:55.076 INFO [http-nio-8080-exec-1] org.springframework.context.support.AbstractApplicationContext.prepareRefresh Refreshing Root WebApplicationContext: startup date [Tue Apr 17 23:01:55 CEST 2018]; root of context hierarchy
17-Apr-2018 23:01:55.191 INFO [http-nio-8080-exec-1] org.springframework.beans.factory.xml.XmlBeanDefinitionReader.loadBeanDefinitions Loading XML bean definitions from ServletContext resource [/WEB-INF/applicationContext.xml]
17-Apr-2018 23:01:55.325 INFO [http-nio-8080-exec-1] org.springframework.beans.factory.support.DefaultListableBeanFactory.preInstantiateSingletons Pre-instantiating singletons in org.springframework.beans.factory.support.DefaultListableBeanFactory@3a3aa3d2: defining beans []; root of factory hierarchy
17-Apr-2018 23:01:55.334 INFO [http-nio-8080-exec-1] org.springframework.web.context.ContextLoader.initWebApplicationContext Root WebApplicationContext: initialization completed in 496 ms
17-Apr-2018 23:01:55.373 INFO [http-nio-8080-exec-1] org.springframework.web.servlet.FrameworkServlet.initServletBean FrameworkServlet 'dispatcher': initialization started
17-Apr-2018 23:01:55.384 INFO [http-nio-8080-exec-1] org.springframework.context.support.AbstractApplicationContext.prepareRefresh Refreshing WebApplicationContext for namespace 'dispatcher-servlet': startup date [Tue Apr 17 23:01:55 CEST 2018]; parent: Root WebApplicationContext
17-Apr-2018 23:01:55.392 INFO [http-nio-8080-exec-1] org.springframework.beans.factory.xml.XmlBeanDefinitionReader.loadBeanDefinitions Loading XML bean definitions from ServletContext resource [/WEB-INF/dispatcher-servlet.xml]
17-Apr-2018 23:01:55.572 INFO [http-nio-8080-exec-1] org.springframework.beans.factory.support.DefaultListableBeanFactory.preInstantiateSingletons Pre-instantiating singletons in org.springframework.beans.factory.support.DefaultListableBeanFactory@2daf6384: defining beans [org.springframework.web.servlet.mvc.support.ControllerClassNameHandlerMapping#0,urlMapping,viewResolver,indexController]; parent: org.springframework.beans.factory.support.DefaultListableBeanFactory@3a3aa3d2
17-Apr-2018 23:01:55.729 INFO [http-nio-8080-exec-1] org.springframework.web.servlet.handler.AbstractUrlHandlerMapping.registerHandler Mapped URL path [/index.htm] onto handler 'indexController'
17-Apr-2018 23:01:55.841 INFO [http-nio-8080-exec-1] org.springframework.web.servlet.FrameworkServlet.initServletBean FrameworkServlet 'dispatcher': initialization completed in 466 ms
17-Apr-2018 23:01:55.854 INFO [http-nio-8080-exec-1] org.apache.catalina.core.StandardContext.reload Reloading Context with name [/WSpring] is completed
17-Apr-2018 23:24:07.443 INFO [http-nio-8080-exec-19] org.apache.catalina.core.StandardContext.reload Reloading Context with name [/WSpring] has started
17-Apr-2018 23:24:07.452 INFO [http-nio-8080-exec-19] org.springframework.context.support.AbstractApplicationContext.doClose Closing WebApplicationContext for namespace 'dispatcher-servlet': startup date [Tue Apr 17 23:01:55 CEST 2018]; parent: Root WebApplicationContext
17-Apr-2018 23:24:07.458 INFO [http-nio-8080-exec-19] org.springframework.beans.factory.support.DefaultSingletonBeanRegistry.destroySingletons Destroying singletons in org.springframework.beans.factory.support.DefaultListableBeanFactory@2daf6384: defining beans [org.springframework.web.servlet.mvc.support.ControllerClassNameHandlerMapping#0,urlMapping,viewResolver,indexController]; parent: org.springframework.beans.factory.support.DefaultListableBeanFactory@3a3aa3d2
17-Apr-2018 23:24:07.464 INFO [http-nio-8080-exec-19] org.springframework.context.support.AbstractApplicationContext.doClose Closing Root WebApplicationContext: startup date [Tue Apr 17 23:01:55 CEST 2018]; root of context hierarchy
17-Apr-2018 23:24:07.465 INFO [http-nio-8080-exec-19] org.springframework.beans.factory.support.DefaultSingletonBeanRegistry.destroySingletons Destroying singletons in org.springframework.beans.factory.support.DefaultListableBeanFactory@3a3aa3d2: defining beans []; root of factory hierarchy
17-Apr-2018 23:24:11.349 INFO [http-nio-8080-exec-19] org.apache.jasper.servlet.TldScanner.scanJars At least one JAR was scanned for TLDs yet contained no TLDs. Enable debug logging for this logger for a complete list of JARs that were scanned but no TLDs were found in them. Skipping unneeded JARs during scanning can improve startup time and JSP compilation time.
17-Apr-2018 23:24:11.396 INFO [http-nio-8080-exec-19] org.springframework.web.context.ContextLoader.initWebApplicationContext Root WebApplicationContext: initialization started
17-Apr-2018 23:24:11.511 INFO [http-nio-8080-exec-19] org.springframework.context.support.AbstractApplicationContext.prepareRefresh Refreshing Root WebApplicationContext: startup date [Tue Apr 17 23:24:11 CEST 2018]; root of context hierarchy
17-Apr-2018 23:24:11.563 INFO [http-nio-8080-exec-19] org.springframework.beans.factory.xml.XmlBeanDefinitionReader.loadBeanDefinitions Loading XML bean definitions from ServletContext resource [/WEB-INF/applicationContext.xml]
17-Apr-2018 23:24:11.660 INFO [http-nio-8080-exec-19] org.springframework.beans.factory.support.DefaultListableBeanFactory.preInstantiateSingletons Pre-instantiating singletons in org.springframework.beans.factory.support.DefaultListableBeanFactory@77ae669e: defining beans []; root of factory hierarchy
17-Apr-2018 23:24:11.671 INFO [http-nio-8080-exec-19] org.springframework.web.context.ContextLoader.initWebApplicationContext Root WebApplicationContext: initialization completed in 274 ms
17-Apr-2018 23:24:11.710 INFO [http-nio-8080-exec-19] org.springframework.web.servlet.FrameworkServlet.initServletBean FrameworkServlet 'dispatcher': initialization started
17-Apr-2018 23:24:11.718 INFO [http-nio-8080-exec-19] org.springframework.context.support.AbstractApplicationContext.prepareRefresh Refreshing WebApplicationContext for namespace 'dispatcher-servlet': startup date [Tue Apr 17 23:24:11 CEST 2018]; parent: Root WebApplicationContext
17-Apr-2018 23:24:11.720 INFO [http-nio-8080-exec-19] org.springframework.beans.factory.xml.XmlBeanDefinitionReader.loadBeanDefinitions Loading XML bean definitions from ServletContext resource [/WEB-INF/dispatcher-servlet.xml]
17-Apr-2018 23:24:11.804 INFO [http-nio-8080-exec-19] org.springframework.beans.factory.support.DefaultListableBeanFactory.preInstantiateSingletons Pre-instantiating singletons in org.springframework.beans.factory.support.DefaultListableBeanFactory@2c843bd2: defining beans [org.springframework.web.servlet.mvc.support.ControllerClassNameHandlerMapping#0,urlMapping,viewResolver,indexController]; parent: org.springframework.beans.factory.support.DefaultListableBeanFactory@77ae669e
17-Apr-2018 23:24:12.125 INFO [http-nio-8080-exec-19] org.springframework.web.servlet.handler.AbstractUrlHandlerMapping.registerHandler Mapped URL path [/index.htm] onto handler 'indexController'
17-Apr-2018 23:24:12.320 INFO [http-nio-8080-exec-19] org.springframework.web.servlet.FrameworkServlet.initServletBean FrameworkServlet 'dispatcher': initialization completed in 609 ms
17-Apr-2018 23:24:12.327 INFO [http-nio-8080-exec-19] org.apache.catalina.core.StandardContext.reload Reloading Context with name [/WSpring] is completed
17-Apr-2018 23:24:12.347 INFO [http-nio-8080-exec-15] org.apache.catalina.startup.HostConfig.deployDescriptor Deploying configuration descriptor /Users/ptom/NetBeansProjects/apache-tomcat-8.0.30/conf/Catalina/localhost/WebSpring05.xml
17-Apr-2018 23:24:14.132 INFO [http-nio-8080-exec-15] org.apache.jasper.servlet.TldScanner.scanJars At least one JAR was scanned for TLDs yet contained no TLDs. Enable debug logging for this logger for a complete list of JARs that were scanned but no TLDs were found in them. Skipping unneeded JARs during scanning can improve startup time and JSP compilation time.
17-Apr-2018 23:24:14.189 INFO [http-nio-8080-exec-15] org.springframework.web.context.ContextLoader.initWebApplicationContext Root WebApplicationContext: initialization started
17-Apr-2018 23:24:14.379 INFO [http-nio-8080-exec-15] org.springframework.context.support.AbstractApplicationContext.prepareRefresh Refreshing Root WebApplicationContext: startup date [Tue Apr 17 23:24:14 CEST 2018]; root of context hierarchy
17-Apr-2018 23:24:14.433 INFO [http-nio-8080-exec-15] org.springframework.beans.factory.xml.XmlBeanDefinitionReader.loadBeanDefinitions Loading XML bean definitions from ServletContext resource [/WEB-INF/applicationContext.xml]
17-Apr-2018 23:24:14.490 INFO [http-nio-8080-exec-15] org.springframework.web.context.ContextLoader.initWebApplicationContext Root WebApplicationContext: initialization completed in 301 ms
17-Apr-2018 23:24:14.508 INFO [http-nio-8080-exec-15] org.springframework.web.servlet.FrameworkServlet.initServletBean FrameworkServlet 'dispatcher': initialization started
17-Apr-2018 23:24:14.514 INFO [http-nio-8080-exec-15] org.springframework.context.support.AbstractApplicationContext.prepareRefresh Refreshing WebApplicationContext for namespace 'dispatcher-servlet': startup date [Tue Apr 17 23:24:14 CEST 2018]; parent: Root WebApplicationContext
17-Apr-2018 23:24:14.521 INFO [http-nio-8080-exec-15] org.springframework.beans.factory.xml.XmlBeanDefinitionReader.loadBeanDefinitions Loading XML bean definitions from ServletContext resource [/WEB-INF/dispatcher-servlet.xml]
17-Apr-2018 23:24:14.714 INFO [http-nio-8080-exec-15] org.springframework.web.servlet.handler.AbstractUrlHandlerMapping.registerHandler Mapped URL path [/index.htm] onto handler 'indexController'
17-Apr-2018 23:24:14.815 INFO [http-nio-8080-exec-15] org.springframework.web.servlet.FrameworkServlet.initServletBean FrameworkServlet 'dispatcher': initialization completed in 306 ms
17-Apr-2018 23:24:14.833 INFO [http-nio-8080-exec-15] org.apache.catalina.startup.HostConfig.deployDescriptor Deployment of configuration descriptor /Users/ptom/NetBeansProjects/apache-tomcat-8.0.30/conf/Catalina/localhost/WebSpring05.xml has finished in 2,486 ms
17-Apr-2018 23:24:14.849 INFO [http-nio-8080-exec-18] org.apache.catalina.util.LifecycleBase.start The start() method was called on component [StandardEngine[Catalina].StandardHost[localhost].StandardContext[/WebSpring05]] after start() had already been called. The second call will be ignored.
17-Apr-2018 23:38:50.650 INFO [http-nio-8080-exec-24] org.apache.catalina.startup.HostConfig.deployDescriptor Deploying configuration descriptor /Users/ptom/NetBeansProjects/apache-tomcat-8.0.30/conf/Catalina/localhost/WebSpringSkel.xml
17-Apr-2018 23:38:53.898 INFO [http-nio-8080-exec-24] org.apache.jasper.servlet.TldScanner.scanJars At least one JAR was scanned for TLDs yet contained no TLDs. Enable debug logging for this logger for a complete list of JARs that were scanned but no TLDs were found in them. Skipping unneeded JARs during scanning can improve startup time and JSP compilation time.
17-Apr-2018 23:38:54.058 INFO [http-nio-8080-exec-24] org.springframework.web.context.ContextLoader.initWebApplicationContext Root WebApplicationContext: initialization started
17-Apr-2018 23:38:54.200 INFO [http-nio-8080-exec-24] org.springframework.context.support.AbstractApplicationContext.prepareRefresh Refreshing Root WebApplicationContext: startup date [Tue Apr 17 23:38:54 CEST 2018]; root of context hierarchy
17-Apr-2018 23:38:54.324 INFO [http-nio-8080-exec-24] org.springframework.beans.factory.xml.XmlBeanDefinitionReader.loadBeanDefinitions Loading XML bean definitions from ServletContext resource [/WEB-INF/applicationContext.xml]
17-Apr-2018 23:38:54.436 INFO [http-nio-8080-exec-24] org.springframework.beans.factory.support.DefaultListableBeanFactory.preInstantiateSingletons Pre-instantiating singletons in org.springframework.beans.factory.support.DefaultListableBeanFactory@6f1cf569: defining beans []; root of factory hierarchy
17-Apr-2018 23:38:54.445 INFO [http-nio-8080-exec-24] org.springframework.web.context.ContextLoader.initWebApplicationContext Root WebApplicationContext: initialization completed in 387 ms
17-Apr-2018 23:38:54.498 INFO [http-nio-8080-exec-24] org.springframework.web.servlet.FrameworkServlet.initServletBean FrameworkServlet 'dispatcher': initialization started
17-Apr-2018 23:38:54.519 INFO [http-nio-8080-exec-24] org.springframework.context.support.AbstractApplicationContext.prepareRefresh Refreshing WebApplicationContext for namespace 'dispatcher-servlet': startup date [Tue Apr 17 23:38:54 CEST 2018]; parent: Root WebApplicationContext
17-Apr-2018 23:38:54.520 INFO [http-nio-8080-exec-24] org.springframework.beans.factory.xml.XmlBeanDefinitionReader.loadBeanDefinitions Loading XML bean definitions from ServletContext resource [/WEB-INF/dispatcher-servlet.xml]
17-Apr-2018 23:38:54.601 INFO [http-nio-8080-exec-24] org.springframework.beans.factory.support.DefaultListableBeanFactory.preInstantiateSingletons Pre-instantiating singletons in org.springframework.beans.factory.support.DefaultListableBeanFactory@546c8532: defining beans [org.springframework.web.servlet.mvc.support.ControllerClassNameHandlerMapping#0,urlMapping,viewResolver,indexController]; parent: org.springframework.beans.factory.support.DefaultListableBeanFactory@6f1cf569
17-Apr-2018 23:38:54.789 INFO [http-nio-8080-exec-24] org.springframework.web.servlet.handler.AbstractUrlHandlerMapping.registerHandler Mapped URL path [/index.htm] onto handler 'indexController'
17-Apr-2018 23:38:54.896 INFO [http-nio-8080-exec-24] org.springframework.web.servlet.FrameworkServlet.initServletBean FrameworkServlet 'dispatcher': initialization completed in 397 ms
17-Apr-2018 23:38:54.902 INFO [http-nio-8080-exec-24] org.apache.catalina.startup.HostConfig.deployDescriptor Deployment of configuration descriptor /Users/ptom/NetBeansProjects/apache-tomcat-8.0.30/conf/Catalina/localhost/WebSpringSkel.xml has finished in 4,252 ms
17-Apr-2018 23:38:54.919 INFO [http-nio-8080-exec-25] org.apache.catalina.util.LifecycleBase.start The start() method was called on component [StandardEngine[Catalina].StandardHost[localhost].StandardContext[/WebSpringSkel]] after start() had already been called. The second call will be ignored.
