06-May-2018 21:47:48.175 INFO [main] org.apache.catalina.startup.VersionLoggerListener.log Server version:        Apache Tomcat/8.0.30
06-May-2018 21:47:48.183 INFO [main] org.apache.catalina.startup.VersionLoggerListener.log Server built:          Dec 1 2015 22:30:46 UTC
06-May-2018 21:47:48.183 INFO [main] org.apache.catalina.startup.VersionLoggerListener.log Server number:         8.0.30.0
06-May-2018 21:47:48.183 INFO [main] org.apache.catalina.startup.VersionLoggerListener.log OS Name:               Mac OS X
06-May-2018 21:47:48.184 INFO [main] org.apache.catalina.startup.VersionLoggerListener.log OS Version:            10.12.6
06-May-2018 21:47:48.186 INFO [main] org.apache.catalina.startup.VersionLoggerListener.log Architecture:          x86_64
06-May-2018 21:47:48.186 INFO [main] org.apache.catalina.startup.VersionLoggerListener.log Java Home:             /Library/Java/JavaVirtualMachines/jdk1.8.0_66.jdk/Contents/Home/jre
06-May-2018 21:47:48.186 INFO [main] org.apache.catalina.startup.VersionLoggerListener.log JVM Version:           1.8.0_66-b17
06-May-2018 21:47:48.187 INFO [main] org.apache.catalina.startup.VersionLoggerListener.log JVM Vendor:            Oracle Corporation
06-May-2018 21:47:48.187 INFO [main] org.apache.catalina.startup.VersionLoggerListener.log CATALINA_BASE:         /Users/ptom/NetBeansProjects/apache-tomcat-8.0.30
06-May-2018 21:47:48.187 INFO [main] org.apache.catalina.startup.VersionLoggerListener.log CATALINA_HOME:         /Users/ptom/NetBeansProjects/apache-tomcat-8.0.30
06-May-2018 21:47:48.188 INFO [main] org.apache.catalina.startup.VersionLoggerListener.log Command line argument: -Djava.util.logging.config.file=/Users/ptom/NetBeansProjects/apache-tomcat-8.0.30/conf/logging.properties
06-May-2018 21:47:48.188 INFO [main] org.apache.catalina.startup.VersionLoggerListener.log Command line argument: -Djava.util.logging.manager=org.apache.juli.ClassLoaderLogManager
06-May-2018 21:47:48.188 INFO [main] org.apache.catalina.startup.VersionLoggerListener.log Command line argument: -Dhttp.nonProxyHosts=localhost|127.0.0.1|iMac-di-Paolo-6.station
06-May-2018 21:47:48.189 INFO [main] org.apache.catalina.startup.VersionLoggerListener.log Command line argument: -Djava.endorsed.dirs=/Users/ptom/NetBeansProjects/apache-tomcat-8.0.30/endorsed
06-May-2018 21:47:48.189 INFO [main] org.apache.catalina.startup.VersionLoggerListener.log Command line argument: -Dcatalina.base=/Users/ptom/NetBeansProjects/apache-tomcat-8.0.30
06-May-2018 21:47:48.189 INFO [main] org.apache.catalina.startup.VersionLoggerListener.log Command line argument: -Dcatalina.home=/Users/ptom/NetBeansProjects/apache-tomcat-8.0.30
06-May-2018 21:47:48.189 INFO [main] org.apache.catalina.startup.VersionLoggerListener.log Command line argument: -Djava.io.tmpdir=/Users/ptom/NetBeansProjects/apache-tomcat-8.0.30/temp
06-May-2018 21:47:48.189 INFO [main] org.apache.catalina.core.AprLifecycleListener.lifecycleEvent The APR based Apache Tomcat Native library which allows optimal performance in production environments was not found on the java.library.path: /Users/ptom/Library/Java/Extensions:/Library/Java/Extensions:/Network/Library/Java/Extensions:/System/Library/Java/Extensions:/usr/lib/java:.
06-May-2018 21:47:48.649 INFO [main] org.apache.coyote.AbstractProtocol.init Initializing ProtocolHandler ["http-nio-8080"]
06-May-2018 21:47:48.745 INFO [main] org.apache.tomcat.util.net.NioSelectorPool.getSharedSelector Using a shared selector for servlet write/read
06-May-2018 21:47:48.761 INFO [main] org.apache.coyote.AbstractProtocol.init Initializing ProtocolHandler ["ajp-nio-8009"]
06-May-2018 21:47:48.774 INFO [main] org.apache.tomcat.util.net.NioSelectorPool.getSharedSelector Using a shared selector for servlet write/read
06-May-2018 21:47:48.775 INFO [main] org.apache.catalina.startup.Catalina.load Initialization processed in 2038 ms
06-May-2018 21:47:48.873 INFO [main] org.apache.catalina.core.StandardService.startInternal Starting service Catalina
06-May-2018 21:47:48.874 INFO [main] org.apache.catalina.core.StandardEngine.startInternal Starting Servlet Engine: Apache Tomcat/8.0.30
06-May-2018 21:47:48.894 INFO [localhost-startStop-1] org.apache.catalina.startup.HostConfig.deployDescriptor Deploying configuration descriptor /Users/ptom/NetBeansProjects/apache-tomcat-8.0.30/conf/Catalina/localhost/WebSpringSkel.xml
06-May-2018 21:47:52.923 INFO [localhost-startStop-1] org.apache.jasper.servlet.TldScanner.scanJars At least one JAR was scanned for TLDs yet contained no TLDs. Enable debug logging for this logger for a complete list of JARs that were scanned but no TLDs were found in them. Skipping unneeded JARs during scanning can improve startup time and JSP compilation time.
06-May-2018 21:47:53.047 INFO [localhost-startStop-1] org.springframework.web.context.ContextLoader.initWebApplicationContext Root WebApplicationContext: initialization started
06-May-2018 21:47:53.384 INFO [localhost-startStop-1] org.springframework.context.support.AbstractApplicationContext.prepareRefresh Refreshing Root WebApplicationContext: startup date [Sun May 06 21:47:53 CEST 2018]; root of context hierarchy
06-May-2018 21:47:53.475 INFO [localhost-startStop-1] org.springframework.beans.factory.xml.XmlBeanDefinitionReader.loadBeanDefinitions Loading XML bean definitions from ServletContext resource [/WEB-INF/applicationContext.xml]
06-May-2018 21:47:53.794 INFO [localhost-startStop-1] org.springframework.web.context.ContextLoader.initWebApplicationContext Root WebApplicationContext: initialization completed in 747 ms
06-May-2018 21:47:53.919 INFO [localhost-startStop-1] org.springframework.web.servlet.FrameworkServlet.initServletBean FrameworkServlet 'dispatcher': initialization started
06-May-2018 21:47:53.924 INFO [localhost-startStop-1] org.springframework.context.support.AbstractApplicationContext.prepareRefresh Refreshing WebApplicationContext for namespace 'dispatcher-servlet': startup date [Sun May 06 21:47:53 CEST 2018]; parent: Root WebApplicationContext
06-May-2018 21:47:53.925 INFO [localhost-startStop-1] org.springframework.beans.factory.xml.XmlBeanDefinitionReader.loadBeanDefinitions Loading XML bean definitions from ServletContext resource [/WEB-INF/dispatcher-servlet.xml]
06-May-2018 21:47:54.501 INFO [localhost-startStop-1] org.springframework.web.servlet.handler.AbstractUrlHandlerMapping.registerHandler Mapped URL path [/controllermultimap] onto handler 'controllerMultiMap'
06-May-2018 21:47:54.503 INFO [localhost-startStop-1] org.springframework.web.servlet.handler.AbstractUrlHandlerMapping.registerHandler Mapped URL path [/controllermultimap/*] onto handler 'controllerMultiMap'
06-May-2018 21:47:54.629 INFO [localhost-startStop-1] org.springframework.web.servlet.handler.AbstractUrlHandlerMapping.registerHandler Mapped URL path [/index.htm] onto handler 'indexController'
06-May-2018 21:47:55.295 INFO [localhost-startStop-1] org.springframework.web.servlet.FrameworkServlet.initServletBean FrameworkServlet 'dispatcher': initialization completed in 1375 ms
06-May-2018 21:47:55.325 INFO [localhost-startStop-1] org.apache.catalina.startup.HostConfig.deployDescriptor Deployment of configuration descriptor /Users/ptom/NetBeansProjects/apache-tomcat-8.0.30/conf/Catalina/localhost/WebSpringSkel.xml has finished in 6,429 ms
06-May-2018 21:47:55.326 INFO [localhost-startStop-1] org.apache.catalina.startup.HostConfig.deployDescriptor Deploying configuration descriptor /Users/ptom/NetBeansProjects/apache-tomcat-8.0.30/conf/Catalina/localhost/WSspring10.xml
06-May-2018 21:47:57.790 INFO [localhost-startStop-1] org.apache.jasper.servlet.TldScanner.scanJars At least one JAR was scanned for TLDs yet contained no TLDs. Enable debug logging for this logger for a complete list of JARs that were scanned but no TLDs were found in them. Skipping unneeded JARs during scanning can improve startup time and JSP compilation time.
06-May-2018 21:47:57.884 INFO [localhost-startStop-1] org.springframework.web.context.ContextLoader.initWebApplicationContext Root WebApplicationContext: initialization started
06-May-2018 21:47:58.215 INFO [localhost-startStop-1] org.springframework.context.support.AbstractApplicationContext.prepareRefresh Refreshing Root WebApplicationContext: startup date [Sun May 06 21:47:58 CEST 2018]; root of context hierarchy
06-May-2018 21:47:58.315 INFO [localhost-startStop-1] org.springframework.beans.factory.xml.XmlBeanDefinitionReader.loadBeanDefinitions Loading XML bean definitions from ServletContext resource [/WEB-INF/applicationContext.xml]
06-May-2018 21:47:58.476 INFO [localhost-startStop-1] org.springframework.web.context.ContextLoader.initWebApplicationContext Root WebApplicationContext: initialization completed in 590 ms
06-May-2018 21:47:58.528 INFO [localhost-startStop-1] org.springframework.web.servlet.FrameworkServlet.initServletBean FrameworkServlet 'dispatcher': initialization started
06-May-2018 21:47:58.536 INFO [localhost-startStop-1] org.springframework.context.support.AbstractApplicationContext.prepareRefresh Refreshing WebApplicationContext for namespace 'dispatcher-servlet': startup date [Sun May 06 21:47:58 CEST 2018]; parent: Root WebApplicationContext
06-May-2018 21:47:58.539 INFO [localhost-startStop-1] org.springframework.beans.factory.xml.XmlBeanDefinitionReader.loadBeanDefinitions Loading XML bean definitions from ServletContext resource [/WEB-INF/dispatcher-servlet.xml]
06-May-2018 21:47:59.219 INFO [localhost-startStop-1] org.springframework.web.servlet.handler.AbstractUrlHandlerMapping.registerHandler Mapped URL path [/NOMESERVIZIO.htm] onto handler 'controllerMultiMap'
06-May-2018 21:47:59.219 INFO [localhost-startStop-1] org.springframework.web.servlet.handler.AbstractUrlHandlerMapping.registerHandler Mapped URL path [/NOMESERVIZIO_01.htm] onto handler 'controllerMultiMap'
06-May-2018 21:47:59.482 INFO [localhost-startStop-1] org.springframework.web.servlet.FrameworkServlet.initServletBean FrameworkServlet 'dispatcher': initialization completed in 954 ms
06-May-2018 21:47:59.497 INFO [localhost-startStop-1] org.apache.catalina.startup.HostConfig.deployDescriptor Deployment of configuration descriptor /Users/ptom/NetBeansProjects/apache-tomcat-8.0.30/conf/Catalina/localhost/WSspring10.xml has finished in 4,171 ms
06-May-2018 21:47:59.498 INFO [localhost-startStop-1] org.apache.catalina.startup.HostConfig.deployDirectory Deploying web application directory /Users/ptom/NetBeansProjects/apache-tomcat-8.0.30/webapps/docs
06-May-2018 21:47:59.586 INFO [localhost-startStop-1] org.apache.jasper.servlet.TldScanner.scanJars At least one JAR was scanned for TLDs yet contained no TLDs. Enable debug logging for this logger for a complete list of JARs that were scanned but no TLDs were found in them. Skipping unneeded JARs during scanning can improve startup time and JSP compilation time.
06-May-2018 21:47:59.588 INFO [localhost-startStop-1] org.apache.catalina.startup.HostConfig.deployDirectory Deployment of web application directory /Users/ptom/NetBeansProjects/apache-tomcat-8.0.30/webapps/docs has finished in 90 ms
06-May-2018 21:47:59.589 INFO [localhost-startStop-1] org.apache.catalina.startup.HostConfig.deployDirectory Deploying web application directory /Users/ptom/NetBeansProjects/apache-tomcat-8.0.30/webapps/examples
06-May-2018 21:48:00.138 INFO [localhost-startStop-1] org.apache.jasper.servlet.TldScanner.scanJars At least one JAR was scanned for TLDs yet contained no TLDs. Enable debug logging for this logger for a complete list of JARs that were scanned but no TLDs were found in them. Skipping unneeded JARs during scanning can improve startup time and JSP compilation time.
06-May-2018 21:48:00.212 INFO [localhost-startStop-1] org.apache.catalina.startup.HostConfig.deployDirectory Deployment of web application directory /Users/ptom/NetBeansProjects/apache-tomcat-8.0.30/webapps/examples has finished in 623 ms
06-May-2018 21:48:00.212 INFO [localhost-startStop-1] org.apache.catalina.startup.HostConfig.deployDirectory Deploying web application directory /Users/ptom/NetBeansProjects/apache-tomcat-8.0.30/webapps/host-manager
06-May-2018 21:48:00.359 INFO [localhost-startStop-1] org.apache.jasper.servlet.TldScanner.scanJars At least one JAR was scanned for TLDs yet contained no TLDs. Enable debug logging for this logger for a complete list of JARs that were scanned but no TLDs were found in them. Skipping unneeded JARs during scanning can improve startup time and JSP compilation time.
06-May-2018 21:48:00.405 INFO [localhost-startStop-1] org.apache.catalina.startup.HostConfig.deployDirectory Deployment of web application directory /Users/ptom/NetBeansProjects/apache-tomcat-8.0.30/webapps/host-manager has finished in 191 ms
06-May-2018 21:48:00.406 INFO [localhost-startStop-1] org.apache.catalina.startup.HostConfig.deployDirectory Deploying web application directory /Users/ptom/NetBeansProjects/apache-tomcat-8.0.30/webapps/manager
06-May-2018 21:48:00.532 INFO [localhost-startStop-1] org.apache.jasper.servlet.TldScanner.scanJars At least one JAR was scanned for TLDs yet contained no TLDs. Enable debug logging for this logger for a complete list of JARs that were scanned but no TLDs were found in them. Skipping unneeded JARs during scanning can improve startup time and JSP compilation time.
06-May-2018 21:48:00.550 INFO [localhost-startStop-1] org.apache.catalina.startup.HostConfig.deployDirectory Deployment of web application directory /Users/ptom/NetBeansProjects/apache-tomcat-8.0.30/webapps/manager has finished in 144 ms
06-May-2018 21:48:00.555 INFO [main] org.apache.coyote.AbstractProtocol.start Starting ProtocolHandler ["http-nio-8080"]
06-May-2018 21:48:00.564 INFO [main] org.apache.coyote.AbstractProtocol.start Starting ProtocolHandler ["ajp-nio-8009"]
06-May-2018 21:48:00.565 INFO [main] org.apache.catalina.startup.Catalina.start Server startup in 11789 ms
06-May-2018 21:48:02.786 INFO [http-nio-8080-exec-9] org.apache.catalina.startup.HostConfig.deployDescriptor Deploying configuration descriptor /Users/ptom/NetBeansProjects/apache-tomcat-8.0.30/conf/Catalina/localhost/WebApplication2.xml
06-May-2018 21:48:05.447 INFO [http-nio-8080-exec-9] org.apache.jasper.servlet.TldScanner.scanJars At least one JAR was scanned for TLDs yet contained no TLDs. Enable debug logging for this logger for a complete list of JARs that were scanned but no TLDs were found in them. Skipping unneeded JARs during scanning can improve startup time and JSP compilation time.
06-May-2018 21:48:05.498 INFO [http-nio-8080-exec-9] org.springframework.web.context.ContextLoader.initWebApplicationContext Root WebApplicationContext: initialization started
06-May-2018 21:48:05.697 INFO [http-nio-8080-exec-9] org.springframework.context.support.AbstractApplicationContext.prepareRefresh Refreshing Root WebApplicationContext: startup date [Sun May 06 21:48:05 CEST 2018]; root of context hierarchy
06-May-2018 21:48:05.810 INFO [http-nio-8080-exec-9] org.springframework.beans.factory.xml.XmlBeanDefinitionReader.loadBeanDefinitions Loading XML bean definitions from ServletContext resource [/WEB-INF/applicationContext.xml]
06-May-2018 21:48:05.972 INFO [http-nio-8080-exec-9] org.springframework.web.context.ContextLoader.initWebApplicationContext Root WebApplicationContext: initialization completed in 472 ms
06-May-2018 21:48:06.039 INFO [http-nio-8080-exec-9] org.springframework.web.servlet.FrameworkServlet.initServletBean FrameworkServlet 'dispatcher': initialization started
06-May-2018 21:48:06.069 INFO [http-nio-8080-exec-9] org.springframework.context.support.AbstractApplicationContext.prepareRefresh Refreshing WebApplicationContext for namespace 'dispatcher-servlet': startup date [Sun May 06 21:48:06 CEST 2018]; parent: Root WebApplicationContext
06-May-2018 21:48:06.071 INFO [http-nio-8080-exec-9] org.springframework.beans.factory.xml.XmlBeanDefinitionReader.loadBeanDefinitions Loading XML bean definitions from ServletContext resource [/WEB-INF/dispatcher-servlet.xml]
06-May-2018 21:48:06.500 INFO [http-nio-8080-exec-9] org.springframework.web.servlet.handler.AbstractUrlHandlerMapping.registerHandler Mapped URL path [/NOMESERVIZIO.htm] onto handler 'controllerMultiMap'
06-May-2018 21:48:06.503 INFO [http-nio-8080-exec-9] org.springframework.web.servlet.handler.AbstractUrlHandlerMapping.registerHandler Mapped URL path [/NOMESERVIZIO_01.htm] onto handler 'controllerMultiMap'
06-May-2018 21:48:06.938 INFO [http-nio-8080-exec-9] org.springframework.web.servlet.FrameworkServlet.initServletBean FrameworkServlet 'dispatcher': initialization completed in 898 ms
06-May-2018 21:48:06.959 INFO [http-nio-8080-exec-9] org.apache.catalina.startup.HostConfig.deployDescriptor Deployment of configuration descriptor /Users/ptom/NetBeansProjects/apache-tomcat-8.0.30/conf/Catalina/localhost/WebApplication2.xml has finished in 4,172 ms
06-May-2018 21:48:07.026 INFO [http-nio-8080-exec-10] org.apache.catalina.util.LifecycleBase.start The start() method was called on component [StandardEngine[Catalina].StandardHost[localhost].StandardContext[/WebApplication2]] after start() had already been called. The second call will be ignored.
