02-May-2018 00:03:46.062 INFO [main] org.apache.catalina.startup.VersionLoggerListener.log Server version:        Apache Tomcat/8.0.30
02-May-2018 00:03:46.065 INFO [main] org.apache.catalina.startup.VersionLoggerListener.log Server built:          Dec 1 2015 22:30:46 UTC
02-May-2018 00:03:46.066 INFO [main] org.apache.catalina.startup.VersionLoggerListener.log Server number:         8.0.30.0
02-May-2018 00:03:46.066 INFO [main] org.apache.catalina.startup.VersionLoggerListener.log OS Name:               Mac OS X
02-May-2018 00:03:46.066 INFO [main] org.apache.catalina.startup.VersionLoggerListener.log OS Version:            10.12.6
02-May-2018 00:03:46.066 INFO [main] org.apache.catalina.startup.VersionLoggerListener.log Architecture:          x86_64
02-May-2018 00:03:46.067 INFO [main] org.apache.catalina.startup.VersionLoggerListener.log Java Home:             /Library/Java/JavaVirtualMachines/jdk1.8.0_66.jdk/Contents/Home/jre
02-May-2018 00:03:46.067 INFO [main] org.apache.catalina.startup.VersionLoggerListener.log JVM Version:           1.8.0_66-b17
02-May-2018 00:03:46.067 INFO [main] org.apache.catalina.startup.VersionLoggerListener.log JVM Vendor:            Oracle Corporation
02-May-2018 00:03:46.067 INFO [main] org.apache.catalina.startup.VersionLoggerListener.log CATALINA_BASE:         /Users/ptom/NetBeansProjects/apache-tomcat-8.0.30
02-May-2018 00:03:46.067 INFO [main] org.apache.catalina.startup.VersionLoggerListener.log CATALINA_HOME:         /Users/ptom/NetBeansProjects/apache-tomcat-8.0.30
02-May-2018 00:03:46.069 INFO [main] org.apache.catalina.startup.VersionLoggerListener.log Command line argument: -Djava.util.logging.config.file=/Users/ptom/NetBeansProjects/apache-tomcat-8.0.30/conf/logging.properties
02-May-2018 00:03:46.069 INFO [main] org.apache.catalina.startup.VersionLoggerListener.log Command line argument: -Djava.util.logging.manager=org.apache.juli.ClassLoaderLogManager
02-May-2018 00:03:46.069 INFO [main] org.apache.catalina.startup.VersionLoggerListener.log Command line argument: -Dhttp.nonProxyHosts=localhost|127.0.0.1|iMac-di-Paolo-6.station
02-May-2018 00:03:46.069 INFO [main] org.apache.catalina.startup.VersionLoggerListener.log Command line argument: -Djava.endorsed.dirs=/Users/ptom/NetBeansProjects/apache-tomcat-8.0.30/endorsed
02-May-2018 00:03:46.069 INFO [main] org.apache.catalina.startup.VersionLoggerListener.log Command line argument: -Dcatalina.base=/Users/ptom/NetBeansProjects/apache-tomcat-8.0.30
02-May-2018 00:03:46.069 INFO [main] org.apache.catalina.startup.VersionLoggerListener.log Command line argument: -Dcatalina.home=/Users/ptom/NetBeansProjects/apache-tomcat-8.0.30
02-May-2018 00:03:46.070 INFO [main] org.apache.catalina.startup.VersionLoggerListener.log Command line argument: -Djava.io.tmpdir=/Users/ptom/NetBeansProjects/apache-tomcat-8.0.30/temp
02-May-2018 00:03:46.070 INFO [main] org.apache.catalina.core.AprLifecycleListener.lifecycleEvent The APR based Apache Tomcat Native library which allows optimal performance in production environments was not found on the java.library.path: /Users/ptom/Library/Java/Extensions:/Library/Java/Extensions:/Network/Library/Java/Extensions:/System/Library/Java/Extensions:/usr/lib/java:.
02-May-2018 00:03:46.756 INFO [main] org.apache.coyote.AbstractProtocol.init Initializing ProtocolHandler ["http-nio-8080"]
02-May-2018 00:03:46.878 INFO [main] org.apache.tomcat.util.net.NioSelectorPool.getSharedSelector Using a shared selector for servlet write/read
02-May-2018 00:03:46.887 INFO [main] org.apache.coyote.AbstractProtocol.init Initializing ProtocolHandler ["ajp-nio-8009"]
02-May-2018 00:03:46.890 INFO [main] org.apache.tomcat.util.net.NioSelectorPool.getSharedSelector Using a shared selector for servlet write/read
02-May-2018 00:03:46.890 INFO [main] org.apache.catalina.startup.Catalina.load Initialization processed in 2822 ms
02-May-2018 00:03:46.984 INFO [main] org.apache.catalina.core.StandardService.startInternal Starting service Catalina
02-May-2018 00:03:46.984 INFO [main] org.apache.catalina.core.StandardEngine.startInternal Starting Servlet Engine: Apache Tomcat/8.0.30
02-May-2018 00:03:47.019 INFO [localhost-startStop-1] org.apache.catalina.startup.HostConfig.deployDescriptor Deploying configuration descriptor /Users/ptom/NetBeansProjects/apache-tomcat-8.0.30/conf/Catalina/localhost/WebSpringSkel.xml
02-May-2018 00:03:52.107 INFO [localhost-startStop-1] org.apache.jasper.servlet.TldScanner.scanJars At least one JAR was scanned for TLDs yet contained no TLDs. Enable debug logging for this logger for a complete list of JARs that were scanned but no TLDs were found in them. Skipping unneeded JARs during scanning can improve startup time and JSP compilation time.
02-May-2018 00:03:52.392 INFO [localhost-startStop-1] org.springframework.web.context.ContextLoader.initWebApplicationContext Root WebApplicationContext: initialization started
02-May-2018 00:03:52.837 INFO [localhost-startStop-1] org.springframework.context.support.AbstractApplicationContext.prepareRefresh Refreshing Root WebApplicationContext: startup date [Wed May 02 00:03:52 CEST 2018]; root of context hierarchy
02-May-2018 00:03:52.970 INFO [localhost-startStop-1] org.springframework.beans.factory.xml.XmlBeanDefinitionReader.loadBeanDefinitions Loading XML bean definitions from ServletContext resource [/WEB-INF/applicationContext.xml]
02-May-2018 00:03:53.483 INFO [localhost-startStop-1] org.springframework.web.context.ContextLoader.initWebApplicationContext Root WebApplicationContext: initialization completed in 1091 ms
02-May-2018 00:03:53.667 INFO [localhost-startStop-1] org.springframework.web.servlet.FrameworkServlet.initServletBean FrameworkServlet 'dispatcher': initialization started
02-May-2018 00:03:53.675 INFO [localhost-startStop-1] org.springframework.context.support.AbstractApplicationContext.prepareRefresh Refreshing WebApplicationContext for namespace 'dispatcher-servlet': startup date [Wed May 02 00:03:53 CEST 2018]; parent: Root WebApplicationContext
02-May-2018 00:03:53.695 INFO [localhost-startStop-1] org.springframework.beans.factory.xml.XmlBeanDefinitionReader.loadBeanDefinitions Loading XML bean definitions from ServletContext resource [/WEB-INF/dispatcher-servlet.xml]
02-May-2018 00:03:55.023 INFO [localhost-startStop-1] org.springframework.web.servlet.handler.AbstractUrlHandlerMapping.registerHandler Mapped URL path [/controllermultimap] onto handler 'controllerMultiMap'
02-May-2018 00:03:55.025 INFO [localhost-startStop-1] org.springframework.web.servlet.handler.AbstractUrlHandlerMapping.registerHandler Mapped URL path [/controllermultimap/*] onto handler 'controllerMultiMap'
02-May-2018 00:03:55.239 INFO [localhost-startStop-1] org.springframework.web.servlet.handler.AbstractUrlHandlerMapping.registerHandler Mapped URL path [/index.htm] onto handler 'indexController'
02-May-2018 00:03:56.144 INFO [localhost-startStop-1] org.springframework.web.servlet.FrameworkServlet.initServletBean FrameworkServlet 'dispatcher': initialization completed in 2475 ms
02-May-2018 00:03:56.269 INFO [localhost-startStop-1] org.apache.catalina.startup.HostConfig.deployDescriptor Deployment of configuration descriptor /Users/ptom/NetBeansProjects/apache-tomcat-8.0.30/conf/Catalina/localhost/WebSpringSkel.xml has finished in 9,248 ms
02-May-2018 00:03:56.271 INFO [localhost-startStop-1] org.apache.catalina.startup.HostConfig.deployDescriptor Deploying configuration descriptor /Users/ptom/NetBeansProjects/apache-tomcat-8.0.30/conf/Catalina/localhost/WSspring10.xml
02-May-2018 00:03:59.975 INFO [localhost-startStop-1] org.apache.jasper.servlet.TldScanner.scanJars At least one JAR was scanned for TLDs yet contained no TLDs. Enable debug logging for this logger for a complete list of JARs that were scanned but no TLDs were found in them. Skipping unneeded JARs during scanning can improve startup time and JSP compilation time.
02-May-2018 00:04:00.068 INFO [localhost-startStop-1] org.springframework.web.context.ContextLoader.initWebApplicationContext Root WebApplicationContext: initialization started
02-May-2018 00:04:00.486 INFO [localhost-startStop-1] org.springframework.context.support.AbstractApplicationContext.prepareRefresh Refreshing Root WebApplicationContext: startup date [Wed May 02 00:04:00 CEST 2018]; root of context hierarchy
02-May-2018 00:04:00.643 INFO [localhost-startStop-1] org.springframework.beans.factory.xml.XmlBeanDefinitionReader.loadBeanDefinitions Loading XML bean definitions from ServletContext resource [/WEB-INF/applicationContext.xml]
02-May-2018 00:04:00.859 INFO [localhost-startStop-1] org.springframework.web.context.ContextLoader.initWebApplicationContext Root WebApplicationContext: initialization completed in 791 ms
02-May-2018 00:04:00.915 INFO [localhost-startStop-1] org.springframework.web.servlet.FrameworkServlet.initServletBean FrameworkServlet 'dispatcher': initialization started
02-May-2018 00:04:00.928 INFO [localhost-startStop-1] org.springframework.context.support.AbstractApplicationContext.prepareRefresh Refreshing WebApplicationContext for namespace 'dispatcher-servlet': startup date [Wed May 02 00:04:00 CEST 2018]; parent: Root WebApplicationContext
02-May-2018 00:04:00.930 INFO [localhost-startStop-1] org.springframework.beans.factory.xml.XmlBeanDefinitionReader.loadBeanDefinitions Loading XML bean definitions from ServletContext resource [/WEB-INF/dispatcher-servlet.xml]
02-May-2018 00:04:01.600 INFO [localhost-startStop-1] org.springframework.web.servlet.handler.AbstractUrlHandlerMapping.registerHandler Mapped URL path [/NOMESERVIZIO_01.htm] onto handler 'controllerMultiMap'
02-May-2018 00:04:01.600 INFO [localhost-startStop-1] org.springframework.web.servlet.handler.AbstractUrlHandlerMapping.registerHandler Mapped URL path [/NOMESERVIZIO.htm] onto handler 'controllerMultiMap'
02-May-2018 00:04:02.013 INFO [localhost-startStop-1] org.springframework.web.servlet.FrameworkServlet.initServletBean FrameworkServlet 'dispatcher': initialization completed in 1096 ms
02-May-2018 00:04:02.024 INFO [localhost-startStop-1] org.apache.catalina.startup.HostConfig.deployDescriptor Deployment of configuration descriptor /Users/ptom/NetBeansProjects/apache-tomcat-8.0.30/conf/Catalina/localhost/WSspring10.xml has finished in 5,754 ms
02-May-2018 00:04:02.026 INFO [localhost-startStop-1] org.apache.catalina.startup.HostConfig.deployDirectory Deploying web application directory /Users/ptom/NetBeansProjects/apache-tomcat-8.0.30/webapps/docs
02-May-2018 00:04:02.235 INFO [localhost-startStop-1] org.apache.jasper.servlet.TldScanner.scanJars At least one JAR was scanned for TLDs yet contained no TLDs. Enable debug logging for this logger for a complete list of JARs that were scanned but no TLDs were found in them. Skipping unneeded JARs during scanning can improve startup time and JSP compilation time.
02-May-2018 00:04:02.257 INFO [localhost-startStop-1] org.apache.catalina.startup.HostConfig.deployDirectory Deployment of web application directory /Users/ptom/NetBeansProjects/apache-tomcat-8.0.30/webapps/docs has finished in 230 ms
02-May-2018 00:04:02.258 INFO [localhost-startStop-1] org.apache.catalina.startup.HostConfig.deployDirectory Deploying web application directory /Users/ptom/NetBeansProjects/apache-tomcat-8.0.30/webapps/examples
02-May-2018 00:04:03.000 INFO [localhost-startStop-1] org.apache.jasper.servlet.TldScanner.scanJars At least one JAR was scanned for TLDs yet contained no TLDs. Enable debug logging for this logger for a complete list of JARs that were scanned but no TLDs were found in them. Skipping unneeded JARs during scanning can improve startup time and JSP compilation time.
02-May-2018 00:04:03.095 INFO [localhost-startStop-1] org.apache.catalina.startup.HostConfig.deployDirectory Deployment of web application directory /Users/ptom/NetBeansProjects/apache-tomcat-8.0.30/webapps/examples has finished in 838 ms
02-May-2018 00:04:03.096 INFO [localhost-startStop-1] org.apache.catalina.startup.HostConfig.deployDirectory Deploying web application directory /Users/ptom/NetBeansProjects/apache-tomcat-8.0.30/webapps/host-manager
02-May-2018 00:04:03.437 INFO [localhost-startStop-1] org.apache.jasper.servlet.TldScanner.scanJars At least one JAR was scanned for TLDs yet contained no TLDs. Enable debug logging for this logger for a complete list of JARs that were scanned but no TLDs were found in them. Skipping unneeded JARs during scanning can improve startup time and JSP compilation time.
02-May-2018 00:04:03.471 INFO [localhost-startStop-1] org.apache.catalina.startup.HostConfig.deployDirectory Deployment of web application directory /Users/ptom/NetBeansProjects/apache-tomcat-8.0.30/webapps/host-manager has finished in 375 ms
02-May-2018 00:04:03.471 INFO [localhost-startStop-1] org.apache.catalina.startup.HostConfig.deployDirectory Deploying web application directory /Users/ptom/NetBeansProjects/apache-tomcat-8.0.30/webapps/manager
02-May-2018 00:04:03.740 INFO [localhost-startStop-1] org.apache.jasper.servlet.TldScanner.scanJars At least one JAR was scanned for TLDs yet contained no TLDs. Enable debug logging for this logger for a complete list of JARs that were scanned but no TLDs were found in them. Skipping unneeded JARs during scanning can improve startup time and JSP compilation time.
02-May-2018 00:04:03.747 INFO [localhost-startStop-1] org.apache.catalina.startup.HostConfig.deployDirectory Deployment of web application directory /Users/ptom/NetBeansProjects/apache-tomcat-8.0.30/webapps/manager has finished in 276 ms
02-May-2018 00:04:03.913 INFO [main] org.apache.coyote.AbstractProtocol.start Starting ProtocolHandler ["http-nio-8080"]
02-May-2018 00:04:03.922 INFO [main] org.apache.coyote.AbstractProtocol.start Starting ProtocolHandler ["ajp-nio-8009"]
02-May-2018 00:04:03.924 INFO [main] org.apache.catalina.startup.Catalina.start Server startup in 17033 ms
02-May-2018 00:04:06.676 INFO [http-nio-8080-exec-3] org.apache.catalina.core.StandardContext.reload Reloading Context with name [/WSspring10] has started
02-May-2018 00:04:06.679 INFO [http-nio-8080-exec-3] org.springframework.context.support.AbstractApplicationContext.doClose Closing WebApplicationContext for namespace 'dispatcher-servlet': startup date [Wed May 02 00:04:00 CEST 2018]; parent: Root WebApplicationContext
02-May-2018 00:04:06.694 INFO [http-nio-8080-exec-3] org.springframework.context.support.AbstractApplicationContext.doClose Closing Root WebApplicationContext: startup date [Wed May 02 00:04:00 CEST 2018]; root of context hierarchy
02-May-2018 00:04:10.286 INFO [http-nio-8080-exec-3] org.apache.jasper.servlet.TldScanner.scanJars At least one JAR was scanned for TLDs yet contained no TLDs. Enable debug logging for this logger for a complete list of JARs that were scanned but no TLDs were found in them. Skipping unneeded JARs during scanning can improve startup time and JSP compilation time.
02-May-2018 00:04:10.490 INFO [http-nio-8080-exec-3] org.springframework.web.context.ContextLoader.initWebApplicationContext Root WebApplicationContext: initialization started
02-May-2018 00:04:10.891 INFO [http-nio-8080-exec-3] org.springframework.context.support.AbstractApplicationContext.prepareRefresh Refreshing Root WebApplicationContext: startup date [Wed May 02 00:04:10 CEST 2018]; root of context hierarchy
02-May-2018 00:04:11.018 INFO [http-nio-8080-exec-3] org.springframework.beans.factory.xml.XmlBeanDefinitionReader.loadBeanDefinitions Loading XML bean definitions from ServletContext resource [/WEB-INF/applicationContext.xml]
02-May-2018 00:04:11.264 INFO [http-nio-8080-exec-3] org.springframework.web.context.ContextLoader.initWebApplicationContext Root WebApplicationContext: initialization completed in 774 ms
02-May-2018 00:04:11.323 INFO [http-nio-8080-exec-3] org.springframework.web.servlet.FrameworkServlet.initServletBean FrameworkServlet 'dispatcher': initialization started
02-May-2018 00:04:11.332 INFO [http-nio-8080-exec-3] org.springframework.context.support.AbstractApplicationContext.prepareRefresh Refreshing WebApplicationContext for namespace 'dispatcher-servlet': startup date [Wed May 02 00:04:11 CEST 2018]; parent: Root WebApplicationContext
02-May-2018 00:04:11.333 INFO [http-nio-8080-exec-3] org.springframework.beans.factory.xml.XmlBeanDefinitionReader.loadBeanDefinitions Loading XML bean definitions from ServletContext resource [/WEB-INF/dispatcher-servlet.xml]
02-May-2018 00:04:11.904 INFO [http-nio-8080-exec-3] org.springframework.web.servlet.handler.AbstractUrlHandlerMapping.registerHandler Mapped URL path [/NOMESERVIZIO_01.htm] onto handler 'controllerMultiMap'
02-May-2018 00:04:11.904 INFO [http-nio-8080-exec-3] org.springframework.web.servlet.handler.AbstractUrlHandlerMapping.registerHandler Mapped URL path [/NOMESERVIZIO.htm] onto handler 'controllerMultiMap'
02-May-2018 00:04:12.131 INFO [http-nio-8080-exec-3] org.springframework.web.servlet.FrameworkServlet.initServletBean FrameworkServlet 'dispatcher': initialization completed in 808 ms
02-May-2018 00:04:12.146 INFO [http-nio-8080-exec-3] org.apache.catalina.core.StandardContext.reload Reloading Context with name [/WSspring10] is completed
02-May-2018 00:05:14.757 WARNING [http-nio-8080-exec-11] org.springframework.web.servlet.DispatcherServlet.noHandlerFound No mapping found for HTTP request with URI [/WSspring10/NOMESERVICE.htm] in DispatcherServlet with name 'dispatcher'
02-May-2018 00:07:31.857 INFO [http-nio-8080-exec-16] org.springframework.context.support.AbstractApplicationContext.doClose Closing WebApplicationContext for namespace 'dispatcher-servlet': startup date [Wed May 02 00:04:11 CEST 2018]; parent: Root WebApplicationContext
02-May-2018 00:07:31.869 INFO [http-nio-8080-exec-16] org.springframework.context.support.AbstractApplicationContext.doClose Closing Root WebApplicationContext: startup date [Wed May 02 00:04:10 CEST 2018]; root of context hierarchy
02-May-2018 00:07:34.618 INFO [ContainerBackgroundProcessor[StandardEngine[Catalina]]] org.apache.catalina.startup.HostConfig.reload Reloading context [/WSspring10]
02-May-2018 00:07:36.045 WARNING [ContainerBackgroundProcessor[StandardEngine[Catalina]]] org.apache.catalina.startup.HostConfig.reload Error during context [/WSspring10] restart
 org.apache.catalina.LifecycleException: Failed to start component [StandardEngine[Catalina].StandardHost[localhost].StandardContext[/WSspring10]]
	at org.apache.catalina.util.LifecycleBase.start(LifecycleBase.java:154)
	at org.apache.catalina.startup.HostConfig.reload(HostConfig.java:1390)
	at org.apache.catalina.startup.HostConfig.checkResources(HostConfig.java:1354)
	at org.apache.catalina.startup.HostConfig.check(HostConfig.java:1552)
	at org.apache.catalina.startup.HostConfig.lifecycleEvent(HostConfig.java:285)
	at org.apache.catalina.util.LifecycleSupport.fireLifecycleEvent(LifecycleSupport.java:95)
	at org.apache.catalina.util.LifecycleBase.fireLifecycleEvent(LifecycleBase.java:90)
	at org.apache.catalina.core.ContainerBase.backgroundProcess(ContainerBase.java:1141)
	at org.apache.catalina.core.ContainerBase$ContainerBackgroundProcessor.processChildren(ContainerBase.java:1377)
	at org.apache.catalina.core.ContainerBase$ContainerBackgroundProcessor.processChildren(ContainerBase.java:1381)
	at org.apache.catalina.core.ContainerBase$ContainerBackgroundProcessor.run(ContainerBase.java:1349)
	at java.lang.Thread.run(Thread.java:745)
Caused by: java.lang.IllegalArgumentException: Invalid <url-pattern> /S/*.htm in servlet mapping
	at org.apache.catalina.core.StandardContext.addServletMapping(StandardContext.java:3160)
	at org.apache.catalina.core.StandardContext.addServletMapping(StandardContext.java:3135)
	at org.apache.catalina.startup.ContextConfig.configureContext(ContextConfig.java:1372)
	at org.apache.catalina.startup.ContextConfig.webConfig(ContextConfig.java:1176)
	at org.apache.catalina.startup.ContextConfig.configureStart(ContextConfig.java:771)
	at org.apache.catalina.startup.ContextConfig.lifecycleEvent(ContextConfig.java:305)
	at org.apache.catalina.util.LifecycleSupport.fireLifecycleEvent(LifecycleSupport.java:95)
	at org.apache.catalina.util.LifecycleBase.fireLifecycleEvent(LifecycleBase.java:90)
	at org.apache.catalina.core.StandardContext.startInternal(StandardContext.java:5154)
	at org.apache.catalina.util.LifecycleBase.start(LifecycleBase.java:150)
	... 11 more

02-May-2018 00:08:25.637 INFO [http-nio-8080-exec-12] org.apache.catalina.startup.HostConfig.undeploy Undeploying context [/WSspring10]
02-May-2018 00:08:37.625 INFO [http-nio-8080-exec-25] org.apache.catalina.startup.HostConfig.deployDescriptor Deploying configuration descriptor /Users/ptom/NetBeansProjects/apache-tomcat-8.0.30/conf/Catalina/localhost/WSspring10.xml
02-May-2018 00:08:38.902 SEVERE [http-nio-8080-exec-25] org.apache.catalina.core.ContainerBase.addChildInternal ContainerBase.addChild: start: 
 org.apache.catalina.LifecycleException: Failed to start component [StandardEngine[Catalina].StandardHost[localhost].StandardContext[/WSspring10]]
	at org.apache.catalina.util.LifecycleBase.start(LifecycleBase.java:154)
	at org.apache.catalina.core.ContainerBase.addChildInternal(ContainerBase.java:725)
	at org.apache.catalina.core.ContainerBase.addChild(ContainerBase.java:701)
	at org.apache.catalina.core.StandardHost.addChild(StandardHost.java:717)
	at org.apache.catalina.startup.HostConfig.deployDescriptor(HostConfig.java:586)
	at org.apache.catalina.startup.HostConfig.deployApps(HostConfig.java:460)
	at org.apache.catalina.startup.HostConfig.check(HostConfig.java:1583)
	at sun.reflect.NativeMethodAccessorImpl.invoke0(Native Method)
	at sun.reflect.NativeMethodAccessorImpl.invoke(NativeMethodAccessorImpl.java:62)
	at sun.reflect.DelegatingMethodAccessorImpl.invoke(DelegatingMethodAccessorImpl.java:43)
	at java.lang.reflect.Method.invoke(Method.java:497)
	at org.apache.tomcat.util.modeler.BaseModelMBean.invoke(BaseModelMBean.java:300)
	at com.sun.jmx.interceptor.DefaultMBeanServerInterceptor.invoke(DefaultMBeanServerInterceptor.java:819)
	at com.sun.jmx.mbeanserver.JmxMBeanServer.invoke(JmxMBeanServer.java:801)
	at org.apache.catalina.manager.ManagerServlet.check(ManagerServlet.java:1460)
	at org.apache.catalina.manager.ManagerServlet.deploy(ManagerServlet.java:906)
	at org.apache.catalina.manager.ManagerServlet.doGet(ManagerServlet.java:344)
	at javax.servlet.http.HttpServlet.service(HttpServlet.java:622)
	at javax.servlet.http.HttpServlet.service(HttpServlet.java:729)
	at org.apache.catalina.core.ApplicationFilterChain.internalDoFilter(ApplicationFilterChain.java:291)
	at org.apache.catalina.core.ApplicationFilterChain.doFilter(ApplicationFilterChain.java:206)
	at org.apache.tomcat.websocket.server.WsFilter.doFilter(WsFilter.java:52)
	at org.apache.catalina.core.ApplicationFilterChain.internalDoFilter(ApplicationFilterChain.java:239)
	at org.apache.catalina.core.ApplicationFilterChain.doFilter(ApplicationFilterChain.java:206)
	at org.netbeans.modules.web.monitor.server.MonitorFilter.doFilter(MonitorFilter.java:393)
	at org.apache.catalina.core.ApplicationFilterChain.internalDoFilter(ApplicationFilterChain.java:239)
	at org.apache.catalina.core.ApplicationFilterChain.doFilter(ApplicationFilterChain.java:206)
	at org.apache.catalina.filters.SetCharacterEncodingFilter.doFilter(SetCharacterEncodingFilter.java:108)
	at org.apache.catalina.core.ApplicationFilterChain.internalDoFilter(ApplicationFilterChain.java:239)
	at org.apache.catalina.core.ApplicationFilterChain.doFilter(ApplicationFilterChain.java:206)
	at org.apache.catalina.core.StandardWrapperValve.invoke(StandardWrapperValve.java:212)
	at org.apache.catalina.core.StandardContextValve.invoke(StandardContextValve.java:106)
	at org.apache.catalina.authenticator.AuthenticatorBase.invoke(AuthenticatorBase.java:614)
	at org.apache.catalina.core.StandardHostValve.invoke(StandardHostValve.java:141)
	at org.apache.catalina.valves.ErrorReportValve.invoke(ErrorReportValve.java:79)
	at org.apache.catalina.valves.AbstractAccessLogValve.invoke(AbstractAccessLogValve.java:616)
	at org.apache.catalina.core.StandardEngineValve.invoke(StandardEngineValve.java:88)
	at org.apache.catalina.connector.CoyoteAdapter.service(CoyoteAdapter.java:521)
	at org.apache.coyote.http11.AbstractHttp11Processor.process(AbstractHttp11Processor.java:1096)
	at org.apache.coyote.AbstractProtocol$AbstractConnectionHandler.process(AbstractProtocol.java:674)
	at org.apache.tomcat.util.net.NioEndpoint$SocketProcessor.doRun(NioEndpoint.java:1500)
	at org.apache.tomcat.util.net.NioEndpoint$SocketProcessor.run(NioEndpoint.java:1456)
	at java.util.concurrent.ThreadPoolExecutor.runWorker(ThreadPoolExecutor.java:1142)
	at java.util.concurrent.ThreadPoolExecutor$Worker.run(ThreadPoolExecutor.java:617)
	at org.apache.tomcat.util.threads.TaskThread$WrappingRunnable.run(TaskThread.java:61)
	at java.lang.Thread.run(Thread.java:745)
Caused by: java.lang.IllegalArgumentException: Invalid <url-pattern> /S/*.htm in servlet mapping
	at org.apache.catalina.core.StandardContext.addServletMapping(StandardContext.java:3160)
	at org.apache.catalina.core.StandardContext.addServletMapping(StandardContext.java:3135)
	at org.apache.catalina.startup.ContextConfig.configureContext(ContextConfig.java:1372)
	at org.apache.catalina.startup.ContextConfig.webConfig(ContextConfig.java:1176)
	at org.apache.catalina.startup.ContextConfig.configureStart(ContextConfig.java:771)
	at org.apache.catalina.startup.ContextConfig.lifecycleEvent(ContextConfig.java:305)
	at org.apache.catalina.util.LifecycleSupport.fireLifecycleEvent(LifecycleSupport.java:95)
	at org.apache.catalina.util.LifecycleBase.fireLifecycleEvent(LifecycleBase.java:90)
	at org.apache.catalina.core.StandardContext.startInternal(StandardContext.java:5154)
	at org.apache.catalina.util.LifecycleBase.start(LifecycleBase.java:150)
	... 45 more

02-May-2018 00:08:38.904 SEVERE [http-nio-8080-exec-25] org.apache.catalina.startup.HostConfig.deployDescriptor Error deploying configuration descriptor /Users/ptom/NetBeansProjects/apache-tomcat-8.0.30/conf/Catalina/localhost/WSspring10.xml
 java.lang.IllegalStateException: ContainerBase.addChild: start: org.apache.catalina.LifecycleException: Failed to start component [StandardEngine[Catalina].StandardHost[localhost].StandardContext[/WSspring10]]
	at org.apache.catalina.core.ContainerBase.addChildInternal(ContainerBase.java:729)
	at org.apache.catalina.core.ContainerBase.addChild(ContainerBase.java:701)
	at org.apache.catalina.core.StandardHost.addChild(StandardHost.java:717)
	at org.apache.catalina.startup.HostConfig.deployDescriptor(HostConfig.java:586)
	at org.apache.catalina.startup.HostConfig.deployApps(HostConfig.java:460)
	at org.apache.catalina.startup.HostConfig.check(HostConfig.java:1583)
	at sun.reflect.NativeMethodAccessorImpl.invoke0(Native Method)
	at sun.reflect.NativeMethodAccessorImpl.invoke(NativeMethodAccessorImpl.java:62)
	at sun.reflect.DelegatingMethodAccessorImpl.invoke(DelegatingMethodAccessorImpl.java:43)
	at java.lang.reflect.Method.invoke(Method.java:497)
	at org.apache.tomcat.util.modeler.BaseModelMBean.invoke(BaseModelMBean.java:300)
	at com.sun.jmx.interceptor.DefaultMBeanServerInterceptor.invoke(DefaultMBeanServerInterceptor.java:819)
	at com.sun.jmx.mbeanserver.JmxMBeanServer.invoke(JmxMBeanServer.java:801)
	at org.apache.catalina.manager.ManagerServlet.check(ManagerServlet.java:1460)
	at org.apache.catalina.manager.ManagerServlet.deploy(ManagerServlet.java:906)
	at org.apache.catalina.manager.ManagerServlet.doGet(ManagerServlet.java:344)
	at javax.servlet.http.HttpServlet.service(HttpServlet.java:622)
	at javax.servlet.http.HttpServlet.service(HttpServlet.java:729)
	at org.apache.catalina.core.ApplicationFilterChain.internalDoFilter(ApplicationFilterChain.java:291)
	at org.apache.catalina.core.ApplicationFilterChain.doFilter(ApplicationFilterChain.java:206)
	at org.apache.tomcat.websocket.server.WsFilter.doFilter(WsFilter.java:52)
	at org.apache.catalina.core.ApplicationFilterChain.internalDoFilter(ApplicationFilterChain.java:239)
	at org.apache.catalina.core.ApplicationFilterChain.doFilter(ApplicationFilterChain.java:206)
	at org.netbeans.modules.web.monitor.server.MonitorFilter.doFilter(MonitorFilter.java:393)
	at org.apache.catalina.core.ApplicationFilterChain.internalDoFilter(ApplicationFilterChain.java:239)
	at org.apache.catalina.core.ApplicationFilterChain.doFilter(ApplicationFilterChain.java:206)
	at org.apache.catalina.filters.SetCharacterEncodingFilter.doFilter(SetCharacterEncodingFilter.java:108)
	at org.apache.catalina.core.ApplicationFilterChain.internalDoFilter(ApplicationFilterChain.java:239)
	at org.apache.catalina.core.ApplicationFilterChain.doFilter(ApplicationFilterChain.java:206)
	at org.apache.catalina.core.StandardWrapperValve.invoke(StandardWrapperValve.java:212)
	at org.apache.catalina.core.StandardContextValve.invoke(StandardContextValve.java:106)
	at org.apache.catalina.authenticator.AuthenticatorBase.invoke(AuthenticatorBase.java:614)
	at org.apache.catalina.core.StandardHostValve.invoke(StandardHostValve.java:141)
	at org.apache.catalina.valves.ErrorReportValve.invoke(ErrorReportValve.java:79)
	at org.apache.catalina.valves.AbstractAccessLogValve.invoke(AbstractAccessLogValve.java:616)
	at org.apache.catalina.core.StandardEngineValve.invoke(StandardEngineValve.java:88)
	at org.apache.catalina.connector.CoyoteAdapter.service(CoyoteAdapter.java:521)
	at org.apache.coyote.http11.AbstractHttp11Processor.process(AbstractHttp11Processor.java:1096)
	at org.apache.coyote.AbstractProtocol$AbstractConnectionHandler.process(AbstractProtocol.java:674)
	at org.apache.tomcat.util.net.NioEndpoint$SocketProcessor.doRun(NioEndpoint.java:1500)
	at org.apache.tomcat.util.net.NioEndpoint$SocketProcessor.run(NioEndpoint.java:1456)
	at java.util.concurrent.ThreadPoolExecutor.runWorker(ThreadPoolExecutor.java:1142)
	at java.util.concurrent.ThreadPoolExecutor$Worker.run(ThreadPoolExecutor.java:617)
	at org.apache.tomcat.util.threads.TaskThread$WrappingRunnable.run(TaskThread.java:61)
	at java.lang.Thread.run(Thread.java:745)

02-May-2018 00:08:38.906 INFO [http-nio-8080-exec-25] org.apache.catalina.startup.HostConfig.deployDescriptor Deployment of configuration descriptor /Users/ptom/NetBeansProjects/apache-tomcat-8.0.30/conf/Catalina/localhost/WSspring10.xml has finished in 1,281 ms
02-May-2018 00:10:14.844 INFO [http-nio-8080-exec-29] org.apache.catalina.startup.HostConfig.undeploy Undeploying context [/WSspring10]
02-May-2018 00:10:14.895 INFO [http-nio-8080-exec-15] org.apache.catalina.startup.HostConfig.deployDescriptor Deploying configuration descriptor /Users/ptom/NetBeansProjects/apache-tomcat-8.0.30/conf/Catalina/localhost/WSspring10.xml
02-May-2018 00:10:16.662 INFO [http-nio-8080-exec-15] org.apache.jasper.servlet.TldScanner.scanJars At least one JAR was scanned for TLDs yet contained no TLDs. Enable debug logging for this logger for a complete list of JARs that were scanned but no TLDs were found in them. Skipping unneeded JARs during scanning can improve startup time and JSP compilation time.
02-May-2018 00:10:16.719 INFO [http-nio-8080-exec-15] org.springframework.web.context.ContextLoader.initWebApplicationContext Root WebApplicationContext: initialization started
02-May-2018 00:10:16.877 INFO [http-nio-8080-exec-15] org.springframework.context.support.AbstractApplicationContext.prepareRefresh Refreshing Root WebApplicationContext: startup date [Wed May 02 00:10:16 CEST 2018]; root of context hierarchy
02-May-2018 00:10:16.934 INFO [http-nio-8080-exec-15] org.springframework.beans.factory.xml.XmlBeanDefinitionReader.loadBeanDefinitions Loading XML bean definitions from ServletContext resource [/WEB-INF/applicationContext.xml]
02-May-2018 00:10:17.019 INFO [http-nio-8080-exec-15] org.springframework.web.context.ContextLoader.initWebApplicationContext Root WebApplicationContext: initialization completed in 300 ms
02-May-2018 00:10:17.042 INFO [http-nio-8080-exec-15] org.springframework.web.servlet.FrameworkServlet.initServletBean FrameworkServlet 'dispatcher': initialization started
02-May-2018 00:10:17.050 INFO [http-nio-8080-exec-15] org.springframework.context.support.AbstractApplicationContext.prepareRefresh Refreshing WebApplicationContext for namespace 'dispatcher-servlet': startup date [Wed May 02 00:10:17 CEST 2018]; parent: Root WebApplicationContext
02-May-2018 00:10:17.063 INFO [http-nio-8080-exec-15] org.springframework.beans.factory.xml.XmlBeanDefinitionReader.loadBeanDefinitions Loading XML bean definitions from ServletContext resource [/WEB-INF/dispatcher-servlet.xml]
02-May-2018 00:10:17.619 INFO [http-nio-8080-exec-15] org.springframework.web.servlet.handler.AbstractUrlHandlerMapping.registerHandler Mapped URL path [/NOMESERVIZIO_01.htm] onto handler 'controllerMultiMap'
02-May-2018 00:10:17.619 INFO [http-nio-8080-exec-15] org.springframework.web.servlet.handler.AbstractUrlHandlerMapping.registerHandler Mapped URL path [/NOMESERVIZIO.htm] onto handler 'controllerMultiMap'
02-May-2018 00:10:17.738 INFO [http-nio-8080-exec-15] org.springframework.web.servlet.FrameworkServlet.initServletBean FrameworkServlet 'dispatcher': initialization completed in 696 ms
02-May-2018 00:10:17.742 INFO [http-nio-8080-exec-15] org.apache.catalina.startup.HostConfig.deployDescriptor Deployment of configuration descriptor /Users/ptom/NetBeansProjects/apache-tomcat-8.0.30/conf/Catalina/localhost/WSspring10.xml has finished in 2,847 ms
02-May-2018 00:30:58.310 INFO [main] org.apache.catalina.core.StandardServer.await A valid shutdown command was received via the shutdown port. Stopping the Server instance.
02-May-2018 00:30:58.312 INFO [main] org.apache.coyote.AbstractProtocol.pause Pausing ProtocolHandler ["http-nio-8080"]
02-May-2018 00:30:58.370 INFO [main] org.apache.coyote.AbstractProtocol.pause Pausing ProtocolHandler ["ajp-nio-8009"]
02-May-2018 00:30:58.421 INFO [main] org.apache.catalina.core.StandardService.stopInternal Stopping service Catalina
02-May-2018 00:30:58.430 INFO [localhost-startStop-2] org.springframework.context.support.AbstractApplicationContext.doClose Closing WebApplicationContext for namespace 'dispatcher-servlet': startup date [Wed May 02 00:10:17 CEST 2018]; parent: Root WebApplicationContext
02-May-2018 00:30:58.434 INFO [localhost-startStop-2] org.springframework.context.support.AbstractApplicationContext.doClose Closing Root WebApplicationContext: startup date [Wed May 02 00:10:16 CEST 2018]; root of context hierarchy
02-May-2018 00:30:58.465 INFO [localhost-startStop-2] org.springframework.context.support.AbstractApplicationContext.doClose Closing WebApplicationContext for namespace 'dispatcher-servlet': startup date [Wed May 02 00:03:53 CEST 2018]; parent: Root WebApplicationContext
02-May-2018 00:30:58.472 INFO [localhost-startStop-2] org.springframework.context.support.AbstractApplicationContext.doClose Closing Root WebApplicationContext: startup date [Wed May 02 00:03:52 CEST 2018]; root of context hierarchy
02-May-2018 00:30:58.502 INFO [main] org.apache.coyote.AbstractProtocol.stop Stopping ProtocolHandler ["http-nio-8080"]
02-May-2018 00:30:58.505 INFO [main] org.apache.coyote.AbstractProtocol.stop Stopping ProtocolHandler ["ajp-nio-8009"]
02-May-2018 00:30:58.506 INFO [main] org.apache.coyote.AbstractProtocol.destroy Destroying ProtocolHandler ["http-nio-8080"]
02-May-2018 00:30:58.507 INFO [main] org.apache.coyote.AbstractProtocol.destroy Destroying ProtocolHandler ["ajp-nio-8009"]
