13-Jan-2020 11:33:28.013 FINE [localhost-startStop-1] org.apache.catalina.core.StandardContext.listenerStart Sending application start events
13-Jan-2020 11:33:28.013 FINE [localhost-startStop-1] org.apache.catalina.core.StandardContext.filterStart Starting filters
13-Jan-2020 11:33:28.013 FINE [localhost-startStop-1] org.apache.catalina.core.StandardContext.filterStart  Starting filter 'Tomcat WebSocket (JSR356) Filter'
13-Jan-2020 11:33:28.013 FINE [localhost-startStop-1] org.apache.catalina.core.StandardContext.filterStart  Starting filter 'SetCharacterEncoding'
13-Jan-2020 11:33:28.013 FINE [localhost-startStop-1] org.apache.catalina.core.StandardContext.filterStart  Starting filter 'CSRF'
13-Jan-2020 11:33:28.013 INFO [localhost-startStop-1] org.apache.catalina.core.ApplicationContext.log default: DefaultServlet.init:  input buffer size=2048, output buffer size=2048
13-Jan-2020 11:37:48.221 FINE [localhost-startStop-2] org.apache.catalina.core.StandardContext.filterStop Stopping filters
13-Jan-2020 11:37:48.221 FINE [localhost-startStop-2] org.apache.catalina.core.StandardContext.filterStop  Stopping filter 'Tomcat WebSocket (JSR356) Filter'
13-Jan-2020 11:37:48.221 FINE [localhost-startStop-2] org.apache.catalina.core.StandardContext.filterStop  Stopping filter 'SetCharacterEncoding'
13-Jan-2020 11:37:48.221 FINE [localhost-startStop-2] org.apache.catalina.core.StandardContext.filterStop  Stopping filter 'CSRF'
13-Jan-2020 11:41:53.839 FINE [localhost-startStop-1] org.apache.catalina.core.StandardContext.listenerStart Sending application start events
13-Jan-2020 11:41:53.839 FINE [localhost-startStop-1] org.apache.catalina.core.StandardContext.filterStart Starting filters
13-Jan-2020 11:41:53.839 FINE [localhost-startStop-1] org.apache.catalina.core.StandardContext.filterStart  Starting filter 'Tomcat WebSocket (JSR356) Filter'
13-Jan-2020 11:41:53.839 FINE [localhost-startStop-1] org.apache.catalina.core.StandardContext.filterStart  Starting filter 'SetCharacterEncoding'
13-Jan-2020 11:41:53.839 FINE [localhost-startStop-1] org.apache.catalina.core.StandardContext.filterStart  Starting filter 'CSRF'
13-Jan-2020 11:41:53.839 INFO [localhost-startStop-1] org.apache.catalina.core.ApplicationContext.log default: DefaultServlet.init:  input buffer size=2048, output buffer size=2048
13-Jan-2020 13:00:15.553 FINE [localhost-startStop-2] org.apache.catalina.core.StandardContext.filterStop Stopping filters
13-Jan-2020 13:00:15.553 FINE [localhost-startStop-2] org.apache.catalina.core.StandardContext.filterStop  Stopping filter 'Tomcat WebSocket (JSR356) Filter'
13-Jan-2020 13:00:15.553 FINE [localhost-startStop-2] org.apache.catalina.core.StandardContext.filterStop  Stopping filter 'SetCharacterEncoding'
13-Jan-2020 13:00:15.553 FINE [localhost-startStop-2] org.apache.catalina.core.StandardContext.filterStop  Stopping filter 'CSRF'
13-Jan-2020 13:00:23.305 FINE [localhost-startStop-1] org.apache.catalina.core.StandardContext.listenerStart Sending application start events
13-Jan-2020 13:00:23.305 FINE [localhost-startStop-1] org.apache.catalina.core.StandardContext.filterStart Starting filters
13-Jan-2020 13:00:23.305 FINE [localhost-startStop-1] org.apache.catalina.core.StandardContext.filterStart  Starting filter 'Tomcat WebSocket (JSR356) Filter'
13-Jan-2020 13:00:23.305 FINE [localhost-startStop-1] org.apache.catalina.core.StandardContext.filterStart  Starting filter 'SetCharacterEncoding'
13-Jan-2020 13:00:23.305 FINE [localhost-startStop-1] org.apache.catalina.core.StandardContext.filterStart  Starting filter 'CSRF'
13-Jan-2020 13:00:23.305 INFO [localhost-startStop-1] org.apache.catalina.core.ApplicationContext.log default: DefaultServlet.init:  input buffer size=2048, output buffer size=2048
13-Jan-2020 13:51:06.910 FINE [localhost-startStop-2] org.apache.catalina.core.StandardContext.filterStop Stopping filters
13-Jan-2020 13:51:06.910 FINE [localhost-startStop-2] org.apache.catalina.core.StandardContext.filterStop  Stopping filter 'Tomcat WebSocket (JSR356) Filter'
13-Jan-2020 13:51:06.910 FINE [localhost-startStop-2] org.apache.catalina.core.StandardContext.filterStop  Stopping filter 'SetCharacterEncoding'
13-Jan-2020 13:51:06.910 FINE [localhost-startStop-2] org.apache.catalina.core.StandardContext.filterStop  Stopping filter 'CSRF'
