10-Feb-2020 15:38:28.788 FINE [localhost-startStop-1] org.apache.catalina.core.StandardContext.listenerStart Sending application start events
10-Feb-2020 15:38:28.788 FINE [localhost-startStop-1] org.apache.catalina.core.StandardContext.filterStart Starting filters
10-Feb-2020 15:38:28.788 FINE [localhost-startStop-1] org.apache.catalina.core.StandardContext.filterStart  Starting filter 'Tomcat WebSocket (JSR356) Filter'
10-Feb-2020 15:38:28.788 FINE [localhost-startStop-1] org.apache.catalina.core.StandardContext.filterStart  Starting filter 'SetCharacterEncoding'
10-Feb-2020 15:38:28.788 FINE [localhost-startStop-1] org.apache.catalina.core.StandardContext.filterStart  Starting filter 'CSRF'
10-Feb-2020 15:38:28.789 INFO [localhost-startStop-1] org.apache.catalina.core.ApplicationContext.log default: DefaultServlet.init:  input buffer size=2048, output buffer size=2048
10-Feb-2020 15:44:12.539 FINE [localhost-startStop-2] org.apache.catalina.core.StandardContext.filterStop Stopping filters
10-Feb-2020 15:44:12.539 FINE [localhost-startStop-2] org.apache.catalina.core.StandardContext.filterStop  Stopping filter 'Tomcat WebSocket (JSR356) Filter'
10-Feb-2020 15:44:12.539 FINE [localhost-startStop-2] org.apache.catalina.core.StandardContext.filterStop  Stopping filter 'SetCharacterEncoding'
10-Feb-2020 15:44:12.539 FINE [localhost-startStop-2] org.apache.catalina.core.StandardContext.filterStop  Stopping filter 'CSRF'
10-Feb-2020 15:44:18.783 FINE [localhost-startStop-1] org.apache.catalina.core.StandardContext.listenerStart Sending application start events
10-Feb-2020 15:44:18.783 FINE [localhost-startStop-1] org.apache.catalina.core.StandardContext.filterStart Starting filters
10-Feb-2020 15:44:18.783 FINE [localhost-startStop-1] org.apache.catalina.core.StandardContext.filterStart  Starting filter 'Tomcat WebSocket (JSR356) Filter'
10-Feb-2020 15:44:18.783 FINE [localhost-startStop-1] org.apache.catalina.core.StandardContext.filterStart  Starting filter 'SetCharacterEncoding'
10-Feb-2020 15:44:18.783 FINE [localhost-startStop-1] org.apache.catalina.core.StandardContext.filterStart  Starting filter 'CSRF'
10-Feb-2020 15:44:18.785 INFO [localhost-startStop-1] org.apache.catalina.core.ApplicationContext.log default: DefaultServlet.init:  input buffer size=2048, output buffer size=2048
10-Feb-2020 22:49:56.852 FINE [localhost-startStop-2] org.apache.catalina.core.StandardContext.filterStop Stopping filters
10-Feb-2020 22:49:56.852 FINE [localhost-startStop-2] org.apache.catalina.core.StandardContext.filterStop  Stopping filter 'Tomcat WebSocket (JSR356) Filter'
10-Feb-2020 22:49:56.852 FINE [localhost-startStop-2] org.apache.catalina.core.StandardContext.filterStop  Stopping filter 'SetCharacterEncoding'
10-Feb-2020 22:49:56.852 FINE [localhost-startStop-2] org.apache.catalina.core.StandardContext.filterStop  Stopping filter 'CSRF'
