12-Feb-2020 17:06:47.751 FINE [localhost-startStop-1] org.apache.catalina.core.StandardContext.listenerStart Sending application start events
12-Feb-2020 17:06:47.751 FINE [localhost-startStop-1] org.apache.catalina.core.StandardContext.filterStart Starting filters
12-Feb-2020 17:06:47.751 FINE [localhost-startStop-1] org.apache.catalina.core.StandardContext.filterStart  Starting filter 'Tomcat WebSocket (JSR356) Filter'
12-Feb-2020 17:06:47.751 FINE [localhost-startStop-1] org.apache.catalina.core.StandardContext.filterStart  Starting filter 'SetCharacterEncoding'
12-Feb-2020 17:06:47.751 FINE [localhost-startStop-1] org.apache.catalina.core.StandardContext.filterStart  Starting filter 'CSRF'
12-Feb-2020 17:06:47.752 INFO [localhost-startStop-1] org.apache.catalina.core.ApplicationContext.log default: DefaultServlet.init:  input buffer size=2048, output buffer size=2048
12-Feb-2020 18:21:02.745 FINE [localhost-startStop-2] org.apache.catalina.core.StandardContext.filterStop Stopping filters
12-Feb-2020 18:21:02.745 FINE [localhost-startStop-2] org.apache.catalina.core.StandardContext.filterStop  Stopping filter 'Tomcat WebSocket (JSR356) Filter'
12-Feb-2020 18:21:02.745 FINE [localhost-startStop-2] org.apache.catalina.core.StandardContext.filterStop  Stopping filter 'SetCharacterEncoding'
12-Feb-2020 18:21:02.745 FINE [localhost-startStop-2] org.apache.catalina.core.StandardContext.filterStop  Stopping filter 'CSRF'
12-Feb-2020 18:21:49.394 FINE [localhost-startStop-1] org.apache.catalina.core.StandardContext.listenerStart Sending application start events
12-Feb-2020 18:21:49.395 FINE [localhost-startStop-1] org.apache.catalina.core.StandardContext.filterStart Starting filters
12-Feb-2020 18:21:49.395 FINE [localhost-startStop-1] org.apache.catalina.core.StandardContext.filterStart  Starting filter 'Tomcat WebSocket (JSR356) Filter'
12-Feb-2020 18:21:49.395 FINE [localhost-startStop-1] org.apache.catalina.core.StandardContext.filterStart  Starting filter 'SetCharacterEncoding'
12-Feb-2020 18:21:49.395 FINE [localhost-startStop-1] org.apache.catalina.core.StandardContext.filterStart  Starting filter 'CSRF'
12-Feb-2020 18:21:49.396 INFO [localhost-startStop-1] org.apache.catalina.core.ApplicationContext.log default: DefaultServlet.init:  input buffer size=2048, output buffer size=2048
12-Feb-2020 18:37:58.305 FINE [localhost-startStop-2] org.apache.catalina.core.StandardContext.filterStop Stopping filters
12-Feb-2020 18:37:58.305 FINE [localhost-startStop-2] org.apache.catalina.core.StandardContext.filterStop  Stopping filter 'Tomcat WebSocket (JSR356) Filter'
12-Feb-2020 18:37:58.305 FINE [localhost-startStop-2] org.apache.catalina.core.StandardContext.filterStop  Stopping filter 'SetCharacterEncoding'
12-Feb-2020 18:37:58.305 FINE [localhost-startStop-2] org.apache.catalina.core.StandardContext.filterStop  Stopping filter 'CSRF'
