03-Feb-2020 18:04:13.244 FINE [localhost-startStop-1] org.apache.catalina.core.StandardContext.listenerStart Sending application start events
03-Feb-2020 18:04:13.244 FINE [localhost-startStop-1] org.apache.catalina.core.StandardContext.filterStart Starting filters
03-Feb-2020 18:04:13.244 FINE [localhost-startStop-1] org.apache.catalina.core.StandardContext.filterStart  Starting filter 'Tomcat WebSocket (JSR356) Filter'
03-Feb-2020 18:04:13.244 FINE [localhost-startStop-1] org.apache.catalina.core.StandardContext.filterStart  Starting filter 'SetCharacterEncoding'
03-Feb-2020 18:04:13.244 FINE [localhost-startStop-1] org.apache.catalina.core.StandardContext.filterStart  Starting filter 'CSRF'
03-Feb-2020 18:04:13.245 INFO [localhost-startStop-1] org.apache.catalina.core.ApplicationContext.log default: DefaultServlet.init:  input buffer size=2048, output buffer size=2048
03-Feb-2020 18:05:09.785 FINE [localhost-startStop-2] org.apache.catalina.core.StandardContext.filterStop Stopping filters
03-Feb-2020 18:05:09.785 FINE [localhost-startStop-2] org.apache.catalina.core.StandardContext.filterStop  Stopping filter 'Tomcat WebSocket (JSR356) Filter'
03-Feb-2020 18:05:09.785 FINE [localhost-startStop-2] org.apache.catalina.core.StandardContext.filterStop  Stopping filter 'SetCharacterEncoding'
03-Feb-2020 18:05:09.785 FINE [localhost-startStop-2] org.apache.catalina.core.StandardContext.filterStop  Stopping filter 'CSRF'
03-Feb-2020 18:06:43.754 FINE [localhost-startStop-1] org.apache.catalina.core.StandardContext.listenerStart Sending application start events
03-Feb-2020 18:06:43.754 FINE [localhost-startStop-1] org.apache.catalina.core.StandardContext.filterStart Starting filters
03-Feb-2020 18:06:43.754 FINE [localhost-startStop-1] org.apache.catalina.core.StandardContext.filterStart  Starting filter 'Tomcat WebSocket (JSR356) Filter'
03-Feb-2020 18:06:43.754 FINE [localhost-startStop-1] org.apache.catalina.core.StandardContext.filterStart  Starting filter 'SetCharacterEncoding'
03-Feb-2020 18:06:43.754 FINE [localhost-startStop-1] org.apache.catalina.core.StandardContext.filterStart  Starting filter 'CSRF'
03-Feb-2020 18:06:43.756 INFO [localhost-startStop-1] org.apache.catalina.core.ApplicationContext.log default: DefaultServlet.init:  input buffer size=2048, output buffer size=2048
03-Feb-2020 18:23:47.640 FINE [localhost-startStop-2] org.apache.catalina.core.StandardContext.filterStop Stopping filters
03-Feb-2020 18:23:47.640 FINE [localhost-startStop-2] org.apache.catalina.core.StandardContext.filterStop  Stopping filter 'Tomcat WebSocket (JSR356) Filter'
03-Feb-2020 18:23:47.640 FINE [localhost-startStop-2] org.apache.catalina.core.StandardContext.filterStop  Stopping filter 'SetCharacterEncoding'
03-Feb-2020 18:23:47.640 FINE [localhost-startStop-2] org.apache.catalina.core.StandardContext.filterStop  Stopping filter 'CSRF'
