21-Apr-2018 01:04:39.571 INFO [http-nio-8080-exec-37] org.apache.catalina.core.ApplicationContext.log Destroying Spring FrameworkServlet 'dispatcher'
21-Apr-2018 01:04:39.742 INFO [http-nio-8080-exec-37] org.apache.catalina.core.ApplicationContext.log Closing Spring root WebApplicationContext
21-Apr-2018 01:04:42.491 INFO [localhost-startStop-2] org.apache.catalina.core.ApplicationContext.log SessionListener: contextDestroyed()
21-Apr-2018 01:04:42.492 INFO [localhost-startStop-2] org.apache.catalina.core.ApplicationContext.log ContextListener: contextDestroyed()
21-Apr-2018 01:04:43.712 INFO [http-nio-8080-exec-37] org.apache.catalina.core.ApplicationContext.log No Spring WebApplicationInitializer types detected on classpath
21-Apr-2018 01:04:43.734 INFO [http-nio-8080-exec-37] org.apache.catalina.core.ApplicationContext.log Initializing Spring root WebApplicationContext
21-Apr-2018 01:04:43.959 INFO [http-nio-8080-exec-37] org.apache.catalina.core.ApplicationContext.log default: DefaultServlet.init:  input buffer size=2048, output buffer size=2048
21-Apr-2018 01:04:43.973 INFO [http-nio-8080-exec-37] org.apache.catalina.core.ApplicationContext.log Initializing Spring FrameworkServlet 'dispatcher'
21-Apr-2018 01:04:44.670 INFO [localhost-startStop-2] org.apache.catalina.core.ApplicationContext.log Destroying Spring FrameworkServlet 'dispatcher'
21-Apr-2018 01:04:44.672 INFO [localhost-startStop-2] org.apache.catalina.core.ApplicationContext.log Closing Spring root WebApplicationContext
21-Apr-2018 19:59:32.980 INFO [localhost-startStop-1] org.apache.catalina.core.ApplicationContext.log No Spring WebApplicationInitializer types detected on classpath
21-Apr-2018 19:59:33.067 INFO [localhost-startStop-1] org.apache.catalina.core.ApplicationContext.log Initializing Spring root WebApplicationContext
21-Apr-2018 19:59:34.214 INFO [localhost-startStop-1] org.apache.catalina.core.ApplicationContext.log default: DefaultServlet.init:  input buffer size=2048, output buffer size=2048
21-Apr-2018 19:59:34.306 INFO [localhost-startStop-1] org.apache.catalina.core.ApplicationContext.log Initializing Spring FrameworkServlet 'dispatcher'
21-Apr-2018 19:59:36.415 INFO [localhost-startStop-1] org.apache.catalina.core.ApplicationContext.log default: DefaultServlet.init:  input buffer size=2048, output buffer size=2048
21-Apr-2018 19:59:37.179 INFO [localhost-startStop-1] org.apache.catalina.core.ApplicationContext.log ContextListener: contextInitialized()
21-Apr-2018 19:59:37.179 INFO [localhost-startStop-1] org.apache.catalina.core.ApplicationContext.log SessionListener: contextInitialized()
21-Apr-2018 19:59:37.191 INFO [localhost-startStop-1] org.apache.catalina.core.ApplicationContext.log default: DefaultServlet.init:  input buffer size=2048, output buffer size=2048
21-Apr-2018 19:59:39.972 INFO [http-nio-8080-exec-5] org.apache.catalina.core.ApplicationContext.log Destroying Spring FrameworkServlet 'dispatcher'
21-Apr-2018 19:59:39.980 INFO [http-nio-8080-exec-5] org.apache.catalina.core.ApplicationContext.log Closing Spring root WebApplicationContext
21-Apr-2018 19:59:44.662 INFO [http-nio-8080-exec-3] org.apache.catalina.core.ApplicationContext.log No Spring WebApplicationInitializer types detected on classpath
21-Apr-2018 19:59:44.815 INFO [http-nio-8080-exec-3] org.apache.catalina.core.ApplicationContext.log Initializing Spring root WebApplicationContext
21-Apr-2018 19:59:45.759 INFO [http-nio-8080-exec-3] org.apache.catalina.core.ApplicationContext.log default: DefaultServlet.init:  input buffer size=2048, output buffer size=2048
21-Apr-2018 19:59:45.832 INFO [http-nio-8080-exec-3] org.apache.catalina.core.ApplicationContext.log Initializing Spring FrameworkServlet 'dispatcher'
21-Apr-2018 19:59:50.276 INFO [http-nio-8080-exec-4] org.apache.catalina.core.ApplicationContext.log default: DefaultServlet.serveResource:  Serving resource '' headers and data
21-Apr-2018 20:12:34.930 INFO [http-nio-8080-exec-14] org.apache.catalina.core.ApplicationContext.log default: DefaultServlet.serveResource:  Serving resource '' headers and data
21-Apr-2018 20:13:40.176 INFO [http-nio-8080-exec-13] org.apache.catalina.core.ApplicationContext.log Destroying Spring FrameworkServlet 'dispatcher'
21-Apr-2018 20:13:40.233 INFO [http-nio-8080-exec-13] org.apache.catalina.core.ApplicationContext.log Closing Spring root WebApplicationContext
21-Apr-2018 20:15:54.072 INFO [http-nio-8080-exec-27] org.apache.catalina.core.ApplicationContext.log No Spring WebApplicationInitializer types detected on classpath
21-Apr-2018 20:15:54.114 INFO [http-nio-8080-exec-27] org.apache.catalina.core.ApplicationContext.log Initializing Spring root WebApplicationContext
21-Apr-2018 20:15:54.794 INFO [http-nio-8080-exec-27] org.apache.catalina.core.ApplicationContext.log default: DefaultServlet.init:  input buffer size=2048, output buffer size=2048
21-Apr-2018 20:15:54.852 INFO [http-nio-8080-exec-27] org.apache.catalina.core.ApplicationContext.log Initializing Spring FrameworkServlet 'dispatcher'
21-Apr-2018 20:15:56.991 INFO [http-nio-8080-exec-22] org.apache.catalina.core.ApplicationContext.log default: DefaultServlet.serveResource:  Serving resource '' headers and data
21-Apr-2018 21:27:13.433 INFO [http-nio-8080-exec-22] org.apache.catalina.core.ApplicationContext.log default: DefaultServlet.serveResource:  Serving resource '' headers and data
21-Apr-2018 21:27:57.480 INFO [http-nio-8080-exec-30] org.apache.catalina.core.ApplicationContext.log default: DefaultServlet.serveResource:  Serving resource '' headers and data
21-Apr-2018 21:29:12.899 INFO [http-nio-8080-exec-22] org.apache.catalina.core.ApplicationContext.log default: DefaultServlet.serveResource:  Serving resource '' headers and data
21-Apr-2018 21:30:00.810 INFO [http-nio-8080-exec-22] org.apache.catalina.core.ApplicationContext.log default: DefaultServlet.serveResource:  Serving resource '' headers and data
21-Apr-2018 21:32:43.434 INFO [http-nio-8080-exec-25] org.apache.catalina.core.ApplicationContext.log Destroying Spring FrameworkServlet 'dispatcher'
21-Apr-2018 21:32:43.439 INFO [http-nio-8080-exec-25] org.apache.catalina.core.ApplicationContext.log Closing Spring root WebApplicationContext
21-Apr-2018 21:32:49.192 INFO [http-nio-8080-exec-25] org.apache.catalina.core.ApplicationContext.log No Spring WebApplicationInitializer types detected on classpath
21-Apr-2018 21:32:49.278 INFO [http-nio-8080-exec-25] org.apache.catalina.core.ApplicationContext.log Initializing Spring root WebApplicationContext
21-Apr-2018 21:32:49.771 INFO [http-nio-8080-exec-25] org.apache.catalina.core.ApplicationContext.log default: DefaultServlet.init:  input buffer size=2048, output buffer size=2048
21-Apr-2018 21:32:49.796 INFO [http-nio-8080-exec-25] org.apache.catalina.core.ApplicationContext.log Initializing Spring FrameworkServlet 'dispatcher'
21-Apr-2018 21:32:50.675 INFO [http-nio-8080-exec-30] org.apache.catalina.core.ApplicationContext.log Destroying Spring FrameworkServlet 'dispatcher'
21-Apr-2018 21:32:50.689 INFO [http-nio-8080-exec-30] org.apache.catalina.core.ApplicationContext.log Closing Spring root WebApplicationContext
21-Apr-2018 21:32:53.085 INFO [http-nio-8080-exec-22] org.apache.catalina.core.ApplicationContext.log No Spring WebApplicationInitializer types detected on classpath
21-Apr-2018 21:32:53.133 INFO [http-nio-8080-exec-22] org.apache.catalina.core.ApplicationContext.log Initializing Spring root WebApplicationContext
21-Apr-2018 21:32:53.459 INFO [http-nio-8080-exec-22] org.apache.catalina.core.ApplicationContext.log default: DefaultServlet.init:  input buffer size=2048, output buffer size=2048
21-Apr-2018 21:32:53.503 INFO [http-nio-8080-exec-22] org.apache.catalina.core.ApplicationContext.log Initializing Spring FrameworkServlet 'dispatcher'
21-Apr-2018 21:32:57.374 INFO [http-nio-8080-exec-27] org.apache.catalina.core.ApplicationContext.log default: DefaultServlet.serveResource:  Serving resource '' headers and data
21-Apr-2018 21:37:28.608 INFO [http-nio-8080-exec-39] org.apache.catalina.core.ApplicationContext.log Destroying Spring FrameworkServlet 'dispatcher'
21-Apr-2018 21:37:28.627 INFO [http-nio-8080-exec-39] org.apache.catalina.core.ApplicationContext.log Closing Spring root WebApplicationContext
21-Apr-2018 21:43:10.966 INFO [http-nio-8080-exec-46] org.apache.catalina.core.ApplicationContext.log No Spring WebApplicationInitializer types detected on classpath
21-Apr-2018 21:43:11.034 INFO [http-nio-8080-exec-46] org.apache.catalina.core.ApplicationContext.log Initializing Spring root WebApplicationContext
21-Apr-2018 21:43:11.518 INFO [http-nio-8080-exec-46] org.apache.catalina.core.ApplicationContext.log default: DefaultServlet.init:  input buffer size=2048, output buffer size=2048
21-Apr-2018 21:43:11.557 INFO [http-nio-8080-exec-46] org.apache.catalina.core.ApplicationContext.log Initializing Spring FrameworkServlet 'dispatcher'
21-Apr-2018 21:43:12.530 INFO [http-nio-8080-exec-50] org.apache.catalina.core.ApplicationContext.log default: DefaultServlet.serveResource:  Serving resource '' headers and data
21-Apr-2018 21:43:41.349 INFO [http-nio-8080-exec-43] org.apache.catalina.core.ApplicationContext.log default: DefaultServlet.serveResource:  Serving resource '' headers and data
21-Apr-2018 21:45:40.271 INFO [http-nio-8080-exec-51] org.apache.catalina.core.ApplicationContext.log default: DefaultServlet.serveResource:  Serving resource '' headers and data
