24-Jan-2020 13:11:03.131 INFO [localhost-startStop-1] org.apache.catalina.core.ApplicationContext.log No Spring WebApplicationInitializer types detected on classpath
24-Jan-2020 13:11:03.131 FINE [localhost-startStop-1] org.apache.catalina.core.StandardContext.listenerStart  Configuring event listener class 'org.springframework.web.context.ContextLoaderListener'
24-Jan-2020 13:11:03.146 FINE [localhost-startStop-1] org.apache.catalina.core.StandardContext.listenerStart Sending application start events
24-Jan-2020 13:11:03.178 INFO [localhost-startStop-1] org.apache.catalina.core.ApplicationContext.log Initializing Spring root WebApplicationContext
24-Jan-2020 13:11:09.564 SEVERE [localhost-startStop-1] org.apache.catalina.core.StandardContext.listenerStart Exception sending context initialized event to listener instance of class org.springframework.web.context.ContextLoaderListener
 org.springframework.beans.factory.BeanCreationException: Error creating bean with name 'dao1' defined in ServletContext resource [/WEB-INF/applicationContext.xml]: Instantiation of bean failed; nested exception is org.springframework.beans.BeanInstantiationException: Could not instantiate bean class [dao.DAO]: Constructor threw exception; nested exception is javax.persistence.PersistenceException: Exception [EclipseLink-4002] (Eclipse Persistence Services - 2.5.2.v20140319-9ad6abd): org.eclipse.persistence.exceptions.DatabaseException
Internal Exception: java.sql.SQLNonTransientConnectionException: java.net.ConnectException: Errore di connessione al server localhost sulla porta 1.527 con messaggio Connection refused: connect.
Error Code: 40000
	at org.springframework.beans.factory.support.AbstractAutowireCapableBeanFactory.instantiateBean(AbstractAutowireCapableBeanFactory.java:1076)
	at org.springframework.beans.factory.support.AbstractAutowireCapableBeanFactory.createBeanInstance(AbstractAutowireCapableBeanFactory.java:1021)
	at org.springframework.beans.factory.support.AbstractAutowireCapableBeanFactory.doCreateBean(AbstractAutowireCapableBeanFactory.java:504)
	at org.springframework.beans.factory.support.AbstractAutowireCapableBeanFactory.createBean(AbstractAutowireCapableBeanFactory.java:475)
	at org.springframework.beans.factory.support.AbstractBeanFactory$1.getObject(AbstractBeanFactory.java:304)
	at org.springframework.beans.factory.support.DefaultSingletonBeanRegistry.getSingleton(DefaultSingletonBeanRegistry.java:228)
	at org.springframework.beans.factory.support.AbstractBeanFactory.doGetBean(AbstractBeanFactory.java:300)
	at org.springframework.beans.factory.support.AbstractBeanFactory.getBean(AbstractBeanFactory.java:195)
	at org.springframework.beans.factory.support.DefaultListableBeanFactory.preInstantiateSingletons(DefaultListableBeanFactory.java:700)
	at org.springframework.context.support.AbstractApplicationContext.finishBeanFactoryInitialization(AbstractApplicationContext.java:760)
	at org.springframework.context.support.AbstractApplicationContext.refresh(AbstractApplicationContext.java:482)
	at org.springframework.web.context.ContextLoader.configureAndRefreshWebApplicationContext(ContextLoader.java:403)
	at org.springframework.web.context.ContextLoader.initWebApplicationContext(ContextLoader.java:306)
	at org.springframework.web.context.ContextLoaderListener.contextInitialized(ContextLoaderListener.java:106)
	at org.apache.catalina.core.StandardContext.listenerStart(StandardContext.java:4812)
	at org.apache.catalina.core.StandardContext.startInternal(StandardContext.java:5255)
	at org.apache.catalina.util.LifecycleBase.start(LifecycleBase.java:150)
	at org.apache.catalina.core.ContainerBase.addChildInternal(ContainerBase.java:725)
	at org.apache.catalina.core.ContainerBase.addChild(ContainerBase.java:701)
	at org.apache.catalina.core.StandardHost.addChild(StandardHost.java:717)
	at org.apache.catalina.startup.HostConfig.deployDescriptor(HostConfig.java:586)
	at org.apache.catalina.startup.HostConfig$DeployDescriptor.run(HostConfig.java:1777)
	at java.util.concurrent.Executors$RunnableAdapter.call(Executors.java:511)
	at java.util.concurrent.FutureTask.run(FutureTask.java:266)
	at java.util.concurrent.ThreadPoolExecutor.runWorker(ThreadPoolExecutor.java:1149)
	at java.util.concurrent.ThreadPoolExecutor$Worker.run(ThreadPoolExecutor.java:624)
	at java.lang.Thread.run(Thread.java:748)
Caused by: org.springframework.beans.BeanInstantiationException: Could not instantiate bean class [dao.DAO]: Constructor threw exception; nested exception is javax.persistence.PersistenceException: Exception [EclipseLink-4002] (Eclipse Persistence Services - 2.5.2.v20140319-9ad6abd): org.eclipse.persistence.exceptions.DatabaseException
Internal Exception: java.sql.SQLNonTransientConnectionException: java.net.ConnectException: Errore di connessione al server localhost sulla porta 1.527 con messaggio Connection refused: connect.
Error Code: 40000
	at org.springframework.beans.BeanUtils.instantiateClass(BeanUtils.java:164)
	at org.springframework.beans.factory.support.SimpleInstantiationStrategy.instantiate(SimpleInstantiationStrategy.java:89)
	at org.springframework.beans.factory.support.AbstractAutowireCapableBeanFactory.instantiateBean(AbstractAutowireCapableBeanFactory.java:1069)
	... 26 more
Caused by: javax.persistence.PersistenceException: Exception [EclipseLink-4002] (Eclipse Persistence Services - 2.5.2.v20140319-9ad6abd): org.eclipse.persistence.exceptions.DatabaseException
Internal Exception: java.sql.SQLNonTransientConnectionException: java.net.ConnectException: Errore di connessione al server localhost sulla porta 1.527 con messaggio Connection refused: connect.
Error Code: 40000
	at org.eclipse.persistence.internal.jpa.EntityManagerSetupImpl.deploy(EntityManagerSetupImpl.java:766)
	at org.eclipse.persistence.internal.jpa.EntityManagerFactoryDelegate.getAbstractSession(EntityManagerFactoryDelegate.java:204)
	at org.eclipse.persistence.internal.jpa.EntityManagerFactoryDelegate.getDatabaseSession(EntityManagerFactoryDelegate.java:182)
	at org.eclipse.persistence.internal.jpa.EntityManagerFactoryImpl.getDatabaseSession(EntityManagerFactoryImpl.java:527)
	at org.eclipse.persistence.jpa.PersistenceProvider.createEntityManagerFactoryImpl(PersistenceProvider.java:140)
	at org.eclipse.persistence.jpa.PersistenceProvider.createEntityManagerFactory(PersistenceProvider.java:177)
	at javax.persistence.Persistence.createEntityManagerFactory(Persistence.java:79)
	at javax.persistence.Persistence.createEntityManagerFactory(Persistence.java:54)
	at dao.DAO.<init>(DAO.java:19)
	at sun.reflect.NativeConstructorAccessorImpl.newInstance0(Native Method)
	at sun.reflect.NativeConstructorAccessorImpl.newInstance(NativeConstructorAccessorImpl.java:62)
	at sun.reflect.DelegatingConstructorAccessorImpl.newInstance(DelegatingConstructorAccessorImpl.java:45)
	at java.lang.reflect.Constructor.newInstance(Constructor.java:423)
	at org.springframework.beans.BeanUtils.instantiateClass(BeanUtils.java:148)
	... 28 more
Caused by: Exception [EclipseLink-4002] (Eclipse Persistence Services - 2.5.2.v20140319-9ad6abd): org.eclipse.persistence.exceptions.DatabaseException
Internal Exception: java.sql.SQLNonTransientConnectionException: java.net.ConnectException: Errore di connessione al server localhost sulla porta 1.527 con messaggio Connection refused: connect.
Error Code: 40000
	at org.eclipse.persistence.exceptions.DatabaseException.sqlException(DatabaseException.java:331)
	at org.eclipse.persistence.exceptions.DatabaseException.sqlException(DatabaseException.java:326)
	at org.eclipse.persistence.sessions.DefaultConnector.connect(DefaultConnector.java:138)
	at org.eclipse.persistence.sessions.DatasourceLogin.connectToDatasource(DatasourceLogin.java:162)
	at org.eclipse.persistence.internal.sessions.DatabaseSessionImpl.setOrDetectDatasource(DatabaseSessionImpl.java:204)
	at org.eclipse.persistence.internal.sessions.DatabaseSessionImpl.loginAndDetectDatasource(DatabaseSessionImpl.java:741)
	at org.eclipse.persistence.internal.jpa.EntityManagerFactoryProvider.login(EntityManagerFactoryProvider.java:239)
	at org.eclipse.persistence.internal.jpa.EntityManagerSetupImpl.deploy(EntityManagerSetupImpl.java:685)
	... 41 more
Caused by: java.sql.SQLNonTransientConnectionException: java.net.ConnectException: Errore di connessione al server localhost sulla porta 1.527 con messaggio Connection refused: connect.
	at org.apache.derby.client.am.SQLExceptionFactory.getSQLException(Unknown Source)
	at org.apache.derby.client.am.SqlException.getSQLException(Unknown Source)
	at org.apache.derby.jdbc.ClientDriver.connect(Unknown Source)
	at java.sql.DriverManager.getConnection(DriverManager.java:664)
	at java.sql.DriverManager.getConnection(DriverManager.java:208)
	at org.eclipse.persistence.sessions.DefaultConnector.connect(DefaultConnector.java:98)
	... 46 more
Caused by: ERROR 08001: java.net.ConnectException: Errore di connessione al server localhost sulla porta 1.527 con messaggio Connection refused: connect.
	at org.apache.derby.client.net.NetAgent.<init>(Unknown Source)
	at org.apache.derby.client.net.NetConnection.newAgent_(Unknown Source)
	at org.apache.derby.client.am.ClientConnection.<init>(Unknown Source)
	at org.apache.derby.client.net.NetConnection.<init>(Unknown Source)
	at org.apache.derby.client.net.ClientJDBCObjectFactoryImpl.newNetConnection(Unknown Source)
	... 50 more
Caused by: java.net.ConnectException: Connection refused: connect
	at java.net.DualStackPlainSocketImpl.connect0(Native Method)
	at java.net.DualStackPlainSocketImpl.socketConnect(DualStackPlainSocketImpl.java:79)
	at java.net.AbstractPlainSocketImpl.doConnect(AbstractPlainSocketImpl.java:350)
	at java.net.AbstractPlainSocketImpl.connectToAddress(AbstractPlainSocketImpl.java:206)
	at java.net.AbstractPlainSocketImpl.connect(AbstractPlainSocketImpl.java:188)
	at java.net.PlainSocketImpl.connect(PlainSocketImpl.java:172)
	at java.net.SocksSocketImpl.connect(SocksSocketImpl.java:392)
	at java.net.Socket.connect(Socket.java:589)
	at java.net.Socket.connect(Socket.java:538)
	at java.net.Socket.<init>(Socket.java:434)
	at java.net.Socket.<init>(Socket.java:211)
	at javax.net.DefaultSocketFactory.createSocket(SocketFactory.java:271)
	at org.apache.derby.client.net.OpenSocketAction.run(Unknown Source)
	at org.apache.derby.client.net.OpenSocketAction.run(Unknown Source)
	at java.security.AccessController.doPrivileged(Native Method)
	... 55 more

24-Jan-2020 13:11:09.580 FINE [localhost-startStop-1] org.apache.catalina.core.StandardContext.filterStop Stopping filters
24-Jan-2020 13:11:09.580 INFO [localhost-startStop-1] org.apache.catalina.core.ApplicationContext.log Closing Spring root WebApplicationContext
24-Jan-2020 13:11:09.783 FINE [localhost-startStop-1] org.apache.catalina.core.StandardContext.listenerStart Sending application start events
24-Jan-2020 13:11:09.783 FINE [localhost-startStop-1] org.apache.catalina.core.StandardContext.filterStart Starting filters
24-Jan-2020 13:11:09.783 FINE [localhost-startStop-1] org.apache.catalina.core.StandardContext.filterStart  Starting filter 'Tomcat WebSocket (JSR356) Filter'
24-Jan-2020 13:11:09.783 INFO [localhost-startStop-1] org.apache.catalina.core.ApplicationContext.log default: DefaultServlet.init:  input buffer size=2048, output buffer size=2048
24-Jan-2020 13:11:11.205 FINE [localhost-startStop-1] org.apache.catalina.core.StandardContext.listenerStart  Configuring event listener class 'listeners.ContextListener'
24-Jan-2020 13:11:11.205 FINE [localhost-startStop-1] org.apache.catalina.core.StandardContext.listenerStart  Configuring event listener class 'listeners.SessionListener'
24-Jan-2020 13:11:11.221 FINE [localhost-startStop-1] org.apache.catalina.core.StandardContext.listenerStart  Configuring event listener class 'websocket.drawboard.DrawboardContextListener'
24-Jan-2020 13:11:11.221 FINE [localhost-startStop-1] org.apache.catalina.core.StandardContext.listenerStart Sending application start events
24-Jan-2020 13:11:11.221 INFO [localhost-startStop-1] org.apache.catalina.core.ApplicationContext.log ContextListener: contextInitialized()
24-Jan-2020 13:11:11.221 INFO [localhost-startStop-1] org.apache.catalina.core.ApplicationContext.log SessionListener: contextInitialized()
24-Jan-2020 13:11:11.221 FINE [localhost-startStop-1] org.apache.catalina.core.StandardContext.filterStart Starting filters
24-Jan-2020 13:11:11.221 FINE [localhost-startStop-1] org.apache.catalina.core.StandardContext.filterStart  Starting filter 'Set Character Encoding'
24-Jan-2020 13:11:11.221 FINE [localhost-startStop-1] org.apache.catalina.core.StandardContext.filterStart  Starting filter 'Compression Filter'
24-Jan-2020 13:11:11.221 FINE [localhost-startStop-1] org.apache.catalina.core.StandardContext.filterStart  Starting filter 'Request Dumper Filter'
24-Jan-2020 13:11:11.221 FINE [localhost-startStop-1] org.apache.catalina.core.StandardContext.filterStart  Starting filter 'Tomcat WebSocket (JSR356) Filter'
24-Jan-2020 13:11:11.221 FINE [localhost-startStop-1] org.apache.catalina.core.StandardContext.filterStart  Starting filter 'Timing Filter'
24-Jan-2020 13:11:11.221 INFO [localhost-startStop-1] org.apache.catalina.core.ApplicationContext.log default: DefaultServlet.init:  input buffer size=2048, output buffer size=2048
24-Jan-2020 13:11:12.799 FINE [http-nio-8080-exec-9] org.apache.catalina.core.StandardContext.listenerStart Sending application start events
24-Jan-2020 13:11:12.799 FINE [http-nio-8080-exec-9] org.apache.catalina.core.StandardContext.filterStart Starting filters
24-Jan-2020 13:11:12.799 FINE [http-nio-8080-exec-9] org.apache.catalina.core.StandardContext.filterStart  Starting filter 'Tomcat WebSocket (JSR356) Filter'
24-Jan-2020 13:11:12.799 INFO [http-nio-8080-exec-9] org.apache.catalina.core.ApplicationContext.log default: DefaultServlet.init:  input buffer size=2048, output buffer size=2048
24-Jan-2020 13:11:14.361 INFO [http-nio-8080-exec-1] org.apache.catalina.core.ApplicationContext.log default: DefaultServlet.serveResource:  Serving resource '' headers and data
24-Jan-2020 13:11:14.377 INFO [http-nio-8080-exec-4] org.apache.catalina.core.ApplicationContext.log default: DefaultServlet.serveResource:  Serving resource '/index.html' headers and data
24-Jan-2020 13:11:14.377 INFO [http-nio-8080-exec-4] org.apache.catalina.core.ApplicationContext.log default: DefaultServlet.serveFile:  contentType='text/html'
24-Jan-2020 13:11:14.377 INFO [http-nio-8080-exec-4] org.apache.catalina.core.ApplicationContext.log default: DefaultServlet.serveFile:  contentLength=1614
24-Jan-2020 13:11:14.689 INFO [http-nio-8080-exec-2] org.apache.catalina.core.ApplicationContext.log default: DefaultServlet.serveResource:  Serving resource '/css/style.css' headers and data
24-Jan-2020 13:11:14.689 INFO [http-nio-8080-exec-3] org.apache.catalina.core.ApplicationContext.log default: DefaultServlet.serveResource:  Serving resource '/css/bootstrap.css' headers and data
24-Jan-2020 13:11:14.689 INFO [http-nio-8080-exec-2] org.apache.catalina.core.ApplicationContext.log default: DefaultServlet.serveFile:  contentType='text/css'
24-Jan-2020 13:11:14.689 INFO [http-nio-8080-exec-2] org.apache.catalina.core.ApplicationContext.log default: DefaultServlet.serveFile:  contentLength=1795
24-Jan-2020 13:11:14.689 INFO [http-nio-8080-exec-3] org.apache.catalina.core.ApplicationContext.log default: DefaultServlet.serveFile:  contentType='text/css'
24-Jan-2020 13:11:14.689 INFO [http-nio-8080-exec-3] org.apache.catalina.core.ApplicationContext.log default: DefaultServlet.serveFile:  contentLength=192326
24-Jan-2020 13:11:14.861 INFO [http-nio-8080-exec-5] org.apache.catalina.core.ApplicationContext.log default: DefaultServlet.serveResource:  Serving resource '/css/font/CenturyGothic-Bold.woff' headers and data
24-Jan-2020 13:11:14.861 INFO [http-nio-8080-exec-5] org.apache.catalina.core.ApplicationContext.log default: DefaultServlet.serveFile:  contentType='application/x-font-woff'
24-Jan-2020 13:11:14.861 INFO [http-nio-8080-exec-5] org.apache.catalina.core.ApplicationContext.log default: DefaultServlet.serveFile:  contentLength=63424
24-Jan-2020 13:11:14.861 INFO [http-nio-8080-exec-5] org.apache.catalina.core.ApplicationContext.log default: DefaultServlet.serveResource:  Serving resource '/css/font/CenturyGothic-BoldItalic.woff' headers and data
24-Jan-2020 13:11:14.861 INFO [http-nio-8080-exec-5] org.apache.catalina.core.ApplicationContext.log default: DefaultServlet.serveFile:  contentType='application/x-font-woff'
24-Jan-2020 13:11:14.861 INFO [http-nio-8080-exec-5] org.apache.catalina.core.ApplicationContext.log default: DefaultServlet.serveFile:  contentLength=68436
24-Jan-2020 13:11:14.861 INFO [http-nio-8080-exec-6] org.apache.catalina.core.ApplicationContext.log default: DefaultServlet.serveResource:  Serving resource '/css/font/CenturyGothic.woff' headers and data
24-Jan-2020 13:11:14.861 INFO [http-nio-8080-exec-6] org.apache.catalina.core.ApplicationContext.log default: DefaultServlet.serveFile:  contentType='application/x-font-woff'
24-Jan-2020 13:11:14.861 INFO [http-nio-8080-exec-6] org.apache.catalina.core.ApplicationContext.log default: DefaultServlet.serveFile:  contentLength=70096
24-Jan-2020 13:11:14.861 INFO [http-nio-8080-exec-8] org.apache.catalina.core.ApplicationContext.log default: DefaultServlet.serveResource:  Serving resource '/css/font/CenturyGothic-Italic.woff' headers and data
24-Jan-2020 13:11:14.861 INFO [http-nio-8080-exec-8] org.apache.catalina.core.ApplicationContext.log default: DefaultServlet.serveFile:  contentType='application/x-font-woff'
24-Jan-2020 13:11:14.861 INFO [http-nio-8080-exec-8] org.apache.catalina.core.ApplicationContext.log default: DefaultServlet.serveFile:  contentLength=35588
24-Jan-2020 13:12:23.543 FINE [http-nio-8080-exec-4] org.apache.catalina.core.StandardContext.filterStop Stopping filters
24-Jan-2020 13:12:23.543 FINE [http-nio-8080-exec-4] org.apache.catalina.core.StandardContext.filterStop  Stopping filter 'Tomcat WebSocket (JSR356) Filter'
24-Jan-2020 13:12:23.652 FINE [http-nio-8080-exec-4] org.apache.catalina.core.StandardContext.listenerStart Sending application start events
24-Jan-2020 13:12:23.652 FINE [http-nio-8080-exec-4] org.apache.catalina.core.StandardContext.filterStart Starting filters
24-Jan-2020 13:12:23.652 FINE [http-nio-8080-exec-4] org.apache.catalina.core.StandardContext.filterStart  Starting filter 'Tomcat WebSocket (JSR356) Filter'
24-Jan-2020 13:12:23.652 INFO [http-nio-8080-exec-4] org.apache.catalina.core.ApplicationContext.log default: DefaultServlet.init:  input buffer size=2048, output buffer size=2048
24-Jan-2020 13:12:24.533 INFO [http-nio-8080-exec-5] org.apache.catalina.core.ApplicationContext.log default: DefaultServlet.serveResource:  Serving resource '' headers and data
24-Jan-2020 13:12:24.538 INFO [http-nio-8080-exec-7] org.apache.catalina.core.ApplicationContext.log default: DefaultServlet.serveResource:  Serving resource '/index.html' headers and data
24-Jan-2020 13:15:08.208 FINE [http-nio-8080-exec-18] org.apache.catalina.core.StandardContext.filterStop Stopping filters
24-Jan-2020 13:15:08.208 FINE [http-nio-8080-exec-18] org.apache.catalina.core.StandardContext.filterStop  Stopping filter 'Tomcat WebSocket (JSR356) Filter'
24-Jan-2020 13:15:08.301 FINE [http-nio-8080-exec-18] org.apache.catalina.core.StandardContext.listenerStart Sending application start events
24-Jan-2020 13:15:08.301 FINE [http-nio-8080-exec-18] org.apache.catalina.core.StandardContext.filterStart Starting filters
24-Jan-2020 13:15:08.301 FINE [http-nio-8080-exec-18] org.apache.catalina.core.StandardContext.filterStart  Starting filter 'Tomcat WebSocket (JSR356) Filter'
24-Jan-2020 13:15:08.301 INFO [http-nio-8080-exec-18] org.apache.catalina.core.ApplicationContext.log default: DefaultServlet.init:  input buffer size=2048, output buffer size=2048
24-Jan-2020 13:15:37.450 FINE [http-nio-8080-exec-23] org.apache.catalina.core.StandardContext.filterStop Stopping filters
24-Jan-2020 13:15:37.450 FINE [http-nio-8080-exec-23] org.apache.catalina.core.StandardContext.filterStop  Stopping filter 'Tomcat WebSocket (JSR356) Filter'
24-Jan-2020 13:15:37.638 FINE [http-nio-8080-exec-23] org.apache.catalina.core.StandardContext.listenerStart Sending application start events
24-Jan-2020 13:15:37.638 FINE [http-nio-8080-exec-23] org.apache.catalina.core.StandardContext.filterStart Starting filters
24-Jan-2020 13:15:37.638 FINE [http-nio-8080-exec-23] org.apache.catalina.core.StandardContext.filterStart  Starting filter 'Tomcat WebSocket (JSR356) Filter'
24-Jan-2020 13:15:37.638 INFO [http-nio-8080-exec-23] org.apache.catalina.core.ApplicationContext.log default: DefaultServlet.init:  input buffer size=2048, output buffer size=2048
24-Jan-2020 13:15:38.372 INFO [http-nio-8080-exec-21] org.apache.catalina.core.ApplicationContext.log default: DefaultServlet.serveResource:  Serving resource '' headers and data
24-Jan-2020 13:15:38.372 INFO [http-nio-8080-exec-16] org.apache.catalina.core.ApplicationContext.log default: DefaultServlet.serveResource:  Serving resource '/index.html' headers and data
24-Jan-2020 13:15:38.419 INFO [http-nio-8080-exec-15] org.apache.catalina.core.ApplicationContext.log default: DefaultServlet.serveResource:  Serving resource '/css/bootstrap.css' headers and data
24-Jan-2020 13:15:38.419 INFO [http-nio-8080-exec-12] org.apache.catalina.core.ApplicationContext.log default: DefaultServlet.serveResource:  Serving resource '/css/style.css' headers and data
24-Jan-2020 13:15:38.450 INFO [http-nio-8080-exec-17] org.apache.catalina.core.ApplicationContext.log default: DefaultServlet.serveResource:  Serving resource '/css/font/CenturyGothic-Bold.woff' headers and data
24-Jan-2020 13:15:38.450 INFO [http-nio-8080-exec-22] org.apache.catalina.core.ApplicationContext.log default: DefaultServlet.serveResource:  Serving resource '/css/font/CenturyGothic-BoldItalic.woff' headers and data
24-Jan-2020 13:15:38.466 INFO [http-nio-8080-exec-13] org.apache.catalina.core.ApplicationContext.log default: DefaultServlet.serveResource:  Serving resource '/css/font/CenturyGothic.woff' headers and data
24-Jan-2020 13:15:38.466 INFO [http-nio-8080-exec-22] org.apache.catalina.core.ApplicationContext.log default: DefaultServlet.serveResource:  Serving resource '/css/font/CenturyGothic-Italic.woff' headers and data
24-Jan-2020 13:16:22.369 FINE [http-nio-8080-exec-26] org.apache.catalina.core.StandardContext.filterStop Stopping filters
24-Jan-2020 13:16:22.369 FINE [http-nio-8080-exec-26] org.apache.catalina.core.StandardContext.filterStop  Stopping filter 'Tomcat WebSocket (JSR356) Filter'
24-Jan-2020 13:16:26.135 FINE [http-nio-8080-exec-29] org.apache.catalina.core.StandardContext.listenerStart Sending application start events
24-Jan-2020 13:16:26.135 FINE [http-nio-8080-exec-29] org.apache.catalina.core.StandardContext.filterStart Starting filters
24-Jan-2020 13:16:26.135 FINE [http-nio-8080-exec-29] org.apache.catalina.core.StandardContext.filterStart  Starting filter 'Tomcat WebSocket (JSR356) Filter'
24-Jan-2020 13:16:26.135 INFO [http-nio-8080-exec-29] org.apache.catalina.core.ApplicationContext.log default: DefaultServlet.init:  input buffer size=2048, output buffer size=2048
24-Jan-2020 13:16:26.572 INFO [http-nio-8080-exec-12] org.apache.catalina.core.ApplicationContext.log default: DefaultServlet.serveResource:  Serving resource '' headers and data
24-Jan-2020 13:16:26.619 INFO [http-nio-8080-exec-17] org.apache.catalina.core.ApplicationContext.log default: DefaultServlet.serveResource:  Serving resource '/index.html' headers and data
24-Jan-2020 13:16:26.619 INFO [http-nio-8080-exec-17] org.apache.catalina.core.ApplicationContext.log default: DefaultServlet.serveFile:  contentType='text/html'
24-Jan-2020 13:16:26.619 INFO [http-nio-8080-exec-17] org.apache.catalina.core.ApplicationContext.log default: DefaultServlet.serveFile:  contentLength=1614
24-Jan-2020 13:16:46.227 INFO [http-nio-8080-exec-29] org.apache.catalina.core.ApplicationContext.log default: DefaultServlet.serveResource:  Serving resource '' headers and data
24-Jan-2020 13:16:46.243 INFO [http-nio-8080-exec-28] org.apache.catalina.core.ApplicationContext.log default: DefaultServlet.serveResource:  Serving resource '/index.html' headers and data
24-Jan-2020 13:17:08.053 FINE [http-nio-8080-exec-28] org.apache.catalina.core.StandardContext.filterStop Stopping filters
24-Jan-2020 13:17:08.053 FINE [http-nio-8080-exec-28] org.apache.catalina.core.StandardContext.filterStop  Stopping filter 'Tomcat WebSocket (JSR356) Filter'
24-Jan-2020 13:17:10.116 FINE [http-nio-8080-exec-36] org.apache.catalina.core.StandardContext.listenerStart Sending application start events
24-Jan-2020 13:17:10.116 FINE [http-nio-8080-exec-36] org.apache.catalina.core.StandardContext.filterStart Starting filters
24-Jan-2020 13:17:10.116 FINE [http-nio-8080-exec-36] org.apache.catalina.core.StandardContext.filterStart  Starting filter 'Tomcat WebSocket (JSR356) Filter'
24-Jan-2020 13:17:10.116 INFO [http-nio-8080-exec-36] org.apache.catalina.core.ApplicationContext.log default: DefaultServlet.init:  input buffer size=2048, output buffer size=2048
24-Jan-2020 13:17:11.272 INFO [60] org.apache.catalina.core.ApplicationContext.log default: DefaultServlet.serveResource:  Serving resource '' headers and data
24-Jan-2020 13:17:11.319 INFO [http-nio-8080-exec-33] org.apache.catalina.core.ApplicationContext.log default: DefaultServlet.serveResource:  Serving resource '/index.html' headers and data
24-Jan-2020 13:17:11.319 INFO [http-nio-8080-exec-33] org.apache.catalina.core.ApplicationContext.log default: DefaultServlet.serveFile:  contentType='text/html'
24-Jan-2020 13:17:11.319 INFO [http-nio-8080-exec-33] org.apache.catalina.core.ApplicationContext.log default: DefaultServlet.serveFile:  contentLength=1614
24-Jan-2020 13:17:11.366 INFO [http-nio-8080-exec-26] org.apache.catalina.core.ApplicationContext.log default: DefaultServlet.serveResource:  Serving resource '/css/style.css' headers and data
24-Jan-2020 13:17:11.366 INFO [http-nio-8080-exec-26] org.apache.catalina.core.ApplicationContext.log default: DefaultServlet.serveFile:  contentType='text/css'
24-Jan-2020 13:17:11.366 INFO [http-nio-8080-exec-26] org.apache.catalina.core.ApplicationContext.log default: DefaultServlet.serveFile:  contentLength=1795
24-Jan-2020 13:17:11.366 INFO [http-nio-8080-exec-31] org.apache.catalina.core.ApplicationContext.log default: DefaultServlet.serveResource:  Serving resource '/css/bootstrap.css' headers and data
24-Jan-2020 13:17:11.366 INFO [http-nio-8080-exec-31] org.apache.catalina.core.ApplicationContext.log default: DefaultServlet.serveFile:  contentType='text/css'
24-Jan-2020 13:17:11.366 INFO [http-nio-8080-exec-31] org.apache.catalina.core.ApplicationContext.log default: DefaultServlet.serveFile:  contentLength=192326
24-Jan-2020 13:17:11.413 INFO [http-nio-8080-exec-32] org.apache.catalina.core.ApplicationContext.log default: DefaultServlet.serveResource:  Serving resource '/css/font/CenturyGothic.woff2' headers and data
24-Jan-2020 13:17:11.413 INFO [http-nio-8080-exec-32] org.apache.catalina.core.ApplicationContext.log default: DefaultServlet.serveFile:  contentLength=56372
24-Jan-2020 13:17:11.413 INFO [http-nio-8080-exec-15] org.apache.catalina.core.ApplicationContext.log default: DefaultServlet.serveResource:  Serving resource '/css/font/CenturyGothic.woff2' headers and data
24-Jan-2020 13:17:11.413 INFO [http-nio-8080-exec-15] org.apache.catalina.core.ApplicationContext.log default: DefaultServlet.serveFile:  contentLength=56372
24-Jan-2020 13:17:11.413 INFO [http-nio-8080-exec-29] org.apache.catalina.core.ApplicationContext.log default: DefaultServlet.serveResource:  Serving resource '/css/font/CenturyGothic.woff2' headers and data
24-Jan-2020 13:17:11.413 INFO [http-nio-8080-exec-29] org.apache.catalina.core.ApplicationContext.log default: DefaultServlet.serveFile:  contentLength=56372
24-Jan-2020 13:17:44.791 FINE [http-nio-8080-exec-37] org.apache.catalina.core.StandardContext.filterStop Stopping filters
24-Jan-2020 13:17:44.791 FINE [http-nio-8080-exec-37] org.apache.catalina.core.StandardContext.filterStop  Stopping filter 'Tomcat WebSocket (JSR356) Filter'
24-Jan-2020 13:17:44.869 FINE [http-nio-8080-exec-37] org.apache.catalina.core.StandardContext.listenerStart Sending application start events
24-Jan-2020 13:17:44.869 FINE [http-nio-8080-exec-37] org.apache.catalina.core.StandardContext.filterStart Starting filters
24-Jan-2020 13:17:44.869 FINE [http-nio-8080-exec-37] org.apache.catalina.core.StandardContext.filterStart  Starting filter 'Tomcat WebSocket (JSR356) Filter'
24-Jan-2020 13:17:44.869 INFO [http-nio-8080-exec-37] org.apache.catalina.core.ApplicationContext.log default: DefaultServlet.init:  input buffer size=2048, output buffer size=2048
24-Jan-2020 13:17:46.900 FINE [http-nio-8080-exec-40] org.apache.catalina.core.StandardContext.filterStop Stopping filters
24-Jan-2020 13:17:46.900 FINE [http-nio-8080-exec-40] org.apache.catalina.core.StandardContext.filterStop  Stopping filter 'Tomcat WebSocket (JSR356) Filter'
24-Jan-2020 13:17:46.947 FINE [http-nio-8080-exec-40] org.apache.catalina.core.StandardContext.listenerStart Sending application start events
24-Jan-2020 13:17:46.947 FINE [http-nio-8080-exec-40] org.apache.catalina.core.StandardContext.filterStart Starting filters
24-Jan-2020 13:17:46.947 FINE [http-nio-8080-exec-40] org.apache.catalina.core.StandardContext.filterStart  Starting filter 'Tomcat WebSocket (JSR356) Filter'
24-Jan-2020 13:17:46.947 INFO [http-nio-8080-exec-40] org.apache.catalina.core.ApplicationContext.log default: DefaultServlet.init:  input buffer size=2048, output buffer size=2048
24-Jan-2020 13:17:47.400 INFO [http-nio-8080-exec-37] org.apache.catalina.core.ApplicationContext.log default: DefaultServlet.serveResource:  Serving resource '' headers and data
24-Jan-2020 13:17:47.400 INFO [http-nio-8080-exec-39] org.apache.catalina.core.ApplicationContext.log default: DefaultServlet.serveResource:  Serving resource '/index.html' headers and data
24-Jan-2020 13:17:47.431 INFO [http-nio-8080-exec-38] org.apache.catalina.core.ApplicationContext.log default: DefaultServlet.serveResource:  Serving resource '/css/style.css' headers and data
24-Jan-2020 13:17:47.431 INFO [http-nio-8080-exec-15] org.apache.catalina.core.ApplicationContext.log default: DefaultServlet.serveResource:  Serving resource '/css/bootstrap.css' headers and data
24-Jan-2020 13:17:47.478 INFO [http-nio-8080-exec-36] org.apache.catalina.core.ApplicationContext.log default: DefaultServlet.serveResource:  Serving resource '/css/font/CenturyGothic.woff2' headers and data
24-Jan-2020 13:17:47.478 INFO [http-nio-8080-exec-32] org.apache.catalina.core.ApplicationContext.log default: DefaultServlet.serveResource:  Serving resource '/css/font/CenturyGothic.woff2' headers and data
24-Jan-2020 13:17:47.494 INFO [http-nio-8080-exec-36] org.apache.catalina.core.ApplicationContext.log default: DefaultServlet.serveResource:  Serving resource '/css/font/CenturyGothic.woff2' headers and data
24-Jan-2020 13:18:14.897 FINE [http-nio-8080-exec-36] org.apache.catalina.core.StandardContext.filterStop Stopping filters
24-Jan-2020 13:18:14.897 FINE [http-nio-8080-exec-36] org.apache.catalina.core.StandardContext.filterStop  Stopping filter 'Tomcat WebSocket (JSR356) Filter'
24-Jan-2020 13:19:06.502 FINE [http-nio-8080-exec-46] org.apache.catalina.core.StandardContext.listenerStart Sending application start events
24-Jan-2020 13:19:06.502 FINE [http-nio-8080-exec-46] org.apache.catalina.core.StandardContext.filterStart Starting filters
24-Jan-2020 13:19:06.502 FINE [http-nio-8080-exec-46] org.apache.catalina.core.StandardContext.filterStart  Starting filter 'Tomcat WebSocket (JSR356) Filter'
24-Jan-2020 13:19:06.502 INFO [http-nio-8080-exec-46] org.apache.catalina.core.ApplicationContext.log default: DefaultServlet.init:  input buffer size=2048, output buffer size=2048
24-Jan-2020 13:19:13.642 INFO [http-nio-8080-exec-29] org.apache.catalina.core.ApplicationContext.log default: DefaultServlet.serveResource:  Serving resource '' headers and data
24-Jan-2020 13:19:13.705 INFO [http-nio-8080-exec-36] org.apache.catalina.core.ApplicationContext.log default: DefaultServlet.serveResource:  Serving resource '/index.html' headers and data
24-Jan-2020 13:19:13.705 INFO [http-nio-8080-exec-36] org.apache.catalina.core.ApplicationContext.log default: DefaultServlet.serveFile:  contentType='text/html'
24-Jan-2020 13:19:13.705 INFO [http-nio-8080-exec-36] org.apache.catalina.core.ApplicationContext.log default: DefaultServlet.serveFile:  contentLength=1614
24-Jan-2020 13:19:14.330 INFO [http-nio-8080-exec-48] org.apache.catalina.core.ApplicationContext.log default: DefaultServlet.serveResource:  Serving resource '/css/style.css' headers and data
24-Jan-2020 13:19:14.330 INFO [http-nio-8080-exec-45] org.apache.catalina.core.ApplicationContext.log default: DefaultServlet.serveResource:  Serving resource '/css/bootstrap.css' headers and data
24-Jan-2020 13:19:14.330 INFO [http-nio-8080-exec-48] org.apache.catalina.core.ApplicationContext.log default: DefaultServlet.serveFile:  contentType='text/css'
24-Jan-2020 13:19:14.330 INFO [http-nio-8080-exec-48] org.apache.catalina.core.ApplicationContext.log default: DefaultServlet.serveFile:  contentLength=1795
24-Jan-2020 13:19:14.330 INFO [http-nio-8080-exec-45] org.apache.catalina.core.ApplicationContext.log default: DefaultServlet.serveFile:  contentType='text/css'
24-Jan-2020 13:19:14.330 INFO [http-nio-8080-exec-45] org.apache.catalina.core.ApplicationContext.log default: DefaultServlet.serveFile:  contentLength=192326
24-Jan-2020 13:19:14.751 INFO [http-nio-8080-exec-38] org.apache.catalina.core.ApplicationContext.log default: DefaultServlet.serveResource:  Serving resource '/css/font/CenturyGothic.woff2' headers and data
24-Jan-2020 13:19:14.751 INFO [http-nio-8080-exec-38] org.apache.catalina.core.ApplicationContext.log default: DefaultServlet.serveFile:  contentLength=56372
24-Jan-2020 13:19:52.542 INFO [http-nio-8080-exec-54] org.apache.catalina.core.ApplicationContext.log default: DefaultServlet.serveResource:  Serving resource '' headers and data
24-Jan-2020 13:19:52.808 INFO [http-nio-8080-exec-52] org.apache.catalina.core.ApplicationContext.log default: DefaultServlet.serveResource:  Serving resource '/index.html' headers and data
24-Jan-2020 13:19:53.230 INFO [http-nio-8080-exec-49] org.apache.catalina.core.ApplicationContext.log default: DefaultServlet.serveResource:  Serving resource '/css/style.css' headers and data
24-Jan-2020 13:19:53.230 INFO [http-nio-8080-exec-55] org.apache.catalina.core.ApplicationContext.log default: DefaultServlet.serveResource:  Serving resource '/css/bootstrap.css' headers and data
24-Jan-2020 13:19:53.370 INFO [http-nio-8080-exec-15] org.apache.catalina.core.ApplicationContext.log default: DefaultServlet.serveResource:  Serving resource '/css/font/CenturyGothic.woff2' headers and data
24-Jan-2020 13:20:52.913 FINE [http-nio-8080-exec-51] org.apache.catalina.core.StandardContext.filterStop Stopping filters
24-Jan-2020 13:20:52.913 FINE [http-nio-8080-exec-51] org.apache.catalina.core.StandardContext.filterStop  Stopping filter 'Tomcat WebSocket (JSR356) Filter'
24-Jan-2020 13:20:53.007 FINE [http-nio-8080-exec-51] org.apache.catalina.core.StandardContext.listenerStart Sending application start events
24-Jan-2020 13:20:53.007 FINE [http-nio-8080-exec-51] org.apache.catalina.core.StandardContext.filterStart Starting filters
24-Jan-2020 13:20:53.007 FINE [http-nio-8080-exec-51] org.apache.catalina.core.StandardContext.filterStart  Starting filter 'Tomcat WebSocket (JSR356) Filter'
24-Jan-2020 13:20:53.007 INFO [http-nio-8080-exec-51] org.apache.catalina.core.ApplicationContext.log default: DefaultServlet.init:  input buffer size=2048, output buffer size=2048
24-Jan-2020 13:20:54.757 FINE [http-nio-8080-exec-58] org.apache.catalina.core.StandardContext.filterStop Stopping filters
24-Jan-2020 13:20:54.772 FINE [http-nio-8080-exec-58] org.apache.catalina.core.StandardContext.filterStop  Stopping filter 'Tomcat WebSocket (JSR356) Filter'
24-Jan-2020 13:20:54.803 FINE [http-nio-8080-exec-58] org.apache.catalina.core.StandardContext.listenerStart Sending application start events
24-Jan-2020 13:20:54.803 FINE [http-nio-8080-exec-58] org.apache.catalina.core.StandardContext.filterStart Starting filters
24-Jan-2020 13:20:54.803 FINE [http-nio-8080-exec-58] org.apache.catalina.core.StandardContext.filterStart  Starting filter 'Tomcat WebSocket (JSR356) Filter'
24-Jan-2020 13:20:54.803 INFO [http-nio-8080-exec-58] org.apache.catalina.core.ApplicationContext.log default: DefaultServlet.init:  input buffer size=2048, output buffer size=2048
24-Jan-2020 13:20:55.647 INFO [http-nio-8080-exec-50] org.apache.catalina.core.ApplicationContext.log default: DefaultServlet.serveResource:  Serving resource '' headers and data
24-Jan-2020 13:20:55.756 INFO [http-nio-8080-exec-55] org.apache.catalina.core.ApplicationContext.log default: DefaultServlet.serveResource:  Serving resource '/index.html' headers and data
24-Jan-2020 13:20:55.835 INFO [http-nio-8080-exec-52] org.apache.catalina.core.ApplicationContext.log default: DefaultServlet.serveResource:  Serving resource '/css/style.css' headers and data
24-Jan-2020 13:20:55.850 INFO [http-nio-8080-exec-57] org.apache.catalina.core.ApplicationContext.log default: DefaultServlet.serveResource:  Serving resource '/css/bootstrap.css' headers and data
24-Jan-2020 13:20:55.913 INFO [http-nio-8080-exec-51] org.apache.catalina.core.ApplicationContext.log default: DefaultServlet.serveResource:  Serving resource '/css/font/CenturyGothic.woff2' headers and data
24-Jan-2020 13:20:56.272 INFO [http-nio-8080-exec-54] org.apache.catalina.core.ApplicationContext.log default: DefaultServlet.serveResource:  Serving resource '/index.html' headers and data
24-Jan-2020 13:20:56.272 INFO [http-nio-8080-exec-54] org.apache.catalina.core.ApplicationContext.log default: DefaultServlet.serveFile:  contentType='text/html'
24-Jan-2020 13:20:56.272 INFO [http-nio-8080-exec-54] org.apache.catalina.core.ApplicationContext.log default: DefaultServlet.serveFile:  contentLength=1614
24-Jan-2020 13:20:56.272 INFO [http-nio-8080-exec-49] org.apache.catalina.core.ApplicationContext.log default: DefaultServlet.serveResource:  Serving resource '/css/style.css' headers and data
24-Jan-2020 13:20:56.272 INFO [http-nio-8080-exec-53] org.apache.catalina.core.ApplicationContext.log default: DefaultServlet.serveResource:  Serving resource '/css/bootstrap.css' headers and data
24-Jan-2020 13:20:56.272 INFO [http-nio-8080-exec-49] org.apache.catalina.core.ApplicationContext.log default: DefaultServlet.serveFile:  contentType='text/css'
24-Jan-2020 13:20:56.272 INFO [http-nio-8080-exec-49] org.apache.catalina.core.ApplicationContext.log default: DefaultServlet.serveFile:  contentLength=1795
24-Jan-2020 13:20:56.272 INFO [http-nio-8080-exec-53] org.apache.catalina.core.ApplicationContext.log default: DefaultServlet.serveFile:  contentType='text/css'
24-Jan-2020 13:20:56.272 INFO [http-nio-8080-exec-53] org.apache.catalina.core.ApplicationContext.log default: DefaultServlet.serveFile:  contentLength=192326
24-Jan-2020 13:20:56.303 INFO [http-nio-8080-exec-58] org.apache.catalina.core.ApplicationContext.log default: DefaultServlet.serveResource:  Serving resource '/css/font/CenturyGothic.woff2' headers and data
24-Jan-2020 13:20:56.303 INFO [http-nio-8080-exec-58] org.apache.catalina.core.ApplicationContext.log default: DefaultServlet.serveFile:  contentLength=56372
24-Jan-2020 13:21:24.551 FINE [http-nio-8080-exec-56] org.apache.catalina.core.StandardContext.filterStop Stopping filters
24-Jan-2020 13:21:24.551 FINE [http-nio-8080-exec-56] org.apache.catalina.core.StandardContext.filterStop  Stopping filter 'Tomcat WebSocket (JSR356) Filter'
24-Jan-2020 13:21:24.629 FINE [http-nio-8080-exec-56] org.apache.catalina.core.StandardContext.listenerStart Sending application start events
24-Jan-2020 13:21:24.629 FINE [http-nio-8080-exec-56] org.apache.catalina.core.StandardContext.filterStart Starting filters
24-Jan-2020 13:21:24.629 FINE [http-nio-8080-exec-56] org.apache.catalina.core.StandardContext.filterStart  Starting filter 'Tomcat WebSocket (JSR356) Filter'
24-Jan-2020 13:21:24.629 INFO [http-nio-8080-exec-56] org.apache.catalina.core.ApplicationContext.log default: DefaultServlet.init:  input buffer size=2048, output buffer size=2048
24-Jan-2020 13:21:29.660 FINE [http-nio-8080-exec-64] org.apache.catalina.core.StandardContext.filterStop Stopping filters
24-Jan-2020 13:21:29.660 FINE [http-nio-8080-exec-64] org.apache.catalina.core.StandardContext.filterStop  Stopping filter 'Tomcat WebSocket (JSR356) Filter'
24-Jan-2020 13:21:29.691 FINE [http-nio-8080-exec-64] org.apache.catalina.core.StandardContext.listenerStart Sending application start events
24-Jan-2020 13:21:29.691 FINE [http-nio-8080-exec-64] org.apache.catalina.core.StandardContext.filterStart Starting filters
24-Jan-2020 13:21:29.691 FINE [http-nio-8080-exec-64] org.apache.catalina.core.StandardContext.filterStart  Starting filter 'Tomcat WebSocket (JSR356) Filter'
24-Jan-2020 13:21:29.691 INFO [http-nio-8080-exec-64] org.apache.catalina.core.ApplicationContext.log default: DefaultServlet.init:  input buffer size=2048, output buffer size=2048
24-Jan-2020 13:21:39.831 INFO [87] org.apache.catalina.core.ApplicationContext.log default: DefaultServlet.serveResource:  Serving resource '' headers and data
24-Jan-2020 13:21:40.253 INFO [http-nio-8080-exec-56] org.apache.catalina.core.ApplicationContext.log default: DefaultServlet.serveResource:  Serving resource '/index.html' headers and data
24-Jan-2020 13:21:40.316 INFO [http-nio-8080-exec-54] org.apache.catalina.core.ApplicationContext.log default: DefaultServlet.serveResource:  Serving resource '/css/style.css' headers and data
24-Jan-2020 13:21:40.316 INFO [http-nio-8080-exec-59] org.apache.catalina.core.ApplicationContext.log default: DefaultServlet.serveResource:  Serving resource '/css/bootstrap.css' headers and data
24-Jan-2020 13:21:40.519 INFO [http-nio-8080-exec-63] org.apache.catalina.core.ApplicationContext.log default: DefaultServlet.serveResource:  Serving resource '/css/font/CenturyGothic.woff2' headers and data
24-Jan-2020 13:22:16.061 FINE [http-nio-8080-exec-61] org.apache.catalina.core.StandardContext.filterStop Stopping filters
24-Jan-2020 13:22:16.061 FINE [http-nio-8080-exec-61] org.apache.catalina.core.StandardContext.filterStop  Stopping filter 'Tomcat WebSocket (JSR356) Filter'
24-Jan-2020 13:22:16.140 FINE [http-nio-8080-exec-61] org.apache.catalina.core.StandardContext.listenerStart Sending application start events
24-Jan-2020 13:22:16.140 FINE [http-nio-8080-exec-61] org.apache.catalina.core.StandardContext.filterStart Starting filters
24-Jan-2020 13:22:16.140 FINE [http-nio-8080-exec-61] org.apache.catalina.core.StandardContext.filterStart  Starting filter 'Tomcat WebSocket (JSR356) Filter'
24-Jan-2020 13:22:16.140 INFO [http-nio-8080-exec-61] org.apache.catalina.core.ApplicationContext.log default: DefaultServlet.init:  input buffer size=2048, output buffer size=2048
24-Jan-2020 13:22:23.045 FINE [http-nio-8080-exec-67] org.apache.catalina.core.StandardContext.filterStop Stopping filters
24-Jan-2020 13:22:23.045 FINE [http-nio-8080-exec-67] org.apache.catalina.core.StandardContext.filterStop  Stopping filter 'Tomcat WebSocket (JSR356) Filter'
24-Jan-2020 13:22:23.092 FINE [http-nio-8080-exec-67] org.apache.catalina.core.StandardContext.listenerStart Sending application start events
24-Jan-2020 13:22:23.092 FINE [http-nio-8080-exec-67] org.apache.catalina.core.StandardContext.filterStart Starting filters
24-Jan-2020 13:22:23.092 FINE [http-nio-8080-exec-67] org.apache.catalina.core.StandardContext.filterStart  Starting filter 'Tomcat WebSocket (JSR356) Filter'
24-Jan-2020 13:22:23.092 INFO [http-nio-8080-exec-67] org.apache.catalina.core.ApplicationContext.log default: DefaultServlet.init:  input buffer size=2048, output buffer size=2048
24-Jan-2020 13:22:24.092 FINE [http-nio-8080-exec-59] org.apache.catalina.core.StandardContext.filterStop Stopping filters
24-Jan-2020 13:22:24.092 FINE [http-nio-8080-exec-59] org.apache.catalina.core.StandardContext.filterStop  Stopping filter 'Tomcat WebSocket (JSR356) Filter'
24-Jan-2020 13:22:24.139 FINE [http-nio-8080-exec-59] org.apache.catalina.core.StandardContext.listenerStart Sending application start events
24-Jan-2020 13:22:24.139 FINE [http-nio-8080-exec-59] org.apache.catalina.core.StandardContext.filterStart Starting filters
24-Jan-2020 13:22:24.139 FINE [http-nio-8080-exec-59] org.apache.catalina.core.StandardContext.filterStart  Starting filter 'Tomcat WebSocket (JSR356) Filter'
24-Jan-2020 13:22:24.139 INFO [http-nio-8080-exec-59] org.apache.catalina.core.ApplicationContext.log default: DefaultServlet.init:  input buffer size=2048, output buffer size=2048
24-Jan-2020 13:22:24.811 INFO [http-nio-8080-exec-67] org.apache.catalina.core.ApplicationContext.log default: DefaultServlet.serveResource:  Serving resource '' headers and data
24-Jan-2020 13:22:24.998 INFO [http-nio-8080-exec-70] org.apache.catalina.core.ApplicationContext.log default: DefaultServlet.serveResource:  Serving resource '/index.html' headers and data
24-Jan-2020 13:22:25.045 INFO [http-nio-8080-exec-68] org.apache.catalina.core.ApplicationContext.log default: DefaultServlet.serveResource:  Serving resource '/css/style.css' headers and data
24-Jan-2020 13:22:25.045 INFO [http-nio-8080-exec-54] org.apache.catalina.core.ApplicationContext.log default: DefaultServlet.serveResource:  Serving resource '/css/bootstrap.css' headers and data
24-Jan-2020 13:22:25.123 INFO [88] org.apache.catalina.core.ApplicationContext.log default: DefaultServlet.serveResource:  Serving resource '/css/font/CenturyGothic.woff2' headers and data
24-Jan-2020 13:22:47.293 FINE [http-nio-8080-exec-74] org.apache.catalina.core.StandardContext.filterStop Stopping filters
24-Jan-2020 13:22:47.293 FINE [http-nio-8080-exec-74] org.apache.catalina.core.StandardContext.filterStop  Stopping filter 'Tomcat WebSocket (JSR356) Filter'
24-Jan-2020 13:22:58.793 FINE [http-nio-8080-exec-80] org.apache.catalina.core.StandardContext.listenerStart Sending application start events
24-Jan-2020 13:22:58.793 FINE [http-nio-8080-exec-80] org.apache.catalina.core.StandardContext.filterStart Starting filters
24-Jan-2020 13:22:58.793 FINE [http-nio-8080-exec-80] org.apache.catalina.core.StandardContext.filterStart  Starting filter 'Tomcat WebSocket (JSR356) Filter'
24-Jan-2020 13:22:58.793 INFO [http-nio-8080-exec-80] org.apache.catalina.core.ApplicationContext.log default: DefaultServlet.init:  input buffer size=2048, output buffer size=2048
24-Jan-2020 13:22:59.324 INFO [http-nio-8080-exec-70] org.apache.catalina.core.ApplicationContext.log default: DefaultServlet.serveResource:  Serving resource '' headers and data
24-Jan-2020 13:22:59.339 INFO [http-nio-8080-exec-77] org.apache.catalina.core.ApplicationContext.log default: DefaultServlet.serveResource:  Serving resource '/index.html' headers and data
24-Jan-2020 13:22:59.339 INFO [http-nio-8080-exec-77] org.apache.catalina.core.ApplicationContext.log default: DefaultServlet.serveFile:  contentType='text/html'
24-Jan-2020 13:22:59.339 INFO [http-nio-8080-exec-77] org.apache.catalina.core.ApplicationContext.log default: DefaultServlet.serveFile:  contentLength=1614
24-Jan-2020 13:22:59.402 INFO [93] org.apache.catalina.core.ApplicationContext.log default: DefaultServlet.serveResource:  Serving resource '/css/style.css' headers and data
24-Jan-2020 13:22:59.402 INFO [93] org.apache.catalina.core.ApplicationContext.log default: DefaultServlet.serveFile:  contentType='text/css'
24-Jan-2020 13:22:59.402 INFO [93] org.apache.catalina.core.ApplicationContext.log default: DefaultServlet.serveFile:  contentLength=1795
24-Jan-2020 13:22:59.418 INFO [http-nio-8080-exec-81] org.apache.catalina.core.ApplicationContext.log default: DefaultServlet.serveResource:  Serving resource '/css/bootstrap.css' headers and data
24-Jan-2020 13:22:59.433 INFO [http-nio-8080-exec-81] org.apache.catalina.core.ApplicationContext.log default: DefaultServlet.serveFile:  contentType='text/css'
24-Jan-2020 13:22:59.433 INFO [http-nio-8080-exec-81] org.apache.catalina.core.ApplicationContext.log default: DefaultServlet.serveFile:  contentLength=192326
24-Jan-2020 13:22:59.433 INFO [http-nio-8080-exec-54] org.apache.catalina.core.ApplicationContext.log default: DefaultServlet.serveResource:  Serving resource '/css/font/CenturyGothic-Bold.woff2' headers and data
24-Jan-2020 13:22:59.433 INFO [http-nio-8080-exec-54] org.apache.catalina.core.ApplicationContext.log default: DefaultServlet.serveFile:  contentLength=50472
24-Jan-2020 13:22:59.433 INFO [http-nio-8080-exec-74] org.apache.catalina.core.ApplicationContext.log default: DefaultServlet.serveResource:  Serving resource '/css/font/CenturyGothic-Bold.woff2' headers and data
24-Jan-2020 13:22:59.433 INFO [http-nio-8080-exec-74] org.apache.catalina.core.ApplicationContext.log default: DefaultServlet.serveFile:  contentLength=50472
24-Jan-2020 13:22:59.433 INFO [http-nio-8080-exec-61] org.apache.catalina.core.ApplicationContext.log default: DefaultServlet.serveResource:  Serving resource '/css/font/CenturyGothic.woff2' headers and data
24-Jan-2020 13:22:59.433 INFO [http-nio-8080-exec-61] org.apache.catalina.core.ApplicationContext.log default: DefaultServlet.serveFile:  contentLength=56372
24-Jan-2020 13:22:59.433 INFO [http-nio-8080-exec-74] org.apache.catalina.core.ApplicationContext.log default: DefaultServlet.serveResource:  Serving resource '/css/font/CenturyGothic.woff2' headers and data
24-Jan-2020 13:22:59.433 INFO [http-nio-8080-exec-74] org.apache.catalina.core.ApplicationContext.log default: DefaultServlet.serveFile:  contentLength=56372
24-Jan-2020 13:22:59.433 INFO [http-nio-8080-exec-79] org.apache.catalina.core.ApplicationContext.log default: DefaultServlet.serveResource:  Serving resource '/css/font/CenturyGothic.woff2' headers and data
24-Jan-2020 13:22:59.433 INFO [http-nio-8080-exec-79] org.apache.catalina.core.ApplicationContext.log default: DefaultServlet.serveFile:  contentLength=56372
24-Jan-2020 13:23:56.553 INFO [http-nio-8080-exec-85] org.apache.catalina.core.ApplicationContext.log default: DefaultServlet.serveResource:  Serving resource '' headers and data
24-Jan-2020 13:23:56.568 INFO [http-nio-8080-exec-82] org.apache.catalina.core.ApplicationContext.log default: DefaultServlet.serveResource:  Serving resource '/index.html' headers and data
24-Jan-2020 13:23:56.568 INFO [http-nio-8080-exec-82] org.apache.catalina.core.ApplicationContext.log default: DefaultServlet.serveFile:  contentType='text/html'
24-Jan-2020 13:23:56.568 INFO [http-nio-8080-exec-82] org.apache.catalina.core.ApplicationContext.log default: DefaultServlet.serveFile:  contentLength=1614
24-Jan-2020 13:23:56.568 INFO [http-nio-8080-exec-83] org.apache.catalina.core.ApplicationContext.log default: DefaultServlet.serveResource:  Serving resource '/css/style.css' headers and data
24-Jan-2020 13:23:56.568 INFO [http-nio-8080-exec-70] org.apache.catalina.core.ApplicationContext.log default: DefaultServlet.serveResource:  Serving resource '/css/bootstrap.css' headers and data
24-Jan-2020 13:23:56.568 INFO [http-nio-8080-exec-70] org.apache.catalina.core.ApplicationContext.log default: DefaultServlet.serveFile:  contentType='text/css'
24-Jan-2020 13:23:56.568 INFO [http-nio-8080-exec-70] org.apache.catalina.core.ApplicationContext.log default: DefaultServlet.serveFile:  contentLength=192326
24-Jan-2020 13:23:56.568 INFO [http-nio-8080-exec-83] org.apache.catalina.core.ApplicationContext.log default: DefaultServlet.serveFile:  contentType='text/css'
24-Jan-2020 13:23:56.568 INFO [http-nio-8080-exec-83] org.apache.catalina.core.ApplicationContext.log default: DefaultServlet.serveFile:  contentLength=1795
24-Jan-2020 13:23:56.631 INFO [http-nio-8080-exec-76] org.apache.catalina.core.ApplicationContext.log default: DefaultServlet.serveResource:  Serving resource '/css/font/CenturyGothic.woff2' headers and data
24-Jan-2020 13:23:56.631 INFO [http-nio-8080-exec-81] org.apache.catalina.core.ApplicationContext.log default: DefaultServlet.serveResource:  Serving resource '/css/font/CenturyGothic.woff2' headers and data
24-Jan-2020 13:23:56.631 INFO [http-nio-8080-exec-81] org.apache.catalina.core.ApplicationContext.log default: DefaultServlet.serveFile:  contentLength=56372
24-Jan-2020 13:23:56.631 INFO [http-nio-8080-exec-76] org.apache.catalina.core.ApplicationContext.log default: DefaultServlet.serveFile:  contentLength=56372
24-Jan-2020 13:23:56.646 INFO [http-nio-8080-exec-79] org.apache.catalina.core.ApplicationContext.log default: DefaultServlet.serveResource:  Serving resource '/css/font/CenturyGothic.woff2' headers and data
24-Jan-2020 13:23:56.646 INFO [http-nio-8080-exec-79] org.apache.catalina.core.ApplicationContext.log default: DefaultServlet.serveFile:  contentLength=56372
24-Jan-2020 13:24:56.194 FINE [http-nio-8080-exec-85] org.apache.catalina.core.StandardContext.filterStop Stopping filters
24-Jan-2020 13:24:56.194 FINE [http-nio-8080-exec-85] org.apache.catalina.core.StandardContext.filterStop  Stopping filter 'Tomcat WebSocket (JSR356) Filter'
24-Jan-2020 13:24:56.288 FINE [http-nio-8080-exec-85] org.apache.catalina.core.StandardContext.listenerStart Sending application start events
24-Jan-2020 13:24:56.288 FINE [http-nio-8080-exec-85] org.apache.catalina.core.StandardContext.filterStart Starting filters
24-Jan-2020 13:24:56.288 FINE [http-nio-8080-exec-85] org.apache.catalina.core.StandardContext.filterStart  Starting filter 'Tomcat WebSocket (JSR356) Filter'
24-Jan-2020 13:24:56.288 INFO [http-nio-8080-exec-85] org.apache.catalina.core.ApplicationContext.log default: DefaultServlet.init:  input buffer size=2048, output buffer size=2048
24-Jan-2020 13:25:19.030 FINE [http-nio-8080-exec-81] org.apache.catalina.core.StandardContext.filterStop Stopping filters
24-Jan-2020 13:25:19.031 FINE [http-nio-8080-exec-81] org.apache.catalina.core.StandardContext.filterStop  Stopping filter 'Tomcat WebSocket (JSR356) Filter'
24-Jan-2020 13:25:21.420 FINE [http-nio-8080-exec-90] org.apache.catalina.core.StandardContext.listenerStart Sending application start events
24-Jan-2020 13:25:21.420 FINE [http-nio-8080-exec-90] org.apache.catalina.core.StandardContext.filterStart Starting filters
24-Jan-2020 13:25:21.420 FINE [http-nio-8080-exec-90] org.apache.catalina.core.StandardContext.filterStart  Starting filter 'Tomcat WebSocket (JSR356) Filter'
24-Jan-2020 13:25:21.420 INFO [http-nio-8080-exec-90] org.apache.catalina.core.ApplicationContext.log default: DefaultServlet.init:  input buffer size=2048, output buffer size=2048
24-Jan-2020 13:25:21.802 INFO [http-nio-8080-exec-82] org.apache.catalina.core.ApplicationContext.log default: DefaultServlet.serveResource:  Serving resource '' headers and data
24-Jan-2020 13:25:21.814 INFO [http-nio-8080-exec-85] org.apache.catalina.core.ApplicationContext.log default: DefaultServlet.serveResource:  Serving resource '/index.html' headers and data
24-Jan-2020 13:25:21.815 INFO [http-nio-8080-exec-85] org.apache.catalina.core.ApplicationContext.log default: DefaultServlet.serveFile:  contentType='text/html'
24-Jan-2020 13:25:21.816 INFO [http-nio-8080-exec-85] org.apache.catalina.core.ApplicationContext.log default: DefaultServlet.serveFile:  contentLength=1614
24-Jan-2020 13:25:21.864 INFO [http-nio-8080-exec-89] org.apache.catalina.core.ApplicationContext.log default: DefaultServlet.serveResource:  Serving resource '/css/style.css' headers and data
24-Jan-2020 13:25:21.864 INFO [http-nio-8080-exec-89] org.apache.catalina.core.ApplicationContext.log default: DefaultServlet.serveFile:  contentType='text/css'
24-Jan-2020 13:25:21.864 INFO [http-nio-8080-exec-89] org.apache.catalina.core.ApplicationContext.log default: DefaultServlet.serveFile:  contentLength=1795
24-Jan-2020 13:25:21.868 INFO [http-nio-8080-exec-76] org.apache.catalina.core.ApplicationContext.log default: DefaultServlet.serveResource:  Serving resource '/css/bootstrap.css' headers and data
24-Jan-2020 13:25:21.868 INFO [http-nio-8080-exec-76] org.apache.catalina.core.ApplicationContext.log default: DefaultServlet.serveFile:  contentType='text/css'
24-Jan-2020 13:25:21.868 INFO [http-nio-8080-exec-76] org.apache.catalina.core.ApplicationContext.log default: DefaultServlet.serveFile:  contentLength=192326
24-Jan-2020 13:25:21.928 INFO [http-nio-8080-exec-79] org.apache.catalina.core.ApplicationContext.log default: DefaultServlet.serveResource:  Serving resource '/css/font/CenturyGothic.woff2' headers and data
24-Jan-2020 13:25:21.929 INFO [http-nio-8080-exec-79] org.apache.catalina.core.ApplicationContext.log default: DefaultServlet.serveFile:  contentLength=56372
24-Jan-2020 13:25:21.933 INFO [http-nio-8080-exec-80] org.apache.catalina.core.ApplicationContext.log default: DefaultServlet.serveResource:  Serving resource '/css/font/CenturyGothic.woff2' headers and data
24-Jan-2020 13:25:21.933 INFO [http-nio-8080-exec-86] org.apache.catalina.core.ApplicationContext.log default: DefaultServlet.serveResource:  Serving resource '/css/font/CenturyGothic.woff2' headers and data
24-Jan-2020 13:25:21.933 INFO [http-nio-8080-exec-86] org.apache.catalina.core.ApplicationContext.log default: DefaultServlet.serveFile:  contentLength=56372
24-Jan-2020 13:25:21.933 INFO [http-nio-8080-exec-80] org.apache.catalina.core.ApplicationContext.log default: DefaultServlet.serveFile:  contentLength=56372
24-Jan-2020 13:26:40.827 FINE [http-nio-8080-exec-80] org.apache.catalina.core.StandardContext.filterStop Stopping filters
24-Jan-2020 13:26:40.827 FINE [http-nio-8080-exec-80] org.apache.catalina.core.StandardContext.filterStop  Stopping filter 'Tomcat WebSocket (JSR356) Filter'
24-Jan-2020 13:26:40.905 FINE [http-nio-8080-exec-80] org.apache.catalina.core.StandardContext.listenerStart Sending application start events
24-Jan-2020 13:26:40.905 FINE [http-nio-8080-exec-80] org.apache.catalina.core.StandardContext.filterStart Starting filters
24-Jan-2020 13:26:40.905 FINE [http-nio-8080-exec-80] org.apache.catalina.core.StandardContext.filterStart  Starting filter 'Tomcat WebSocket (JSR356) Filter'
24-Jan-2020 13:26:40.905 INFO [http-nio-8080-exec-80] org.apache.catalina.core.ApplicationContext.log default: DefaultServlet.init:  input buffer size=2048, output buffer size=2048
24-Jan-2020 13:26:43.952 FINE [http-nio-8080-exec-96] org.apache.catalina.core.StandardContext.filterStop Stopping filters
24-Jan-2020 13:26:43.952 FINE [http-nio-8080-exec-96] org.apache.catalina.core.StandardContext.filterStop  Stopping filter 'Tomcat WebSocket (JSR356) Filter'
24-Jan-2020 13:26:43.983 FINE [http-nio-8080-exec-96] org.apache.catalina.core.StandardContext.listenerStart Sending application start events
24-Jan-2020 13:26:43.983 FINE [http-nio-8080-exec-96] org.apache.catalina.core.StandardContext.filterStart Starting filters
24-Jan-2020 13:26:43.983 FINE [http-nio-8080-exec-96] org.apache.catalina.core.StandardContext.filterStart  Starting filter 'Tomcat WebSocket (JSR356) Filter'
24-Jan-2020 13:26:43.983 INFO [http-nio-8080-exec-96] org.apache.catalina.core.ApplicationContext.log default: DefaultServlet.init:  input buffer size=2048, output buffer size=2048
24-Jan-2020 13:26:44.452 INFO [http-nio-8080-exec-92] org.apache.catalina.core.ApplicationContext.log default: DefaultServlet.serveResource:  Serving resource '' headers and data
24-Jan-2020 13:26:44.483 INFO [http-nio-8080-exec-93] org.apache.catalina.core.ApplicationContext.log default: DefaultServlet.serveResource:  Serving resource '/index.html' headers and data
24-Jan-2020 13:26:44.499 INFO [http-nio-8080-exec-91] org.apache.catalina.core.ApplicationContext.log default: DefaultServlet.serveResource:  Serving resource '/css/bootstrap.css' headers and data
24-Jan-2020 13:26:44.499 INFO [http-nio-8080-exec-89] org.apache.catalina.core.ApplicationContext.log default: DefaultServlet.serveResource:  Serving resource '/css/style.css' headers and data
24-Jan-2020 13:26:44.545 INFO [http-nio-8080-exec-79] org.apache.catalina.core.ApplicationContext.log default: DefaultServlet.serveResource:  Serving resource '/css/font/CenturyGothic.woff2' headers and data
24-Jan-2020 13:26:44.561 INFO [http-nio-8080-exec-90] org.apache.catalina.core.ApplicationContext.log default: DefaultServlet.serveResource:  Serving resource '/css/font/CenturyGothic.woff2' headers and data
24-Jan-2020 13:26:44.561 INFO [http-nio-8080-exec-86] org.apache.catalina.core.ApplicationContext.log default: DefaultServlet.serveResource:  Serving resource '/css/font/CenturyGothic.woff2' headers and data
24-Jan-2020 13:27:48.018 INFO [http-nio-8080-exec-97] org.apache.catalina.core.ApplicationContext.log default: DefaultServlet.serveResource:  Serving resource '' headers and data
24-Jan-2020 13:27:48.036 INFO [http-nio-8080-exec-100] org.apache.catalina.core.ApplicationContext.log default: DefaultServlet.serveResource:  Serving resource '/index.html' headers and data
24-Jan-2020 13:27:48.037 INFO [http-nio-8080-exec-100] org.apache.catalina.core.ApplicationContext.log default: DefaultServlet.serveFile:  contentType='text/html'
24-Jan-2020 13:27:48.037 INFO [http-nio-8080-exec-100] org.apache.catalina.core.ApplicationContext.log default: DefaultServlet.serveFile:  contentLength=1614
24-Jan-2020 13:27:48.047 INFO [http-nio-8080-exec-98] org.apache.catalina.core.ApplicationContext.log default: DefaultServlet.serveResource:  Serving resource '/css/style.css' headers and data
24-Jan-2020 13:27:48.047 INFO [http-nio-8080-exec-99] org.apache.catalina.core.ApplicationContext.log default: DefaultServlet.serveResource:  Serving resource '/css/bootstrap.css' headers and data
24-Jan-2020 13:27:48.047 INFO [http-nio-8080-exec-99] org.apache.catalina.core.ApplicationContext.log default: DefaultServlet.serveFile:  contentType='text/css'
24-Jan-2020 13:27:48.047 INFO [http-nio-8080-exec-98] org.apache.catalina.core.ApplicationContext.log default: DefaultServlet.serveFile:  contentType='text/css'
24-Jan-2020 13:27:48.047 INFO [http-nio-8080-exec-99] org.apache.catalina.core.ApplicationContext.log default: DefaultServlet.serveFile:  contentLength=192326
24-Jan-2020 13:27:48.047 INFO [http-nio-8080-exec-98] org.apache.catalina.core.ApplicationContext.log default: DefaultServlet.serveFile:  contentLength=1795
24-Jan-2020 13:27:48.093 INFO [http-nio-8080-exec-89] org.apache.catalina.core.ApplicationContext.log default: DefaultServlet.serveResource:  Serving resource '/css/font/CenturyGothic.woff2' headers and data
24-Jan-2020 13:27:48.093 INFO [http-nio-8080-exec-93] org.apache.catalina.core.ApplicationContext.log default: DefaultServlet.serveResource:  Serving resource '/css/font/CenturyGothic.woff2' headers and data
24-Jan-2020 13:27:48.094 INFO [http-nio-8080-exec-93] org.apache.catalina.core.ApplicationContext.log default: DefaultServlet.serveFile:  contentLength=56372
24-Jan-2020 13:27:48.095 INFO [http-nio-8080-exec-89] org.apache.catalina.core.ApplicationContext.log default: DefaultServlet.serveFile:  contentLength=56372
24-Jan-2020 13:27:48.103 INFO [http-nio-8080-exec-91] org.apache.catalina.core.ApplicationContext.log default: DefaultServlet.serveResource:  Serving resource '/css/font/CenturyGothic.woff2' headers and data
24-Jan-2020 13:27:48.103 INFO [http-nio-8080-exec-91] org.apache.catalina.core.ApplicationContext.log default: DefaultServlet.serveFile:  contentLength=56372
24-Jan-2020 13:28:31.355 FINE [http-nio-8080-exec-101] org.apache.catalina.core.StandardContext.filterStop Stopping filters
24-Jan-2020 13:28:31.355 FINE [http-nio-8080-exec-101] org.apache.catalina.core.StandardContext.filterStop  Stopping filter 'Tomcat WebSocket (JSR356) Filter'
24-Jan-2020 13:28:31.448 FINE [http-nio-8080-exec-101] org.apache.catalina.core.StandardContext.listenerStart Sending application start events
24-Jan-2020 13:28:31.448 FINE [http-nio-8080-exec-101] org.apache.catalina.core.StandardContext.filterStart Starting filters
24-Jan-2020 13:28:31.448 FINE [http-nio-8080-exec-101] org.apache.catalina.core.StandardContext.filterStart  Starting filter 'Tomcat WebSocket (JSR356) Filter'
24-Jan-2020 13:28:31.448 INFO [http-nio-8080-exec-101] org.apache.catalina.core.ApplicationContext.log default: DefaultServlet.init:  input buffer size=2048, output buffer size=2048
24-Jan-2020 13:28:36.714 FINE [http-nio-8080-exec-99] org.apache.catalina.core.StandardContext.filterStop Stopping filters
24-Jan-2020 13:28:36.714 FINE [http-nio-8080-exec-99] org.apache.catalina.core.StandardContext.filterStop  Stopping filter 'Tomcat WebSocket (JSR356) Filter'
24-Jan-2020 13:29:34.131 FINE [http-nio-8080-exec-109] org.apache.catalina.core.StandardContext.listenerStart Sending application start events
24-Jan-2020 13:29:34.131 FINE [http-nio-8080-exec-109] org.apache.catalina.core.StandardContext.filterStart Starting filters
24-Jan-2020 13:29:34.131 FINE [http-nio-8080-exec-109] org.apache.catalina.core.StandardContext.filterStart  Starting filter 'Tomcat WebSocket (JSR356) Filter'
24-Jan-2020 13:29:34.131 INFO [http-nio-8080-exec-109] org.apache.catalina.core.ApplicationContext.log default: DefaultServlet.init:  input buffer size=2048, output buffer size=2048
24-Jan-2020 13:29:34.678 INFO [http-nio-8080-exec-99] org.apache.catalina.core.ApplicationContext.log default: DefaultServlet.serveResource:  Serving resource '' headers and data
24-Jan-2020 13:29:34.678 INFO [http-nio-8080-exec-106] org.apache.catalina.core.ApplicationContext.log default: DefaultServlet.serveResource:  Serving resource '/index.html' headers and data
24-Jan-2020 13:29:34.678 INFO [http-nio-8080-exec-106] org.apache.catalina.core.ApplicationContext.log default: DefaultServlet.serveFile:  contentType='text/html'
24-Jan-2020 13:29:34.678 INFO [http-nio-8080-exec-106] org.apache.catalina.core.ApplicationContext.log default: DefaultServlet.serveFile:  contentLength=1614
24-Jan-2020 13:29:34.693 INFO [http-nio-8080-exec-97] org.apache.catalina.core.ApplicationContext.log default: DefaultServlet.serveResource:  Serving resource '/css/bootstrap.css' headers and data
24-Jan-2020 13:29:34.693 INFO [http-nio-8080-exec-97] org.apache.catalina.core.ApplicationContext.log default: DefaultServlet.serveFile:  contentType='text/css'
24-Jan-2020 13:29:34.693 INFO [http-nio-8080-exec-97] org.apache.catalina.core.ApplicationContext.log default: DefaultServlet.serveFile:  contentLength=192326
24-Jan-2020 13:29:34.693 INFO [http-nio-8080-exec-102] org.apache.catalina.core.ApplicationContext.log default: DefaultServlet.serveResource:  Serving resource '/css/style.css' headers and data
24-Jan-2020 13:29:34.693 INFO [http-nio-8080-exec-102] org.apache.catalina.core.ApplicationContext.log default: DefaultServlet.serveFile:  contentType='text/css'
24-Jan-2020 13:29:34.693 INFO [http-nio-8080-exec-102] org.apache.catalina.core.ApplicationContext.log default: DefaultServlet.serveFile:  contentLength=1795
24-Jan-2020 13:29:34.740 INFO [http-nio-8080-exec-89] org.apache.catalina.core.ApplicationContext.log default: DefaultServlet.serveResource:  Serving resource '/css/font/CenturyGothic.woff2' headers and data
24-Jan-2020 13:29:34.740 INFO [http-nio-8080-exec-107] org.apache.catalina.core.ApplicationContext.log default: DefaultServlet.serveResource:  Serving resource '/css/font/CenturyGothic.woff2' headers and data
24-Jan-2020 13:29:34.740 INFO [http-nio-8080-exec-91] org.apache.catalina.core.ApplicationContext.log default: DefaultServlet.serveResource:  Serving resource '/css/font/CenturyGothic.woff2' headers and data
24-Jan-2020 13:29:34.740 INFO [http-nio-8080-exec-89] org.apache.catalina.core.ApplicationContext.log default: DefaultServlet.serveFile:  contentLength=56372
24-Jan-2020 13:29:34.740 INFO [http-nio-8080-exec-107] org.apache.catalina.core.ApplicationContext.log default: DefaultServlet.serveFile:  contentLength=56372
24-Jan-2020 13:29:34.740 INFO [http-nio-8080-exec-91] org.apache.catalina.core.ApplicationContext.log default: DefaultServlet.serveFile:  contentLength=56372
24-Jan-2020 13:31:04.879 FINE [http-nio-8080-exec-106] org.apache.catalina.core.StandardContext.filterStop Stopping filters
24-Jan-2020 13:31:04.879 FINE [http-nio-8080-exec-106] org.apache.catalina.core.StandardContext.filterStop  Stopping filter 'Tomcat WebSocket (JSR356) Filter'
24-Jan-2020 13:31:04.957 FINE [http-nio-8080-exec-106] org.apache.catalina.core.StandardContext.listenerStart Sending application start events
24-Jan-2020 13:31:04.957 FINE [http-nio-8080-exec-106] org.apache.catalina.core.StandardContext.filterStart Starting filters
24-Jan-2020 13:31:04.957 FINE [http-nio-8080-exec-106] org.apache.catalina.core.StandardContext.filterStart  Starting filter 'Tomcat WebSocket (JSR356) Filter'
24-Jan-2020 13:31:04.957 INFO [http-nio-8080-exec-106] org.apache.catalina.core.ApplicationContext.log default: DefaultServlet.init:  input buffer size=2048, output buffer size=2048
24-Jan-2020 13:31:05.554 INFO [http-nio-8080-exec-108] org.apache.catalina.core.ApplicationContext.log default: DefaultServlet.serveResource:  Serving resource '' headers and data
24-Jan-2020 13:31:05.559 INFO [http-nio-8080-exec-111] org.apache.catalina.core.ApplicationContext.log default: DefaultServlet.serveResource:  Serving resource '/index.html' headers and data
24-Jan-2020 13:31:05.562 INFO [http-nio-8080-exec-111] org.apache.catalina.core.ApplicationContext.log default: DefaultServlet.serveFile:  contentType='text/html'
24-Jan-2020 13:31:05.562 INFO [http-nio-8080-exec-111] org.apache.catalina.core.ApplicationContext.log default: DefaultServlet.serveFile:  contentLength=1614
24-Jan-2020 13:31:05.597 INFO [http-nio-8080-exec-107] org.apache.catalina.core.ApplicationContext.log default: DefaultServlet.serveResource:  Serving resource '/css/style.css' headers and data
24-Jan-2020 13:31:05.597 INFO [http-nio-8080-exec-89] org.apache.catalina.core.ApplicationContext.log default: DefaultServlet.serveResource:  Serving resource '/css/bootstrap.css' headers and data
24-Jan-2020 13:31:05.598 INFO [http-nio-8080-exec-89] org.apache.catalina.core.ApplicationContext.log default: DefaultServlet.serveFile:  contentType='text/css'
24-Jan-2020 13:31:05.598 INFO [http-nio-8080-exec-89] org.apache.catalina.core.ApplicationContext.log default: DefaultServlet.serveFile:  contentLength=192326
24-Jan-2020 13:31:05.598 INFO [http-nio-8080-exec-107] org.apache.catalina.core.ApplicationContext.log default: DefaultServlet.serveFile:  contentType='text/css'
24-Jan-2020 13:31:05.598 INFO [http-nio-8080-exec-107] org.apache.catalina.core.ApplicationContext.log default: DefaultServlet.serveFile:  contentLength=1795
24-Jan-2020 13:31:05.685 INFO [http-nio-8080-exec-91] org.apache.catalina.core.ApplicationContext.log default: DefaultServlet.serveResource:  Serving resource '/css/font/CenturyGothic.woff2' headers and data
24-Jan-2020 13:31:05.685 INFO [http-nio-8080-exec-91] org.apache.catalina.core.ApplicationContext.log default: DefaultServlet.serveFile:  contentLength=56372
24-Jan-2020 13:31:32.598 FINE [http-nio-8080-exec-118] org.apache.catalina.core.StandardContext.filterStop Stopping filters
24-Jan-2020 13:31:32.598 FINE [http-nio-8080-exec-118] org.apache.catalina.core.StandardContext.filterStop  Stopping filter 'Tomcat WebSocket (JSR356) Filter'
24-Jan-2020 13:31:32.645 FINE [http-nio-8080-exec-118] org.apache.catalina.core.StandardContext.listenerStart Sending application start events
24-Jan-2020 13:31:32.645 FINE [http-nio-8080-exec-118] org.apache.catalina.core.StandardContext.filterStart Starting filters
24-Jan-2020 13:31:32.645 FINE [http-nio-8080-exec-118] org.apache.catalina.core.StandardContext.filterStart  Starting filter 'Tomcat WebSocket (JSR356) Filter'
24-Jan-2020 13:31:32.645 INFO [http-nio-8080-exec-118] org.apache.catalina.core.ApplicationContext.log default: DefaultServlet.init:  input buffer size=2048, output buffer size=2048
24-Jan-2020 13:31:33.618 INFO [http-nio-8080-exec-116] org.apache.catalina.core.ApplicationContext.log default: DefaultServlet.serveResource:  Serving resource '' headers and data
24-Jan-2020 13:31:33.625 INFO [http-nio-8080-exec-117] org.apache.catalina.core.ApplicationContext.log default: DefaultServlet.serveResource:  Serving resource '/index.html' headers and data
24-Jan-2020 13:31:33.659 INFO [http-nio-8080-exec-107] org.apache.catalina.core.ApplicationContext.log default: DefaultServlet.serveResource:  Serving resource '/css/style.css' headers and data
24-Jan-2020 13:31:33.664 INFO [http-nio-8080-exec-107] org.apache.catalina.core.ApplicationContext.log default: DefaultServlet.serveResource:  Serving resource '/css/bootstrap.css' headers and data
24-Jan-2020 13:31:33.801 INFO [http-nio-8080-exec-89] org.apache.catalina.core.ApplicationContext.log default: DefaultServlet.serveResource:  Serving resource '/css/font/CenturyGothic.woff2' headers and data
24-Jan-2020 13:31:57.762 FINE [http-nio-8080-exec-120] org.apache.catalina.core.StandardContext.filterStop Stopping filters
24-Jan-2020 13:31:57.762 FINE [http-nio-8080-exec-120] org.apache.catalina.core.StandardContext.filterStop  Stopping filter 'Tomcat WebSocket (JSR356) Filter'
24-Jan-2020 13:31:57.880 FINE [http-nio-8080-exec-120] org.apache.catalina.core.StandardContext.listenerStart Sending application start events
24-Jan-2020 13:31:57.880 FINE [http-nio-8080-exec-120] org.apache.catalina.core.StandardContext.filterStart Starting filters
24-Jan-2020 13:31:57.880 FINE [http-nio-8080-exec-120] org.apache.catalina.core.StandardContext.filterStart  Starting filter 'Tomcat WebSocket (JSR356) Filter'
24-Jan-2020 13:31:57.880 INFO [http-nio-8080-exec-120] org.apache.catalina.core.ApplicationContext.log default: DefaultServlet.init:  input buffer size=2048, output buffer size=2048
