05-Feb-2019 00:01:11.470 INFO [http-nio-8080-exec-29] org.apache.catalina.core.ApplicationContext.log default: DefaultServlet.serveResource:  Serving resource '/NOMESERVIZIO_01' headers and data
05-Feb-2019 00:01:11.472 FINE [http-nio-8080-exec-29] org.apache.catalina.core.ApplicationDispatcher.doForward  Disabling the response for futher output
05-Feb-2019 00:01:11.472 FINE [http-nio-8080-exec-29] org.apache.catalina.core.ApplicationDispatcher.doForward  The Response is vehiculed using a wrapper: org.netbeans.modules.web.monitor.server.MonitorResponseWrapper
05-Feb-2019 00:02:20.773 INFO [http-nio-8080-exec-31] org.apache.catalina.core.ApplicationContext.log default: DefaultServlet.serveResource:  Serving resource '/NOMESERVIZIO_01' headers and data
05-Feb-2019 00:02:20.774 FINE [http-nio-8080-exec-31] org.apache.catalina.core.ApplicationDispatcher.doForward  Disabling the response for futher output
05-Feb-2019 00:02:20.775 FINE [http-nio-8080-exec-31] org.apache.catalina.core.ApplicationDispatcher.doForward  The Response is vehiculed using a wrapper: org.netbeans.modules.web.monitor.server.MonitorResponseWrapper
05-Feb-2019 00:03:26.623 FINE [localhost-startStop-2] org.apache.catalina.core.StandardContext.filterStop Stopping filters
05-Feb-2019 00:03:26.623 FINE [localhost-startStop-2] org.apache.catalina.core.StandardContext.filterStop  Stopping filter 'Set Character Encoding'
05-Feb-2019 00:03:26.624 FINE [localhost-startStop-2] org.apache.catalina.core.StandardContext.filterStop  Stopping filter 'Compression Filter'
05-Feb-2019 00:03:26.624 FINE [localhost-startStop-2] org.apache.catalina.core.StandardContext.filterStop  Stopping filter 'Request Dumper Filter'
05-Feb-2019 00:03:26.624 FINE [localhost-startStop-2] org.apache.catalina.core.StandardContext.filterStop  Stopping filter 'Tomcat WebSocket (JSR356) Filter'
05-Feb-2019 00:03:26.624 FINE [localhost-startStop-2] org.apache.catalina.core.StandardContext.filterStop  Stopping filter 'HTTPMonitorFilter'
05-Feb-2019 00:03:26.624 FINE [localhost-startStop-2] org.apache.catalina.core.StandardContext.filterStop  Stopping filter 'Timing Filter'
05-Feb-2019 00:03:26.628 INFO [localhost-startStop-2] org.apache.catalina.core.ApplicationContext.log SessionListener: contextDestroyed()
05-Feb-2019 00:03:26.628 INFO [localhost-startStop-2] org.apache.catalina.core.ApplicationContext.log ContextListener: contextDestroyed()
05-Feb-2019 00:03:26.662 INFO [localhost-startStop-2] org.apache.catalina.core.ApplicationContext.log Destroying Spring FrameworkServlet 'dispatcher'
05-Feb-2019 00:03:26.669 FINE [localhost-startStop-2] org.apache.catalina.core.StandardContext.filterStop Stopping filters
05-Feb-2019 00:03:26.669 FINE [localhost-startStop-2] org.apache.catalina.core.StandardContext.filterStop  Stopping filter 'Tomcat WebSocket (JSR356) Filter'
05-Feb-2019 00:03:26.669 FINE [localhost-startStop-2] org.apache.catalina.core.StandardContext.filterStop  Stopping filter 'HTTPMonitorFilter'
05-Feb-2019 00:03:26.671 INFO [localhost-startStop-2] org.apache.catalina.core.ApplicationContext.log Closing Spring root WebApplicationContext
05-Feb-2019 00:03:26.725 FINE [localhost-startStop-2] org.apache.catalina.core.StandardContext.filterStop Stopping filters
05-Feb-2019 00:03:26.725 FINE [localhost-startStop-2] org.apache.catalina.core.StandardContext.filterStop  Stopping filter 'Tomcat WebSocket (JSR356) Filter'
05-Feb-2019 00:03:26.725 FINE [localhost-startStop-2] org.apache.catalina.core.StandardContext.filterStop  Stopping filter 'HTTPMonitorFilter'
05-Feb-2019 00:03:34.482 INFO [localhost-startStop-1] org.apache.catalina.core.ApplicationContext.log No Spring WebApplicationInitializer types detected on classpath
05-Feb-2019 00:03:34.483 FINE [localhost-startStop-1] org.apache.catalina.core.StandardContext.listenerStart  Configuring event listener class 'org.springframework.web.context.ContextLoaderListener'
05-Feb-2019 00:03:34.507 FINE [localhost-startStop-1] org.apache.catalina.core.StandardContext.listenerStart Sending application start events
05-Feb-2019 00:03:34.531 INFO [localhost-startStop-1] org.apache.catalina.core.ApplicationContext.log Initializing Spring root WebApplicationContext
05-Feb-2019 00:03:35.120 FINE [localhost-startStop-1] org.apache.catalina.core.StandardContext.filterStart Starting filters
05-Feb-2019 00:03:35.121 FINE [localhost-startStop-1] org.apache.catalina.core.StandardContext.filterStart  Starting filter 'Tomcat WebSocket (JSR356) Filter'
05-Feb-2019 00:03:35.123 FINE [localhost-startStop-1] org.apache.catalina.core.StandardContext.filterStart  Starting filter 'HTTPMonitorFilter'
05-Feb-2019 00:03:35.133 INFO [localhost-startStop-1] org.apache.catalina.core.ApplicationContext.log default: DefaultServlet.init:  input buffer size=2048, output buffer size=2048
05-Feb-2019 00:03:35.148 INFO [localhost-startStop-1] org.apache.catalina.core.ApplicationContext.log Initializing Spring FrameworkServlet 'dispatcher'
05-Feb-2019 00:03:36.268 FINE [localhost-startStop-1] org.apache.catalina.core.StandardContext.listenerStart Sending application start events
05-Feb-2019 00:03:36.269 FINE [localhost-startStop-1] org.apache.catalina.core.StandardContext.filterStart Starting filters
05-Feb-2019 00:03:36.269 FINE [localhost-startStop-1] org.apache.catalina.core.StandardContext.filterStart  Starting filter 'Tomcat WebSocket (JSR356) Filter'
05-Feb-2019 00:03:36.270 FINE [localhost-startStop-1] org.apache.catalina.core.StandardContext.filterStart  Starting filter 'HTTPMonitorFilter'
05-Feb-2019 00:03:36.271 INFO [localhost-startStop-1] org.apache.catalina.core.ApplicationContext.log default: DefaultServlet.init:  input buffer size=2048, output buffer size=2048
05-Feb-2019 00:03:36.791 FINE [localhost-startStop-1] org.apache.catalina.core.StandardContext.listenerStart  Configuring event listener class 'listeners.ContextListener'
05-Feb-2019 00:03:36.793 FINE [localhost-startStop-1] org.apache.catalina.core.StandardContext.listenerStart  Configuring event listener class 'listeners.SessionListener'
05-Feb-2019 00:03:36.803 FINE [localhost-startStop-1] org.apache.catalina.core.StandardContext.listenerStart  Configuring event listener class 'websocket.drawboard.DrawboardContextListener'
05-Feb-2019 00:03:36.805 FINE [localhost-startStop-1] org.apache.catalina.core.StandardContext.listenerStart Sending application start events
05-Feb-2019 00:03:36.806 INFO [localhost-startStop-1] org.apache.catalina.core.ApplicationContext.log ContextListener: contextInitialized()
05-Feb-2019 00:03:36.806 INFO [localhost-startStop-1] org.apache.catalina.core.ApplicationContext.log SessionListener: contextInitialized()
05-Feb-2019 00:03:36.807 FINE [localhost-startStop-1] org.apache.catalina.core.StandardContext.filterStart Starting filters
05-Feb-2019 00:03:36.808 FINE [localhost-startStop-1] org.apache.catalina.core.StandardContext.filterStart  Starting filter 'Set Character Encoding'
05-Feb-2019 00:03:36.808 FINE [localhost-startStop-1] org.apache.catalina.core.StandardContext.filterStart  Starting filter 'Compression Filter'
05-Feb-2019 00:03:36.811 FINE [localhost-startStop-1] org.apache.catalina.core.StandardContext.filterStart  Starting filter 'Request Dumper Filter'
05-Feb-2019 00:03:36.813 FINE [localhost-startStop-1] org.apache.catalina.core.StandardContext.filterStart  Starting filter 'Tomcat WebSocket (JSR356) Filter'
05-Feb-2019 00:03:36.813 FINE [localhost-startStop-1] org.apache.catalina.core.StandardContext.filterStart  Starting filter 'HTTPMonitorFilter'
05-Feb-2019 00:03:36.814 FINE [localhost-startStop-1] org.apache.catalina.core.StandardContext.filterStart  Starting filter 'Timing Filter'
05-Feb-2019 00:03:36.815 INFO [localhost-startStop-1] org.apache.catalina.core.ApplicationContext.log default: DefaultServlet.init:  input buffer size=2048, output buffer size=2048
05-Feb-2019 00:03:46.328 INFO [http-nio-8080-exec-9] org.apache.catalina.core.ApplicationContext.log Destroying Spring FrameworkServlet 'dispatcher'
05-Feb-2019 00:03:46.334 FINE [http-nio-8080-exec-9] org.apache.catalina.core.StandardContext.filterStop Stopping filters
05-Feb-2019 00:03:46.334 FINE [http-nio-8080-exec-9] org.apache.catalina.core.StandardContext.filterStop  Stopping filter 'Tomcat WebSocket (JSR356) Filter'
05-Feb-2019 00:03:46.335 FINE [http-nio-8080-exec-9] org.apache.catalina.core.StandardContext.filterStop  Stopping filter 'HTTPMonitorFilter'
05-Feb-2019 00:03:46.335 INFO [http-nio-8080-exec-9] org.apache.catalina.core.ApplicationContext.log Closing Spring root WebApplicationContext
05-Feb-2019 00:03:48.649 INFO [http-nio-8080-exec-3] org.apache.catalina.core.ApplicationContext.log No Spring WebApplicationInitializer types detected on classpath
05-Feb-2019 00:03:48.649 FINE [http-nio-8080-exec-3] org.apache.catalina.core.StandardContext.listenerStart  Configuring event listener class 'org.springframework.web.context.ContextLoaderListener'
05-Feb-2019 00:03:48.669 FINE [http-nio-8080-exec-3] org.apache.catalina.core.StandardContext.listenerStart Sending application start events
05-Feb-2019 00:03:48.697 INFO [http-nio-8080-exec-3] org.apache.catalina.core.ApplicationContext.log Initializing Spring root WebApplicationContext
05-Feb-2019 00:03:49.090 FINE [http-nio-8080-exec-3] org.apache.catalina.core.StandardContext.filterStart Starting filters
05-Feb-2019 00:03:49.090 FINE [http-nio-8080-exec-3] org.apache.catalina.core.StandardContext.filterStart  Starting filter 'Tomcat WebSocket (JSR356) Filter'
05-Feb-2019 00:03:49.090 FINE [http-nio-8080-exec-3] org.apache.catalina.core.StandardContext.filterStart  Starting filter 'HTTPMonitorFilter'
05-Feb-2019 00:03:49.092 INFO [http-nio-8080-exec-3] org.apache.catalina.core.ApplicationContext.log default: DefaultServlet.init:  input buffer size=2048, output buffer size=2048
05-Feb-2019 00:03:49.120 INFO [http-nio-8080-exec-3] org.apache.catalina.core.ApplicationContext.log Initializing Spring FrameworkServlet 'dispatcher'
05-Feb-2019 00:04:05.382 INFO [http-nio-8080-exec-4] org.apache.catalina.core.ApplicationContext.log default: DefaultServlet.serveResource:  Serving resource '' headers and data
05-Feb-2019 00:06:15.931 INFO [http-nio-8080-exec-5] org.apache.catalina.core.ApplicationContext.log default: DefaultServlet.serveResource:  Serving resource '/NOMESERVIZIO_01' headers and data
05-Feb-2019 00:06:15.933 FINE [http-nio-8080-exec-5] org.apache.catalina.core.ApplicationDispatcher.doForward  Disabling the response for futher output
05-Feb-2019 00:06:15.934 FINE [http-nio-8080-exec-5] org.apache.catalina.core.ApplicationDispatcher.doForward  The Response is vehiculed using a wrapper: org.netbeans.modules.web.monitor.server.MonitorResponseWrapper
05-Feb-2019 00:07:50.753 INFO [http-nio-8080-exec-11] org.apache.catalina.core.ApplicationContext.log Destroying Spring FrameworkServlet 'dispatcher'
05-Feb-2019 00:07:50.762 FINE [http-nio-8080-exec-11] org.apache.catalina.core.StandardContext.filterStop Stopping filters
05-Feb-2019 00:07:50.762 FINE [http-nio-8080-exec-11] org.apache.catalina.core.StandardContext.filterStop  Stopping filter 'Tomcat WebSocket (JSR356) Filter'
05-Feb-2019 00:07:50.762 FINE [http-nio-8080-exec-11] org.apache.catalina.core.StandardContext.filterStop  Stopping filter 'HTTPMonitorFilter'
05-Feb-2019 00:07:50.763 INFO [http-nio-8080-exec-11] org.apache.catalina.core.ApplicationContext.log Closing Spring root WebApplicationContext
05-Feb-2019 00:07:54.502 INFO [http-nio-8080-exec-14] org.apache.catalina.core.ApplicationContext.log No Spring WebApplicationInitializer types detected on classpath
05-Feb-2019 00:07:54.505 FINE [http-nio-8080-exec-14] org.apache.catalina.core.StandardContext.listenerStart  Configuring event listener class 'org.springframework.web.context.ContextLoaderListener'
05-Feb-2019 00:07:54.530 FINE [http-nio-8080-exec-14] org.apache.catalina.core.StandardContext.listenerStart Sending application start events
05-Feb-2019 00:07:54.555 INFO [http-nio-8080-exec-14] org.apache.catalina.core.ApplicationContext.log Initializing Spring root WebApplicationContext
05-Feb-2019 00:07:55.238 FINE [http-nio-8080-exec-14] org.apache.catalina.core.StandardContext.filterStart Starting filters
05-Feb-2019 00:07:55.238 FINE [http-nio-8080-exec-14] org.apache.catalina.core.StandardContext.filterStart  Starting filter 'Tomcat WebSocket (JSR356) Filter'
05-Feb-2019 00:07:55.238 FINE [http-nio-8080-exec-14] org.apache.catalina.core.StandardContext.filterStart  Starting filter 'HTTPMonitorFilter'
05-Feb-2019 00:07:55.240 INFO [http-nio-8080-exec-14] org.apache.catalina.core.ApplicationContext.log default: DefaultServlet.init:  input buffer size=2048, output buffer size=2048
05-Feb-2019 00:07:55.263 INFO [http-nio-8080-exec-14] org.apache.catalina.core.ApplicationContext.log Initializing Spring FrameworkServlet 'dispatcher'
05-Feb-2019 00:08:11.336 INFO [http-nio-8080-exec-19] org.apache.catalina.core.ApplicationContext.log default: DefaultServlet.serveResource:  Serving resource '' headers and data
05-Feb-2019 00:08:24.834 INFO [http-nio-8080-exec-16] org.apache.catalina.core.ApplicationContext.log default: DefaultServlet.serveResource:  Serving resource '/NOMESERVIZIO_01' headers and data
05-Feb-2019 00:08:24.835 FINE [http-nio-8080-exec-16] org.apache.catalina.core.ApplicationDispatcher.doForward  Disabling the response for futher output
05-Feb-2019 00:08:24.835 FINE [http-nio-8080-exec-16] org.apache.catalina.core.ApplicationDispatcher.doForward  The Response is vehiculed using a wrapper: org.netbeans.modules.web.monitor.server.MonitorResponseWrapper
05-Feb-2019 00:08:39.201 INFO [http-nio-8080-exec-17] org.apache.catalina.core.ApplicationContext.log default: DefaultServlet.serveResource:  Serving resource '/NOMESERVIZIO_01' headers and data
05-Feb-2019 00:08:39.202 FINE [http-nio-8080-exec-17] org.apache.catalina.core.ApplicationDispatcher.doForward  Disabling the response for futher output
05-Feb-2019 00:08:39.202 FINE [http-nio-8080-exec-17] org.apache.catalina.core.ApplicationDispatcher.doForward  The Response is vehiculed using a wrapper: org.netbeans.modules.web.monitor.server.MonitorResponseWrapper
05-Feb-2019 00:08:58.805 INFO [http-nio-8080-exec-25] org.apache.catalina.core.ApplicationContext.log Destroying Spring FrameworkServlet 'dispatcher'
05-Feb-2019 00:08:58.809 FINE [http-nio-8080-exec-25] org.apache.catalina.core.StandardContext.filterStop Stopping filters
05-Feb-2019 00:08:58.810 FINE [http-nio-8080-exec-25] org.apache.catalina.core.StandardContext.filterStop  Stopping filter 'Tomcat WebSocket (JSR356) Filter'
05-Feb-2019 00:08:58.810 FINE [http-nio-8080-exec-25] org.apache.catalina.core.StandardContext.filterStop  Stopping filter 'HTTPMonitorFilter'
05-Feb-2019 00:08:58.812 INFO [http-nio-8080-exec-25] org.apache.catalina.core.ApplicationContext.log Closing Spring root WebApplicationContext
05-Feb-2019 00:09:01.335 INFO [http-nio-8080-exec-27] org.apache.catalina.core.ApplicationContext.log No Spring WebApplicationInitializer types detected on classpath
05-Feb-2019 00:09:01.336 FINE [http-nio-8080-exec-27] org.apache.catalina.core.StandardContext.listenerStart  Configuring event listener class 'org.springframework.web.context.ContextLoaderListener'
05-Feb-2019 00:09:01.355 FINE [http-nio-8080-exec-27] org.apache.catalina.core.StandardContext.listenerStart Sending application start events
05-Feb-2019 00:09:01.387 INFO [http-nio-8080-exec-27] org.apache.catalina.core.ApplicationContext.log Initializing Spring root WebApplicationContext
05-Feb-2019 00:09:01.741 FINE [http-nio-8080-exec-27] org.apache.catalina.core.StandardContext.filterStart Starting filters
05-Feb-2019 00:09:01.741 FINE [http-nio-8080-exec-27] org.apache.catalina.core.StandardContext.filterStart  Starting filter 'Tomcat WebSocket (JSR356) Filter'
05-Feb-2019 00:09:01.742 FINE [http-nio-8080-exec-27] org.apache.catalina.core.StandardContext.filterStart  Starting filter 'HTTPMonitorFilter'
05-Feb-2019 00:09:01.748 INFO [http-nio-8080-exec-27] org.apache.catalina.core.ApplicationContext.log default: DefaultServlet.init:  input buffer size=2048, output buffer size=2048
05-Feb-2019 00:09:01.773 INFO [http-nio-8080-exec-27] org.apache.catalina.core.ApplicationContext.log Initializing Spring FrameworkServlet 'dispatcher'
05-Feb-2019 00:09:21.879 INFO [http-nio-8080-exec-24] org.apache.catalina.core.ApplicationContext.log default: DefaultServlet.serveResource:  Serving resource '' headers and data
05-Feb-2019 00:10:03.841 INFO [http-nio-8080-exec-22] org.apache.catalina.core.ApplicationContext.log default: DefaultServlet.serveResource:  Serving resource '/NOMESERVIZIO_01' headers and data
05-Feb-2019 00:10:03.844 FINE [http-nio-8080-exec-22] org.apache.catalina.core.ApplicationDispatcher.doForward  Disabling the response for futher output
05-Feb-2019 00:10:03.845 FINE [http-nio-8080-exec-22] org.apache.catalina.core.ApplicationDispatcher.doForward  The Response is vehiculed using a wrapper: org.netbeans.modules.web.monitor.server.MonitorResponseWrapper
05-Feb-2019 00:11:11.405 INFO [http-nio-8080-exec-30] org.apache.catalina.core.ApplicationContext.log default: DefaultServlet.serveResource:  Serving resource '/NOMESERVIZIO_01' headers and data
05-Feb-2019 00:11:11.406 FINE [http-nio-8080-exec-30] org.apache.catalina.core.ApplicationDispatcher.doForward  Disabling the response for futher output
05-Feb-2019 00:11:11.406 FINE [http-nio-8080-exec-30] org.apache.catalina.core.ApplicationDispatcher.doForward  The Response is vehiculed using a wrapper: org.netbeans.modules.web.monitor.server.MonitorResponseWrapper
05-Feb-2019 00:12:37.823 INFO [http-nio-8080-exec-34] org.apache.catalina.core.ApplicationContext.log Destroying Spring FrameworkServlet 'dispatcher'
05-Feb-2019 00:12:37.832 FINE [http-nio-8080-exec-34] org.apache.catalina.core.StandardContext.filterStop Stopping filters
05-Feb-2019 00:12:37.832 FINE [http-nio-8080-exec-34] org.apache.catalina.core.StandardContext.filterStop  Stopping filter 'Tomcat WebSocket (JSR356) Filter'
05-Feb-2019 00:12:37.833 FINE [http-nio-8080-exec-34] org.apache.catalina.core.StandardContext.filterStop  Stopping filter 'HTTPMonitorFilter'
05-Feb-2019 00:12:37.835 INFO [http-nio-8080-exec-34] org.apache.catalina.core.ApplicationContext.log Closing Spring root WebApplicationContext
05-Feb-2019 00:12:40.334 INFO [http-nio-8080-exec-37] org.apache.catalina.core.ApplicationContext.log No Spring WebApplicationInitializer types detected on classpath
05-Feb-2019 00:12:40.335 FINE [http-nio-8080-exec-37] org.apache.catalina.core.StandardContext.listenerStart  Configuring event listener class 'org.springframework.web.context.ContextLoaderListener'
05-Feb-2019 00:12:40.351 FINE [http-nio-8080-exec-37] org.apache.catalina.core.StandardContext.listenerStart Sending application start events
05-Feb-2019 00:12:40.379 INFO [http-nio-8080-exec-37] org.apache.catalina.core.ApplicationContext.log Initializing Spring root WebApplicationContext
05-Feb-2019 00:12:40.719 FINE [http-nio-8080-exec-37] org.apache.catalina.core.StandardContext.filterStart Starting filters
05-Feb-2019 00:12:40.719 FINE [http-nio-8080-exec-37] org.apache.catalina.core.StandardContext.filterStart  Starting filter 'Tomcat WebSocket (JSR356) Filter'
05-Feb-2019 00:12:40.720 FINE [http-nio-8080-exec-37] org.apache.catalina.core.StandardContext.filterStart  Starting filter 'HTTPMonitorFilter'
05-Feb-2019 00:12:40.722 INFO [http-nio-8080-exec-37] org.apache.catalina.core.ApplicationContext.log default: DefaultServlet.init:  input buffer size=2048, output buffer size=2048
05-Feb-2019 00:12:40.747 INFO [http-nio-8080-exec-37] org.apache.catalina.core.ApplicationContext.log Initializing Spring FrameworkServlet 'dispatcher'
05-Feb-2019 00:12:48.730 INFO [http-nio-8080-exec-33] org.apache.catalina.core.ApplicationContext.log default: DefaultServlet.serveResource:  Serving resource '/NOMESERVIZIO_01' headers and data
05-Feb-2019 00:12:48.730 FINE [http-nio-8080-exec-33] org.apache.catalina.core.ApplicationDispatcher.doForward  Disabling the response for futher output
05-Feb-2019 00:12:48.732 FINE [http-nio-8080-exec-33] org.apache.catalina.core.ApplicationDispatcher.doForward  The Response is vehiculed using a wrapper: org.netbeans.modules.web.monitor.server.MonitorResponseWrapper
05-Feb-2019 00:13:27.559 INFO [http-nio-8080-exec-32] org.apache.catalina.core.ApplicationContext.log Destroying Spring FrameworkServlet 'dispatcher'
05-Feb-2019 00:13:27.560 FINE [http-nio-8080-exec-32] org.apache.catalina.core.StandardContext.filterStop Stopping filters
05-Feb-2019 00:13:27.560 FINE [http-nio-8080-exec-32] org.apache.catalina.core.StandardContext.filterStop  Stopping filter 'Tomcat WebSocket (JSR356) Filter'
05-Feb-2019 00:13:27.560 FINE [http-nio-8080-exec-32] org.apache.catalina.core.StandardContext.filterStop  Stopping filter 'HTTPMonitorFilter'
05-Feb-2019 00:13:27.561 INFO [http-nio-8080-exec-32] org.apache.catalina.core.ApplicationContext.log Closing Spring root WebApplicationContext
05-Feb-2019 00:13:29.559 INFO [http-nio-8080-exec-42] org.apache.catalina.core.ApplicationContext.log No Spring WebApplicationInitializer types detected on classpath
05-Feb-2019 00:13:29.559 FINE [http-nio-8080-exec-42] org.apache.catalina.core.StandardContext.listenerStart  Configuring event listener class 'org.springframework.web.context.ContextLoaderListener'
05-Feb-2019 00:13:29.570 FINE [http-nio-8080-exec-42] org.apache.catalina.core.StandardContext.listenerStart Sending application start events
05-Feb-2019 00:13:29.585 INFO [http-nio-8080-exec-42] org.apache.catalina.core.ApplicationContext.log Initializing Spring root WebApplicationContext
05-Feb-2019 00:13:30.059 FINE [http-nio-8080-exec-42] org.apache.catalina.core.StandardContext.filterStart Starting filters
05-Feb-2019 00:13:30.059 FINE [http-nio-8080-exec-42] org.apache.catalina.core.StandardContext.filterStart  Starting filter 'Tomcat WebSocket (JSR356) Filter'
05-Feb-2019 00:13:30.060 FINE [http-nio-8080-exec-42] org.apache.catalina.core.StandardContext.filterStart  Starting filter 'HTTPMonitorFilter'
05-Feb-2019 00:13:30.061 INFO [http-nio-8080-exec-42] org.apache.catalina.core.ApplicationContext.log default: DefaultServlet.init:  input buffer size=2048, output buffer size=2048
05-Feb-2019 00:13:30.079 INFO [http-nio-8080-exec-42] org.apache.catalina.core.ApplicationContext.log Initializing Spring FrameworkServlet 'dispatcher'
05-Feb-2019 00:14:07.070 INFO [http-nio-8080-exec-45] org.apache.catalina.core.ApplicationContext.log Destroying Spring FrameworkServlet 'dispatcher'
05-Feb-2019 00:14:07.078 FINE [http-nio-8080-exec-45] org.apache.catalina.core.StandardContext.filterStop Stopping filters
05-Feb-2019 00:14:07.079 FINE [http-nio-8080-exec-45] org.apache.catalina.core.StandardContext.filterStop  Stopping filter 'Tomcat WebSocket (JSR356) Filter'
05-Feb-2019 00:14:07.079 FINE [http-nio-8080-exec-45] org.apache.catalina.core.StandardContext.filterStop  Stopping filter 'HTTPMonitorFilter'
05-Feb-2019 00:14:07.081 INFO [http-nio-8080-exec-45] org.apache.catalina.core.ApplicationContext.log Closing Spring root WebApplicationContext
05-Feb-2019 00:14:09.056 INFO [http-nio-8080-exec-48] org.apache.catalina.core.ApplicationContext.log No Spring WebApplicationInitializer types detected on classpath
05-Feb-2019 00:14:09.056 FINE [http-nio-8080-exec-48] org.apache.catalina.core.StandardContext.listenerStart  Configuring event listener class 'org.springframework.web.context.ContextLoaderListener'
05-Feb-2019 00:14:09.064 FINE [http-nio-8080-exec-48] org.apache.catalina.core.StandardContext.listenerStart Sending application start events
05-Feb-2019 00:14:09.089 INFO [http-nio-8080-exec-48] org.apache.catalina.core.ApplicationContext.log Initializing Spring root WebApplicationContext
05-Feb-2019 00:14:09.404 FINE [http-nio-8080-exec-48] org.apache.catalina.core.StandardContext.filterStart Starting filters
05-Feb-2019 00:14:09.404 FINE [http-nio-8080-exec-48] org.apache.catalina.core.StandardContext.filterStart  Starting filter 'Tomcat WebSocket (JSR356) Filter'
05-Feb-2019 00:14:09.404 FINE [http-nio-8080-exec-48] org.apache.catalina.core.StandardContext.filterStart  Starting filter 'HTTPMonitorFilter'
05-Feb-2019 00:14:09.405 INFO [http-nio-8080-exec-48] org.apache.catalina.core.ApplicationContext.log default: DefaultServlet.init:  input buffer size=2048, output buffer size=2048
05-Feb-2019 00:14:09.455 INFO [http-nio-8080-exec-48] org.apache.catalina.core.ApplicationContext.log Initializing Spring FrameworkServlet 'dispatcher'
05-Feb-2019 00:15:41.476 INFO [http-nio-8080-exec-51] org.apache.catalina.core.ApplicationContext.log default: DefaultServlet.serveResource:  Serving resource '/NOMESERVIZIO_01' headers and data
05-Feb-2019 00:15:41.479 FINE [http-nio-8080-exec-51] org.apache.catalina.core.ApplicationDispatcher.doForward  Disabling the response for futher output
05-Feb-2019 00:15:41.485 FINE [http-nio-8080-exec-51] org.apache.catalina.core.ApplicationDispatcher.doForward  The Response is vehiculed using a wrapper: org.netbeans.modules.web.monitor.server.MonitorResponseWrapper
05-Feb-2019 00:16:01.730 INFO [http-nio-8080-exec-53] org.apache.catalina.core.ApplicationContext.log default: DefaultServlet.serveResource:  Serving resource '' headers and data
05-Feb-2019 00:16:01.834 INFO [http-nio-8080-exec-47] org.apache.catalina.core.ApplicationContext.log default: DefaultServlet.serveResource:  Serving resource '' headers and data
05-Feb-2019 00:16:01.879 INFO [http-nio-8080-exec-39] org.apache.catalina.core.ApplicationContext.log default: DefaultServlet.serveResource:  Serving resource '' headers and data
05-Feb-2019 00:17:13.787 INFO [http-nio-8080-exec-51] org.apache.catalina.core.ApplicationContext.log default: DefaultServlet.serveResource:  Serving resource '/NOMESERVIZIO_01' headers and data
05-Feb-2019 00:17:13.790 FINE [http-nio-8080-exec-51] org.apache.catalina.core.ApplicationDispatcher.doForward  Disabling the response for futher output
05-Feb-2019 00:17:13.791 FINE [http-nio-8080-exec-51] org.apache.catalina.core.ApplicationDispatcher.doForward  The Response is vehiculed using a wrapper: org.netbeans.modules.web.monitor.server.MonitorResponseWrapper
05-Feb-2019 00:38:20.569 INFO [localhost-startStop-1] org.apache.catalina.core.ApplicationContext.log No Spring WebApplicationInitializer types detected on classpath
05-Feb-2019 00:38:20.569 FINE [localhost-startStop-1] org.apache.catalina.core.StandardContext.listenerStart  Configuring event listener class 'org.springframework.web.context.ContextLoaderListener'
05-Feb-2019 00:38:20.647 FINE [localhost-startStop-1] org.apache.catalina.core.StandardContext.listenerStart Sending application start events
05-Feb-2019 00:38:20.732 INFO [localhost-startStop-1] org.apache.catalina.core.ApplicationContext.log Initializing Spring root WebApplicationContext
05-Feb-2019 00:38:21.402 FINE [localhost-startStop-1] org.apache.catalina.core.StandardContext.filterStart Starting filters
05-Feb-2019 00:38:21.402 FINE [localhost-startStop-1] org.apache.catalina.core.StandardContext.filterStart  Starting filter 'Tomcat WebSocket (JSR356) Filter'
05-Feb-2019 00:38:21.411 INFO [localhost-startStop-1] org.apache.catalina.core.ApplicationContext.log default: DefaultServlet.init:  input buffer size=2048, output buffer size=2048
05-Feb-2019 00:38:21.487 INFO [localhost-startStop-1] org.apache.catalina.core.ApplicationContext.log Initializing Spring FrameworkServlet 'dispatcher'
05-Feb-2019 00:38:22.534 FINE [localhost-startStop-1] org.apache.catalina.core.StandardContext.listenerStart Sending application start events
05-Feb-2019 00:38:22.535 FINE [localhost-startStop-1] org.apache.catalina.core.StandardContext.filterStart Starting filters
05-Feb-2019 00:38:22.535 FINE [localhost-startStop-1] org.apache.catalina.core.StandardContext.filterStart  Starting filter 'Tomcat WebSocket (JSR356) Filter'
05-Feb-2019 00:38:22.535 INFO [localhost-startStop-1] org.apache.catalina.core.ApplicationContext.log default: DefaultServlet.init:  input buffer size=2048, output buffer size=2048
05-Feb-2019 00:38:23.076 FINE [localhost-startStop-1] org.apache.catalina.core.StandardContext.listenerStart  Configuring event listener class 'listeners.ContextListener'
05-Feb-2019 00:38:23.077 FINE [localhost-startStop-1] org.apache.catalina.core.StandardContext.listenerStart  Configuring event listener class 'listeners.SessionListener'
05-Feb-2019 00:38:23.079 FINE [localhost-startStop-1] org.apache.catalina.core.StandardContext.listenerStart  Configuring event listener class 'websocket.drawboard.DrawboardContextListener'
05-Feb-2019 00:38:23.081 FINE [localhost-startStop-1] org.apache.catalina.core.StandardContext.listenerStart Sending application start events
05-Feb-2019 00:38:23.082 INFO [localhost-startStop-1] org.apache.catalina.core.ApplicationContext.log ContextListener: contextInitialized()
05-Feb-2019 00:38:23.082 INFO [localhost-startStop-1] org.apache.catalina.core.ApplicationContext.log SessionListener: contextInitialized()
05-Feb-2019 00:38:23.083 FINE [localhost-startStop-1] org.apache.catalina.core.StandardContext.filterStart Starting filters
05-Feb-2019 00:38:23.083 FINE [localhost-startStop-1] org.apache.catalina.core.StandardContext.filterStart  Starting filter 'Set Character Encoding'
05-Feb-2019 00:38:23.084 FINE [localhost-startStop-1] org.apache.catalina.core.StandardContext.filterStart  Starting filter 'Compression Filter'
05-Feb-2019 00:38:23.086 FINE [localhost-startStop-1] org.apache.catalina.core.StandardContext.filterStart  Starting filter 'Request Dumper Filter'
05-Feb-2019 00:38:23.088 FINE [localhost-startStop-1] org.apache.catalina.core.StandardContext.filterStart  Starting filter 'Tomcat WebSocket (JSR356) Filter'
05-Feb-2019 00:38:23.088 FINE [localhost-startStop-1] org.apache.catalina.core.StandardContext.filterStart  Starting filter 'Timing Filter'
05-Feb-2019 00:38:23.089 INFO [localhost-startStop-1] org.apache.catalina.core.ApplicationContext.log default: DefaultServlet.init:  input buffer size=2048, output buffer size=2048
05-Feb-2019 00:38:31.470 INFO [http-nio-8080-exec-8] org.apache.catalina.core.ApplicationContext.log Destroying Spring FrameworkServlet 'dispatcher'
05-Feb-2019 00:38:31.474 FINE [http-nio-8080-exec-8] org.apache.catalina.core.StandardContext.filterStop Stopping filters
05-Feb-2019 00:38:31.474 FINE [http-nio-8080-exec-8] org.apache.catalina.core.StandardContext.filterStop  Stopping filter 'Tomcat WebSocket (JSR356) Filter'
05-Feb-2019 00:38:31.475 INFO [http-nio-8080-exec-8] org.apache.catalina.core.ApplicationContext.log Closing Spring root WebApplicationContext
05-Feb-2019 00:38:34.548 INFO [http-nio-8080-exec-4] org.apache.catalina.core.ApplicationContext.log No Spring WebApplicationInitializer types detected on classpath
05-Feb-2019 00:38:34.548 FINE [http-nio-8080-exec-4] org.apache.catalina.core.StandardContext.listenerStart  Configuring event listener class 'org.springframework.web.context.ContextLoaderListener'
05-Feb-2019 00:38:34.571 FINE [http-nio-8080-exec-4] org.apache.catalina.core.StandardContext.listenerStart Sending application start events
05-Feb-2019 00:38:34.604 INFO [http-nio-8080-exec-4] org.apache.catalina.core.ApplicationContext.log Initializing Spring root WebApplicationContext
05-Feb-2019 00:38:35.322 FINE [http-nio-8080-exec-4] org.apache.catalina.core.StandardContext.filterStart Starting filters
05-Feb-2019 00:38:35.322 FINE [http-nio-8080-exec-4] org.apache.catalina.core.StandardContext.filterStart  Starting filter 'Tomcat WebSocket (JSR356) Filter'
05-Feb-2019 00:38:35.328 INFO [http-nio-8080-exec-4] org.apache.catalina.core.ApplicationContext.log default: DefaultServlet.init:  input buffer size=2048, output buffer size=2048
05-Feb-2019 00:38:35.388 INFO [http-nio-8080-exec-4] org.apache.catalina.core.ApplicationContext.log Initializing Spring FrameworkServlet 'dispatcher'
05-Feb-2019 00:38:54.233 INFO [http-nio-8080-exec-6] org.apache.catalina.core.ApplicationContext.log default: DefaultServlet.serveResource:  Serving resource '' headers and data
05-Feb-2019 00:39:37.904 INFO [http-nio-8080-exec-12] org.apache.catalina.core.ApplicationContext.log default: DefaultServlet.serveResource:  Serving resource '/NOMESERVIZIO_01' headers and data
05-Feb-2019 00:39:37.905 FINE [http-nio-8080-exec-12] org.apache.catalina.core.ApplicationDispatcher.doForward  Disabling the response for futher output
05-Feb-2019 00:56:02.556 FINE [localhost-startStop-2] org.apache.catalina.core.StandardContext.filterStop Stopping filters
05-Feb-2019 00:56:02.556 FINE [localhost-startStop-2] org.apache.catalina.core.StandardContext.filterStop  Stopping filter 'Set Character Encoding'
05-Feb-2019 00:56:02.556 FINE [localhost-startStop-2] org.apache.catalina.core.StandardContext.filterStop  Stopping filter 'Compression Filter'
05-Feb-2019 00:56:02.556 FINE [localhost-startStop-2] org.apache.catalina.core.StandardContext.filterStop  Stopping filter 'Request Dumper Filter'
05-Feb-2019 00:56:02.556 FINE [localhost-startStop-2] org.apache.catalina.core.StandardContext.filterStop  Stopping filter 'Tomcat WebSocket (JSR356) Filter'
05-Feb-2019 00:56:02.556 FINE [localhost-startStop-2] org.apache.catalina.core.StandardContext.filterStop  Stopping filter 'Timing Filter'
05-Feb-2019 00:56:02.559 INFO [localhost-startStop-2] org.apache.catalina.core.ApplicationContext.log SessionListener: contextDestroyed()
05-Feb-2019 00:56:02.559 INFO [localhost-startStop-2] org.apache.catalina.core.ApplicationContext.log ContextListener: contextDestroyed()
05-Feb-2019 00:56:02.580 INFO [localhost-startStop-2] org.apache.catalina.core.ApplicationContext.log Destroying Spring FrameworkServlet 'dispatcher'
05-Feb-2019 00:56:02.585 FINE [localhost-startStop-2] org.apache.catalina.core.StandardContext.filterStop Stopping filters
05-Feb-2019 00:56:02.585 FINE [localhost-startStop-2] org.apache.catalina.core.StandardContext.filterStop  Stopping filter 'Tomcat WebSocket (JSR356) Filter'
05-Feb-2019 00:56:02.585 INFO [localhost-startStop-2] org.apache.catalina.core.ApplicationContext.log Closing Spring root WebApplicationContext
05-Feb-2019 00:56:02.604 FINE [localhost-startStop-2] org.apache.catalina.core.StandardContext.filterStop Stopping filters
05-Feb-2019 00:56:02.605 FINE [localhost-startStop-2] org.apache.catalina.core.StandardContext.filterStop  Stopping filter 'Tomcat WebSocket (JSR356) Filter'
