02-May-2018 00:03:52.318 INFO [localhost-startStop-1] org.apache.catalina.core.ApplicationContext.log No Spring WebApplicationInitializer types detected on classpath
02-May-2018 00:03:52.319 FINE [localhost-startStop-1] org.apache.catalina.core.StandardContext.listenerStart  Configuring event listener class 'org.springframework.web.context.ContextLoaderListener'
02-May-2018 00:03:52.340 FINE [localhost-startStop-1] org.apache.catalina.core.StandardContext.listenerStart Sending application start events
02-May-2018 00:03:52.392 INFO [localhost-startStop-1] org.apache.catalina.core.ApplicationContext.log Initializing Spring root WebApplicationContext
02-May-2018 00:03:53.537 FINE [localhost-startStop-1] org.apache.catalina.core.StandardContext.filterStart Starting filters
02-May-2018 00:03:53.538 FINE [localhost-startStop-1] org.apache.catalina.core.StandardContext.filterStart  Starting filter 'Tomcat WebSocket (JSR356) Filter'
02-May-2018 00:03:53.541 FINE [localhost-startStop-1] org.apache.catalina.core.StandardContext.filterStart  Starting filter 'HTTPMonitorFilter'
02-May-2018 00:03:53.634 INFO [localhost-startStop-1] org.apache.catalina.core.ApplicationContext.log default: DefaultServlet.init:  input buffer size=2048, output buffer size=2048
02-May-2018 00:03:53.667 INFO [localhost-startStop-1] org.apache.catalina.core.ApplicationContext.log Initializing Spring FrameworkServlet 'dispatcher'
02-May-2018 00:03:59.981 INFO [localhost-startStop-1] org.apache.catalina.core.ApplicationContext.log No Spring WebApplicationInitializer types detected on classpath
02-May-2018 00:03:59.981 FINE [localhost-startStop-1] org.apache.catalina.core.StandardContext.listenerStart  Configuring event listener class 'org.springframework.web.context.ContextLoaderListener'
02-May-2018 00:04:00.000 FINE [localhost-startStop-1] org.apache.catalina.core.StandardContext.listenerStart Sending application start events
02-May-2018 00:04:00.068 INFO [localhost-startStop-1] org.apache.catalina.core.ApplicationContext.log Initializing Spring root WebApplicationContext
02-May-2018 00:04:00.862 FINE [localhost-startStop-1] org.apache.catalina.core.StandardContext.filterStart Starting filters
02-May-2018 00:04:00.862 FINE [localhost-startStop-1] org.apache.catalina.core.StandardContext.filterStart  Starting filter 'Tomcat WebSocket (JSR356) Filter'
02-May-2018 00:04:00.864 FINE [localhost-startStop-1] org.apache.catalina.core.StandardContext.filterStart  Starting filter 'HTTPMonitorFilter'
02-May-2018 00:04:00.866 INFO [localhost-startStop-1] org.apache.catalina.core.ApplicationContext.log default: DefaultServlet.init:  input buffer size=2048, output buffer size=2048
02-May-2018 00:04:00.915 INFO [localhost-startStop-1] org.apache.catalina.core.ApplicationContext.log Initializing Spring FrameworkServlet 'dispatcher'
02-May-2018 00:04:02.243 FINE [localhost-startStop-1] org.apache.catalina.core.StandardContext.listenerStart Sending application start events
02-May-2018 00:04:02.247 FINE [localhost-startStop-1] org.apache.catalina.core.StandardContext.filterStart Starting filters
02-May-2018 00:04:02.248 FINE [localhost-startStop-1] org.apache.catalina.core.StandardContext.filterStart  Starting filter 'Tomcat WebSocket (JSR356) Filter'
02-May-2018 00:04:02.248 FINE [localhost-startStop-1] org.apache.catalina.core.StandardContext.filterStart  Starting filter 'HTTPMonitorFilter'
02-May-2018 00:04:02.253 INFO [localhost-startStop-1] org.apache.catalina.core.ApplicationContext.log default: DefaultServlet.init:  input buffer size=2048, output buffer size=2048
02-May-2018 00:04:03.058 FINE [localhost-startStop-1] org.apache.catalina.core.StandardContext.listenerStart  Configuring event listener class 'listeners.ContextListener'
02-May-2018 00:04:03.060 FINE [localhost-startStop-1] org.apache.catalina.core.StandardContext.listenerStart  Configuring event listener class 'listeners.SessionListener'
02-May-2018 00:04:03.063 FINE [localhost-startStop-1] org.apache.catalina.core.StandardContext.listenerStart  Configuring event listener class 'websocket.drawboard.DrawboardContextListener'
02-May-2018 00:04:03.068 FINE [localhost-startStop-1] org.apache.catalina.core.StandardContext.listenerStart Sending application start events
02-May-2018 00:04:03.069 INFO [localhost-startStop-1] org.apache.catalina.core.ApplicationContext.log ContextListener: contextInitialized()
02-May-2018 00:04:03.069 INFO [localhost-startStop-1] org.apache.catalina.core.ApplicationContext.log SessionListener: contextInitialized()
02-May-2018 00:04:03.071 FINE [localhost-startStop-1] org.apache.catalina.core.StandardContext.filterStart Starting filters
02-May-2018 00:04:03.071 FINE [localhost-startStop-1] org.apache.catalina.core.StandardContext.filterStart  Starting filter 'Set Character Encoding'
02-May-2018 00:04:03.076 FINE [localhost-startStop-1] org.apache.catalina.core.StandardContext.filterStart  Starting filter 'Compression Filter'
02-May-2018 00:04:03.086 FINE [localhost-startStop-1] org.apache.catalina.core.StandardContext.filterStart  Starting filter 'Request Dumper Filter'
02-May-2018 00:04:03.089 FINE [localhost-startStop-1] org.apache.catalina.core.StandardContext.filterStart  Starting filter 'Tomcat WebSocket (JSR356) Filter'
02-May-2018 00:04:03.090 FINE [localhost-startStop-1] org.apache.catalina.core.StandardContext.filterStart  Starting filter 'HTTPMonitorFilter'
02-May-2018 00:04:03.092 FINE [localhost-startStop-1] org.apache.catalina.core.StandardContext.filterStart  Starting filter 'Timing Filter'
02-May-2018 00:04:03.094 INFO [localhost-startStop-1] org.apache.catalina.core.ApplicationContext.log default: DefaultServlet.init:  input buffer size=2048, output buffer size=2048
02-May-2018 00:04:06.678 INFO [http-nio-8080-exec-3] org.apache.catalina.core.ApplicationContext.log Destroying Spring FrameworkServlet 'dispatcher'
02-May-2018 00:04:06.692 FINE [http-nio-8080-exec-3] org.apache.catalina.core.StandardContext.filterStop Stopping filters
02-May-2018 00:04:06.692 FINE [http-nio-8080-exec-3] org.apache.catalina.core.StandardContext.filterStop  Stopping filter 'Tomcat WebSocket (JSR356) Filter'
02-May-2018 00:04:06.693 FINE [http-nio-8080-exec-3] org.apache.catalina.core.StandardContext.filterStop  Stopping filter 'HTTPMonitorFilter'
02-May-2018 00:04:06.694 INFO [http-nio-8080-exec-3] org.apache.catalina.core.ApplicationContext.log Closing Spring root WebApplicationContext
02-May-2018 00:04:10.293 INFO [http-nio-8080-exec-3] org.apache.catalina.core.ApplicationContext.log No Spring WebApplicationInitializer types detected on classpath
02-May-2018 00:04:10.293 FINE [http-nio-8080-exec-3] org.apache.catalina.core.StandardContext.listenerStart  Configuring event listener class 'org.springframework.web.context.ContextLoaderListener'
02-May-2018 00:04:10.386 FINE [http-nio-8080-exec-3] org.apache.catalina.core.StandardContext.listenerStart Sending application start events
02-May-2018 00:04:10.489 INFO [http-nio-8080-exec-3] org.apache.catalina.core.ApplicationContext.log Initializing Spring root WebApplicationContext
02-May-2018 00:04:11.266 FINE [http-nio-8080-exec-3] org.apache.catalina.core.StandardContext.filterStart Starting filters
02-May-2018 00:04:11.266 FINE [http-nio-8080-exec-3] org.apache.catalina.core.StandardContext.filterStart  Starting filter 'Tomcat WebSocket (JSR356) Filter'
02-May-2018 00:04:11.266 FINE [http-nio-8080-exec-3] org.apache.catalina.core.StandardContext.filterStart  Starting filter 'HTTPMonitorFilter'
02-May-2018 00:04:11.269 INFO [http-nio-8080-exec-3] org.apache.catalina.core.ApplicationContext.log default: DefaultServlet.init:  input buffer size=2048, output buffer size=2048
02-May-2018 00:04:11.322 INFO [http-nio-8080-exec-3] org.apache.catalina.core.ApplicationContext.log Initializing Spring FrameworkServlet 'dispatcher'
02-May-2018 00:04:15.696 INFO [http-nio-8080-exec-8] org.apache.catalina.core.ApplicationContext.log default: DefaultServlet.serveResource:  Serving resource '' headers and data
02-May-2018 00:04:15.720 INFO [http-nio-8080-exec-5] org.apache.catalina.core.ApplicationContext.log default: DefaultServlet.serveResource:  Serving resource '/' headers and data
02-May-2018 00:04:38.648 INFO [http-nio-8080-exec-10] org.apache.catalina.core.ApplicationContext.log default: DefaultServlet.serveResource:  Serving resource '/SERVICE' headers and data
02-May-2018 00:04:57.961 INFO [http-nio-8080-exec-9] org.apache.catalina.core.ApplicationContext.log default: DefaultServlet.serveResource:  Serving resource '/NOMESERVICE' headers and data
02-May-2018 00:07:31.857 INFO [http-nio-8080-exec-16] org.apache.catalina.core.ApplicationContext.log Destroying Spring FrameworkServlet 'dispatcher'
02-May-2018 00:07:31.867 FINE [http-nio-8080-exec-16] org.apache.catalina.core.StandardContext.filterStop Stopping filters
02-May-2018 00:07:31.867 FINE [http-nio-8080-exec-16] org.apache.catalina.core.StandardContext.filterStop  Stopping filter 'Tomcat WebSocket (JSR356) Filter'
02-May-2018 00:07:31.867 FINE [http-nio-8080-exec-16] org.apache.catalina.core.StandardContext.filterStop  Stopping filter 'HTTPMonitorFilter'
02-May-2018 00:07:31.869 INFO [http-nio-8080-exec-16] org.apache.catalina.core.ApplicationContext.log Closing Spring root WebApplicationContext
02-May-2018 00:07:35.025 FINE [ContainerBackgroundProcessor[StandardEngine[Catalina]]] org.apache.catalina.core.StandardContext.filterStop Stopping filters
02-May-2018 00:08:25.083 FINE [http-nio-8080-exec-12] org.apache.catalina.core.StandardContext.filterStop Stopping filters
02-May-2018 00:10:14.325 FINE [http-nio-8080-exec-29] org.apache.catalina.core.StandardContext.filterStop Stopping filters
02-May-2018 00:10:16.672 INFO [http-nio-8080-exec-15] org.apache.catalina.core.ApplicationContext.log No Spring WebApplicationInitializer types detected on classpath
02-May-2018 00:10:16.675 FINE [http-nio-8080-exec-15] org.apache.catalina.core.StandardContext.listenerStart  Configuring event listener class 'org.springframework.web.context.ContextLoaderListener'
02-May-2018 00:10:16.695 FINE [http-nio-8080-exec-15] org.apache.catalina.core.StandardContext.listenerStart Sending application start events
02-May-2018 00:10:16.718 INFO [http-nio-8080-exec-15] org.apache.catalina.core.ApplicationContext.log Initializing Spring root WebApplicationContext
02-May-2018 00:10:17.022 FINE [http-nio-8080-exec-15] org.apache.catalina.core.StandardContext.filterStart Starting filters
02-May-2018 00:10:17.022 FINE [http-nio-8080-exec-15] org.apache.catalina.core.StandardContext.filterStart  Starting filter 'Tomcat WebSocket (JSR356) Filter'
02-May-2018 00:10:17.023 FINE [http-nio-8080-exec-15] org.apache.catalina.core.StandardContext.filterStart  Starting filter 'HTTPMonitorFilter'
02-May-2018 00:10:17.024 INFO [http-nio-8080-exec-15] org.apache.catalina.core.ApplicationContext.log default: DefaultServlet.init:  input buffer size=2048, output buffer size=2048
02-May-2018 00:10:17.042 INFO [http-nio-8080-exec-15] org.apache.catalina.core.ApplicationContext.log Initializing Spring FrameworkServlet 'dispatcher'
02-May-2018 00:10:17.913 INFO [http-nio-8080-exec-14] org.apache.catalina.core.ApplicationContext.log default: DefaultServlet.serveResource:  Serving resource '' headers and data
02-May-2018 00:10:17.932 INFO [http-nio-8080-exec-27] org.apache.catalina.core.ApplicationContext.log default: DefaultServlet.serveResource:  Serving resource '/index.html' headers and data
02-May-2018 00:10:17.934 INFO [http-nio-8080-exec-27] org.apache.catalina.core.ApplicationContext.log default: DefaultServlet.serveFile:  contentType='text/html'
02-May-2018 00:10:17.934 INFO [http-nio-8080-exec-27] org.apache.catalina.core.ApplicationContext.log default: DefaultServlet.serveFile:  contentLength=636
02-May-2018 00:30:58.429 INFO [localhost-startStop-2] org.apache.catalina.core.ApplicationContext.log Destroying Spring FrameworkServlet 'dispatcher'
02-May-2018 00:30:58.433 FINE [localhost-startStop-2] org.apache.catalina.core.StandardContext.filterStop Stopping filters
02-May-2018 00:30:58.433 FINE [localhost-startStop-2] org.apache.catalina.core.StandardContext.filterStop  Stopping filter 'Tomcat WebSocket (JSR356) Filter'
02-May-2018 00:30:58.433 FINE [localhost-startStop-2] org.apache.catalina.core.StandardContext.filterStop  Stopping filter 'HTTPMonitorFilter'
02-May-2018 00:30:58.434 INFO [localhost-startStop-2] org.apache.catalina.core.ApplicationContext.log Closing Spring root WebApplicationContext
02-May-2018 00:30:58.450 FINE [localhost-startStop-2] org.apache.catalina.core.StandardContext.filterStop Stopping filters
02-May-2018 00:30:58.451 FINE [localhost-startStop-2] org.apache.catalina.core.StandardContext.filterStop  Stopping filter 'Set Character Encoding'
02-May-2018 00:30:58.451 FINE [localhost-startStop-2] org.apache.catalina.core.StandardContext.filterStop  Stopping filter 'Compression Filter'
02-May-2018 00:30:58.451 FINE [localhost-startStop-2] org.apache.catalina.core.StandardContext.filterStop  Stopping filter 'Request Dumper Filter'
02-May-2018 00:30:58.451 FINE [localhost-startStop-2] org.apache.catalina.core.StandardContext.filterStop  Stopping filter 'Tomcat WebSocket (JSR356) Filter'
02-May-2018 00:30:58.451 FINE [localhost-startStop-2] org.apache.catalina.core.StandardContext.filterStop  Stopping filter 'HTTPMonitorFilter'
02-May-2018 00:30:58.451 FINE [localhost-startStop-2] org.apache.catalina.core.StandardContext.filterStop  Stopping filter 'Timing Filter'
02-May-2018 00:30:58.452 INFO [localhost-startStop-2] org.apache.catalina.core.ApplicationContext.log SessionListener: contextDestroyed()
02-May-2018 00:30:58.452 INFO [localhost-startStop-2] org.apache.catalina.core.ApplicationContext.log ContextListener: contextDestroyed()
02-May-2018 00:30:58.463 INFO [localhost-startStop-2] org.apache.catalina.core.ApplicationContext.log Destroying Spring FrameworkServlet 'dispatcher'
02-May-2018 00:30:58.470 FINE [localhost-startStop-2] org.apache.catalina.core.StandardContext.filterStop Stopping filters
02-May-2018 00:30:58.470 FINE [localhost-startStop-2] org.apache.catalina.core.StandardContext.filterStop  Stopping filter 'Tomcat WebSocket (JSR356) Filter'
02-May-2018 00:30:58.471 FINE [localhost-startStop-2] org.apache.catalina.core.StandardContext.filterStop  Stopping filter 'HTTPMonitorFilter'
02-May-2018 00:30:58.472 INFO [localhost-startStop-2] org.apache.catalina.core.ApplicationContext.log Closing Spring root WebApplicationContext
02-May-2018 00:30:58.491 FINE [localhost-startStop-2] org.apache.catalina.core.StandardContext.filterStop Stopping filters
02-May-2018 00:30:58.491 FINE [localhost-startStop-2] org.apache.catalina.core.StandardContext.filterStop  Stopping filter 'Tomcat WebSocket (JSR356) Filter'
02-May-2018 00:30:58.491 FINE [localhost-startStop-2] org.apache.catalina.core.StandardContext.filterStop  Stopping filter 'HTTPMonitorFilter'
