06-May-2018 21:47:52.976 INFO [localhost-startStop-1] org.apache.catalina.core.ApplicationContext.log No Spring WebApplicationInitializer types detected on classpath
06-May-2018 21:47:52.976 FINE [localhost-startStop-1] org.apache.catalina.core.StandardContext.listenerStart  Configuring event listener class 'org.springframework.web.context.ContextLoaderListener'
06-May-2018 21:47:52.997 FINE [localhost-startStop-1] org.apache.catalina.core.StandardContext.listenerStart Sending application start events
06-May-2018 21:47:53.046 INFO [localhost-startStop-1] org.apache.catalina.core.ApplicationContext.log Initializing Spring root WebApplicationContext
06-May-2018 21:47:53.845 FINE [localhost-startStop-1] org.apache.catalina.core.StandardContext.filterStart Starting filters
06-May-2018 21:47:53.845 FINE [localhost-startStop-1] org.apache.catalina.core.StandardContext.filterStart  Starting filter 'Tomcat WebSocket (JSR356) Filter'
06-May-2018 21:47:53.853 FINE [localhost-startStop-1] org.apache.catalina.core.StandardContext.filterStart  Starting filter 'HTTPMonitorFilter'
06-May-2018 21:47:53.867 INFO [localhost-startStop-1] org.apache.catalina.core.ApplicationContext.log default: DefaultServlet.init:  input buffer size=2048, output buffer size=2048
06-May-2018 21:47:53.919 INFO [localhost-startStop-1] org.apache.catalina.core.ApplicationContext.log Initializing Spring FrameworkServlet 'dispatcher'
06-May-2018 21:47:57.795 INFO [localhost-startStop-1] org.apache.catalina.core.ApplicationContext.log No Spring WebApplicationInitializer types detected on classpath
06-May-2018 21:47:57.796 FINE [localhost-startStop-1] org.apache.catalina.core.StandardContext.listenerStart  Configuring event listener class 'org.springframework.web.context.ContextLoaderListener'
06-May-2018 21:47:57.845 FINE [localhost-startStop-1] org.apache.catalina.core.StandardContext.listenerStart Sending application start events
06-May-2018 21:47:57.884 INFO [localhost-startStop-1] org.apache.catalina.core.ApplicationContext.log Initializing Spring root WebApplicationContext
06-May-2018 21:47:58.482 FINE [localhost-startStop-1] org.apache.catalina.core.StandardContext.filterStart Starting filters
06-May-2018 21:47:58.483 FINE [localhost-startStop-1] org.apache.catalina.core.StandardContext.filterStart  Starting filter 'Tomcat WebSocket (JSR356) Filter'
06-May-2018 21:47:58.490 FINE [localhost-startStop-1] org.apache.catalina.core.StandardContext.filterStart  Starting filter 'HTTPMonitorFilter'
06-May-2018 21:47:58.493 INFO [localhost-startStop-1] org.apache.catalina.core.ApplicationContext.log default: DefaultServlet.init:  input buffer size=2048, output buffer size=2048
06-May-2018 21:47:58.527 INFO [localhost-startStop-1] org.apache.catalina.core.ApplicationContext.log Initializing Spring FrameworkServlet 'dispatcher'
06-May-2018 21:47:59.586 FINE [localhost-startStop-1] org.apache.catalina.core.StandardContext.listenerStart Sending application start events
06-May-2018 21:47:59.587 FINE [localhost-startStop-1] org.apache.catalina.core.StandardContext.filterStart Starting filters
06-May-2018 21:47:59.587 FINE [localhost-startStop-1] org.apache.catalina.core.StandardContext.filterStart  Starting filter 'Tomcat WebSocket (JSR356) Filter'
06-May-2018 21:47:59.587 FINE [localhost-startStop-1] org.apache.catalina.core.StandardContext.filterStart  Starting filter 'HTTPMonitorFilter'
06-May-2018 21:47:59.588 INFO [localhost-startStop-1] org.apache.catalina.core.ApplicationContext.log default: DefaultServlet.init:  input buffer size=2048, output buffer size=2048
06-May-2018 21:48:00.189 FINE [localhost-startStop-1] org.apache.catalina.core.StandardContext.listenerStart  Configuring event listener class 'listeners.ContextListener'
06-May-2018 21:48:00.190 FINE [localhost-startStop-1] org.apache.catalina.core.StandardContext.listenerStart  Configuring event listener class 'listeners.SessionListener'
06-May-2018 21:48:00.191 FINE [localhost-startStop-1] org.apache.catalina.core.StandardContext.listenerStart  Configuring event listener class 'websocket.drawboard.DrawboardContextListener'
06-May-2018 21:48:00.192 FINE [localhost-startStop-1] org.apache.catalina.core.StandardContext.listenerStart Sending application start events
06-May-2018 21:48:00.193 INFO [localhost-startStop-1] org.apache.catalina.core.ApplicationContext.log ContextListener: contextInitialized()
06-May-2018 21:48:00.194 INFO [localhost-startStop-1] org.apache.catalina.core.ApplicationContext.log SessionListener: contextInitialized()
06-May-2018 21:48:00.195 FINE [localhost-startStop-1] org.apache.catalina.core.StandardContext.filterStart Starting filters
06-May-2018 21:48:00.195 FINE [localhost-startStop-1] org.apache.catalina.core.StandardContext.filterStart  Starting filter 'Set Character Encoding'
06-May-2018 21:48:00.201 FINE [localhost-startStop-1] org.apache.catalina.core.StandardContext.filterStart  Starting filter 'Compression Filter'
06-May-2018 21:48:00.206 FINE [localhost-startStop-1] org.apache.catalina.core.StandardContext.filterStart  Starting filter 'Request Dumper Filter'
06-May-2018 21:48:00.209 FINE [localhost-startStop-1] org.apache.catalina.core.StandardContext.filterStart  Starting filter 'Tomcat WebSocket (JSR356) Filter'
06-May-2018 21:48:00.209 FINE [localhost-startStop-1] org.apache.catalina.core.StandardContext.filterStart  Starting filter 'HTTPMonitorFilter'
06-May-2018 21:48:00.210 FINE [localhost-startStop-1] org.apache.catalina.core.StandardContext.filterStart  Starting filter 'Timing Filter'
06-May-2018 21:48:00.211 INFO [localhost-startStop-1] org.apache.catalina.core.ApplicationContext.log default: DefaultServlet.init:  input buffer size=2048, output buffer size=2048
06-May-2018 21:48:05.450 INFO [http-nio-8080-exec-9] org.apache.catalina.core.ApplicationContext.log No Spring WebApplicationInitializer types detected on classpath
06-May-2018 21:48:05.450 FINE [http-nio-8080-exec-9] org.apache.catalina.core.StandardContext.listenerStart  Configuring event listener class 'org.springframework.web.context.ContextLoaderListener'
06-May-2018 21:48:05.464 FINE [http-nio-8080-exec-9] org.apache.catalina.core.StandardContext.listenerStart Sending application start events
06-May-2018 21:48:05.497 INFO [http-nio-8080-exec-9] org.apache.catalina.core.ApplicationContext.log Initializing Spring root WebApplicationContext
06-May-2018 21:48:05.974 FINE [http-nio-8080-exec-9] org.apache.catalina.core.StandardContext.filterStart Starting filters
06-May-2018 21:48:05.974 FINE [http-nio-8080-exec-9] org.apache.catalina.core.StandardContext.filterStart  Starting filter 'Tomcat WebSocket (JSR356) Filter'
06-May-2018 21:48:05.974 FINE [http-nio-8080-exec-9] org.apache.catalina.core.StandardContext.filterStart  Starting filter 'HTTPMonitorFilter'
06-May-2018 21:48:05.976 INFO [http-nio-8080-exec-9] org.apache.catalina.core.ApplicationContext.log default: DefaultServlet.init:  input buffer size=2048, output buffer size=2048
06-May-2018 21:48:06.038 INFO [http-nio-8080-exec-9] org.apache.catalina.core.ApplicationContext.log Initializing Spring FrameworkServlet 'dispatcher'
06-May-2018 21:48:07.360 INFO [http-nio-8080-exec-2] org.apache.catalina.core.ApplicationContext.log default: DefaultServlet.serveResource:  Serving resource '' headers and data
06-May-2018 21:48:07.798 INFO [http-nio-8080-exec-3] org.apache.catalina.core.ApplicationContext.log default: DefaultServlet.serveResource:  Serving resource '/index.html' headers and data
06-May-2018 21:48:07.812 INFO [http-nio-8080-exec-3] org.apache.catalina.core.ApplicationContext.log default: DefaultServlet.serveFile:  contentType='text/html'
06-May-2018 21:48:07.813 INFO [http-nio-8080-exec-3] org.apache.catalina.core.ApplicationContext.log default: DefaultServlet.serveFile:  contentLength=446
06-May-2018 21:48:19.873 INFO [http-nio-8080-exec-7] org.apache.catalina.core.ApplicationContext.log default: DefaultServlet.serveResource:  Serving resource '/index.html' headers and data
06-May-2018 21:48:19.873 INFO [http-nio-8080-exec-7] org.apache.catalina.core.ApplicationContext.log default: DefaultServlet.serveFile:  contentType='text/html'
06-May-2018 21:48:19.873 INFO [http-nio-8080-exec-7] org.apache.catalina.core.ApplicationContext.log default: DefaultServlet.serveFile:  contentLength=446
06-May-2018 21:48:26.058 INFO [http-nio-8080-exec-6] org.apache.catalina.core.ApplicationContext.log default: DefaultServlet.serveResource:  Serving resource '/index.html' headers and data
06-May-2018 21:50:04.009 INFO [http-nio-8080-exec-5] org.apache.catalina.core.ApplicationContext.log default: DefaultServlet.serveResource:  Serving resource '' headers and data
06-May-2018 21:50:04.059 INFO [http-nio-8080-exec-9] org.apache.catalina.core.ApplicationContext.log default: DefaultServlet.serveResource:  Serving resource '/index.html' headers and data
06-May-2018 21:50:04.060 INFO [http-nio-8080-exec-9] org.apache.catalina.core.ApplicationContext.log default: DefaultServlet.serveFile:  contentType='text/html'
06-May-2018 21:50:04.060 INFO [http-nio-8080-exec-9] org.apache.catalina.core.ApplicationContext.log default: DefaultServlet.serveFile:  contentLength=636
