24-Apr-2018 00:21:44.343 INFO [localhost-startStop-2] org.apache.catalina.core.ApplicationContext.log Destroying Spring FrameworkServlet 'dispatcher'
24-Apr-2018 00:21:44.375 FINE [localhost-startStop-2] org.apache.catalina.core.StandardContext.filterStop Stopping filters
24-Apr-2018 00:21:44.375 FINE [localhost-startStop-2] org.apache.catalina.core.StandardContext.filterStop  Stopping filter 'Tomcat WebSocket (JSR356) Filter'
24-Apr-2018 00:21:44.377 FINE [localhost-startStop-2] org.apache.catalina.core.StandardContext.filterStop  Stopping filter 'HTTPMonitorFilter'
24-Apr-2018 00:21:44.391 INFO [localhost-startStop-2] org.apache.catalina.core.ApplicationContext.log Closing Spring root WebApplicationContext
24-Apr-2018 00:21:44.590 FINE [localhost-startStop-2] org.apache.catalina.core.StandardContext.filterStop Stopping filters
24-Apr-2018 00:21:44.590 FINE [localhost-startStop-2] org.apache.catalina.core.StandardContext.filterStop  Stopping filter 'Set Character Encoding'
24-Apr-2018 00:21:44.590 FINE [localhost-startStop-2] org.apache.catalina.core.StandardContext.filterStop  Stopping filter 'Compression Filter'
24-Apr-2018 00:21:44.593 FINE [localhost-startStop-2] org.apache.catalina.core.StandardContext.filterStop  Stopping filter 'Request Dumper Filter'
24-Apr-2018 00:21:44.593 FINE [localhost-startStop-2] org.apache.catalina.core.StandardContext.filterStop  Stopping filter 'Tomcat WebSocket (JSR356) Filter'
24-Apr-2018 00:21:44.593 FINE [localhost-startStop-2] org.apache.catalina.core.StandardContext.filterStop  Stopping filter 'HTTPMonitorFilter'
24-Apr-2018 00:21:44.593 FINE [localhost-startStop-2] org.apache.catalina.core.StandardContext.filterStop  Stopping filter 'Timing Filter'
24-Apr-2018 00:21:44.595 INFO [localhost-startStop-2] org.apache.catalina.core.ApplicationContext.log SessionListener: contextDestroyed()
24-Apr-2018 00:21:44.595 INFO [localhost-startStop-2] org.apache.catalina.core.ApplicationContext.log ContextListener: contextDestroyed()
24-Apr-2018 00:21:44.634 INFO [localhost-startStop-2] org.apache.catalina.core.ApplicationContext.log Destroying Spring FrameworkServlet 'dispatcher'
24-Apr-2018 00:21:44.684 FINE [localhost-startStop-2] org.apache.catalina.core.StandardContext.filterStop Stopping filters
24-Apr-2018 00:21:44.684 FINE [localhost-startStop-2] org.apache.catalina.core.StandardContext.filterStop  Stopping filter 'Tomcat WebSocket (JSR356) Filter'
24-Apr-2018 00:21:44.684 FINE [localhost-startStop-2] org.apache.catalina.core.StandardContext.filterStop  Stopping filter 'HTTPMonitorFilter'
24-Apr-2018 00:21:44.686 INFO [localhost-startStop-2] org.apache.catalina.core.ApplicationContext.log Closing Spring root WebApplicationContext
24-Apr-2018 00:21:44.787 FINE [localhost-startStop-2] org.apache.catalina.core.StandardContext.filterStop Stopping filters
24-Apr-2018 00:21:44.788 FINE [localhost-startStop-2] org.apache.catalina.core.StandardContext.filterStop  Stopping filter 'Tomcat WebSocket (JSR356) Filter'
24-Apr-2018 00:21:44.788 FINE [localhost-startStop-2] org.apache.catalina.core.StandardContext.filterStop  Stopping filter 'HTTPMonitorFilter'
