17-Jan-2020 12:57:08.587 INFO [localhost-startStop-1] org.apache.catalina.core.ApplicationContext.log No Spring WebApplicationInitializer types detected on classpath
17-Jan-2020 12:57:08.587 FINE [localhost-startStop-1] org.apache.catalina.core.StandardContext.listenerStart  Configuring event listener class 'org.springframework.web.context.ContextLoaderListener'
17-Jan-2020 12:57:08.602 FINE [localhost-startStop-1] org.apache.catalina.core.StandardContext.listenerStart Sending application start events
17-Jan-2020 12:57:08.618 INFO [localhost-startStop-1] org.apache.catalina.core.ApplicationContext.log Initializing Spring root WebApplicationContext
17-Jan-2020 12:57:14.774 SEVERE [localhost-startStop-1] org.apache.catalina.core.StandardContext.listenerStart Exception sending context initialized event to listener instance of class org.springframework.web.context.ContextLoaderListener
 org.springframework.beans.factory.BeanCreationException: Error creating bean with name 'dao1' defined in ServletContext resource [/WEB-INF/applicationContext.xml]: Instantiation of bean failed; nested exception is org.springframework.beans.BeanInstantiationException: Could not instantiate bean class [dao.DAO]: Constructor threw exception; nested exception is javax.persistence.PersistenceException: Exception [EclipseLink-4002] (Eclipse Persistence Services - 2.5.2.v20140319-9ad6abd): org.eclipse.persistence.exceptions.DatabaseException
Internal Exception: java.sql.SQLNonTransientConnectionException: java.net.ConnectException: Errore di connessione al server localhost sulla porta 1.527 con messaggio Connection refused: connect.
Error Code: 40000
	at org.springframework.beans.factory.support.AbstractAutowireCapableBeanFactory.instantiateBean(AbstractAutowireCapableBeanFactory.java:1076)
	at org.springframework.beans.factory.support.AbstractAutowireCapableBeanFactory.createBeanInstance(AbstractAutowireCapableBeanFactory.java:1021)
	at org.springframework.beans.factory.support.AbstractAutowireCapableBeanFactory.doCreateBean(AbstractAutowireCapableBeanFactory.java:504)
	at org.springframework.beans.factory.support.AbstractAutowireCapableBeanFactory.createBean(AbstractAutowireCapableBeanFactory.java:475)
	at org.springframework.beans.factory.support.AbstractBeanFactory$1.getObject(AbstractBeanFactory.java:304)
	at org.springframework.beans.factory.support.DefaultSingletonBeanRegistry.getSingleton(DefaultSingletonBeanRegistry.java:228)
	at org.springframework.beans.factory.support.AbstractBeanFactory.doGetBean(AbstractBeanFactory.java:300)
	at org.springframework.beans.factory.support.AbstractBeanFactory.getBean(AbstractBeanFactory.java:195)
	at org.springframework.beans.factory.support.DefaultListableBeanFactory.preInstantiateSingletons(DefaultListableBeanFactory.java:700)
	at org.springframework.context.support.AbstractApplicationContext.finishBeanFactoryInitialization(AbstractApplicationContext.java:760)
	at org.springframework.context.support.AbstractApplicationContext.refresh(AbstractApplicationContext.java:482)
	at org.springframework.web.context.ContextLoader.configureAndRefreshWebApplicationContext(ContextLoader.java:403)
	at org.springframework.web.context.ContextLoader.initWebApplicationContext(ContextLoader.java:306)
	at org.springframework.web.context.ContextLoaderListener.contextInitialized(ContextLoaderListener.java:106)
	at org.apache.catalina.core.StandardContext.listenerStart(StandardContext.java:4812)
	at org.apache.catalina.core.StandardContext.startInternal(StandardContext.java:5255)
	at org.apache.catalina.util.LifecycleBase.start(LifecycleBase.java:150)
	at org.apache.catalina.core.ContainerBase.addChildInternal(ContainerBase.java:725)
	at org.apache.catalina.core.ContainerBase.addChild(ContainerBase.java:701)
	at org.apache.catalina.core.StandardHost.addChild(StandardHost.java:717)
	at org.apache.catalina.startup.HostConfig.deployDescriptor(HostConfig.java:586)
	at org.apache.catalina.startup.HostConfig$DeployDescriptor.run(HostConfig.java:1777)
	at java.util.concurrent.Executors$RunnableAdapter.call(Executors.java:511)
	at java.util.concurrent.FutureTask.run(FutureTask.java:266)
	at java.util.concurrent.ThreadPoolExecutor.runWorker(ThreadPoolExecutor.java:1149)
	at java.util.concurrent.ThreadPoolExecutor$Worker.run(ThreadPoolExecutor.java:624)
	at java.lang.Thread.run(Thread.java:748)
Caused by: org.springframework.beans.BeanInstantiationException: Could not instantiate bean class [dao.DAO]: Constructor threw exception; nested exception is javax.persistence.PersistenceException: Exception [EclipseLink-4002] (Eclipse Persistence Services - 2.5.2.v20140319-9ad6abd): org.eclipse.persistence.exceptions.DatabaseException
Internal Exception: java.sql.SQLNonTransientConnectionException: java.net.ConnectException: Errore di connessione al server localhost sulla porta 1.527 con messaggio Connection refused: connect.
Error Code: 40000
	at org.springframework.beans.BeanUtils.instantiateClass(BeanUtils.java:164)
	at org.springframework.beans.factory.support.SimpleInstantiationStrategy.instantiate(SimpleInstantiationStrategy.java:89)
	at org.springframework.beans.factory.support.AbstractAutowireCapableBeanFactory.instantiateBean(AbstractAutowireCapableBeanFactory.java:1069)
	... 26 more
Caused by: javax.persistence.PersistenceException: Exception [EclipseLink-4002] (Eclipse Persistence Services - 2.5.2.v20140319-9ad6abd): org.eclipse.persistence.exceptions.DatabaseException
Internal Exception: java.sql.SQLNonTransientConnectionException: java.net.ConnectException: Errore di connessione al server localhost sulla porta 1.527 con messaggio Connection refused: connect.
Error Code: 40000
	at org.eclipse.persistence.internal.jpa.EntityManagerSetupImpl.deploy(EntityManagerSetupImpl.java:766)
	at org.eclipse.persistence.internal.jpa.EntityManagerFactoryDelegate.getAbstractSession(EntityManagerFactoryDelegate.java:204)
	at org.eclipse.persistence.internal.jpa.EntityManagerFactoryDelegate.getDatabaseSession(EntityManagerFactoryDelegate.java:182)
	at org.eclipse.persistence.internal.jpa.EntityManagerFactoryImpl.getDatabaseSession(EntityManagerFactoryImpl.java:527)
	at org.eclipse.persistence.jpa.PersistenceProvider.createEntityManagerFactoryImpl(PersistenceProvider.java:140)
	at org.eclipse.persistence.jpa.PersistenceProvider.createEntityManagerFactory(PersistenceProvider.java:177)
	at javax.persistence.Persistence.createEntityManagerFactory(Persistence.java:79)
	at javax.persistence.Persistence.createEntityManagerFactory(Persistence.java:54)
	at dao.DAO.<init>(DAO.java:19)
	at sun.reflect.NativeConstructorAccessorImpl.newInstance0(Native Method)
	at sun.reflect.NativeConstructorAccessorImpl.newInstance(NativeConstructorAccessorImpl.java:62)
	at sun.reflect.DelegatingConstructorAccessorImpl.newInstance(DelegatingConstructorAccessorImpl.java:45)
	at java.lang.reflect.Constructor.newInstance(Constructor.java:423)
	at org.springframework.beans.BeanUtils.instantiateClass(BeanUtils.java:148)
	... 28 more
Caused by: Exception [EclipseLink-4002] (Eclipse Persistence Services - 2.5.2.v20140319-9ad6abd): org.eclipse.persistence.exceptions.DatabaseException
Internal Exception: java.sql.SQLNonTransientConnectionException: java.net.ConnectException: Errore di connessione al server localhost sulla porta 1.527 con messaggio Connection refused: connect.
Error Code: 40000
	at org.eclipse.persistence.exceptions.DatabaseException.sqlException(DatabaseException.java:331)
	at org.eclipse.persistence.exceptions.DatabaseException.sqlException(DatabaseException.java:326)
	at org.eclipse.persistence.sessions.DefaultConnector.connect(DefaultConnector.java:138)
	at org.eclipse.persistence.sessions.DatasourceLogin.connectToDatasource(DatasourceLogin.java:162)
	at org.eclipse.persistence.internal.sessions.DatabaseSessionImpl.setOrDetectDatasource(DatabaseSessionImpl.java:204)
	at org.eclipse.persistence.internal.sessions.DatabaseSessionImpl.loginAndDetectDatasource(DatabaseSessionImpl.java:741)
	at org.eclipse.persistence.internal.jpa.EntityManagerFactoryProvider.login(EntityManagerFactoryProvider.java:239)
	at org.eclipse.persistence.internal.jpa.EntityManagerSetupImpl.deploy(EntityManagerSetupImpl.java:685)
	... 41 more
Caused by: java.sql.SQLNonTransientConnectionException: java.net.ConnectException: Errore di connessione al server localhost sulla porta 1.527 con messaggio Connection refused: connect.
	at org.apache.derby.client.am.SQLExceptionFactory.getSQLException(Unknown Source)
	at org.apache.derby.client.am.SqlException.getSQLException(Unknown Source)
	at org.apache.derby.jdbc.ClientDriver.connect(Unknown Source)
	at java.sql.DriverManager.getConnection(DriverManager.java:664)
	at java.sql.DriverManager.getConnection(DriverManager.java:208)
	at org.eclipse.persistence.sessions.DefaultConnector.connect(DefaultConnector.java:98)
	... 46 more
Caused by: ERROR 08001: java.net.ConnectException: Errore di connessione al server localhost sulla porta 1.527 con messaggio Connection refused: connect.
	at org.apache.derby.client.net.NetAgent.<init>(Unknown Source)
	at org.apache.derby.client.net.NetConnection.newAgent_(Unknown Source)
	at org.apache.derby.client.am.ClientConnection.<init>(Unknown Source)
	at org.apache.derby.client.net.NetConnection.<init>(Unknown Source)
	at org.apache.derby.client.net.ClientJDBCObjectFactoryImpl.newNetConnection(Unknown Source)
	... 50 more
Caused by: java.net.ConnectException: Connection refused: connect
	at java.net.DualStackPlainSocketImpl.connect0(Native Method)
	at java.net.DualStackPlainSocketImpl.socketConnect(DualStackPlainSocketImpl.java:79)
	at java.net.AbstractPlainSocketImpl.doConnect(AbstractPlainSocketImpl.java:350)
	at java.net.AbstractPlainSocketImpl.connectToAddress(AbstractPlainSocketImpl.java:206)
	at java.net.AbstractPlainSocketImpl.connect(AbstractPlainSocketImpl.java:188)
	at java.net.PlainSocketImpl.connect(PlainSocketImpl.java:172)
	at java.net.SocksSocketImpl.connect(SocksSocketImpl.java:392)
	at java.net.Socket.connect(Socket.java:589)
	at java.net.Socket.connect(Socket.java:538)
	at java.net.Socket.<init>(Socket.java:434)
	at java.net.Socket.<init>(Socket.java:211)
	at javax.net.DefaultSocketFactory.createSocket(SocketFactory.java:271)
	at org.apache.derby.client.net.OpenSocketAction.run(Unknown Source)
	at org.apache.derby.client.net.OpenSocketAction.run(Unknown Source)
	at java.security.AccessController.doPrivileged(Native Method)
	... 55 more

17-Jan-2020 12:57:14.774 FINE [localhost-startStop-1] org.apache.catalina.core.StandardContext.filterStop Stopping filters
17-Jan-2020 12:57:14.774 INFO [localhost-startStop-1] org.apache.catalina.core.ApplicationContext.log Closing Spring root WebApplicationContext
17-Jan-2020 12:57:15.024 FINE [localhost-startStop-1] org.apache.catalina.core.StandardContext.listenerStart Sending application start events
17-Jan-2020 12:57:15.024 FINE [localhost-startStop-1] org.apache.catalina.core.StandardContext.filterStart Starting filters
17-Jan-2020 12:57:15.024 FINE [localhost-startStop-1] org.apache.catalina.core.StandardContext.filterStart  Starting filter 'Tomcat WebSocket (JSR356) Filter'
17-Jan-2020 12:57:15.024 INFO [localhost-startStop-1] org.apache.catalina.core.ApplicationContext.log default: DefaultServlet.init:  input buffer size=2048, output buffer size=2048
17-Jan-2020 12:57:16.414 FINE [localhost-startStop-1] org.apache.catalina.core.StandardContext.listenerStart  Configuring event listener class 'listeners.ContextListener'
17-Jan-2020 12:57:16.414 FINE [localhost-startStop-1] org.apache.catalina.core.StandardContext.listenerStart  Configuring event listener class 'listeners.SessionListener'
17-Jan-2020 12:57:16.414 FINE [localhost-startStop-1] org.apache.catalina.core.StandardContext.listenerStart  Configuring event listener class 'websocket.drawboard.DrawboardContextListener'
17-Jan-2020 12:57:16.414 FINE [localhost-startStop-1] org.apache.catalina.core.StandardContext.listenerStart Sending application start events
17-Jan-2020 12:57:16.414 INFO [localhost-startStop-1] org.apache.catalina.core.ApplicationContext.log ContextListener: contextInitialized()
17-Jan-2020 12:57:16.414 INFO [localhost-startStop-1] org.apache.catalina.core.ApplicationContext.log SessionListener: contextInitialized()
17-Jan-2020 12:57:16.414 FINE [localhost-startStop-1] org.apache.catalina.core.StandardContext.filterStart Starting filters
17-Jan-2020 12:57:16.414 FINE [localhost-startStop-1] org.apache.catalina.core.StandardContext.filterStart  Starting filter 'Set Character Encoding'
17-Jan-2020 12:57:16.430 FINE [localhost-startStop-1] org.apache.catalina.core.StandardContext.filterStart  Starting filter 'Compression Filter'
17-Jan-2020 12:57:16.430 FINE [localhost-startStop-1] org.apache.catalina.core.StandardContext.filterStart  Starting filter 'Request Dumper Filter'
17-Jan-2020 12:57:16.430 FINE [localhost-startStop-1] org.apache.catalina.core.StandardContext.filterStart  Starting filter 'Tomcat WebSocket (JSR356) Filter'
17-Jan-2020 12:57:16.430 FINE [localhost-startStop-1] org.apache.catalina.core.StandardContext.filterStart  Starting filter 'Timing Filter'
17-Jan-2020 12:57:16.430 INFO [localhost-startStop-1] org.apache.catalina.core.ApplicationContext.log default: DefaultServlet.init:  input buffer size=2048, output buffer size=2048
17-Jan-2020 12:57:17.977 FINE [http-nio-8080-exec-9] org.apache.catalina.core.StandardContext.listenerStart Sending application start events
17-Jan-2020 12:57:17.977 FINE [http-nio-8080-exec-9] org.apache.catalina.core.StandardContext.filterStart Starting filters
17-Jan-2020 12:57:17.977 FINE [http-nio-8080-exec-9] org.apache.catalina.core.StandardContext.filterStart  Starting filter 'Tomcat WebSocket (JSR356) Filter'
17-Jan-2020 12:57:17.977 INFO [http-nio-8080-exec-9] org.apache.catalina.core.ApplicationContext.log default: DefaultServlet.init:  input buffer size=2048, output buffer size=2048
17-Jan-2020 12:57:19.289 INFO [http-nio-8080-exec-1] org.apache.catalina.core.ApplicationContext.log default: DefaultServlet.serveResource:  Serving resource '' headers and data
17-Jan-2020 12:57:19.289 INFO [http-nio-8080-exec-4] org.apache.catalina.core.ApplicationContext.log default: DefaultServlet.serveResource:  Serving resource '/index.html' headers and data
17-Jan-2020 12:57:19.305 INFO [http-nio-8080-exec-4] org.apache.catalina.core.ApplicationContext.log default: DefaultServlet.serveFile:  contentType='text/html'
17-Jan-2020 12:57:19.305 INFO [http-nio-8080-exec-4] org.apache.catalina.core.ApplicationContext.log default: DefaultServlet.serveFile:  contentLength=508
17-Jan-2020 12:57:24.929 INFO [http-nio-8080-exec-3] org.apache.catalina.core.ApplicationContext.log default: DefaultServlet.serveResource:  Serving resource '/index.html' headers and data
17-Jan-2020 12:57:24.929 INFO [http-nio-8080-exec-3] org.apache.catalina.core.ApplicationContext.log default: DefaultServlet.serveFile:  contentType='text/html'
17-Jan-2020 12:57:24.929 INFO [http-nio-8080-exec-3] org.apache.catalina.core.ApplicationContext.log default: DefaultServlet.serveFile:  contentLength=508
17-Jan-2020 12:57:58.974 INFO [http-nio-8080-exec-5] org.apache.catalina.core.ApplicationContext.log default: DefaultServlet.serveResource:  Serving resource '' headers and data
17-Jan-2020 12:57:58.989 INFO [http-nio-8080-exec-9] org.apache.catalina.core.ApplicationContext.log default: DefaultServlet.serveResource:  Serving resource '/index.html' headers and data
17-Jan-2020 12:57:59.005 INFO [http-nio-8080-exec-9] org.apache.catalina.core.ApplicationContext.log default: DefaultServlet.serveFile:  contentType='text/html'
17-Jan-2020 12:57:59.005 INFO [http-nio-8080-exec-9] org.apache.catalina.core.ApplicationContext.log default: DefaultServlet.serveFile:  contentLength=526
17-Jan-2020 13:01:25.068 FINE [http-nio-8080-exec-1] org.apache.catalina.core.StandardContext.filterStop Stopping filters
17-Jan-2020 13:01:25.068 FINE [http-nio-8080-exec-1] org.apache.catalina.core.StandardContext.filterStop  Stopping filter 'Tomcat WebSocket (JSR356) Filter'
17-Jan-2020 13:01:25.318 FINE [http-nio-8080-exec-1] org.apache.catalina.core.StandardContext.listenerStart Sending application start events
17-Jan-2020 13:01:25.318 FINE [http-nio-8080-exec-1] org.apache.catalina.core.StandardContext.filterStart Starting filters
17-Jan-2020 13:01:25.318 FINE [http-nio-8080-exec-1] org.apache.catalina.core.StandardContext.filterStart  Starting filter 'Tomcat WebSocket (JSR356) Filter'
17-Jan-2020 13:01:25.318 INFO [http-nio-8080-exec-1] org.apache.catalina.core.ApplicationContext.log default: DefaultServlet.init:  input buffer size=2048, output buffer size=2048
17-Jan-2020 13:01:25.724 INFO [http-nio-8080-exec-9] org.apache.catalina.core.ApplicationContext.log default: DefaultServlet.serveResource:  Serving resource '' headers and data
17-Jan-2020 13:01:25.740 INFO [http-nio-8080-exec-6] org.apache.catalina.core.ApplicationContext.log default: DefaultServlet.serveResource:  Serving resource '/index.html' headers and data
17-Jan-2020 13:01:44.707 FINE [http-nio-8080-exec-12] org.apache.catalina.core.StandardContext.filterStop Stopping filters
17-Jan-2020 13:01:44.707 FINE [http-nio-8080-exec-12] org.apache.catalina.core.StandardContext.filterStop  Stopping filter 'Tomcat WebSocket (JSR356) Filter'
17-Jan-2020 13:01:44.770 FINE [http-nio-8080-exec-12] org.apache.catalina.core.StandardContext.listenerStart Sending application start events
17-Jan-2020 13:01:44.770 FINE [http-nio-8080-exec-12] org.apache.catalina.core.StandardContext.filterStart Starting filters
17-Jan-2020 13:01:44.770 FINE [http-nio-8080-exec-12] org.apache.catalina.core.StandardContext.filterStart  Starting filter 'Tomcat WebSocket (JSR356) Filter'
17-Jan-2020 13:01:44.770 INFO [http-nio-8080-exec-12] org.apache.catalina.core.ApplicationContext.log default: DefaultServlet.init:  input buffer size=2048, output buffer size=2048
17-Jan-2020 13:01:48.926 FINE [http-nio-8080-exec-16] org.apache.catalina.core.StandardContext.filterStop Stopping filters
17-Jan-2020 13:01:48.926 FINE [http-nio-8080-exec-16] org.apache.catalina.core.StandardContext.filterStop  Stopping filter 'Tomcat WebSocket (JSR356) Filter'
17-Jan-2020 13:01:48.972 FINE [http-nio-8080-exec-16] org.apache.catalina.core.StandardContext.listenerStart Sending application start events
17-Jan-2020 13:01:48.972 FINE [http-nio-8080-exec-16] org.apache.catalina.core.StandardContext.filterStart Starting filters
17-Jan-2020 13:01:48.972 FINE [http-nio-8080-exec-16] org.apache.catalina.core.StandardContext.filterStart  Starting filter 'Tomcat WebSocket (JSR356) Filter'
17-Jan-2020 13:01:48.972 INFO [http-nio-8080-exec-16] org.apache.catalina.core.ApplicationContext.log default: DefaultServlet.init:  input buffer size=2048, output buffer size=2048
17-Jan-2020 13:01:49.254 INFO [http-nio-8080-exec-9] org.apache.catalina.core.ApplicationContext.log default: DefaultServlet.serveResource:  Serving resource '' headers and data
17-Jan-2020 13:01:49.254 INFO [http-nio-8080-exec-15] org.apache.catalina.core.ApplicationContext.log default: DefaultServlet.serveResource:  Serving resource '/index.html' headers and data
17-Jan-2020 13:01:52.910 SEVERE [http-nio-8080-exec-12] org.apache.catalina.core.StandardWrapperValve.invoke Servlet.service() for servlet [NumeriPrimiServlet] in context with path [/NumeriPrimi] threw exception
 java.lang.NumberFormatException: For input string: "236217362148721"
	at java.lang.NumberFormatException.forInputString(NumberFormatException.java:65)
	at java.lang.Integer.parseInt(Integer.java:583)
	at java.lang.Integer.parseInt(Integer.java:615)
	at NumeriPrimiServlet.doGet(NumeriPrimiServlet.java:32)
	at javax.servlet.http.HttpServlet.service(HttpServlet.java:622)
	at javax.servlet.http.HttpServlet.service(HttpServlet.java:729)
	at org.apache.catalina.core.ApplicationFilterChain.internalDoFilter(ApplicationFilterChain.java:291)
	at org.apache.catalina.core.ApplicationFilterChain.doFilter(ApplicationFilterChain.java:206)
	at org.apache.tomcat.websocket.server.WsFilter.doFilter(WsFilter.java:52)
	at org.apache.catalina.core.ApplicationFilterChain.internalDoFilter(ApplicationFilterChain.java:239)
	at org.apache.catalina.core.ApplicationFilterChain.doFilter(ApplicationFilterChain.java:206)
	at org.apache.catalina.core.StandardWrapperValve.invoke(StandardWrapperValve.java:212)
	at org.apache.catalina.core.StandardContextValve.invoke(StandardContextValve.java:106)
	at org.apache.catalina.authenticator.AuthenticatorBase.invoke(AuthenticatorBase.java:502)
	at org.apache.catalina.core.StandardHostValve.invoke(StandardHostValve.java:141)
	at org.apache.catalina.valves.ErrorReportValve.invoke(ErrorReportValve.java:79)
	at org.apache.catalina.valves.AbstractAccessLogValve.invoke(AbstractAccessLogValve.java:616)
	at org.apache.catalina.core.StandardEngineValve.invoke(StandardEngineValve.java:88)
	at org.apache.catalina.connector.CoyoteAdapter.service(CoyoteAdapter.java:521)
	at org.apache.coyote.http11.AbstractHttp11Processor.process(AbstractHttp11Processor.java:1096)
	at org.apache.coyote.AbstractProtocol$AbstractConnectionHandler.process(AbstractProtocol.java:674)
	at org.apache.tomcat.util.net.NioEndpoint$SocketProcessor.doRun(NioEndpoint.java:1500)
	at org.apache.tomcat.util.net.NioEndpoint$SocketProcessor.run(NioEndpoint.java:1456)
	at java.util.concurrent.ThreadPoolExecutor.runWorker(ThreadPoolExecutor.java:1149)
	at java.util.concurrent.ThreadPoolExecutor$Worker.run(ThreadPoolExecutor.java:624)
	at org.apache.tomcat.util.threads.TaskThread$WrappingRunnable.run(TaskThread.java:61)
	at java.lang.Thread.run(Thread.java:748)

17-Jan-2020 13:11:33.590 INFO [http-nio-8080-exec-19] org.apache.catalina.core.ApplicationContext.log default: DefaultServlet.serveResource:  Serving resource '' headers and data
17-Jan-2020 13:11:33.606 INFO [http-nio-8080-exec-18] org.apache.catalina.core.ApplicationContext.log default: DefaultServlet.serveResource:  Serving resource '/index.html' headers and data
17-Jan-2020 13:11:33.606 INFO [http-nio-8080-exec-18] org.apache.catalina.core.ApplicationContext.log default: DefaultServlet.serveFile:  contentType='text/html'
17-Jan-2020 13:11:33.606 INFO [http-nio-8080-exec-18] org.apache.catalina.core.ApplicationContext.log default: DefaultServlet.serveFile:  contentLength=768
17-Jan-2020 13:11:33.684 INFO [http-nio-8080-exec-21] org.apache.catalina.core.ApplicationContext.log default: DefaultServlet.serveResource:  Serving resource '/css/bootstrap.css' headers and data
17-Jan-2020 13:11:33.684 INFO [http-nio-8080-exec-20] org.apache.catalina.core.ApplicationContext.log default: DefaultServlet.serveResource:  Serving resource '/css/style.css' headers and data
17-Jan-2020 13:11:33.684 INFO [http-nio-8080-exec-21] org.apache.catalina.core.ApplicationContext.log default: DefaultServlet.serveFile:  contentType='text/css'
17-Jan-2020 13:11:33.684 INFO [http-nio-8080-exec-21] org.apache.catalina.core.ApplicationContext.log default: DefaultServlet.serveFile:  contentLength=192326
17-Jan-2020 13:11:33.684 INFO [http-nio-8080-exec-20] org.apache.catalina.core.ApplicationContext.log default: DefaultServlet.serveFile:  contentType='text/css'
17-Jan-2020 13:11:33.684 INFO [http-nio-8080-exec-20] org.apache.catalina.core.ApplicationContext.log default: DefaultServlet.serveFile:  contentLength=1795
17-Jan-2020 13:11:33.762 INFO [http-nio-8080-exec-22] org.apache.catalina.core.ApplicationContext.log default: DefaultServlet.serveResource:  Serving resource '/css/font/CenturyGothic-Bold.woff' headers and data
17-Jan-2020 13:11:33.762 INFO [http-nio-8080-exec-23] org.apache.catalina.core.ApplicationContext.log default: DefaultServlet.serveResource:  Serving resource '/css/font/CenturyGothic-BoldItalic.woff' headers and data
17-Jan-2020 13:11:33.762 INFO [http-nio-8080-exec-24] org.apache.catalina.core.ApplicationContext.log default: DefaultServlet.serveResource:  Serving resource '/css/font/CenturyGothic.woff' headers and data
17-Jan-2020 13:11:33.762 INFO [http-nio-8080-exec-19] org.apache.catalina.core.ApplicationContext.log default: DefaultServlet.serveResource:  Serving resource '/css/font/CenturyGothic-Italic.woff' headers and data
17-Jan-2020 13:12:02.921 INFO [http-nio-8080-exec-20] org.apache.catalina.core.ApplicationContext.log default: DefaultServlet.serveResource:  Serving resource '' headers and data
17-Jan-2020 13:12:02.936 INFO [http-nio-8080-exec-21] org.apache.catalina.core.ApplicationContext.log default: DefaultServlet.serveResource:  Serving resource '/index.html' headers and data
17-Jan-2020 13:12:02.968 INFO [http-nio-8080-exec-22] org.apache.catalina.core.ApplicationContext.log default: DefaultServlet.serveResource:  Serving resource '/css/style.css' headers and data
17-Jan-2020 13:12:02.983 INFO [http-nio-8080-exec-23] org.apache.catalina.core.ApplicationContext.log default: DefaultServlet.serveResource:  Serving resource '/css/bootstrap.css' headers and data
17-Jan-2020 13:12:03.030 INFO [http-nio-8080-exec-25] org.apache.catalina.core.ApplicationContext.log default: DefaultServlet.serveResource:  Serving resource '/css/font/CenturyGothic-Bold.woff' headers and data
17-Jan-2020 13:12:03.030 INFO [http-nio-8080-exec-24] org.apache.catalina.core.ApplicationContext.log default: DefaultServlet.serveResource:  Serving resource '/css/font/CenturyGothic-BoldItalic.woff' headers and data
17-Jan-2020 13:12:03.030 INFO [http-nio-8080-exec-17] org.apache.catalina.core.ApplicationContext.log default: DefaultServlet.serveResource:  Serving resource '/css/font/CenturyGothic.woff' headers and data
17-Jan-2020 13:12:03.030 INFO [http-nio-8080-exec-24] org.apache.catalina.core.ApplicationContext.log default: DefaultServlet.serveFile:  contentType='application/x-font-woff'
17-Jan-2020 13:12:03.030 INFO [http-nio-8080-exec-24] org.apache.catalina.core.ApplicationContext.log default: DefaultServlet.serveFile:  contentLength=68436
17-Jan-2020 13:12:03.030 INFO [http-nio-8080-exec-17] org.apache.catalina.core.ApplicationContext.log default: DefaultServlet.serveFile:  contentType='application/x-font-woff'
17-Jan-2020 13:12:03.030 INFO [http-nio-8080-exec-17] org.apache.catalina.core.ApplicationContext.log default: DefaultServlet.serveFile:  contentLength=70096
17-Jan-2020 13:12:03.030 INFO [http-nio-8080-exec-25] org.apache.catalina.core.ApplicationContext.log default: DefaultServlet.serveFile:  contentType='application/x-font-woff'
17-Jan-2020 13:12:03.030 INFO [http-nio-8080-exec-25] org.apache.catalina.core.ApplicationContext.log default: DefaultServlet.serveFile:  contentLength=63424
17-Jan-2020 13:12:03.030 INFO [http-nio-8080-exec-26] org.apache.catalina.core.ApplicationContext.log default: DefaultServlet.serveResource:  Serving resource '/css/font/CenturyGothic-Italic.woff' headers and data
17-Jan-2020 13:12:03.030 INFO [http-nio-8080-exec-26] org.apache.catalina.core.ApplicationContext.log default: DefaultServlet.serveFile:  contentType='application/x-font-woff'
17-Jan-2020 13:12:03.030 INFO [http-nio-8080-exec-26] org.apache.catalina.core.ApplicationContext.log default: DefaultServlet.serveFile:  contentLength=35588
17-Jan-2020 13:12:42.588 INFO [http-nio-8080-exec-18] org.apache.catalina.core.ApplicationContext.log default: DefaultServlet.serveResource:  Serving resource '' headers and data
17-Jan-2020 13:12:42.603 INFO [http-nio-8080-exec-20] org.apache.catalina.core.ApplicationContext.log default: DefaultServlet.serveResource:  Serving resource '/index.html' headers and data
17-Jan-2020 13:12:42.603 INFO [http-nio-8080-exec-20] org.apache.catalina.core.ApplicationContext.log default: DefaultServlet.serveFile:  contentType='text/html'
17-Jan-2020 13:12:42.603 INFO [http-nio-8080-exec-20] org.apache.catalina.core.ApplicationContext.log default: DefaultServlet.serveFile:  contentLength=843
17-Jan-2020 13:12:42.650 INFO [http-nio-8080-exec-21] org.apache.catalina.core.ApplicationContext.log default: DefaultServlet.serveResource:  Serving resource '/css/style.css' headers and data
17-Jan-2020 13:12:42.666 INFO [http-nio-8080-exec-21] org.apache.catalina.core.ApplicationContext.log default: DefaultServlet.serveResource:  Serving resource '/css/bootstrap.css' headers and data
17-Jan-2020 13:12:42.681 INFO [http-nio-8080-exec-23] org.apache.catalina.core.ApplicationContext.log default: DefaultServlet.serveResource:  Serving resource '/css/font/CenturyGothic-Bold.woff' headers and data
17-Jan-2020 13:12:42.681 INFO [http-nio-8080-exec-17] org.apache.catalina.core.ApplicationContext.log default: DefaultServlet.serveResource:  Serving resource '/css/font/CenturyGothic.woff' headers and data
17-Jan-2020 13:12:42.681 INFO [http-nio-8080-exec-26] org.apache.catalina.core.ApplicationContext.log default: DefaultServlet.serveResource:  Serving resource '/css/font/CenturyGothic-BoldItalic.woff' headers and data
17-Jan-2020 13:12:42.697 INFO [http-nio-8080-exec-24] org.apache.catalina.core.ApplicationContext.log default: DefaultServlet.serveResource:  Serving resource '/css/font/CenturyGothic-Italic.woff' headers and data
17-Jan-2020 13:12:56.620 FINE [localhost-startStop-2] org.apache.catalina.core.StandardContext.filterStop Stopping filters
17-Jan-2020 13:12:56.620 FINE [localhost-startStop-2] org.apache.catalina.core.StandardContext.filterStop  Stopping filter 'Set Character Encoding'
17-Jan-2020 13:12:56.620 FINE [localhost-startStop-2] org.apache.catalina.core.StandardContext.filterStop  Stopping filter 'Compression Filter'
17-Jan-2020 13:12:56.620 FINE [localhost-startStop-2] org.apache.catalina.core.StandardContext.filterStop  Stopping filter 'Request Dumper Filter'
17-Jan-2020 13:12:56.620 FINE [localhost-startStop-2] org.apache.catalina.core.StandardContext.filterStop  Stopping filter 'Tomcat WebSocket (JSR356) Filter'
17-Jan-2020 13:12:56.620 FINE [localhost-startStop-2] org.apache.catalina.core.StandardContext.filterStop  Stopping filter 'Timing Filter'
17-Jan-2020 13:12:56.620 INFO [localhost-startStop-2] org.apache.catalina.core.ApplicationContext.log SessionListener: contextDestroyed()
17-Jan-2020 13:12:56.620 INFO [localhost-startStop-2] org.apache.catalina.core.ApplicationContext.log ContextListener: contextDestroyed()
17-Jan-2020 13:12:56.636 FINE [localhost-startStop-2] org.apache.catalina.core.StandardContext.filterStop Stopping filters
17-Jan-2020 13:12:56.636 FINE [localhost-startStop-2] org.apache.catalina.core.StandardContext.filterStop  Stopping filter 'Tomcat WebSocket (JSR356) Filter'
17-Jan-2020 13:12:56.651 FINE [localhost-startStop-2] org.apache.catalina.core.StandardContext.filterStop Stopping filters
17-Jan-2020 13:12:56.651 FINE [localhost-startStop-2] org.apache.catalina.core.StandardContext.filterStop  Stopping filter 'Tomcat WebSocket (JSR356) Filter'
17-Jan-2020 13:12:56.730 FINE [main] org.apache.catalina.core.StandardContext.filterStop Stopping filters
17-Jan-2020 13:13:27.238 FINE [localhost-startStop-1] org.apache.catalina.core.StandardContext.listenerStart Sending application start events
17-Jan-2020 13:13:27.243 FINE [localhost-startStop-1] org.apache.catalina.core.StandardContext.filterStart Starting filters
17-Jan-2020 13:13:27.243 FINE [localhost-startStop-1] org.apache.catalina.core.StandardContext.filterStart  Starting filter 'Tomcat WebSocket (JSR356) Filter'
17-Jan-2020 13:13:27.255 INFO [localhost-startStop-1] org.apache.catalina.core.ApplicationContext.log default: DefaultServlet.init:  input buffer size=2048, output buffer size=2048
17-Jan-2020 13:13:30.566 INFO [localhost-startStop-1] org.apache.catalina.core.ApplicationContext.log No Spring WebApplicationInitializer types detected on classpath
17-Jan-2020 13:13:30.566 FINE [localhost-startStop-1] org.apache.catalina.core.StandardContext.listenerStart  Configuring event listener class 'org.springframework.web.context.ContextLoaderListener'
17-Jan-2020 13:13:30.585 FINE [localhost-startStop-1] org.apache.catalina.core.StandardContext.listenerStart Sending application start events
17-Jan-2020 13:13:30.622 INFO [localhost-startStop-1] org.apache.catalina.core.ApplicationContext.log Initializing Spring root WebApplicationContext
17-Jan-2020 13:13:36.886 SEVERE [localhost-startStop-1] org.apache.catalina.core.StandardContext.listenerStart Exception sending context initialized event to listener instance of class org.springframework.web.context.ContextLoaderListener
 org.springframework.beans.factory.BeanCreationException: Error creating bean with name 'dao1' defined in ServletContext resource [/WEB-INF/applicationContext.xml]: Instantiation of bean failed; nested exception is org.springframework.beans.BeanInstantiationException: Could not instantiate bean class [dao.DAO]: Constructor threw exception; nested exception is javax.persistence.PersistenceException: Exception [EclipseLink-4002] (Eclipse Persistence Services - 2.5.2.v20140319-9ad6abd): org.eclipse.persistence.exceptions.DatabaseException
Internal Exception: java.sql.SQLNonTransientConnectionException: java.net.ConnectException: Errore di connessione al server localhost sulla porta 1.527 con messaggio Connection refused: connect.
Error Code: 40000
	at org.springframework.beans.factory.support.AbstractAutowireCapableBeanFactory.instantiateBean(AbstractAutowireCapableBeanFactory.java:1076)
	at org.springframework.beans.factory.support.AbstractAutowireCapableBeanFactory.createBeanInstance(AbstractAutowireCapableBeanFactory.java:1021)
	at org.springframework.beans.factory.support.AbstractAutowireCapableBeanFactory.doCreateBean(AbstractAutowireCapableBeanFactory.java:504)
	at org.springframework.beans.factory.support.AbstractAutowireCapableBeanFactory.createBean(AbstractAutowireCapableBeanFactory.java:475)
	at org.springframework.beans.factory.support.AbstractBeanFactory$1.getObject(AbstractBeanFactory.java:304)
	at org.springframework.beans.factory.support.DefaultSingletonBeanRegistry.getSingleton(DefaultSingletonBeanRegistry.java:228)
	at org.springframework.beans.factory.support.AbstractBeanFactory.doGetBean(AbstractBeanFactory.java:300)
	at org.springframework.beans.factory.support.AbstractBeanFactory.getBean(AbstractBeanFactory.java:195)
	at org.springframework.beans.factory.support.DefaultListableBeanFactory.preInstantiateSingletons(DefaultListableBeanFactory.java:700)
	at org.springframework.context.support.AbstractApplicationContext.finishBeanFactoryInitialization(AbstractApplicationContext.java:760)
	at org.springframework.context.support.AbstractApplicationContext.refresh(AbstractApplicationContext.java:482)
	at org.springframework.web.context.ContextLoader.configureAndRefreshWebApplicationContext(ContextLoader.java:403)
	at org.springframework.web.context.ContextLoader.initWebApplicationContext(ContextLoader.java:306)
	at org.springframework.web.context.ContextLoaderListener.contextInitialized(ContextLoaderListener.java:106)
	at org.apache.catalina.core.StandardContext.listenerStart(StandardContext.java:4812)
	at org.apache.catalina.core.StandardContext.startInternal(StandardContext.java:5255)
	at org.apache.catalina.util.LifecycleBase.start(LifecycleBase.java:150)
	at org.apache.catalina.core.ContainerBase.addChildInternal(ContainerBase.java:725)
	at org.apache.catalina.core.ContainerBase.addChild(ContainerBase.java:701)
	at org.apache.catalina.core.StandardHost.addChild(StandardHost.java:717)
	at org.apache.catalina.startup.HostConfig.deployDescriptor(HostConfig.java:586)
	at org.apache.catalina.startup.HostConfig$DeployDescriptor.run(HostConfig.java:1777)
	at java.util.concurrent.Executors$RunnableAdapter.call(Executors.java:511)
	at java.util.concurrent.FutureTask.run(FutureTask.java:266)
	at java.util.concurrent.ThreadPoolExecutor.runWorker(ThreadPoolExecutor.java:1149)
	at java.util.concurrent.ThreadPoolExecutor$Worker.run(ThreadPoolExecutor.java:624)
	at java.lang.Thread.run(Thread.java:748)
Caused by: org.springframework.beans.BeanInstantiationException: Could not instantiate bean class [dao.DAO]: Constructor threw exception; nested exception is javax.persistence.PersistenceException: Exception [EclipseLink-4002] (Eclipse Persistence Services - 2.5.2.v20140319-9ad6abd): org.eclipse.persistence.exceptions.DatabaseException
Internal Exception: java.sql.SQLNonTransientConnectionException: java.net.ConnectException: Errore di connessione al server localhost sulla porta 1.527 con messaggio Connection refused: connect.
Error Code: 40000
	at org.springframework.beans.BeanUtils.instantiateClass(BeanUtils.java:164)
	at org.springframework.beans.factory.support.SimpleInstantiationStrategy.instantiate(SimpleInstantiationStrategy.java:89)
	at org.springframework.beans.factory.support.AbstractAutowireCapableBeanFactory.instantiateBean(AbstractAutowireCapableBeanFactory.java:1069)
	... 26 more
Caused by: javax.persistence.PersistenceException: Exception [EclipseLink-4002] (Eclipse Persistence Services - 2.5.2.v20140319-9ad6abd): org.eclipse.persistence.exceptions.DatabaseException
Internal Exception: java.sql.SQLNonTransientConnectionException: java.net.ConnectException: Errore di connessione al server localhost sulla porta 1.527 con messaggio Connection refused: connect.
Error Code: 40000
	at org.eclipse.persistence.internal.jpa.EntityManagerSetupImpl.deploy(EntityManagerSetupImpl.java:766)
	at org.eclipse.persistence.internal.jpa.EntityManagerFactoryDelegate.getAbstractSession(EntityManagerFactoryDelegate.java:204)
	at org.eclipse.persistence.internal.jpa.EntityManagerFactoryDelegate.getDatabaseSession(EntityManagerFactoryDelegate.java:182)
	at org.eclipse.persistence.internal.jpa.EntityManagerFactoryImpl.getDatabaseSession(EntityManagerFactoryImpl.java:527)
	at org.eclipse.persistence.jpa.PersistenceProvider.createEntityManagerFactoryImpl(PersistenceProvider.java:140)
	at org.eclipse.persistence.jpa.PersistenceProvider.createEntityManagerFactory(PersistenceProvider.java:177)
	at javax.persistence.Persistence.createEntityManagerFactory(Persistence.java:79)
	at javax.persistence.Persistence.createEntityManagerFactory(Persistence.java:54)
	at dao.DAO.<init>(DAO.java:19)
	at sun.reflect.NativeConstructorAccessorImpl.newInstance0(Native Method)
	at sun.reflect.NativeConstructorAccessorImpl.newInstance(NativeConstructorAccessorImpl.java:62)
	at sun.reflect.DelegatingConstructorAccessorImpl.newInstance(DelegatingConstructorAccessorImpl.java:45)
	at java.lang.reflect.Constructor.newInstance(Constructor.java:423)
	at org.springframework.beans.BeanUtils.instantiateClass(BeanUtils.java:148)
	... 28 more
Caused by: Exception [EclipseLink-4002] (Eclipse Persistence Services - 2.5.2.v20140319-9ad6abd): org.eclipse.persistence.exceptions.DatabaseException
Internal Exception: java.sql.SQLNonTransientConnectionException: java.net.ConnectException: Errore di connessione al server localhost sulla porta 1.527 con messaggio Connection refused: connect.
Error Code: 40000
	at org.eclipse.persistence.exceptions.DatabaseException.sqlException(DatabaseException.java:331)
	at org.eclipse.persistence.exceptions.DatabaseException.sqlException(DatabaseException.java:326)
	at org.eclipse.persistence.sessions.DefaultConnector.connect(DefaultConnector.java:138)
	at org.eclipse.persistence.sessions.DatasourceLogin.connectToDatasource(DatasourceLogin.java:162)
	at org.eclipse.persistence.internal.sessions.DatabaseSessionImpl.setOrDetectDatasource(DatabaseSessionImpl.java:204)
	at org.eclipse.persistence.internal.sessions.DatabaseSessionImpl.loginAndDetectDatasource(DatabaseSessionImpl.java:741)
	at org.eclipse.persistence.internal.jpa.EntityManagerFactoryProvider.login(EntityManagerFactoryProvider.java:239)
	at org.eclipse.persistence.internal.jpa.EntityManagerSetupImpl.deploy(EntityManagerSetupImpl.java:685)
	... 41 more
Caused by: java.sql.SQLNonTransientConnectionException: java.net.ConnectException: Errore di connessione al server localhost sulla porta 1.527 con messaggio Connection refused: connect.
	at org.apache.derby.client.am.SQLExceptionFactory.getSQLException(Unknown Source)
	at org.apache.derby.client.am.SqlException.getSQLException(Unknown Source)
	at org.apache.derby.jdbc.ClientDriver.connect(Unknown Source)
	at java.sql.DriverManager.getConnection(DriverManager.java:664)
	at java.sql.DriverManager.getConnection(DriverManager.java:208)
	at org.eclipse.persistence.sessions.DefaultConnector.connect(DefaultConnector.java:98)
	... 46 more
Caused by: ERROR 08001: java.net.ConnectException: Errore di connessione al server localhost sulla porta 1.527 con messaggio Connection refused: connect.
	at org.apache.derby.client.net.NetAgent.<init>(Unknown Source)
	at org.apache.derby.client.net.NetConnection.newAgent_(Unknown Source)
	at org.apache.derby.client.am.ClientConnection.<init>(Unknown Source)
	at org.apache.derby.client.net.NetConnection.<init>(Unknown Source)
	at org.apache.derby.client.net.ClientJDBCObjectFactoryImpl.newNetConnection(Unknown Source)
	... 50 more
Caused by: java.net.ConnectException: Connection refused: connect
	at java.net.DualStackPlainSocketImpl.connect0(Native Method)
	at java.net.DualStackPlainSocketImpl.socketConnect(DualStackPlainSocketImpl.java:79)
	at java.net.AbstractPlainSocketImpl.doConnect(AbstractPlainSocketImpl.java:350)
	at java.net.AbstractPlainSocketImpl.connectToAddress(AbstractPlainSocketImpl.java:206)
	at java.net.AbstractPlainSocketImpl.connect(AbstractPlainSocketImpl.java:188)
	at java.net.PlainSocketImpl.connect(PlainSocketImpl.java:172)
	at java.net.SocksSocketImpl.connect(SocksSocketImpl.java:392)
	at java.net.Socket.connect(Socket.java:589)
	at java.net.Socket.connect(Socket.java:538)
	at java.net.Socket.<init>(Socket.java:434)
	at java.net.Socket.<init>(Socket.java:211)
	at javax.net.DefaultSocketFactory.createSocket(SocketFactory.java:271)
	at org.apache.derby.client.net.OpenSocketAction.run(Unknown Source)
	at org.apache.derby.client.net.OpenSocketAction.run(Unknown Source)
	at java.security.AccessController.doPrivileged(Native Method)
	... 55 more

17-Jan-2020 13:13:36.902 FINE [localhost-startStop-1] org.apache.catalina.core.StandardContext.filterStop Stopping filters
17-Jan-2020 13:13:36.902 INFO [localhost-startStop-1] org.apache.catalina.core.ApplicationContext.log Closing Spring root WebApplicationContext
17-Jan-2020 13:13:37.043 FINE [localhost-startStop-1] org.apache.catalina.core.StandardContext.listenerStart Sending application start events
17-Jan-2020 13:13:37.043 FINE [localhost-startStop-1] org.apache.catalina.core.StandardContext.filterStart Starting filters
17-Jan-2020 13:13:37.043 FINE [localhost-startStop-1] org.apache.catalina.core.StandardContext.filterStart  Starting filter 'Tomcat WebSocket (JSR356) Filter'
17-Jan-2020 13:13:37.043 INFO [localhost-startStop-1] org.apache.catalina.core.ApplicationContext.log default: DefaultServlet.init:  input buffer size=2048, output buffer size=2048
17-Jan-2020 13:13:37.449 FINE [localhost-startStop-1] org.apache.catalina.core.StandardContext.listenerStart  Configuring event listener class 'listeners.ContextListener'
17-Jan-2020 13:13:37.449 FINE [localhost-startStop-1] org.apache.catalina.core.StandardContext.listenerStart  Configuring event listener class 'listeners.SessionListener'
17-Jan-2020 13:13:37.464 FINE [localhost-startStop-1] org.apache.catalina.core.StandardContext.listenerStart  Configuring event listener class 'websocket.drawboard.DrawboardContextListener'
17-Jan-2020 13:13:37.464 FINE [localhost-startStop-1] org.apache.catalina.core.StandardContext.listenerStart Sending application start events
17-Jan-2020 13:13:37.464 INFO [localhost-startStop-1] org.apache.catalina.core.ApplicationContext.log ContextListener: contextInitialized()
17-Jan-2020 13:13:37.464 INFO [localhost-startStop-1] org.apache.catalina.core.ApplicationContext.log SessionListener: contextInitialized()
17-Jan-2020 13:13:37.464 FINE [localhost-startStop-1] org.apache.catalina.core.StandardContext.filterStart Starting filters
17-Jan-2020 13:13:37.464 FINE [localhost-startStop-1] org.apache.catalina.core.StandardContext.filterStart  Starting filter 'Set Character Encoding'
17-Jan-2020 13:13:37.464 FINE [localhost-startStop-1] org.apache.catalina.core.StandardContext.filterStart  Starting filter 'Compression Filter'
17-Jan-2020 13:13:37.464 FINE [localhost-startStop-1] org.apache.catalina.core.StandardContext.filterStart  Starting filter 'Request Dumper Filter'
17-Jan-2020 13:13:37.464 FINE [localhost-startStop-1] org.apache.catalina.core.StandardContext.filterStart  Starting filter 'Tomcat WebSocket (JSR356) Filter'
17-Jan-2020 13:13:37.464 FINE [localhost-startStop-1] org.apache.catalina.core.StandardContext.filterStart  Starting filter 'Timing Filter'
17-Jan-2020 13:13:37.464 INFO [localhost-startStop-1] org.apache.catalina.core.ApplicationContext.log default: DefaultServlet.init:  input buffer size=2048, output buffer size=2048
17-Jan-2020 13:13:38.667 INFO [http-nio-8080-exec-5] org.apache.catalina.core.ApplicationContext.log default: DefaultServlet.serveResource:  Serving resource '' headers and data
17-Jan-2020 13:13:38.667 INFO [http-nio-8080-exec-17] org.apache.catalina.core.ApplicationContext.log default: DefaultServlet.serveResource:  Serving resource '/index.html' headers and data
17-Jan-2020 13:13:38.730 INFO [http-nio-8080-exec-3] org.apache.catalina.core.ApplicationContext.log default: DefaultServlet.serveResource:  Serving resource '/css/style.css' headers and data
17-Jan-2020 13:13:38.730 INFO [http-nio-8080-exec-4] org.apache.catalina.core.ApplicationContext.log default: DefaultServlet.serveResource:  Serving resource '/css/bootstrap.css' headers and data
17-Jan-2020 13:13:38.777 INFO [http-nio-8080-exec-16] org.apache.catalina.core.ApplicationContext.log default: DefaultServlet.serveResource:  Serving resource '/css/font/CenturyGothic-Bold.woff' headers and data
17-Jan-2020 13:13:38.777 INFO [http-nio-8080-exec-6] org.apache.catalina.core.ApplicationContext.log default: DefaultServlet.serveResource:  Serving resource '/css/font/CenturyGothic-BoldItalic.woff' headers and data
17-Jan-2020 13:13:38.792 INFO [http-nio-8080-exec-14] org.apache.catalina.core.ApplicationContext.log default: DefaultServlet.serveResource:  Serving resource '/css/font/CenturyGothic.woff' headers and data
17-Jan-2020 13:13:38.792 INFO [http-nio-8080-exec-7] org.apache.catalina.core.ApplicationContext.log default: DefaultServlet.serveResource:  Serving resource '/css/font/CenturyGothic-Italic.woff' headers and data
17-Jan-2020 13:28:33.363 FINE [http-nio-8080-exec-13] org.apache.catalina.core.StandardContext.filterStop Stopping filters
17-Jan-2020 13:28:33.363 FINE [http-nio-8080-exec-13] org.apache.catalina.core.StandardContext.filterStop  Stopping filter 'Tomcat WebSocket (JSR356) Filter'
17-Jan-2020 13:28:33.488 FINE [http-nio-8080-exec-13] org.apache.catalina.core.StandardContext.listenerStart Sending application start events
17-Jan-2020 13:28:33.488 FINE [http-nio-8080-exec-13] org.apache.catalina.core.StandardContext.filterStart Starting filters
17-Jan-2020 13:28:33.488 FINE [http-nio-8080-exec-13] org.apache.catalina.core.StandardContext.filterStart  Starting filter 'Tomcat WebSocket (JSR356) Filter'
17-Jan-2020 13:28:33.488 INFO [http-nio-8080-exec-13] org.apache.catalina.core.ApplicationContext.log default: DefaultServlet.init:  input buffer size=2048, output buffer size=2048
17-Jan-2020 13:28:33.972 INFO [http-nio-8080-exec-8] org.apache.catalina.core.ApplicationContext.log default: DefaultServlet.serveResource:  Serving resource '' headers and data
17-Jan-2020 13:28:33.972 INFO [http-nio-8080-exec-14] org.apache.catalina.core.ApplicationContext.log default: DefaultServlet.serveResource:  Serving resource '/index.html' headers and data
17-Jan-2020 13:28:34.050 INFO [http-nio-8080-exec-11] org.apache.catalina.core.ApplicationContext.log default: DefaultServlet.serveResource:  Serving resource '/css/bootstrap.css' headers and data
17-Jan-2020 13:28:34.050 INFO [http-nio-8080-exec-4] org.apache.catalina.core.ApplicationContext.log default: DefaultServlet.serveResource:  Serving resource '/css/style.css' headers and data
17-Jan-2020 13:28:34.113 INFO [http-nio-8080-exec-2] org.apache.catalina.core.ApplicationContext.log default: DefaultServlet.serveResource:  Serving resource '/css/font/CenturyGothic-Bold.woff' headers and data
17-Jan-2020 13:28:34.113 INFO [http-nio-8080-exec-3] org.apache.catalina.core.ApplicationContext.log default: DefaultServlet.serveResource:  Serving resource '/css/font/CenturyGothic-BoldItalic.woff' headers and data
17-Jan-2020 13:28:34.113 INFO [http-nio-8080-exec-2] org.apache.catalina.core.ApplicationContext.log default: DefaultServlet.serveResource:  Serving resource '/css/font/CenturyGothic.woff' headers and data
17-Jan-2020 13:28:34.128 INFO [http-nio-8080-exec-3] org.apache.catalina.core.ApplicationContext.log default: DefaultServlet.serveResource:  Serving resource '/css/font/CenturyGothic-Italic.woff' headers and data
17-Jan-2020 13:28:38.691 INFO [http-nio-8080-exec-18] org.apache.catalina.core.ApplicationContext.log default: DefaultServlet.serveResource:  Serving resource '/img/3.jpg' headers and data
17-Jan-2020 13:28:38.691 INFO [http-nio-8080-exec-18] org.apache.catalina.core.ApplicationContext.log default: DefaultServlet.serveFile:  contentType='image/jpeg'
17-Jan-2020 13:28:38.691 INFO [http-nio-8080-exec-18] org.apache.catalina.core.ApplicationContext.log default: DefaultServlet.serveFile:  contentLength=117995
17-Jan-2020 13:29:13.610 FINE [http-nio-8080-exec-19] org.apache.catalina.core.StandardContext.filterStop Stopping filters
17-Jan-2020 13:29:13.610 FINE [http-nio-8080-exec-19] org.apache.catalina.core.StandardContext.filterStop  Stopping filter 'Tomcat WebSocket (JSR356) Filter'
17-Jan-2020 13:29:13.688 FINE [http-nio-8080-exec-19] org.apache.catalina.core.StandardContext.listenerStart Sending application start events
17-Jan-2020 13:29:13.688 FINE [http-nio-8080-exec-19] org.apache.catalina.core.StandardContext.filterStart Starting filters
17-Jan-2020 13:29:13.688 FINE [http-nio-8080-exec-19] org.apache.catalina.core.StandardContext.filterStart  Starting filter 'Tomcat WebSocket (JSR356) Filter'
17-Jan-2020 13:29:13.688 INFO [http-nio-8080-exec-19] org.apache.catalina.core.ApplicationContext.log default: DefaultServlet.init:  input buffer size=2048, output buffer size=2048
17-Jan-2020 13:29:19.625 FINE [http-nio-8080-exec-22] org.apache.catalina.core.StandardContext.filterStop Stopping filters
17-Jan-2020 13:29:19.625 FINE [http-nio-8080-exec-22] org.apache.catalina.core.StandardContext.filterStop  Stopping filter 'Tomcat WebSocket (JSR356) Filter'
17-Jan-2020 13:29:19.672 FINE [http-nio-8080-exec-22] org.apache.catalina.core.StandardContext.listenerStart Sending application start events
17-Jan-2020 13:29:19.672 FINE [http-nio-8080-exec-22] org.apache.catalina.core.StandardContext.filterStart Starting filters
17-Jan-2020 13:29:19.672 FINE [http-nio-8080-exec-22] org.apache.catalina.core.StandardContext.filterStart  Starting filter 'Tomcat WebSocket (JSR356) Filter'
17-Jan-2020 13:29:19.672 INFO [http-nio-8080-exec-22] org.apache.catalina.core.ApplicationContext.log default: DefaultServlet.init:  input buffer size=2048, output buffer size=2048
17-Jan-2020 13:29:20.438 INFO [http-nio-8080-exec-4] org.apache.catalina.core.ApplicationContext.log default: DefaultServlet.serveResource:  Serving resource '' headers and data
17-Jan-2020 13:29:22.609 INFO [http-nio-8080-exec-19] org.apache.catalina.core.ApplicationContext.log default: DefaultServlet.serveResource:  Serving resource '/img/3.jpg' headers and data
17-Jan-2020 13:30:36.645 INFO [http-nio-8080-exec-24] org.apache.catalina.core.ApplicationContext.log default: DefaultServlet.serveResource:  Serving resource '' headers and data
17-Jan-2020 13:30:36.645 INFO [http-nio-8080-exec-23] org.apache.catalina.core.ApplicationContext.log default: DefaultServlet.serveResource:  Serving resource '/index.html' headers and data
17-Jan-2020 13:30:36.723 INFO [http-nio-8080-exec-25] org.apache.catalina.core.ApplicationContext.log default: DefaultServlet.serveResource:  Serving resource '/css/style.css' headers and data
17-Jan-2020 13:30:36.739 INFO [http-nio-8080-exec-20] org.apache.catalina.core.ApplicationContext.log default: DefaultServlet.serveResource:  Serving resource '/css/bootstrap.css' headers and data
17-Jan-2020 13:30:36.770 INFO [http-nio-8080-exec-7] org.apache.catalina.core.ApplicationContext.log default: DefaultServlet.serveResource:  Serving resource '/css/font/CenturyGothic-Bold.woff' headers and data
17-Jan-2020 13:30:36.770 INFO [http-nio-8080-exec-28] org.apache.catalina.core.ApplicationContext.log default: DefaultServlet.serveResource:  Serving resource '/css/font/CenturyGothic-BoldItalic.woff' headers and data
17-Jan-2020 13:30:36.770 INFO [http-nio-8080-exec-21] org.apache.catalina.core.ApplicationContext.log default: DefaultServlet.serveResource:  Serving resource '/css/font/CenturyGothic.woff' headers and data
17-Jan-2020 13:30:36.770 INFO [http-nio-8080-exec-26] org.apache.catalina.core.ApplicationContext.log default: DefaultServlet.serveResource:  Serving resource '/css/font/CenturyGothic-Italic.woff' headers and data
17-Jan-2020 13:30:39.667 INFO [http-nio-8080-exec-27] org.apache.catalina.core.ApplicationContext.log default: DefaultServlet.serveResource:  Serving resource '/img/1.jpg' headers and data
17-Jan-2020 13:30:39.667 INFO [http-nio-8080-exec-27] org.apache.catalina.core.ApplicationContext.log default: DefaultServlet.serveFile:  contentType='image/jpeg'
17-Jan-2020 13:30:39.667 INFO [http-nio-8080-exec-27] org.apache.catalina.core.ApplicationContext.log default: DefaultServlet.serveFile:  contentLength=20116
17-Jan-2020 13:31:29.208 INFO [http-nio-8080-exec-21] org.apache.catalina.core.ApplicationContext.log default: DefaultServlet.serveResource:  Serving resource '' headers and data
17-Jan-2020 13:31:35.333 INFO [http-nio-8080-exec-28] org.apache.catalina.core.ApplicationContext.log default: DefaultServlet.serveResource:  Serving resource '/img/0.jpg' headers and data
17-Jan-2020 13:31:42.241 INFO [http-nio-8080-exec-23] org.apache.catalina.core.ApplicationContext.log default: DefaultServlet.serveResource:  Serving resource '/img/2.jpg' headers and data
17-Jan-2020 13:31:42.241 INFO [http-nio-8080-exec-23] org.apache.catalina.core.ApplicationContext.log default: DefaultServlet.serveFile:  contentType='image/jpeg'
17-Jan-2020 13:31:42.241 INFO [http-nio-8080-exec-23] org.apache.catalina.core.ApplicationContext.log default: DefaultServlet.serveFile:  contentLength=41823
17-Jan-2020 13:31:55.644 INFO [http-nio-8080-exec-21] org.apache.catalina.core.ApplicationContext.log default: DefaultServlet.serveResource:  Serving resource '/img/0.jpg' headers and data
17-Jan-2020 13:32:33.803 FINE [http-nio-8080-exec-31] org.apache.catalina.core.StandardContext.filterStop Stopping filters
17-Jan-2020 13:32:33.803 FINE [http-nio-8080-exec-31] org.apache.catalina.core.StandardContext.filterStop  Stopping filter 'Tomcat WebSocket (JSR356) Filter'
17-Jan-2020 13:32:33.906 FINE [http-nio-8080-exec-31] org.apache.catalina.core.StandardContext.listenerStart Sending application start events
17-Jan-2020 13:32:33.907 FINE [http-nio-8080-exec-31] org.apache.catalina.core.StandardContext.filterStart Starting filters
17-Jan-2020 13:32:33.907 FINE [http-nio-8080-exec-31] org.apache.catalina.core.StandardContext.filterStart  Starting filter 'Tomcat WebSocket (JSR356) Filter'
17-Jan-2020 13:32:33.908 INFO [http-nio-8080-exec-31] org.apache.catalina.core.ApplicationContext.log default: DefaultServlet.init:  input buffer size=2048, output buffer size=2048
17-Jan-2020 13:32:34.584 INFO [http-nio-8080-exec-32] org.apache.catalina.core.ApplicationContext.log default: DefaultServlet.serveResource:  Serving resource '' headers and data
17-Jan-2020 13:32:34.588 INFO [http-nio-8080-exec-26] org.apache.catalina.core.ApplicationContext.log default: DefaultServlet.serveResource:  Serving resource '/index.html' headers and data
17-Jan-2020 13:32:34.638 INFO [http-nio-8080-exec-27] org.apache.catalina.core.ApplicationContext.log default: DefaultServlet.serveResource:  Serving resource '/css/style.css' headers and data
17-Jan-2020 13:32:34.639 INFO [http-nio-8080-exec-25] org.apache.catalina.core.ApplicationContext.log default: DefaultServlet.serveResource:  Serving resource '/css/bootstrap.css' headers and data
17-Jan-2020 13:32:34.674 INFO [http-nio-8080-exec-30] org.apache.catalina.core.ApplicationContext.log default: DefaultServlet.serveResource:  Serving resource '/css/font/CenturyGothic-Bold.woff' headers and data
17-Jan-2020 13:32:34.675 INFO [http-nio-8080-exec-23] org.apache.catalina.core.ApplicationContext.log default: DefaultServlet.serveResource:  Serving resource '/css/font/CenturyGothic-BoldItalic.woff' headers and data
17-Jan-2020 13:32:34.675 INFO [http-nio-8080-exec-24] org.apache.catalina.core.ApplicationContext.log default: DefaultServlet.serveResource:  Serving resource '/css/font/CenturyGothic.woff' headers and data
17-Jan-2020 13:32:34.678 INFO [http-nio-8080-exec-29] org.apache.catalina.core.ApplicationContext.log default: DefaultServlet.serveResource:  Serving resource '/css/font/CenturyGothic-Italic.woff' headers and data
17-Jan-2020 13:32:38.664 INFO [http-nio-8080-exec-33] org.apache.catalina.core.ApplicationContext.log default: DefaultServlet.serveResource:  Serving resource '/img/1.jpg' headers and data
17-Jan-2020 13:32:49.697 INFO [http-nio-8080-exec-25] org.apache.catalina.core.ApplicationContext.log default: DefaultServlet.serveResource:  Serving resource '/img/3.jpg' headers and data
17-Jan-2020 13:33:43.329 FINE [http-nio-8080-exec-25] org.apache.catalina.core.StandardContext.filterStop Stopping filters
17-Jan-2020 13:33:43.329 FINE [http-nio-8080-exec-25] org.apache.catalina.core.StandardContext.filterStop  Stopping filter 'Tomcat WebSocket (JSR356) Filter'
