03-Feb-2020 18:04:12.790 FINE [localhost-startStop-1] org.apache.catalina.core.StandardContext.listenerStart Sending application start events
03-Feb-2020 18:04:12.793 FINE [localhost-startStop-1] org.apache.catalina.core.StandardContext.filterStart Starting filters
03-Feb-2020 18:04:12.793 FINE [localhost-startStop-1] org.apache.catalina.core.StandardContext.filterStart  Starting filter 'Tomcat WebSocket (JSR356) Filter'
03-Feb-2020 18:04:12.801 INFO [localhost-startStop-1] org.apache.catalina.core.ApplicationContext.log default: DefaultServlet.init:  input buffer size=2048, output buffer size=2048
03-Feb-2020 18:04:13.149 FINE [localhost-startStop-1] org.apache.catalina.core.StandardContext.listenerStart  Configuring event listener class 'listeners.ContextListener'
03-Feb-2020 18:04:13.150 FINE [localhost-startStop-1] org.apache.catalina.core.StandardContext.listenerStart  Configuring event listener class 'listeners.SessionListener'
03-Feb-2020 18:04:13.151 FINE [localhost-startStop-1] org.apache.catalina.core.StandardContext.listenerStart  Configuring event listener class 'websocket.drawboard.DrawboardContextListener'
03-Feb-2020 18:04:13.152 FINE [localhost-startStop-1] org.apache.catalina.core.StandardContext.listenerStart Sending application start events
03-Feb-2020 18:04:13.152 INFO [localhost-startStop-1] org.apache.catalina.core.ApplicationContext.log ContextListener: contextInitialized()
03-Feb-2020 18:04:13.152 INFO [localhost-startStop-1] org.apache.catalina.core.ApplicationContext.log SessionListener: contextInitialized()
03-Feb-2020 18:04:13.152 FINE [localhost-startStop-1] org.apache.catalina.core.StandardContext.filterStart Starting filters
03-Feb-2020 18:04:13.152 FINE [localhost-startStop-1] org.apache.catalina.core.StandardContext.filterStart  Starting filter 'Set Character Encoding'
03-Feb-2020 18:04:13.154 FINE [localhost-startStop-1] org.apache.catalina.core.StandardContext.filterStart  Starting filter 'Compression Filter'
03-Feb-2020 18:04:13.155 FINE [localhost-startStop-1] org.apache.catalina.core.StandardContext.filterStart  Starting filter 'Request Dumper Filter'
03-Feb-2020 18:04:13.156 FINE [localhost-startStop-1] org.apache.catalina.core.StandardContext.filterStart  Starting filter 'Tomcat WebSocket (JSR356) Filter'
03-Feb-2020 18:04:13.156 FINE [localhost-startStop-1] org.apache.catalina.core.StandardContext.filterStart  Starting filter 'Timing Filter'
03-Feb-2020 18:04:13.156 INFO [localhost-startStop-1] org.apache.catalina.core.ApplicationContext.log default: DefaultServlet.init:  input buffer size=2048, output buffer size=2048
03-Feb-2020 18:05:09.779 FINE [localhost-startStop-2] org.apache.catalina.core.StandardContext.filterStop Stopping filters
03-Feb-2020 18:05:09.779 FINE [localhost-startStop-2] org.apache.catalina.core.StandardContext.filterStop  Stopping filter 'Set Character Encoding'
03-Feb-2020 18:05:09.779 FINE [localhost-startStop-2] org.apache.catalina.core.StandardContext.filterStop  Stopping filter 'Compression Filter'
03-Feb-2020 18:05:09.779 FINE [localhost-startStop-2] org.apache.catalina.core.StandardContext.filterStop  Stopping filter 'Request Dumper Filter'
03-Feb-2020 18:05:09.780 FINE [localhost-startStop-2] org.apache.catalina.core.StandardContext.filterStop  Stopping filter 'Tomcat WebSocket (JSR356) Filter'
03-Feb-2020 18:05:09.780 FINE [localhost-startStop-2] org.apache.catalina.core.StandardContext.filterStop  Stopping filter 'Timing Filter'
03-Feb-2020 18:05:09.780 INFO [localhost-startStop-2] org.apache.catalina.core.ApplicationContext.log SessionListener: contextDestroyed()
03-Feb-2020 18:05:09.780 INFO [localhost-startStop-2] org.apache.catalina.core.ApplicationContext.log ContextListener: contextDestroyed()
03-Feb-2020 18:05:09.789 FINE [localhost-startStop-2] org.apache.catalina.core.StandardContext.filterStop Stopping filters
03-Feb-2020 18:05:09.789 FINE [localhost-startStop-2] org.apache.catalina.core.StandardContext.filterStop  Stopping filter 'Tomcat WebSocket (JSR356) Filter'
03-Feb-2020 18:05:09.796 FINE [main] org.apache.catalina.core.StandardContext.filterStop Stopping filters
03-Feb-2020 18:05:09.796 FINE [main] org.apache.catalina.core.StandardContext.filterStop Stopping filters
03-Feb-2020 18:05:09.796 FINE [main] org.apache.catalina.core.StandardContext.filterStop Stopping filters
03-Feb-2020 18:06:43.282 FINE [localhost-startStop-1] org.apache.catalina.core.StandardContext.listenerStart Sending application start events
03-Feb-2020 18:06:43.284 FINE [localhost-startStop-1] org.apache.catalina.core.StandardContext.filterStart Starting filters
03-Feb-2020 18:06:43.284 FINE [localhost-startStop-1] org.apache.catalina.core.StandardContext.filterStart  Starting filter 'Tomcat WebSocket (JSR356) Filter'
03-Feb-2020 18:06:43.290 INFO [localhost-startStop-1] org.apache.catalina.core.ApplicationContext.log default: DefaultServlet.init:  input buffer size=2048, output buffer size=2048
03-Feb-2020 18:06:43.651 FINE [localhost-startStop-1] org.apache.catalina.core.StandardContext.listenerStart  Configuring event listener class 'listeners.ContextListener'
03-Feb-2020 18:06:43.651 FINE [localhost-startStop-1] org.apache.catalina.core.StandardContext.listenerStart  Configuring event listener class 'listeners.SessionListener'
03-Feb-2020 18:06:43.652 FINE [localhost-startStop-1] org.apache.catalina.core.StandardContext.listenerStart  Configuring event listener class 'websocket.drawboard.DrawboardContextListener'
03-Feb-2020 18:06:43.653 FINE [localhost-startStop-1] org.apache.catalina.core.StandardContext.listenerStart Sending application start events
03-Feb-2020 18:06:43.653 INFO [localhost-startStop-1] org.apache.catalina.core.ApplicationContext.log ContextListener: contextInitialized()
03-Feb-2020 18:06:43.653 INFO [localhost-startStop-1] org.apache.catalina.core.ApplicationContext.log SessionListener: contextInitialized()
03-Feb-2020 18:06:43.653 FINE [localhost-startStop-1] org.apache.catalina.core.StandardContext.filterStart Starting filters
03-Feb-2020 18:06:43.653 FINE [localhost-startStop-1] org.apache.catalina.core.StandardContext.filterStart  Starting filter 'Set Character Encoding'
03-Feb-2020 18:06:43.655 FINE [localhost-startStop-1] org.apache.catalina.core.StandardContext.filterStart  Starting filter 'Compression Filter'
03-Feb-2020 18:06:43.656 FINE [localhost-startStop-1] org.apache.catalina.core.StandardContext.filterStart  Starting filter 'Request Dumper Filter'
03-Feb-2020 18:06:43.657 FINE [localhost-startStop-1] org.apache.catalina.core.StandardContext.filterStart  Starting filter 'Tomcat WebSocket (JSR356) Filter'
03-Feb-2020 18:06:43.657 FINE [localhost-startStop-1] org.apache.catalina.core.StandardContext.filterStart  Starting filter 'Timing Filter'
03-Feb-2020 18:06:43.658 INFO [localhost-startStop-1] org.apache.catalina.core.ApplicationContext.log default: DefaultServlet.init:  input buffer size=2048, output buffer size=2048
03-Feb-2020 18:06:45.547 FINE [http-nio-8081-exec-1] org.apache.catalina.core.StandardContext.listenerStart Sending application start events
03-Feb-2020 18:06:45.548 FINE [http-nio-8081-exec-1] org.apache.catalina.core.StandardContext.filterStart Starting filters
03-Feb-2020 18:06:45.548 FINE [http-nio-8081-exec-1] org.apache.catalina.core.StandardContext.filterStart  Starting filter 'Tomcat WebSocket (JSR356) Filter'
03-Feb-2020 18:06:45.550 INFO [http-nio-8081-exec-1] org.apache.catalina.core.ApplicationContext.log default: DefaultServlet.init:  input buffer size=2048, output buffer size=2048
03-Feb-2020 18:06:46.271 INFO [http-nio-8081-exec-3] org.apache.catalina.core.ApplicationContext.log default: DefaultServlet.serveResource:  Serving resource '' headers and data
03-Feb-2020 18:06:46.277 INFO [http-nio-8081-exec-4] org.apache.catalina.core.ApplicationContext.log default: DefaultServlet.serveResource:  Serving resource '/index.html' headers and data
03-Feb-2020 18:06:46.279 INFO [http-nio-8081-exec-4] org.apache.catalina.core.ApplicationContext.log default: DefaultServlet.serveFile:  contentType='text/html'
03-Feb-2020 18:06:46.279 INFO [http-nio-8081-exec-4] org.apache.catalina.core.ApplicationContext.log default: DefaultServlet.serveFile:  contentLength=1673
03-Feb-2020 18:06:46.338 INFO [http-nio-8081-exec-5] org.apache.catalina.core.ApplicationContext.log default: DefaultServlet.serveResource:  Serving resource '/css/style.css' headers and data
03-Feb-2020 18:06:46.338 INFO [http-nio-8081-exec-5] org.apache.catalina.core.ApplicationContext.log default: DefaultServlet.serveFile:  contentType='text/css'
03-Feb-2020 18:06:46.338 INFO [http-nio-8081-exec-5] org.apache.catalina.core.ApplicationContext.log default: DefaultServlet.serveFile:  contentLength=2115
03-Feb-2020 18:06:46.634 INFO [http-nio-8081-exec-6] org.apache.catalina.core.ApplicationContext.log default: DefaultServlet.serveResource:  Serving resource '/css/font/CenturyGothic-Bold.woff' headers and data
03-Feb-2020 18:06:46.635 INFO [http-nio-8081-exec-6] org.apache.catalina.core.ApplicationContext.log default: DefaultServlet.serveFile:  contentType='application/x-font-woff'
03-Feb-2020 18:06:46.635 INFO [http-nio-8081-exec-8] org.apache.catalina.core.ApplicationContext.log default: DefaultServlet.serveResource:  Serving resource '/css/font/CenturyGothic.woff' headers and data
03-Feb-2020 18:06:46.635 INFO [http-nio-8081-exec-9] org.apache.catalina.core.ApplicationContext.log default: DefaultServlet.serveResource:  Serving resource '/css/font/CenturyGothic-Italic.woff' headers and data
03-Feb-2020 18:06:46.635 INFO [http-nio-8081-exec-6] org.apache.catalina.core.ApplicationContext.log default: DefaultServlet.serveFile:  contentLength=63424
03-Feb-2020 18:06:46.635 INFO [http-nio-8081-exec-7] org.apache.catalina.core.ApplicationContext.log default: DefaultServlet.serveResource:  Serving resource '/css/font/CenturyGothic-BoldItalic.woff' headers and data
03-Feb-2020 18:06:46.635 INFO [http-nio-8081-exec-8] org.apache.catalina.core.ApplicationContext.log default: DefaultServlet.serveFile:  contentType='application/x-font-woff'
03-Feb-2020 18:06:46.635 INFO [http-nio-8081-exec-8] org.apache.catalina.core.ApplicationContext.log default: DefaultServlet.serveFile:  contentLength=70096
03-Feb-2020 18:06:46.635 INFO [http-nio-8081-exec-9] org.apache.catalina.core.ApplicationContext.log default: DefaultServlet.serveFile:  contentType='application/x-font-woff'
03-Feb-2020 18:06:46.636 INFO [http-nio-8081-exec-9] org.apache.catalina.core.ApplicationContext.log default: DefaultServlet.serveFile:  contentLength=35588
03-Feb-2020 18:06:46.636 INFO [http-nio-8081-exec-7] org.apache.catalina.core.ApplicationContext.log default: DefaultServlet.serveFile:  contentType='application/x-font-woff'
03-Feb-2020 18:06:46.636 INFO [http-nio-8081-exec-7] org.apache.catalina.core.ApplicationContext.log default: DefaultServlet.serveFile:  contentLength=68436
03-Feb-2020 18:06:49.376 INFO [http-nio-8081-exec-1] org.apache.catalina.core.ApplicationContext.log default: DefaultServlet.serveResource:  Serving resource '/registration.html' headers and data
03-Feb-2020 18:06:49.377 INFO [http-nio-8081-exec-1] org.apache.catalina.core.ApplicationContext.log default: DefaultServlet.serveFile:  contentType='text/html'
03-Feb-2020 18:06:49.377 INFO [http-nio-8081-exec-1] org.apache.catalina.core.ApplicationContext.log default: DefaultServlet.serveFile:  contentLength=2063
03-Feb-2020 18:06:49.384 INFO [http-nio-8081-exec-2] org.apache.catalina.core.ApplicationContext.log default: DefaultServlet.serveResource:  Serving resource '/css/style.css' headers and data
03-Feb-2020 18:06:49.444 INFO [http-nio-8081-exec-3] org.apache.catalina.core.ApplicationContext.log default: DefaultServlet.serveResource:  Serving resource '/css/font/CenturyGothic-Bold.woff' headers and data
03-Feb-2020 18:06:49.445 INFO [http-nio-8081-exec-4] org.apache.catalina.core.ApplicationContext.log default: DefaultServlet.serveResource:  Serving resource '/css/font/CenturyGothic-BoldItalic.woff' headers and data
03-Feb-2020 18:06:49.446 INFO [http-nio-8081-exec-5] org.apache.catalina.core.ApplicationContext.log default: DefaultServlet.serveResource:  Serving resource '/css/font/CenturyGothic.woff' headers and data
03-Feb-2020 18:06:49.447 INFO [http-nio-8081-exec-9] org.apache.catalina.core.ApplicationContext.log default: DefaultServlet.serveResource:  Serving resource '/css/font/CenturyGothic-Italic.woff' headers and data
03-Feb-2020 18:06:55.261 INFO [http-nio-8081-exec-8] org.apache.catalina.core.ApplicationContext.log default: DefaultServlet.serveResource:  Serving resource '/access.html' headers and data
03-Feb-2020 18:06:55.262 INFO [http-nio-8081-exec-8] org.apache.catalina.core.ApplicationContext.log default: DefaultServlet.serveFile:  contentType='text/html'
03-Feb-2020 18:06:55.262 INFO [http-nio-8081-exec-8] org.apache.catalina.core.ApplicationContext.log default: DefaultServlet.serveFile:  contentLength=1849
03-Feb-2020 18:06:55.272 INFO [http-nio-8081-exec-10] org.apache.catalina.core.ApplicationContext.log default: DefaultServlet.serveResource:  Serving resource '/css/style.css' headers and data
03-Feb-2020 18:06:55.319 INFO [http-nio-8081-exec-1] org.apache.catalina.core.ApplicationContext.log default: DefaultServlet.serveResource:  Serving resource '/css/font/CenturyGothic-Bold.woff' headers and data
03-Feb-2020 18:06:55.319 INFO [http-nio-8081-exec-2] org.apache.catalina.core.ApplicationContext.log default: DefaultServlet.serveResource:  Serving resource '/css/font/CenturyGothic-BoldItalic.woff' headers and data
03-Feb-2020 18:06:55.320 INFO [http-nio-8081-exec-3] org.apache.catalina.core.ApplicationContext.log default: DefaultServlet.serveResource:  Serving resource '/css/font/CenturyGothic.woff' headers and data
03-Feb-2020 18:06:55.321 INFO [http-nio-8081-exec-4] org.apache.catalina.core.ApplicationContext.log default: DefaultServlet.serveResource:  Serving resource '/css/font/CenturyGothic-Italic.woff' headers and data
03-Feb-2020 18:09:54.787 FINE [http-nio-8081-exec-9] org.apache.catalina.core.StandardContext.filterStop Stopping filters
03-Feb-2020 18:09:54.787 FINE [http-nio-8081-exec-9] org.apache.catalina.core.StandardContext.filterStop  Stopping filter 'Tomcat WebSocket (JSR356) Filter'
03-Feb-2020 18:09:55.916 FINE [http-nio-8081-exec-9] org.apache.catalina.core.StandardContext.listenerStart Sending application start events
03-Feb-2020 18:09:55.917 FINE [http-nio-8081-exec-9] org.apache.catalina.core.StandardContext.filterStart Starting filters
03-Feb-2020 18:09:55.917 FINE [http-nio-8081-exec-9] org.apache.catalina.core.StandardContext.filterStart  Starting filter 'Tomcat WebSocket (JSR356) Filter'
03-Feb-2020 18:09:55.917 INFO [http-nio-8081-exec-9] org.apache.catalina.core.ApplicationContext.log default: DefaultServlet.init:  input buffer size=2048, output buffer size=2048
03-Feb-2020 18:09:55.945 FINE [http-nio-8081-exec-8] org.apache.catalina.core.StandardContext.filterStop Stopping filters
03-Feb-2020 18:09:55.945 FINE [http-nio-8081-exec-8] org.apache.catalina.core.StandardContext.filterStop  Stopping filter 'Tomcat WebSocket (JSR356) Filter'
03-Feb-2020 18:09:56.938 FINE [http-nio-8081-exec-8] org.apache.catalina.core.StandardContext.listenerStart Sending application start events
03-Feb-2020 18:09:56.938 FINE [http-nio-8081-exec-8] org.apache.catalina.core.StandardContext.filterStart Starting filters
03-Feb-2020 18:09:56.938 FINE [http-nio-8081-exec-8] org.apache.catalina.core.StandardContext.filterStart  Starting filter 'Tomcat WebSocket (JSR356) Filter'
03-Feb-2020 18:09:56.938 INFO [http-nio-8081-exec-8] org.apache.catalina.core.ApplicationContext.log default: DefaultServlet.init:  input buffer size=2048, output buffer size=2048
03-Feb-2020 18:14:12.137 FINE [http-nio-8081-exec-17] org.apache.catalina.core.StandardContext.filterStop Stopping filters
03-Feb-2020 18:14:12.138 FINE [http-nio-8081-exec-17] org.apache.catalina.core.StandardContext.filterStop  Stopping filter 'Tomcat WebSocket (JSR356) Filter'
03-Feb-2020 18:14:13.205 FINE [http-nio-8081-exec-17] org.apache.catalina.core.StandardContext.listenerStart Sending application start events
03-Feb-2020 18:14:13.206 FINE [http-nio-8081-exec-17] org.apache.catalina.core.StandardContext.filterStart Starting filters
03-Feb-2020 18:14:13.206 FINE [http-nio-8081-exec-17] org.apache.catalina.core.StandardContext.filterStart  Starting filter 'Tomcat WebSocket (JSR356) Filter'
03-Feb-2020 18:14:13.206 INFO [http-nio-8081-exec-17] org.apache.catalina.core.ApplicationContext.log default: DefaultServlet.init:  input buffer size=2048, output buffer size=2048
03-Feb-2020 18:16:19.908 FINE [http-nio-8081-exec-1] org.apache.catalina.core.StandardContext.filterStop Stopping filters
03-Feb-2020 18:16:19.908 FINE [http-nio-8081-exec-1] org.apache.catalina.core.StandardContext.filterStop  Stopping filter 'Tomcat WebSocket (JSR356) Filter'
03-Feb-2020 18:16:20.996 FINE [http-nio-8081-exec-1] org.apache.catalina.core.StandardContext.listenerStart Sending application start events
03-Feb-2020 18:16:20.997 FINE [http-nio-8081-exec-1] org.apache.catalina.core.StandardContext.filterStart Starting filters
03-Feb-2020 18:16:20.997 FINE [http-nio-8081-exec-1] org.apache.catalina.core.StandardContext.filterStart  Starting filter 'Tomcat WebSocket (JSR356) Filter'
03-Feb-2020 18:16:20.997 INFO [http-nio-8081-exec-1] org.apache.catalina.core.ApplicationContext.log default: DefaultServlet.init:  input buffer size=2048, output buffer size=2048
03-Feb-2020 18:17:06.611 FINE [http-nio-8081-exec-24] org.apache.catalina.core.StandardContext.filterStop Stopping filters
03-Feb-2020 18:17:06.611 FINE [http-nio-8081-exec-24] org.apache.catalina.core.StandardContext.filterStop  Stopping filter 'Tomcat WebSocket (JSR356) Filter'
03-Feb-2020 18:17:07.648 FINE [http-nio-8081-exec-24] org.apache.catalina.core.StandardContext.listenerStart Sending application start events
03-Feb-2020 18:17:07.648 FINE [http-nio-8081-exec-24] org.apache.catalina.core.StandardContext.filterStart Starting filters
03-Feb-2020 18:17:07.648 FINE [http-nio-8081-exec-24] org.apache.catalina.core.StandardContext.filterStart  Starting filter 'Tomcat WebSocket (JSR356) Filter'
03-Feb-2020 18:17:07.649 INFO [http-nio-8081-exec-24] org.apache.catalina.core.ApplicationContext.log default: DefaultServlet.init:  input buffer size=2048, output buffer size=2048
03-Feb-2020 18:17:17.977 FINE [http-nio-8081-exec-28] org.apache.catalina.core.StandardContext.filterStop Stopping filters
03-Feb-2020 18:17:17.977 FINE [http-nio-8081-exec-28] org.apache.catalina.core.StandardContext.filterStop  Stopping filter 'Tomcat WebSocket (JSR356) Filter'
03-Feb-2020 18:17:19.059 FINE [http-nio-8081-exec-28] org.apache.catalina.core.StandardContext.listenerStart Sending application start events
03-Feb-2020 18:17:19.060 FINE [http-nio-8081-exec-28] org.apache.catalina.core.StandardContext.filterStart Starting filters
03-Feb-2020 18:17:19.060 FINE [http-nio-8081-exec-28] org.apache.catalina.core.StandardContext.filterStart  Starting filter 'Tomcat WebSocket (JSR356) Filter'
03-Feb-2020 18:17:19.060 INFO [http-nio-8081-exec-28] org.apache.catalina.core.ApplicationContext.log default: DefaultServlet.init:  input buffer size=2048, output buffer size=2048
03-Feb-2020 18:17:19.449 FINE [http-nio-8081-exec-12] org.apache.catalina.core.StandardContext.filterStop Stopping filters
03-Feb-2020 18:17:19.449 FINE [http-nio-8081-exec-12] org.apache.catalina.core.StandardContext.filterStop  Stopping filter 'Tomcat WebSocket (JSR356) Filter'
03-Feb-2020 18:17:20.555 FINE [http-nio-8081-exec-12] org.apache.catalina.core.StandardContext.listenerStart Sending application start events
03-Feb-2020 18:17:20.555 FINE [http-nio-8081-exec-12] org.apache.catalina.core.StandardContext.filterStart Starting filters
03-Feb-2020 18:17:20.555 FINE [http-nio-8081-exec-12] org.apache.catalina.core.StandardContext.filterStart  Starting filter 'Tomcat WebSocket (JSR356) Filter'
03-Feb-2020 18:17:20.556 INFO [http-nio-8081-exec-12] org.apache.catalina.core.ApplicationContext.log default: DefaultServlet.init:  input buffer size=2048, output buffer size=2048
03-Feb-2020 18:18:23.704 FINE [http-nio-8081-exec-35] org.apache.catalina.core.StandardContext.filterStop Stopping filters
03-Feb-2020 18:18:23.704 FINE [http-nio-8081-exec-35] org.apache.catalina.core.StandardContext.filterStop  Stopping filter 'Tomcat WebSocket (JSR356) Filter'
03-Feb-2020 18:18:24.699 FINE [http-nio-8081-exec-35] org.apache.catalina.core.StandardContext.listenerStart Sending application start events
03-Feb-2020 18:18:24.700 FINE [http-nio-8081-exec-35] org.apache.catalina.core.StandardContext.filterStart Starting filters
03-Feb-2020 18:18:24.700 FINE [http-nio-8081-exec-35] org.apache.catalina.core.StandardContext.filterStart  Starting filter 'Tomcat WebSocket (JSR356) Filter'
03-Feb-2020 18:18:24.700 INFO [http-nio-8081-exec-35] org.apache.catalina.core.ApplicationContext.log default: DefaultServlet.init:  input buffer size=2048, output buffer size=2048
03-Feb-2020 18:21:17.487 FINE [http-nio-8081-exec-41] org.apache.catalina.core.StandardContext.filterStop Stopping filters
03-Feb-2020 18:21:17.487 FINE [http-nio-8081-exec-41] org.apache.catalina.core.StandardContext.filterStop  Stopping filter 'Tomcat WebSocket (JSR356) Filter'
03-Feb-2020 18:21:18.496 FINE [http-nio-8081-exec-41] org.apache.catalina.core.StandardContext.listenerStart Sending application start events
03-Feb-2020 18:21:18.496 FINE [http-nio-8081-exec-41] org.apache.catalina.core.StandardContext.filterStart Starting filters
03-Feb-2020 18:21:18.496 FINE [http-nio-8081-exec-41] org.apache.catalina.core.StandardContext.filterStart  Starting filter 'Tomcat WebSocket (JSR356) Filter'
03-Feb-2020 18:21:18.497 INFO [http-nio-8081-exec-41] org.apache.catalina.core.ApplicationContext.log default: DefaultServlet.init:  input buffer size=2048, output buffer size=2048
03-Feb-2020 18:21:43.924 FINE [http-nio-8081-exec-26] org.apache.catalina.core.StandardContext.filterStop Stopping filters
03-Feb-2020 18:21:43.924 FINE [http-nio-8081-exec-26] org.apache.catalina.core.StandardContext.filterStop  Stopping filter 'Tomcat WebSocket (JSR356) Filter'
03-Feb-2020 18:21:44.996 FINE [http-nio-8081-exec-26] org.apache.catalina.core.StandardContext.listenerStart Sending application start events
03-Feb-2020 18:21:44.997 FINE [http-nio-8081-exec-26] org.apache.catalina.core.StandardContext.filterStart Starting filters
03-Feb-2020 18:21:44.997 FINE [http-nio-8081-exec-26] org.apache.catalina.core.StandardContext.filterStart  Starting filter 'Tomcat WebSocket (JSR356) Filter'
03-Feb-2020 18:21:44.997 INFO [http-nio-8081-exec-26] org.apache.catalina.core.ApplicationContext.log default: DefaultServlet.init:  input buffer size=2048, output buffer size=2048
03-Feb-2020 18:23:33.565 FINE [http-nio-8081-exec-48] org.apache.catalina.core.StandardContext.filterStop Stopping filters
03-Feb-2020 18:23:33.565 FINE [http-nio-8081-exec-48] org.apache.catalina.core.StandardContext.filterStop  Stopping filter 'Tomcat WebSocket (JSR356) Filter'
03-Feb-2020 18:23:34.580 FINE [http-nio-8081-exec-48] org.apache.catalina.core.StandardContext.listenerStart Sending application start events
03-Feb-2020 18:23:34.580 FINE [http-nio-8081-exec-48] org.apache.catalina.core.StandardContext.filterStart Starting filters
03-Feb-2020 18:23:34.580 FINE [http-nio-8081-exec-48] org.apache.catalina.core.StandardContext.filterStart  Starting filter 'Tomcat WebSocket (JSR356) Filter'
03-Feb-2020 18:23:34.581 INFO [http-nio-8081-exec-48] org.apache.catalina.core.ApplicationContext.log default: DefaultServlet.init:  input buffer size=2048, output buffer size=2048
03-Feb-2020 18:23:47.638 FINE [localhost-startStop-2] org.apache.catalina.core.StandardContext.filterStop Stopping filters
03-Feb-2020 18:23:47.638 FINE [localhost-startStop-2] org.apache.catalina.core.StandardContext.filterStop  Stopping filter 'Set Character Encoding'
03-Feb-2020 18:23:47.638 FINE [localhost-startStop-2] org.apache.catalina.core.StandardContext.filterStop  Stopping filter 'Compression Filter'
03-Feb-2020 18:23:47.638 FINE [localhost-startStop-2] org.apache.catalina.core.StandardContext.filterStop  Stopping filter 'Request Dumper Filter'
03-Feb-2020 18:23:47.638 FINE [localhost-startStop-2] org.apache.catalina.core.StandardContext.filterStop  Stopping filter 'Tomcat WebSocket (JSR356) Filter'
03-Feb-2020 18:23:47.638 FINE [localhost-startStop-2] org.apache.catalina.core.StandardContext.filterStop  Stopping filter 'Timing Filter'
03-Feb-2020 18:23:47.638 INFO [localhost-startStop-2] org.apache.catalina.core.ApplicationContext.log SessionListener: contextDestroyed()
03-Feb-2020 18:23:47.638 INFO [localhost-startStop-2] org.apache.catalina.core.ApplicationContext.log ContextListener: contextDestroyed()
03-Feb-2020 18:23:47.643 FINE [localhost-startStop-2] org.apache.catalina.core.StandardContext.filterStop Stopping filters
03-Feb-2020 18:23:47.643 FINE [localhost-startStop-2] org.apache.catalina.core.StandardContext.filterStop  Stopping filter 'Tomcat WebSocket (JSR356) Filter'
03-Feb-2020 18:23:47.645 FINE [localhost-startStop-2] org.apache.catalina.core.StandardContext.filterStop Stopping filters
03-Feb-2020 18:23:47.645 FINE [localhost-startStop-2] org.apache.catalina.core.StandardContext.filterStop  Stopping filter 'Tomcat WebSocket (JSR356) Filter'
03-Feb-2020 18:23:47.651 FINE [main] org.apache.catalina.core.StandardContext.filterStop Stopping filters
03-Feb-2020 18:23:47.651 FINE [main] org.apache.catalina.core.StandardContext.filterStop Stopping filters
03-Feb-2020 18:23:47.651 FINE [main] org.apache.catalina.core.StandardContext.filterStop Stopping filters
