19-Apr-2018 00:06:19.287 INFO [http-nio-8080-exec-18] org.apache.catalina.core.ApplicationContext.log Manager: list: Listing contexts for virtual host 'localhost'
19-Apr-2018 00:06:19.355 INFO [http-nio-8080-exec-19] org.apache.catalina.core.ApplicationContext.log Manager: list: Listing contexts for virtual host 'localhost'
19-Apr-2018 00:06:19.404 INFO [http-nio-8080-exec-20] org.apache.catalina.core.ApplicationContext.log Manager: install: Installing context configuration at 'file:/var/folders/1c/g851qhds387cf7z065l4vwgc0000gp/T/context5680785187438348808.xml'
19-Apr-2018 00:06:28.070 INFO [http-nio-8080-exec-19] org.apache.catalina.core.ApplicationContext.log Manager: list: Listing contexts for virtual host 'localhost'
19-Apr-2018 00:06:28.114 INFO [http-nio-8080-exec-20] org.apache.catalina.core.ApplicationContext.log Manager: undeploy: Undeploying web application at '/WSpring-4.1.6'
19-Apr-2018 00:06:28.665 INFO [http-nio-8080-exec-13] org.apache.catalina.core.ApplicationContext.log Manager: install: Installing context configuration at 'file:/var/folders/1c/g851qhds387cf7z065l4vwgc0000gp/T/context827117807970329584.xml'
19-Apr-2018 00:10:17.513 INFO [http-nio-8080-exec-18] org.apache.catalina.core.ApplicationContext.log Manager: list: Listing contexts for virtual host 'localhost'
19-Apr-2018 00:10:17.555 INFO [http-nio-8080-exec-23] org.apache.catalina.core.ApplicationContext.log Manager: undeploy: Undeploying web application at '/WSpring-4.1.6'
19-Apr-2018 00:10:18.132 INFO [http-nio-8080-exec-27] org.apache.catalina.core.ApplicationContext.log Manager: install: Installing context configuration at 'file:/var/folders/1c/g851qhds387cf7z065l4vwgc0000gp/T/context6012513197051726939.xml'
19-Apr-2018 00:24:45.706 INFO [http-nio-8080-exec-36] org.apache.catalina.core.ApplicationContext.log Manager: list: Listing contexts for virtual host 'localhost'
19-Apr-2018 00:24:48.209 INFO [http-nio-8080-exec-35] org.apache.catalina.core.ApplicationContext.log Manager: list: Listing contexts for virtual host 'localhost'
19-Apr-2018 00:24:48.250 INFO [http-nio-8080-exec-36] org.apache.catalina.core.ApplicationContext.log Manager: undeploy: Undeploying web application at '/WSpring-4.1.6'
19-Apr-2018 00:24:48.841 INFO [http-nio-8080-exec-35] org.apache.catalina.core.ApplicationContext.log Manager: install: Installing context configuration at 'file:/var/folders/1c/g851qhds387cf7z065l4vwgc0000gp/T/context7820648109180828470.xml'
19-Apr-2018 00:25:34.162 INFO [http-nio-8080-exec-41] org.apache.catalina.core.ApplicationContext.log Manager: list: Listing contexts for virtual host 'localhost'
19-Apr-2018 00:25:34.220 INFO [http-nio-8080-exec-42] org.apache.catalina.core.ApplicationContext.log Manager: undeploy: Undeploying web application at '/WSpring-4.1.6'
19-Apr-2018 00:25:34.821 INFO [http-nio-8080-exec-41] org.apache.catalina.core.ApplicationContext.log Manager: install: Installing context configuration at 'file:/var/folders/1c/g851qhds387cf7z065l4vwgc0000gp/T/context2329190568527496165.xml'
19-Apr-2018 20:46:51.909 INFO [http-nio-8080-exec-6] org.apache.catalina.core.ApplicationContext.log Manager: init: Associated with Deployer 'Catalina:type=Deployer,host=localhost'
19-Apr-2018 20:46:51.910 INFO [http-nio-8080-exec-6] org.apache.catalina.core.ApplicationContext.log Manager: init: Global resources are available
19-Apr-2018 20:46:51.928 INFO [http-nio-8080-exec-6] org.apache.catalina.core.ApplicationContext.log Manager: list: Listing contexts for virtual host 'localhost'
19-Apr-2018 20:46:51.938 INFO [http-nio-8080-exec-7] org.apache.catalina.core.ApplicationContext.log Manager: list: Listing contexts for virtual host 'localhost'
19-Apr-2018 20:46:52.047 INFO [http-nio-8080-exec-5] org.apache.catalina.core.ApplicationContext.log Manager: undeploy: Undeploying web application at '/WSpring'
19-Apr-2018 20:46:52.615 INFO [http-nio-8080-exec-8] org.apache.catalina.core.ApplicationContext.log Manager: install: Installing context configuration at 'file:/var/folders/1c/g851qhds387cf7z065l4vwgc0000gp/T/context8105062757016191334.xml'
19-Apr-2018 20:49:26.883 INFO [http-nio-8080-exec-10] org.apache.catalina.core.ApplicationContext.log Manager: list: Listing contexts for virtual host 'localhost'
19-Apr-2018 20:49:26.899 INFO [http-nio-8080-exec-15] org.apache.catalina.core.ApplicationContext.log Manager: list: Listing contexts for virtual host 'localhost'
19-Apr-2018 20:49:26.961 INFO [http-nio-8080-exec-11] org.apache.catalina.core.ApplicationContext.log Manager: undeploy: Undeploying web application at '/WSpring'
19-Apr-2018 20:49:27.534 INFO [http-nio-8080-exec-13] org.apache.catalina.core.ApplicationContext.log Manager: install: Installing context configuration at 'file:/var/folders/1c/g851qhds387cf7z065l4vwgc0000gp/T/context169854258682315814.xml'
19-Apr-2018 20:52:01.096 INFO [http-nio-8080-exec-18] org.apache.catalina.core.ApplicationContext.log Manager: list: Listing contexts for virtual host 'localhost'
19-Apr-2018 20:52:01.111 INFO [http-nio-8080-exec-19] org.apache.catalina.core.ApplicationContext.log Manager: list: Listing contexts for virtual host 'localhost'
19-Apr-2018 20:52:05.666 INFO [http-nio-8080-exec-21] org.apache.catalina.core.ApplicationContext.log Manager: undeploy: Undeploying web application at '/WSpring'
19-Apr-2018 20:52:06.219 INFO [http-nio-8080-exec-22] org.apache.catalina.core.ApplicationContext.log Manager: list: Listing contexts for virtual host 'localhost'
19-Apr-2018 20:52:06.229 INFO [http-nio-8080-exec-1] org.apache.catalina.core.ApplicationContext.log Manager: list: Listing contexts for virtual host 'localhost'
19-Apr-2018 20:52:09.444 INFO [http-nio-8080-exec-3] org.apache.catalina.core.ApplicationContext.log Manager: undeploy: Undeploying web application at '/WSpring-4.1.6'
19-Apr-2018 20:52:09.964 INFO [http-nio-8080-exec-20] org.apache.catalina.core.ApplicationContext.log Manager: list: Listing contexts for virtual host 'localhost'
19-Apr-2018 20:52:09.967 INFO [http-nio-8080-exec-22] org.apache.catalina.core.ApplicationContext.log Manager: list: Listing contexts for virtual host 'localhost'
19-Apr-2018 20:52:13.073 INFO [http-nio-8080-exec-1] org.apache.catalina.core.ApplicationContext.log Manager: undeploy: Undeploying web application at '/WebSpring05'
19-Apr-2018 20:52:13.605 INFO [http-nio-8080-exec-18] org.apache.catalina.core.ApplicationContext.log Manager: list: Listing contexts for virtual host 'localhost'
19-Apr-2018 20:52:13.613 INFO [http-nio-8080-exec-20] org.apache.catalina.core.ApplicationContext.log Manager: list: Listing contexts for virtual host 'localhost'
19-Apr-2018 20:52:26.841 INFO [http-nio-8080-exec-20] org.apache.catalina.core.ApplicationContext.log Manager: list: Listing contexts for virtual host 'localhost'
19-Apr-2018 20:52:26.858 INFO [http-nio-8080-exec-26] org.apache.catalina.core.ApplicationContext.log Manager: list: Listing contexts for virtual host 'localhost'
19-Apr-2018 20:52:26.894 INFO [http-nio-8080-exec-27] org.apache.catalina.core.ApplicationContext.log Manager: install: Installing context configuration at 'file:/var/folders/1c/g851qhds387cf7z065l4vwgc0000gp/T/context5079403303620025637.xml'
19-Apr-2018 21:10:44.941 INFO [http-nio-8080-exec-29] org.apache.catalina.core.ApplicationContext.log Manager: list: Listing contexts for virtual host 'localhost'
19-Apr-2018 21:10:44.993 INFO [http-nio-8080-exec-30] org.apache.catalina.core.ApplicationContext.log Manager: undeploy: Undeploying web application at '/WSpring'
19-Apr-2018 21:12:41.463 INFO [http-nio-8080-exec-28] org.apache.catalina.core.ApplicationContext.log Manager: list: Listing contexts for virtual host 'localhost'
19-Apr-2018 21:12:44.279 INFO [http-nio-8080-exec-25] org.apache.catalina.core.ApplicationContext.log Manager: list: Listing contexts for virtual host 'localhost'
19-Apr-2018 21:15:05.113 INFO [http-nio-8080-exec-38] org.apache.catalina.core.ApplicationContext.log Manager: list: Listing contexts for virtual host 'localhost'
19-Apr-2018 21:15:15.396 INFO [http-nio-8080-exec-39] org.apache.catalina.core.ApplicationContext.log Manager: list: Listing contexts for virtual host 'localhost'
19-Apr-2018 22:02:22.792 INFO [http-nio-8080-exec-39] org.apache.catalina.core.ApplicationContext.log Manager: list: Listing contexts for virtual host 'localhost'
19-Apr-2018 22:02:22.802 INFO [http-nio-8080-exec-37] org.apache.catalina.core.ApplicationContext.log Manager: list: Listing contexts for virtual host 'localhost'
19-Apr-2018 22:02:22.849 INFO [http-nio-8080-exec-35] org.apache.catalina.core.ApplicationContext.log Manager: install: Installing context configuration at 'file:/var/folders/1c/g851qhds387cf7z065l4vwgc0000gp/T/context4575737086914198293.xml'
19-Apr-2018 22:02:28.173 INFO [http-nio-8080-exec-36] org.apache.catalina.core.ApplicationContext.log Manager: start: Starting web application '/WebSpringSkel'
19-Apr-2018 22:03:31.743 INFO [http-nio-8080-exec-42] org.apache.catalina.core.ApplicationContext.log Manager: list: Listing contexts for virtual host 'localhost'
19-Apr-2018 22:03:31.753 INFO [http-nio-8080-exec-43] org.apache.catalina.core.ApplicationContext.log Manager: list: Listing contexts for virtual host 'localhost'
19-Apr-2018 22:08:27.409 INFO [http-nio-8080-exec-38] org.apache.catalina.core.ApplicationContext.log Manager: list: Listing contexts for virtual host 'localhost'
19-Apr-2018 22:08:27.430 INFO [http-nio-8080-exec-40] org.apache.catalina.core.ApplicationContext.log Manager: list: Listing contexts for virtual host 'localhost'
19-Apr-2018 22:08:27.477 INFO [http-nio-8080-exec-41] org.apache.catalina.core.ApplicationContext.log Manager: stop: Stopping web application '/WebSpringSkel'
19-Apr-2018 22:08:27.616 INFO [http-nio-8080-exec-38] org.apache.catalina.core.ApplicationContext.log Manager: start: Starting web application '/WebSpringSkel'
19-Apr-2018 22:15:58.976 INFO [http-nio-8080-exec-53] org.apache.catalina.core.ApplicationContext.log Manager: list: Listing contexts for virtual host 'localhost'
19-Apr-2018 22:15:58.990 INFO [http-nio-8080-exec-54] org.apache.catalina.core.ApplicationContext.log Manager: list: Listing contexts for virtual host 'localhost'
19-Apr-2018 22:15:59.047 INFO [http-nio-8080-exec-45] org.apache.catalina.core.ApplicationContext.log Manager: stop: Stopping web application '/WebSpringSkel'
19-Apr-2018 22:15:59.119 INFO [http-nio-8080-exec-47] org.apache.catalina.core.ApplicationContext.log Manager: start: Starting web application '/WebSpringSkel'
19-Apr-2018 22:18:19.501 INFO [http-nio-8080-exec-61] org.apache.catalina.core.ApplicationContext.log Manager: list: Listing contexts for virtual host 'localhost'
19-Apr-2018 22:18:19.524 INFO [http-nio-8080-exec-62] org.apache.catalina.core.ApplicationContext.log Manager: stop: Stopping web application '/WebSpringSkel'
19-Apr-2018 22:18:19.601 INFO [http-nio-8080-exec-55] org.apache.catalina.core.ApplicationContext.log Manager: start: Starting web application '/WebSpringSkel'
19-Apr-2018 22:18:28.447 INFO [http-nio-8080-exec-65] org.apache.catalina.core.ApplicationContext.log Manager: list: Listing contexts for virtual host 'localhost'
19-Apr-2018 22:18:28.456 INFO [http-nio-8080-exec-66] org.apache.catalina.core.ApplicationContext.log Manager: list: Listing contexts for virtual host 'localhost'
19-Apr-2018 22:18:28.503 INFO [http-nio-8080-exec-58] org.apache.catalina.core.ApplicationContext.log Manager: stop: Stopping web application '/WebSpringSkel'
19-Apr-2018 22:18:28.527 INFO [http-nio-8080-exec-67] org.apache.catalina.core.ApplicationContext.log Manager: start: Starting web application '/WebSpringSkel'
19-Apr-2018 22:19:12.515 INFO [http-nio-8080-exec-68] org.apache.catalina.core.ApplicationContext.log Manager: list: Listing contexts for virtual host 'localhost'
19-Apr-2018 22:19:12.523 INFO [http-nio-8080-exec-69] org.apache.catalina.core.ApplicationContext.log Manager: list: Listing contexts for virtual host 'localhost'
19-Apr-2018 22:19:12.575 INFO [http-nio-8080-exec-70] org.apache.catalina.core.ApplicationContext.log Manager: stop: Stopping web application '/WebSpringSkel'
19-Apr-2018 22:19:12.596 INFO [http-nio-8080-exec-59] org.apache.catalina.core.ApplicationContext.log Manager: start: Starting web application '/WebSpringSkel'
19-Apr-2018 22:19:59.027 INFO [http-nio-8080-exec-71] org.apache.catalina.core.ApplicationContext.log Manager: list: Listing contexts for virtual host 'localhost'
19-Apr-2018 22:19:59.037 INFO [http-nio-8080-exec-72] org.apache.catalina.core.ApplicationContext.log Manager: list: Listing contexts for virtual host 'localhost'
19-Apr-2018 22:19:59.066 INFO [http-nio-8080-exec-69] org.apache.catalina.core.ApplicationContext.log Manager: undeploy: Undeploying web application at '/WebSpringSkel'
19-Apr-2018 22:19:59.608 INFO [http-nio-8080-exec-73] org.apache.catalina.core.ApplicationContext.log Manager: install: Installing context configuration at 'file:/var/folders/1c/g851qhds387cf7z065l4vwgc0000gp/T/context4723465145132731386.xml'
19-Apr-2018 22:20:02.772 INFO [http-nio-8080-exec-69] org.apache.catalina.core.ApplicationContext.log Manager: list: Listing contexts for virtual host 'localhost'
19-Apr-2018 22:20:02.782 INFO [http-nio-8080-exec-74] org.apache.catalina.core.ApplicationContext.log Manager: list: Listing contexts for virtual host 'localhost'
19-Apr-2018 22:20:02.836 INFO [http-nio-8080-exec-66] org.apache.catalina.core.ApplicationContext.log Manager: stop: Stopping web application '/WebSpringSkel'
19-Apr-2018 22:20:02.866 INFO [http-nio-8080-exec-68] org.apache.catalina.core.ApplicationContext.log Manager: start: Starting web application '/WebSpringSkel'
19-Apr-2018 22:22:24.160 INFO [http-nio-8080-exec-78] org.apache.catalina.core.ApplicationContext.log Manager: list: Listing contexts for virtual host 'localhost'
19-Apr-2018 22:22:24.170 INFO [http-nio-8080-exec-65] org.apache.catalina.core.ApplicationContext.log Manager: list: Listing contexts for virtual host 'localhost'
19-Apr-2018 22:22:24.216 INFO [http-nio-8080-exec-75] org.apache.catalina.core.ApplicationContext.log Manager: undeploy: Undeploying web application at '/WebSpringSkel'
19-Apr-2018 22:22:24.759 INFO [http-nio-8080-exec-76] org.apache.catalina.core.ApplicationContext.log Manager: install: Installing context configuration at 'file:/var/folders/1c/g851qhds387cf7z065l4vwgc0000gp/T/context6178597051052943348.xml'
19-Apr-2018 22:22:28.692 INFO [http-nio-8080-exec-77] org.apache.catalina.core.ApplicationContext.log Manager: start: Starting web application '/WebSpringSkel'
19-Apr-2018 22:22:29.543 INFO [http-nio-8080-exec-77] org.apache.catalina.core.ApplicationContext.log Manager: list: Listing contexts for virtual host 'localhost'
19-Apr-2018 22:22:29.552 INFO [http-nio-8080-exec-80] org.apache.catalina.core.ApplicationContext.log Manager: list: Listing contexts for virtual host 'localhost'
19-Apr-2018 22:22:29.579 INFO [http-nio-8080-exec-72] org.apache.catalina.core.ApplicationContext.log Manager: stop: Stopping web application '/WebSpringSkel'
19-Apr-2018 22:22:29.619 INFO [http-nio-8080-exec-75] org.apache.catalina.core.ApplicationContext.log Manager: start: Starting web application '/WebSpringSkel'
19-Apr-2018 22:23:18.731 INFO [http-nio-8080-exec-79] org.apache.catalina.core.ApplicationContext.log Manager: list: Listing contexts for virtual host 'localhost'
19-Apr-2018 22:23:18.745 INFO [http-nio-8080-exec-83] org.apache.catalina.core.ApplicationContext.log Manager: list: Listing contexts for virtual host 'localhost'
19-Apr-2018 22:24:39.868 INFO [http-nio-8080-exec-87] org.apache.catalina.core.ApplicationContext.log Manager: list: Listing contexts for virtual host 'localhost'
19-Apr-2018 22:24:39.896 INFO [http-nio-8080-exec-80] org.apache.catalina.core.ApplicationContext.log Manager: stop: Stopping web application '/WebSpringSkel'
19-Apr-2018 22:24:39.965 INFO [http-nio-8080-exec-83] org.apache.catalina.core.ApplicationContext.log Manager: start: Starting web application '/WebSpringSkel'
19-Apr-2018 22:24:47.643 INFO [http-nio-8080-exec-82] org.apache.catalina.core.ApplicationContext.log Manager: list: Listing contexts for virtual host 'localhost'
19-Apr-2018 22:24:47.650 INFO [http-nio-8080-exec-89] org.apache.catalina.core.ApplicationContext.log Manager: list: Listing contexts for virtual host 'localhost'
19-Apr-2018 22:24:47.680 INFO [http-nio-8080-exec-90] org.apache.catalina.core.ApplicationContext.log Manager: stop: Stopping web application '/WebSpringSkel'
19-Apr-2018 22:24:47.712 INFO [http-nio-8080-exec-82] org.apache.catalina.core.ApplicationContext.log Manager: start: Starting web application '/WebSpringSkel'
19-Apr-2018 22:25:43.114 INFO [http-nio-8080-exec-92] org.apache.catalina.core.ApplicationContext.log Manager: list: Listing contexts for virtual host 'localhost'
19-Apr-2018 22:25:43.149 INFO [http-nio-8080-exec-93] org.apache.catalina.core.ApplicationContext.log Manager: list: Listing contexts for virtual host 'localhost'
19-Apr-2018 22:26:23.327 INFO [http-nio-8080-exec-93] org.apache.catalina.core.ApplicationContext.log Manager: list: Listing contexts for virtual host 'localhost'
19-Apr-2018 22:26:23.357 INFO [http-nio-8080-exec-94] org.apache.catalina.core.ApplicationContext.log Manager: undeploy: Undeploying web application at '/WebSpringSkel'
19-Apr-2018 22:26:38.481 INFO [http-nio-8080-exec-94] org.apache.catalina.core.ApplicationContext.log Manager: list: Listing contexts for virtual host 'localhost'
19-Apr-2018 22:26:38.496 INFO [http-nio-8080-exec-98] org.apache.catalina.core.ApplicationContext.log Manager: list: Listing contexts for virtual host 'localhost'
19-Apr-2018 22:26:38.556 INFO [http-nio-8080-exec-99] org.apache.catalina.core.ApplicationContext.log Manager: install: Installing context configuration at 'file:/var/folders/1c/g851qhds387cf7z065l4vwgc0000gp/T/context1924091229059203453.xml'
19-Apr-2018 22:26:42.607 INFO [http-nio-8080-exec-96] org.apache.catalina.core.ApplicationContext.log Manager: start: Starting web application '/WebSpringSkel'
19-Apr-2018 22:27:14.901 INFO [http-nio-8080-exec-88] org.apache.catalina.core.ApplicationContext.log Manager: list: Listing contexts for virtual host 'localhost'
19-Apr-2018 22:27:21.929 INFO [http-nio-8080-exec-101] org.apache.catalina.core.ApplicationContext.log Manager: list: Listing contexts for virtual host 'localhost'
19-Apr-2018 22:27:21.936 INFO [http-nio-8080-exec-102] org.apache.catalina.core.ApplicationContext.log Manager: list: Listing contexts for virtual host 'localhost'
19-Apr-2018 22:30:06.044 INFO [http-nio-8080-exec-106] org.apache.catalina.core.ApplicationContext.log Manager: list: Listing contexts for virtual host 'localhost'
19-Apr-2018 22:30:06.054 INFO [http-nio-8080-exec-107] org.apache.catalina.core.ApplicationContext.log Manager: list: Listing contexts for virtual host 'localhost'
19-Apr-2018 22:30:06.097 INFO [http-nio-8080-exec-100] org.apache.catalina.core.ApplicationContext.log Manager: stop: Stopping web application '/WebSpringSkel'
19-Apr-2018 22:30:06.208 INFO [http-nio-8080-exec-102] org.apache.catalina.core.ApplicationContext.log Manager: start: Starting web application '/WebSpringSkel'
19-Apr-2018 22:31:02.059 INFO [http-nio-8080-exec-110] org.apache.catalina.core.ApplicationContext.log Manager: list: Listing contexts for virtual host 'localhost'
19-Apr-2018 22:31:02.080 INFO [http-nio-8080-exec-111] org.apache.catalina.core.ApplicationContext.log Manager: list: Listing contexts for virtual host 'localhost'
19-Apr-2018 22:31:02.152 INFO [http-nio-8080-exec-112] org.apache.catalina.core.ApplicationContext.log Manager: stop: Stopping web application '/WebSpringSkel'
19-Apr-2018 22:31:02.202 INFO [http-nio-8080-exec-103] org.apache.catalina.core.ApplicationContext.log Manager: start: Starting web application '/WebSpringSkel'
19-Apr-2018 22:31:27.763 INFO [http-nio-8080-exec-98] org.apache.catalina.core.ApplicationContext.log Manager: list: Listing contexts for virtual host 'localhost'
19-Apr-2018 22:31:27.779 INFO [http-nio-8080-exec-101] org.apache.catalina.core.ApplicationContext.log Manager: stop: Stopping web application '/WebSpringSkel'
19-Apr-2018 22:31:27.783 INFO [http-nio-8080-exec-113] org.apache.catalina.core.ApplicationContext.log Manager: start: Starting web application '/WebSpringSkel'
19-Apr-2018 22:31:33.961 INFO [http-nio-8080-exec-101] org.apache.catalina.core.ApplicationContext.log Manager: list: Listing contexts for virtual host 'localhost'
19-Apr-2018 22:31:33.973 INFO [http-nio-8080-exec-116] org.apache.catalina.core.ApplicationContext.log Manager: list: Listing contexts for virtual host 'localhost'
19-Apr-2018 22:31:33.999 INFO [http-nio-8080-exec-117] org.apache.catalina.core.ApplicationContext.log Manager: stop: Stopping web application '/WebSpringSkel'
19-Apr-2018 22:31:34.020 INFO [http-nio-8080-exec-109] org.apache.catalina.core.ApplicationContext.log Manager: start: Starting web application '/WebSpringSkel'
19-Apr-2018 22:39:25.790 INFO [152] org.apache.catalina.core.ApplicationContext.log Manager: list: Listing contexts for virtual host 'localhost'
19-Apr-2018 22:39:25.811 INFO [http-nio-8080-exec-126] org.apache.catalina.core.ApplicationContext.log Manager: list: Listing contexts for virtual host 'localhost'
19-Apr-2018 22:39:25.853 INFO [http-nio-8080-exec-118] org.apache.catalina.core.ApplicationContext.log Manager: undeploy: Undeploying web application at '/WebSpringSkel'
19-Apr-2018 22:39:26.392 INFO [http-nio-8080-exec-119] org.apache.catalina.core.ApplicationContext.log Manager: install: Installing context configuration at 'file:/var/folders/1c/g851qhds387cf7z065l4vwgc0000gp/T/context8383775836908298870.xml'
19-Apr-2018 22:39:30.771 INFO [http-nio-8080-exec-118] org.apache.catalina.core.ApplicationContext.log Manager: list: Listing contexts for virtual host 'localhost'
19-Apr-2018 22:39:30.818 INFO [http-nio-8080-exec-119] org.apache.catalina.core.ApplicationContext.log Manager: list: Listing contexts for virtual host 'localhost'
19-Apr-2018 22:39:30.843 INFO [http-nio-8080-exec-122] org.apache.catalina.core.ApplicationContext.log Manager: undeploy: Undeploying web application at '/WebSpringSkel'
19-Apr-2018 22:39:31.369 INFO [http-nio-8080-exec-121] org.apache.catalina.core.ApplicationContext.log Manager: install: Installing context configuration at 'file:/var/folders/1c/g851qhds387cf7z065l4vwgc0000gp/T/context639658873240905427.xml'
19-Apr-2018 22:39:34.769 INFO [http-nio-8080-exec-122] org.apache.catalina.core.ApplicationContext.log Manager: list: Listing contexts for virtual host 'localhost'
19-Apr-2018 22:39:34.960 INFO [http-nio-8080-exec-121] org.apache.catalina.core.ApplicationContext.log Manager: list: Listing contexts for virtual host 'localhost'
19-Apr-2018 22:39:34.979 INFO [http-nio-8080-exec-120] org.apache.catalina.core.ApplicationContext.log Manager: undeploy: Undeploying web application at '/WebSpringSkel'
19-Apr-2018 22:39:35.502 INFO [http-nio-8080-exec-123] org.apache.catalina.core.ApplicationContext.log Manager: install: Installing context configuration at 'file:/var/folders/1c/g851qhds387cf7z065l4vwgc0000gp/T/context5727086328039830025.xml'
19-Apr-2018 22:39:38.867 INFO [http-nio-8080-exec-119] org.apache.catalina.core.ApplicationContext.log Manager: list: Listing contexts for virtual host 'localhost'
19-Apr-2018 22:39:38.882 INFO [http-nio-8080-exec-124] org.apache.catalina.core.ApplicationContext.log Manager: list: Listing contexts for virtual host 'localhost'
19-Apr-2018 22:39:38.923 INFO [http-nio-8080-exec-125] org.apache.catalina.core.ApplicationContext.log Manager: undeploy: Undeploying web application at '/WebSpringSkel'
19-Apr-2018 22:39:39.444 INFO [http-nio-8080-exec-127] org.apache.catalina.core.ApplicationContext.log Manager: install: Installing context configuration at 'file:/var/folders/1c/g851qhds387cf7z065l4vwgc0000gp/T/context1785844723684252227.xml'
19-Apr-2018 22:40:01.366 INFO [http-nio-8080-exec-4] org.apache.catalina.core.ApplicationContext.log Manager: init: Associated with Deployer 'Catalina:type=Deployer,host=localhost'
19-Apr-2018 22:40:01.366 INFO [http-nio-8080-exec-4] org.apache.catalina.core.ApplicationContext.log Manager: init: Global resources are available
19-Apr-2018 22:40:01.381 INFO [http-nio-8080-exec-4] org.apache.catalina.core.ApplicationContext.log Manager: list: Listing contexts for virtual host 'localhost'
19-Apr-2018 22:40:01.392 INFO [http-nio-8080-exec-3] org.apache.catalina.core.ApplicationContext.log Manager: list: Listing contexts for virtual host 'localhost'
19-Apr-2018 22:40:01.417 INFO [http-nio-8080-exec-5] org.apache.catalina.core.ApplicationContext.log Manager: undeploy: Undeploying web application at '/WebSpringSkel'
19-Apr-2018 22:40:01.946 INFO [http-nio-8080-exec-6] org.apache.catalina.core.ApplicationContext.log Manager: install: Installing context configuration at 'file:/var/folders/1c/g851qhds387cf7z065l4vwgc0000gp/T/context2663402379571286560.xml'
19-Apr-2018 23:00:37.450 INFO [http-nio-8080-exec-2] org.apache.catalina.core.ApplicationContext.log Manager: list: Listing contexts for virtual host 'localhost'
19-Apr-2018 23:00:37.495 INFO [http-nio-8080-exec-4] org.apache.catalina.core.ApplicationContext.log Manager: undeploy: Undeploying web application at '/WebSpringSkel'
19-Apr-2018 23:02:45.882 INFO [http-nio-8080-exec-4] org.apache.catalina.core.ApplicationContext.log Manager: list: Listing contexts for virtual host 'localhost'
19-Apr-2018 23:02:45.891 INFO [http-nio-8080-exec-3] org.apache.catalina.core.ApplicationContext.log Manager: list: Listing contexts for virtual host 'localhost'
19-Apr-2018 23:02:45.945 INFO [http-nio-8080-exec-5] org.apache.catalina.core.ApplicationContext.log Manager: install: Installing context configuration at 'file:/var/folders/1c/g851qhds387cf7z065l4vwgc0000gp/T/context4380113694880004189.xml'
19-Apr-2018 23:03:57.297 INFO [http-nio-8080-exec-5] org.apache.catalina.core.ApplicationContext.log Manager: list: Listing contexts for virtual host 'localhost'
19-Apr-2018 23:03:57.322 INFO [http-nio-8080-exec-6] org.apache.catalina.core.ApplicationContext.log Manager: list: Listing contexts for virtual host 'localhost'
19-Apr-2018 23:03:57.456 INFO [http-nio-8080-exec-7] org.apache.catalina.core.ApplicationContext.log Manager: undeploy: Undeploying web application at '/WebSpringSkel'
19-Apr-2018 23:03:57.982 INFO [http-nio-8080-exec-8] org.apache.catalina.core.ApplicationContext.log Manager: install: Installing context configuration at 'file:/var/folders/1c/g851qhds387cf7z065l4vwgc0000gp/T/context1153918336260270158.xml'
19-Apr-2018 23:04:05.759 INFO [http-nio-8080-exec-9] org.apache.catalina.core.ApplicationContext.log Manager: start: Starting web application '/WebSpringSkel'
19-Apr-2018 23:04:05.790 INFO [http-nio-8080-exec-6] org.apache.catalina.core.ApplicationContext.log Manager: list: Listing contexts for virtual host 'localhost'
19-Apr-2018 23:04:05.809 INFO [http-nio-8080-exec-7] org.apache.catalina.core.ApplicationContext.log Manager: restart: Reloading web application '/WebSpringSkel'
19-Apr-2018 23:04:24.370 INFO [http-nio-8080-exec-6] org.apache.catalina.core.ApplicationContext.log Manager: list: Listing contexts for virtual host 'localhost'
19-Apr-2018 23:04:24.403 INFO [http-nio-8080-exec-9] org.apache.catalina.core.ApplicationContext.log Manager: undeploy: Undeploying web application at '/WebSpringSkel'
19-Apr-2018 23:05:24.133 INFO [http-nio-8080-exec-6] org.apache.catalina.core.ApplicationContext.log Manager: list: Listing contexts for virtual host 'localhost'
19-Apr-2018 23:05:24.147 INFO [http-nio-8080-exec-9] org.apache.catalina.core.ApplicationContext.log Manager: list: Listing contexts for virtual host 'localhost'
19-Apr-2018 23:05:24.196 INFO [http-nio-8080-exec-15] org.apache.catalina.core.ApplicationContext.log Manager: install: Installing context configuration at 'file:/var/folders/1c/g851qhds387cf7z065l4vwgc0000gp/T/context4028214964728860650.xml'
19-Apr-2018 23:05:27.116 INFO [http-nio-8080-exec-1] org.apache.catalina.core.ApplicationContext.log Manager: start: Starting web application '/WebSpringSkel'
19-Apr-2018 23:06:53.164 INFO [http-nio-8080-exec-19] org.apache.catalina.core.ApplicationContext.log Manager: list: Listing contexts for virtual host 'localhost'
19-Apr-2018 23:06:53.180 INFO [http-nio-8080-exec-22] org.apache.catalina.core.ApplicationContext.log Manager: list: Listing contexts for virtual host 'localhost'
19-Apr-2018 23:09:45.976 INFO [http-nio-8080-exec-7] org.apache.catalina.core.ApplicationContext.log Manager: init: Associated with Deployer 'Catalina:type=Deployer,host=localhost'
19-Apr-2018 23:09:45.977 INFO [http-nio-8080-exec-7] org.apache.catalina.core.ApplicationContext.log Manager: init: Global resources are available
19-Apr-2018 23:09:46.015 INFO [http-nio-8080-exec-7] org.apache.catalina.core.ApplicationContext.log Manager: list: Listing contexts for virtual host 'localhost'
19-Apr-2018 23:09:46.042 INFO [http-nio-8080-exec-8] org.apache.catalina.core.ApplicationContext.log Manager: list: Listing contexts for virtual host 'localhost'
19-Apr-2018 23:09:46.107 INFO [http-nio-8080-exec-9] org.apache.catalina.core.ApplicationContext.log Manager: undeploy: Undeploying web application at '/WebSpringSkel'
19-Apr-2018 23:09:46.705 INFO [http-nio-8080-exec-4] org.apache.catalina.core.ApplicationContext.log Manager: install: Installing context configuration at 'file:/var/folders/1c/g851qhds387cf7z065l4vwgc0000gp/T/context3463122580655488899.xml'
19-Apr-2018 23:09:50.102 INFO [http-nio-8080-exec-1] org.apache.catalina.core.ApplicationContext.log Manager: start: Starting web application '/WebSpringSkel'
19-Apr-2018 23:10:45.124 INFO [http-nio-8080-exec-7] org.apache.catalina.core.ApplicationContext.log Manager: list: Listing contexts for virtual host 'localhost'
19-Apr-2018 23:10:45.140 INFO [http-nio-8080-exec-14] org.apache.catalina.core.ApplicationContext.log Manager: restart: Reloading web application '/WebSpringSkel'
19-Apr-2018 23:10:50.627 INFO [http-nio-8080-exec-10] org.apache.catalina.core.ApplicationContext.log Manager: list: Listing contexts for virtual host 'localhost'
19-Apr-2018 23:10:50.692 INFO [http-nio-8080-exec-5] org.apache.catalina.core.ApplicationContext.log Manager: undeploy: Undeploying web application at '/WebSpringSkel'
19-Apr-2018 23:11:30.743 INFO [http-nio-8080-exec-15] org.apache.catalina.core.ApplicationContext.log Manager: list: Listing contexts for virtual host 'localhost'
19-Apr-2018 23:11:30.759 INFO [http-nio-8080-exec-20] org.apache.catalina.core.ApplicationContext.log Manager: list: Listing contexts for virtual host 'localhost'
19-Apr-2018 23:11:30.815 INFO [http-nio-8080-exec-10] org.apache.catalina.core.ApplicationContext.log Manager: install: Installing context configuration at 'file:/var/folders/1c/g851qhds387cf7z065l4vwgc0000gp/T/context8643327038958868606.xml'
19-Apr-2018 23:11:34.156 INFO [http-nio-8080-exec-11] org.apache.catalina.core.ApplicationContext.log Manager: start: Starting web application '/WebSpringSkel'
19-Apr-2018 23:13:44.784 INFO [http-nio-8080-exec-20] org.apache.catalina.core.ApplicationContext.log Manager: list: Listing contexts for virtual host 'localhost'
19-Apr-2018 23:13:44.795 INFO [http-nio-8080-exec-21] org.apache.catalina.core.ApplicationContext.log Manager: list: Listing contexts for virtual host 'localhost'
19-Apr-2018 23:13:44.836 INFO [http-nio-8080-exec-22] org.apache.catalina.core.ApplicationContext.log Manager: undeploy: Undeploying web application at '/WebSpringSkel'
19-Apr-2018 23:13:45.407 INFO [http-nio-8080-exec-21] org.apache.catalina.core.ApplicationContext.log Manager: install: Installing context configuration at 'file:/var/folders/1c/g851qhds387cf7z065l4vwgc0000gp/T/context2790723120009441043.xml'
19-Apr-2018 23:13:49.533 INFO [http-nio-8080-exec-14] org.apache.catalina.core.ApplicationContext.log Manager: start: Starting web application '/WebSpringSkel'
19-Apr-2018 23:20:25.582 INFO [http-nio-8080-exec-29] org.apache.catalina.core.ApplicationContext.log Manager: list: Listing contexts for virtual host 'localhost'
19-Apr-2018 23:20:25.597 INFO [http-nio-8080-exec-30] org.apache.catalina.core.ApplicationContext.log Manager: list: Listing contexts for virtual host 'localhost'
19-Apr-2018 23:20:30.859 INFO [http-nio-8080-exec-27] org.apache.catalina.core.ApplicationContext.log Manager: undeploy: Undeploying web application at '/WebSpringSkel'
19-Apr-2018 23:20:31.446 INFO [http-nio-8080-exec-32] org.apache.catalina.core.ApplicationContext.log Manager: list: Listing contexts for virtual host 'localhost'
19-Apr-2018 23:20:31.450 INFO [http-nio-8080-exec-30] org.apache.catalina.core.ApplicationContext.log Manager: list: Listing contexts for virtual host 'localhost'
19-Apr-2018 23:20:47.586 INFO [http-nio-8080-exec-28] org.apache.catalina.core.ApplicationContext.log Manager: list: Listing contexts for virtual host 'localhost'
19-Apr-2018 23:20:47.605 INFO [http-nio-8080-exec-39] org.apache.catalina.core.ApplicationContext.log Manager: list: Listing contexts for virtual host 'localhost'
19-Apr-2018 23:20:47.681 INFO [http-nio-8080-exec-31] org.apache.catalina.core.ApplicationContext.log Manager: install: Installing context configuration at 'file:/var/folders/1c/g851qhds387cf7z065l4vwgc0000gp/T/context8437745948376845196.xml'
19-Apr-2018 23:20:52.602 INFO [http-nio-8080-exec-33] org.apache.catalina.core.ApplicationContext.log Manager: start: Starting web application '/WebSpringSkel'
19-Apr-2018 23:42:28.780 INFO [http-nio-8080-exec-37] org.apache.catalina.core.ApplicationContext.log Manager: list: Listing contexts for virtual host 'localhost'
19-Apr-2018 23:42:28.826 INFO [http-nio-8080-exec-41] org.apache.catalina.core.ApplicationContext.log Manager: list: Listing contexts for virtual host 'localhost'
19-Apr-2018 23:42:33.920 INFO [http-nio-8080-exec-43] org.apache.catalina.core.ApplicationContext.log Manager: undeploy: Undeploying web application at '/WebSpringSkel'
19-Apr-2018 23:42:34.958 INFO [http-nio-8080-exec-37] org.apache.catalina.core.ApplicationContext.log Manager: list: Listing contexts for virtual host 'localhost'
19-Apr-2018 23:42:34.967 INFO [http-nio-8080-exec-42] org.apache.catalina.core.ApplicationContext.log Manager: list: Listing contexts for virtual host 'localhost'
19-Apr-2018 23:42:42.287 INFO [http-nio-8080-exec-38] org.apache.catalina.core.ApplicationContext.log Manager: list: Listing contexts for virtual host 'localhost'
19-Apr-2018 23:42:42.295 INFO [http-nio-8080-exec-44] org.apache.catalina.core.ApplicationContext.log Manager: list: Listing contexts for virtual host 'localhost'
19-Apr-2018 23:43:19.067 INFO [http-nio-8080-exec-49] org.apache.catalina.core.ApplicationContext.log Manager: list: Listing contexts for virtual host 'localhost'
19-Apr-2018 23:43:19.076 INFO [http-nio-8080-exec-37] org.apache.catalina.core.ApplicationContext.log Manager: list: Listing contexts for virtual host 'localhost'
19-Apr-2018 23:43:19.130 INFO [http-nio-8080-exec-39] org.apache.catalina.core.ApplicationContext.log Manager: install: Installing context configuration at 'file:/var/folders/1c/g851qhds387cf7z065l4vwgc0000gp/T/context1501836976026510167.xml'
19-Apr-2018 23:43:26.796 INFO [http-nio-8080-exec-42] org.apache.catalina.core.ApplicationContext.log Manager: start: Starting web application '/WebSpringSkel'
19-Apr-2018 23:47:03.206 INFO [http-nio-8080-exec-50] org.apache.catalina.core.ApplicationContext.log Manager: list: Listing contexts for virtual host 'localhost'
19-Apr-2018 23:47:03.230 INFO [http-nio-8080-exec-48] org.apache.catalina.core.ApplicationContext.log Manager: list: Listing contexts for virtual host 'localhost'
19-Apr-2018 23:47:03.294 INFO [http-nio-8080-exec-51] org.apache.catalina.core.ApplicationContext.log Manager: undeploy: Undeploying web application at '/WebSpringSkel'
19-Apr-2018 23:47:03.928 INFO [http-nio-8080-exec-53] org.apache.catalina.core.ApplicationContext.log Manager: install: Installing context configuration at 'file:/var/folders/1c/g851qhds387cf7z065l4vwgc0000gp/T/context5577746973095611944.xml'
19-Apr-2018 23:47:10.788 INFO [http-nio-8080-exec-52] org.apache.catalina.core.ApplicationContext.log Manager: start: Starting web application '/WebSpringSkel'
19-Apr-2018 23:49:38.250 INFO [http-nio-8080-exec-57] org.apache.catalina.core.ApplicationContext.log Manager: list: Listing contexts for virtual host 'localhost'
19-Apr-2018 23:49:38.261 INFO [http-nio-8080-exec-58] org.apache.catalina.core.ApplicationContext.log Manager: list: Listing contexts for virtual host 'localhost'
19-Apr-2018 23:49:38.320 INFO [http-nio-8080-exec-59] org.apache.catalina.core.ApplicationContext.log Manager: undeploy: Undeploying web application at '/WebSpringSkel'
19-Apr-2018 23:49:38.929 INFO [http-nio-8080-exec-63] org.apache.catalina.core.ApplicationContext.log Manager: install: Installing context configuration at 'file:/var/folders/1c/g851qhds387cf7z065l4vwgc0000gp/T/context5338861166275324785.xml'
19-Apr-2018 23:49:44.472 INFO [http-nio-8080-exec-57] org.apache.catalina.core.ApplicationContext.log Manager: start: Starting web application '/WebSpringSkel'
19-Apr-2018 23:53:14.090 INFO [http-nio-8080-exec-68] org.apache.catalina.core.ApplicationContext.log Manager: list: Listing contexts for virtual host 'localhost'
19-Apr-2018 23:53:14.105 INFO [http-nio-8080-exec-69] org.apache.catalina.core.ApplicationContext.log Manager: list: Listing contexts for virtual host 'localhost'
19-Apr-2018 23:53:14.158 INFO [http-nio-8080-exec-70] org.apache.catalina.core.ApplicationContext.log Manager: undeploy: Undeploying web application at '/WebSpringSkel'
19-Apr-2018 23:53:14.767 INFO [http-nio-8080-exec-76] org.apache.catalina.core.ApplicationContext.log Manager: install: Installing context configuration at 'file:/var/folders/1c/g851qhds387cf7z065l4vwgc0000gp/T/context3252805267462919146.xml'
19-Apr-2018 23:53:27.164 INFO [http-nio-8080-exec-71] org.apache.catalina.core.ApplicationContext.log Manager: start: Starting web application '/WebSpringSkel'
19-Apr-2018 23:56:04.696 INFO [http-nio-8080-exec-79] org.apache.catalina.core.ApplicationContext.log Manager: list: Listing contexts for virtual host 'localhost'
19-Apr-2018 23:56:04.713 INFO [http-nio-8080-exec-80] org.apache.catalina.core.ApplicationContext.log Manager: list: Listing contexts for virtual host 'localhost'
19-Apr-2018 23:56:04.767 INFO [http-nio-8080-exec-81] org.apache.catalina.core.ApplicationContext.log Manager: undeploy: Undeploying web application at '/WebSpringSkel'
19-Apr-2018 23:56:05.331 INFO [http-nio-8080-exec-83] org.apache.catalina.core.ApplicationContext.log Manager: install: Installing context configuration at 'file:/var/folders/1c/g851qhds387cf7z065l4vwgc0000gp/T/context3675314094882965138.xml'
19-Apr-2018 23:56:09.349 INFO [http-nio-8080-exec-75] org.apache.catalina.core.ApplicationContext.log Manager: start: Starting web application '/WebSpringSkel'
19-Apr-2018 23:56:54.649 INFO [http-nio-8080-exec-80] org.apache.catalina.core.ApplicationContext.log Manager: list: Listing contexts for virtual host 'localhost'
19-Apr-2018 23:56:54.657 INFO [http-nio-8080-exec-89] org.apache.catalina.core.ApplicationContext.log Manager: list: Listing contexts for virtual host 'localhost'
19-Apr-2018 23:56:54.676 INFO [http-nio-8080-exec-78] org.apache.catalina.core.ApplicationContext.log Manager: undeploy: Undeploying web application at '/WebSpringSkel'
19-Apr-2018 23:56:55.257 INFO [http-nio-8080-exec-77] org.apache.catalina.core.ApplicationContext.log Manager: install: Installing context configuration at 'file:/var/folders/1c/g851qhds387cf7z065l4vwgc0000gp/T/context197378935386219997.xml'
19-Apr-2018 23:57:00.489 INFO [http-nio-8080-exec-86] org.apache.catalina.core.ApplicationContext.log Manager: start: Starting web application '/WebSpringSkel'
19-Apr-2018 23:57:30.612 INFO [http-nio-8080-exec-91] org.apache.catalina.core.ApplicationContext.log Manager: list: Listing contexts for virtual host 'localhost'
19-Apr-2018 23:57:30.623 INFO [http-nio-8080-exec-95] org.apache.catalina.core.ApplicationContext.log Manager: list: Listing contexts for virtual host 'localhost'
19-Apr-2018 23:57:30.673 INFO [http-nio-8080-exec-89] org.apache.catalina.core.ApplicationContext.log Manager: undeploy: Undeploying web application at '/WebSpringSkel'
19-Apr-2018 23:57:31.242 INFO [http-nio-8080-exec-91] org.apache.catalina.core.ApplicationContext.log Manager: install: Installing context configuration at 'file:/var/folders/1c/g851qhds387cf7z065l4vwgc0000gp/T/context4076713887780783438.xml'
19-Apr-2018 23:57:35.908 INFO [http-nio-8080-exec-95] org.apache.catalina.core.ApplicationContext.log Manager: start: Starting web application '/WebSpringSkel'
19-Apr-2018 23:59:32.615 INFO [http-nio-8080-exec-96] org.apache.catalina.core.ApplicationContext.log Manager: list: Listing contexts for virtual host 'localhost'
19-Apr-2018 23:59:32.624 INFO [http-nio-8080-exec-97] org.apache.catalina.core.ApplicationContext.log Manager: list: Listing contexts for virtual host 'localhost'
19-Apr-2018 23:59:32.664 INFO [http-nio-8080-exec-98] org.apache.catalina.core.ApplicationContext.log Manager: undeploy: Undeploying web application at '/WebSpringSkel'
19-Apr-2018 23:59:33.246 INFO [http-nio-8080-exec-99] org.apache.catalina.core.ApplicationContext.log Manager: install: Installing context configuration at 'file:/var/folders/1c/g851qhds387cf7z065l4vwgc0000gp/T/context3752697930463502829.xml'
19-Apr-2018 23:59:36.572 INFO [http-nio-8080-exec-97] org.apache.catalina.core.ApplicationContext.log Manager: start: Starting web application '/WebSpringSkel'
