03-Feb-2020 18:04:13.338 FINE [localhost-startStop-1] org.apache.catalina.core.StandardContext.listenerStart Sending application start events
03-Feb-2020 18:04:13.338 FINE [localhost-startStop-1] org.apache.catalina.core.StandardContext.filterStart Starting filters
03-Feb-2020 18:04:13.338 FINE [localhost-startStop-1] org.apache.catalina.core.StandardContext.filterStart  Starting filter 'Tomcat WebSocket (JSR356) Filter'
03-Feb-2020 18:04:13.338 FINE [localhost-startStop-1] org.apache.catalina.core.StandardContext.filterStart  Starting filter 'SetCharacterEncoding'
03-Feb-2020 18:04:13.338 FINE [localhost-startStop-1] org.apache.catalina.core.StandardContext.filterStart  Starting filter 'CSRF'
03-Feb-2020 18:04:13.338 INFO [localhost-startStop-1] org.apache.catalina.core.ApplicationContext.log default: DefaultServlet.init:  input buffer size=2048, output buffer size=2048
03-Feb-2020 18:05:09.787 FINE [localhost-startStop-2] org.apache.catalina.core.StandardContext.filterStop Stopping filters
03-Feb-2020 18:05:09.787 FINE [localhost-startStop-2] org.apache.catalina.core.StandardContext.filterStop  Stopping filter 'Tomcat WebSocket (JSR356) Filter'
03-Feb-2020 18:05:09.787 FINE [localhost-startStop-2] org.apache.catalina.core.StandardContext.filterStop  Stopping filter 'SetCharacterEncoding'
03-Feb-2020 18:05:09.787 FINE [localhost-startStop-2] org.apache.catalina.core.StandardContext.filterStop  Stopping filter 'CSRF'
03-Feb-2020 18:06:43.851 FINE [localhost-startStop-1] org.apache.catalina.core.StandardContext.listenerStart Sending application start events
03-Feb-2020 18:06:43.852 FINE [localhost-startStop-1] org.apache.catalina.core.StandardContext.filterStart Starting filters
03-Feb-2020 18:06:43.852 FINE [localhost-startStop-1] org.apache.catalina.core.StandardContext.filterStart  Starting filter 'Tomcat WebSocket (JSR356) Filter'
03-Feb-2020 18:06:43.852 FINE [localhost-startStop-1] org.apache.catalina.core.StandardContext.filterStart  Starting filter 'SetCharacterEncoding'
03-Feb-2020 18:06:43.852 FINE [localhost-startStop-1] org.apache.catalina.core.StandardContext.filterStart  Starting filter 'CSRF'
03-Feb-2020 18:06:43.852 INFO [localhost-startStop-1] org.apache.catalina.core.ApplicationContext.log default: DefaultServlet.init:  input buffer size=2048, output buffer size=2048
03-Feb-2020 18:06:44.323 INFO [http-nio-8081-exec-9] org.apache.catalina.core.ApplicationContext.log Manager: init: Associated with Deployer 'Catalina:type=Deployer,host=localhost'
03-Feb-2020 18:06:44.323 INFO [http-nio-8081-exec-9] org.apache.catalina.core.ApplicationContext.log Manager: init: Global resources are available
03-Feb-2020 18:06:44.329 INFO [http-nio-8081-exec-9] org.apache.catalina.core.ApplicationContext.log Manager: list: Listing contexts for virtual host 'localhost'
03-Feb-2020 18:06:44.333 INFO [http-nio-8081-exec-10] org.apache.catalina.core.ApplicationContext.log Manager: list: Listing contexts for virtual host 'localhost'
03-Feb-2020 18:06:44.349 INFO [http-nio-8081-exec-1] org.apache.catalina.core.ApplicationContext.log Manager: install: Installing context configuration at 'file:/C:/Users/ALESSI~1/AppData/Local/Temp/context7823777378200548098.xml'
03-Feb-2020 18:06:45.562 INFO [http-nio-8081-exec-2] org.apache.catalina.core.ApplicationContext.log Manager: start: Starting web application '/SessionBlog'
03-Feb-2020 18:09:54.762 INFO [http-nio-8081-exec-5] org.apache.catalina.core.ApplicationContext.log Manager: list: Listing contexts for virtual host 'localhost'
03-Feb-2020 18:09:54.786 INFO [http-nio-8081-exec-9] org.apache.catalina.core.ApplicationContext.log Manager: restart: Reloading web application '/SessionBlog'
03-Feb-2020 18:09:55.937 INFO [http-nio-8081-exec-1] org.apache.catalina.core.ApplicationContext.log Manager: list: Listing contexts for virtual host 'localhost'
03-Feb-2020 18:09:55.944 INFO [http-nio-8081-exec-8] org.apache.catalina.core.ApplicationContext.log Manager: restart: Reloading web application '/SessionBlog'
03-Feb-2020 18:14:12.130 INFO [http-nio-8081-exec-10] org.apache.catalina.core.ApplicationContext.log Manager: list: Listing contexts for virtual host 'localhost'
03-Feb-2020 18:14:12.136 INFO [http-nio-8081-exec-17] org.apache.catalina.core.ApplicationContext.log Manager: restart: Reloading web application '/SessionBlog'
03-Feb-2020 18:16:19.900 INFO [http-nio-8081-exec-12] org.apache.catalina.core.ApplicationContext.log Manager: list: Listing contexts for virtual host 'localhost'
03-Feb-2020 18:16:19.907 INFO [http-nio-8081-exec-1] org.apache.catalina.core.ApplicationContext.log Manager: restart: Reloading web application '/SessionBlog'
03-Feb-2020 18:17:06.603 INFO [http-nio-8081-exec-26] org.apache.catalina.core.ApplicationContext.log Manager: list: Listing contexts for virtual host 'localhost'
03-Feb-2020 18:17:06.610 INFO [http-nio-8081-exec-24] org.apache.catalina.core.ApplicationContext.log Manager: restart: Reloading web application '/SessionBlog'
03-Feb-2020 18:17:17.969 INFO [http-nio-8081-exec-29] org.apache.catalina.core.ApplicationContext.log Manager: list: Listing contexts for virtual host 'localhost'
03-Feb-2020 18:17:17.975 INFO [http-nio-8081-exec-28] org.apache.catalina.core.ApplicationContext.log Manager: restart: Reloading web application '/SessionBlog'
03-Feb-2020 18:17:19.442 INFO [http-nio-8081-exec-30] org.apache.catalina.core.ApplicationContext.log Manager: list: Listing contexts for virtual host 'localhost'
03-Feb-2020 18:17:19.448 INFO [http-nio-8081-exec-12] org.apache.catalina.core.ApplicationContext.log Manager: restart: Reloading web application '/SessionBlog'
03-Feb-2020 18:18:23.696 INFO [http-nio-8081-exec-29] org.apache.catalina.core.ApplicationContext.log Manager: list: Listing contexts for virtual host 'localhost'
03-Feb-2020 18:18:23.703 INFO [http-nio-8081-exec-35] org.apache.catalina.core.ApplicationContext.log Manager: restart: Reloading web application '/SessionBlog'
03-Feb-2020 18:21:17.479 INFO [http-nio-8081-exec-30] org.apache.catalina.core.ApplicationContext.log Manager: list: Listing contexts for virtual host 'localhost'
03-Feb-2020 18:21:17.485 INFO [http-nio-8081-exec-41] org.apache.catalina.core.ApplicationContext.log Manager: restart: Reloading web application '/SessionBlog'
03-Feb-2020 18:21:43.917 INFO [http-nio-8081-exec-43] org.apache.catalina.core.ApplicationContext.log Manager: list: Listing contexts for virtual host 'localhost'
03-Feb-2020 18:21:43.923 INFO [http-nio-8081-exec-26] org.apache.catalina.core.ApplicationContext.log Manager: restart: Reloading web application '/SessionBlog'
03-Feb-2020 18:23:33.557 INFO [http-nio-8081-exec-44] org.apache.catalina.core.ApplicationContext.log Manager: list: Listing contexts for virtual host 'localhost'
03-Feb-2020 18:23:33.563 INFO [http-nio-8081-exec-48] org.apache.catalina.core.ApplicationContext.log Manager: restart: Reloading web application '/SessionBlog'
03-Feb-2020 18:23:47.641 FINE [localhost-startStop-2] org.apache.catalina.core.StandardContext.filterStop Stopping filters
03-Feb-2020 18:23:47.641 FINE [localhost-startStop-2] org.apache.catalina.core.StandardContext.filterStop  Stopping filter 'Tomcat WebSocket (JSR356) Filter'
03-Feb-2020 18:23:47.641 FINE [localhost-startStop-2] org.apache.catalina.core.StandardContext.filterStop  Stopping filter 'SetCharacterEncoding'
03-Feb-2020 18:23:47.641 FINE [localhost-startStop-2] org.apache.catalina.core.StandardContext.filterStop  Stopping filter 'CSRF'
