27-Jan-2020 11:23:32.357 FINE [localhost-startStop-1] org.apache.catalina.core.StandardContext.listenerStart Sending application start events
27-Jan-2020 11:23:32.358 FINE [localhost-startStop-1] org.apache.catalina.core.StandardContext.filterStart Starting filters
27-Jan-2020 11:23:32.358 FINE [localhost-startStop-1] org.apache.catalina.core.StandardContext.filterStart  Starting filter 'Tomcat WebSocket (JSR356) Filter'
27-Jan-2020 11:23:32.358 FINE [localhost-startStop-1] org.apache.catalina.core.StandardContext.filterStart  Starting filter 'SetCharacterEncoding'
27-Jan-2020 11:23:32.358 FINE [localhost-startStop-1] org.apache.catalina.core.StandardContext.filterStart  Starting filter 'CSRF'
27-Jan-2020 11:23:32.358 INFO [localhost-startStop-1] org.apache.catalina.core.ApplicationContext.log default: DefaultServlet.init:  input buffer size=2048, output buffer size=2048
27-Jan-2020 11:23:33.157 INFO [http-nio-8080-exec-3] org.apache.catalina.core.ApplicationContext.log Manager: init: Associated with Deployer 'Catalina:type=Deployer,host=localhost'
27-Jan-2020 11:23:33.157 INFO [http-nio-8080-exec-3] org.apache.catalina.core.ApplicationContext.log Manager: init: Global resources are available
27-Jan-2020 11:23:33.189 INFO [http-nio-8080-exec-4] org.apache.catalina.core.ApplicationContext.log Manager: list: Listing contexts for virtual host 'localhost'
27-Jan-2020 11:23:33.189 INFO [http-nio-8080-exec-3] org.apache.catalina.core.ApplicationContext.log Manager: list: Listing contexts for virtual host 'localhost'
27-Jan-2020 11:23:33.189 INFO [http-nio-8080-exec-2] org.apache.catalina.core.ApplicationContext.log Manager: list: Listing contexts for virtual host 'localhost'
27-Jan-2020 11:23:33.189 INFO [http-nio-8080-exec-9] org.apache.catalina.core.ApplicationContext.log Manager: list: Listing contexts for virtual host 'localhost'
27-Jan-2020 11:23:33.235 INFO [http-nio-8080-exec-13] org.apache.catalina.core.ApplicationContext.log Manager: undeploy: Undeploying web application at '/WebApplication2_1S'
27-Jan-2020 11:23:33.841 INFO [http-nio-8080-exec-8] org.apache.catalina.core.ApplicationContext.log Manager: install: Installing context configuration at 'file:/C:/Users/18029/AppData/Local/Temp/context3335159615092221058.xml'
27-Jan-2020 11:23:33.950 INFO [http-nio-8080-exec-11] org.apache.catalina.core.ApplicationContext.log Manager: install: Installing context configuration at 'file:/C:/Users/18029/AppData/Local/Temp/context3109508975979140424.xml'
27-Jan-2020 11:23:40.556 INFO [http-nio-8080-exec-2] org.apache.catalina.core.ApplicationContext.log Manager: start: Starting web application '/NumeriPrimi'
27-Jan-2020 11:23:40.562 INFO [http-nio-8080-exec-7] org.apache.catalina.core.ApplicationContext.log Manager: start: Starting web application '/WebApplication2_1S'
27-Jan-2020 11:23:56.605 FINE [localhost-startStop-1] org.apache.catalina.core.StandardContext.listenerStart Sending application start events
27-Jan-2020 11:23:56.605 FINE [localhost-startStop-1] org.apache.catalina.core.StandardContext.filterStart Starting filters
27-Jan-2020 11:23:56.605 FINE [localhost-startStop-1] org.apache.catalina.core.StandardContext.filterStart  Starting filter 'Tomcat WebSocket (JSR356) Filter'
27-Jan-2020 11:23:56.605 FINE [localhost-startStop-1] org.apache.catalina.core.StandardContext.filterStart  Starting filter 'SetCharacterEncoding'
27-Jan-2020 11:23:56.605 FINE [localhost-startStop-1] org.apache.catalina.core.StandardContext.filterStart  Starting filter 'CSRF'
27-Jan-2020 11:23:56.605 INFO [localhost-startStop-1] org.apache.catalina.core.ApplicationContext.log default: DefaultServlet.init:  input buffer size=2048, output buffer size=2048
27-Jan-2020 11:23:56.651 FINE [localhost-startStop-1] org.apache.catalina.core.StandardContext.filterStop Stopping filters
27-Jan-2020 11:23:56.651 FINE [localhost-startStop-1] org.apache.catalina.core.StandardContext.filterStop  Stopping filter 'Tomcat WebSocket (JSR356) Filter'
27-Jan-2020 11:23:56.651 FINE [localhost-startStop-1] org.apache.catalina.core.StandardContext.filterStop  Stopping filter 'SetCharacterEncoding'
27-Jan-2020 11:23:56.651 FINE [localhost-startStop-1] org.apache.catalina.core.StandardContext.filterStop  Stopping filter 'CSRF'
27-Jan-2020 11:26:22.101 INFO [http-nio-8080-exec-19] org.apache.catalina.core.ApplicationContext.log Manager: list: Listing contexts for virtual host 'localhost'
27-Jan-2020 11:26:22.101 INFO [http-nio-8080-exec-16] org.apache.catalina.core.ApplicationContext.log Manager: list: Listing contexts for virtual host 'localhost'
27-Jan-2020 11:26:54.851 INFO [http-nio-8080-exec-26] org.apache.catalina.core.ApplicationContext.log Manager: list: Listing contexts for virtual host 'localhost'
27-Jan-2020 11:26:54.851 INFO [http-nio-8080-exec-15] org.apache.catalina.core.ApplicationContext.log Manager: undeploy: Undeploying web application at '/WebApplication2_1S'
27-Jan-2020 11:27:01.570 FINE [localhost-startStop-2] org.apache.catalina.core.StandardContext.filterStop Stopping filters
27-Jan-2020 11:27:01.570 FINE [localhost-startStop-2] org.apache.catalina.core.StandardContext.filterStop  Stopping filter 'Tomcat WebSocket (JSR356) Filter'
27-Jan-2020 11:27:01.570 FINE [localhost-startStop-2] org.apache.catalina.core.StandardContext.filterStop  Stopping filter 'SetCharacterEncoding'
27-Jan-2020 11:27:01.570 FINE [localhost-startStop-2] org.apache.catalina.core.StandardContext.filterStop  Stopping filter 'CSRF'
27-Jan-2020 11:27:06.904 FINE [localhost-startStop-1] org.apache.catalina.core.StandardContext.listenerStart Sending application start events
27-Jan-2020 11:27:06.904 FINE [localhost-startStop-1] org.apache.catalina.core.StandardContext.filterStart Starting filters
27-Jan-2020 11:27:06.904 FINE [localhost-startStop-1] org.apache.catalina.core.StandardContext.filterStart  Starting filter 'Tomcat WebSocket (JSR356) Filter'
27-Jan-2020 11:27:06.904 FINE [localhost-startStop-1] org.apache.catalina.core.StandardContext.filterStart  Starting filter 'SetCharacterEncoding'
27-Jan-2020 11:27:06.904 FINE [localhost-startStop-1] org.apache.catalina.core.StandardContext.filterStart  Starting filter 'CSRF'
27-Jan-2020 11:27:06.904 INFO [localhost-startStop-1] org.apache.catalina.core.ApplicationContext.log default: DefaultServlet.init:  input buffer size=2048, output buffer size=2048
27-Jan-2020 11:27:08.684 INFO [http-nio-8080-exec-3] org.apache.catalina.core.ApplicationContext.log Manager: init: Associated with Deployer 'Catalina:type=Deployer,host=localhost'
27-Jan-2020 11:27:08.684 INFO [http-nio-8080-exec-3] org.apache.catalina.core.ApplicationContext.log Manager: init: Global resources are available
27-Jan-2020 11:27:08.684 INFO [http-nio-8080-exec-3] org.apache.catalina.core.ApplicationContext.log Manager: list: Listing contexts for virtual host 'localhost'
27-Jan-2020 11:27:08.699 INFO [http-nio-8080-exec-4] org.apache.catalina.core.ApplicationContext.log Manager: list: Listing contexts for virtual host 'localhost'
27-Jan-2020 11:27:08.699 INFO [http-nio-8080-exec-5] org.apache.catalina.core.ApplicationContext.log Manager: install: Installing context configuration at 'file:/C:/Users/18029/AppData/Local/Temp/context3102045866080511141.xml'
27-Jan-2020 11:27:16.273 INFO [http-nio-8080-exec-6] org.apache.catalina.core.ApplicationContext.log Manager: start: Starting web application '/WebApplication2_1S'
27-Jan-2020 11:32:54.891 INFO [http-nio-8080-exec-8] org.apache.catalina.core.ApplicationContext.log Manager: list: Listing contexts for virtual host 'localhost'
27-Jan-2020 11:32:54.906 INFO [http-nio-8080-exec-7] org.apache.catalina.core.ApplicationContext.log Manager: list: Listing contexts for virtual host 'localhost'
27-Jan-2020 11:32:54.922 INFO [http-nio-8080-exec-9] org.apache.catalina.core.ApplicationContext.log Manager: undeploy: Undeploying web application at '/WebApplication2_1S'
27-Jan-2020 11:32:55.531 INFO [http-nio-8080-exec-2] org.apache.catalina.core.ApplicationContext.log Manager: install: Installing context configuration at 'file:/C:/Users/18029/AppData/Local/Temp/context6225216453636374710.xml'
27-Jan-2020 11:33:01.644 INFO [http-nio-8080-exec-8] org.apache.catalina.core.ApplicationContext.log Manager: start: Starting web application '/WebApplication2_1S'
27-Jan-2020 11:34:37.677 INFO [http-nio-8080-exec-14] org.apache.catalina.core.ApplicationContext.log Manager: list: Listing contexts for virtual host 'localhost'
27-Jan-2020 11:34:37.680 INFO [http-nio-8080-exec-15] org.apache.catalina.core.ApplicationContext.log Manager: list: Listing contexts for virtual host 'localhost'
27-Jan-2020 11:34:37.693 INFO [http-nio-8080-exec-16] org.apache.catalina.core.ApplicationContext.log Manager: undeploy: Undeploying web application at '/WebApplication2_1S'
27-Jan-2020 11:34:38.268 INFO [http-nio-8080-exec-3] org.apache.catalina.core.ApplicationContext.log Manager: install: Installing context configuration at 'file:/C:/Users/18029/AppData/Local/Temp/context2963296550748028100.xml'
27-Jan-2020 11:34:44.415 INFO [http-nio-8080-exec-12] org.apache.catalina.core.ApplicationContext.log Manager: start: Starting web application '/WebApplication2_1S'
27-Jan-2020 11:35:16.772 INFO [http-nio-8080-exec-23] org.apache.catalina.core.ApplicationContext.log Manager: list: Listing contexts for virtual host 'localhost'
27-Jan-2020 11:35:16.772 INFO [http-nio-8080-exec-24] org.apache.catalina.core.ApplicationContext.log Manager: list: Listing contexts for virtual host 'localhost'
27-Jan-2020 11:35:16.788 INFO [http-nio-8080-exec-20] org.apache.catalina.core.ApplicationContext.log Manager: undeploy: Undeploying web application at '/WebApplication2_1S'
27-Jan-2020 11:35:17.350 INFO [http-nio-8080-exec-19] org.apache.catalina.core.ApplicationContext.log Manager: install: Installing context configuration at 'file:/C:/Users/18029/AppData/Local/Temp/context8313789702734834197.xml'
27-Jan-2020 11:35:22.976 INFO [http-nio-8080-exec-21] org.apache.catalina.core.ApplicationContext.log Manager: start: Starting web application '/WebApplication2_1S'
27-Jan-2020 11:38:10.993 INFO [http-nio-8080-exec-30] org.apache.catalina.core.ApplicationContext.log Manager: list: Listing contexts for virtual host 'localhost'
27-Jan-2020 11:38:10.993 INFO [http-nio-8080-exec-27] org.apache.catalina.core.ApplicationContext.log Manager: list: Listing contexts for virtual host 'localhost'
27-Jan-2020 11:38:11.008 INFO [http-nio-8080-exec-33] org.apache.catalina.core.ApplicationContext.log Manager: undeploy: Undeploying web application at '/WebApplication2_1S'
27-Jan-2020 11:38:11.587 INFO [http-nio-8080-exec-31] org.apache.catalina.core.ApplicationContext.log Manager: install: Installing context configuration at 'file:/C:/Users/18029/AppData/Local/Temp/context4274045591987870901.xml'
27-Jan-2020 11:38:17.445 INFO [http-nio-8080-exec-28] org.apache.catalina.core.ApplicationContext.log Manager: start: Starting web application '/WebApplication2_1S'
27-Jan-2020 11:41:43.931 INFO [http-nio-8080-exec-44] org.apache.catalina.core.ApplicationContext.log Manager: list: Listing contexts for virtual host 'localhost'
27-Jan-2020 11:41:43.931 INFO [http-nio-8080-exec-43] org.apache.catalina.core.ApplicationContext.log Manager: list: Listing contexts for virtual host 'localhost'
27-Jan-2020 11:41:43.946 INFO [http-nio-8080-exec-37] org.apache.catalina.core.ApplicationContext.log Manager: undeploy: Undeploying web application at '/WebApplication2_1S'
27-Jan-2020 11:41:44.509 INFO [http-nio-8080-exec-42] org.apache.catalina.core.ApplicationContext.log Manager: install: Installing context configuration at 'file:/C:/Users/18029/AppData/Local/Temp/context726022346515148517.xml'
27-Jan-2020 11:41:49.946 INFO [http-nio-8080-exec-38] org.apache.catalina.core.ApplicationContext.log Manager: start: Starting web application '/WebApplication2_1S'
27-Jan-2020 12:03:05.916 INFO [http-nio-8080-exec-52] org.apache.catalina.core.ApplicationContext.log Manager: list: Listing contexts for virtual host 'localhost'
27-Jan-2020 12:03:32.254 INFO [http-nio-8080-exec-52] org.apache.catalina.core.ApplicationContext.log Manager: list: Listing contexts for virtual host 'localhost'
27-Jan-2020 12:03:32.269 INFO [http-nio-8080-exec-53] org.apache.catalina.core.ApplicationContext.log Manager: restart: Reloading web application '/WebApplication2_1S'
27-Jan-2020 12:03:40.071 INFO [http-nio-8080-exec-54] org.apache.catalina.core.ApplicationContext.log Manager: list: Listing contexts for virtual host 'localhost'
27-Jan-2020 12:03:40.071 INFO [http-nio-8080-exec-52] org.apache.catalina.core.ApplicationContext.log Manager: list: Listing contexts for virtual host 'localhost'
27-Jan-2020 12:03:40.086 INFO [http-nio-8080-exec-48] org.apache.catalina.core.ApplicationContext.log Manager: undeploy: Undeploying web application at '/WebApplication2_1S'
27-Jan-2020 12:03:40.649 INFO [http-nio-8080-exec-54] org.apache.catalina.core.ApplicationContext.log Manager: install: Installing context configuration at 'file:/C:/Users/18029/AppData/Local/Temp/context3260253192756442012.xml'
27-Jan-2020 12:03:45.758 INFO [http-nio-8080-exec-57] org.apache.catalina.core.ApplicationContext.log Manager: start: Starting web application '/WebApplication2_1S'
27-Jan-2020 12:04:19.948 INFO [http-nio-8080-exec-58] org.apache.catalina.core.ApplicationContext.log Manager: list: Listing contexts for virtual host 'localhost'
27-Jan-2020 12:04:19.948 INFO [http-nio-8080-exec-62] org.apache.catalina.core.ApplicationContext.log Manager: undeploy: Undeploying web application at '/WebApplication2_1S'
27-Jan-2020 12:05:57.232 INFO [http-nio-8080-exec-50] org.apache.catalina.core.ApplicationContext.log Manager: list: Listing contexts for virtual host 'localhost'
27-Jan-2020 12:06:14.481 INFO [http-nio-8080-exec-56] org.apache.catalina.core.ApplicationContext.log Manager: list: Listing contexts for virtual host 'localhost'
27-Jan-2020 12:06:15.592 INFO [http-nio-8080-exec-67] org.apache.catalina.core.ApplicationContext.log Manager: list: Listing contexts for virtual host 'localhost'
27-Jan-2020 12:06:27.890 INFO [http-nio-8080-exec-67] org.apache.catalina.core.ApplicationContext.log Manager: list: Listing contexts for virtual host 'localhost'
27-Jan-2020 12:06:27.906 INFO [http-nio-8080-exec-65] org.apache.catalina.core.ApplicationContext.log Manager: list: Listing contexts for virtual host 'localhost'
27-Jan-2020 12:06:27.906 INFO [http-nio-8080-exec-68] org.apache.catalina.core.ApplicationContext.log Manager: install: Installing context configuration at 'file:/C:/Users/18029/AppData/Local/Temp/context8661824867903904192.xml'
27-Jan-2020 12:06:34.275 INFO [http-nio-8080-exec-64] org.apache.catalina.core.ApplicationContext.log Manager: start: Starting web application '/WebApplication2_1S'
27-Jan-2020 12:09:05.795 INFO [http-nio-8080-exec-65] org.apache.catalina.core.ApplicationContext.log Manager: list: Listing contexts for virtual host 'localhost'
27-Jan-2020 12:09:05.810 INFO [http-nio-8080-exec-73] org.apache.catalina.core.ApplicationContext.log Manager: list: Listing contexts for virtual host 'localhost'
27-Jan-2020 12:09:05.842 INFO [http-nio-8080-exec-68] org.apache.catalina.core.ApplicationContext.log Manager: undeploy: Undeploying web application at '/WebApplication2_1S'
27-Jan-2020 12:09:06.404 INFO [http-nio-8080-exec-67] org.apache.catalina.core.ApplicationContext.log Manager: install: Installing context configuration at 'file:/C:/Users/18029/AppData/Local/Temp/context55168058139622824.xml'
27-Jan-2020 12:09:12.073 INFO [http-nio-8080-exec-64] org.apache.catalina.core.ApplicationContext.log Manager: start: Starting web application '/WebApplication2_1S'
27-Jan-2020 12:09:25.951 INFO [http-nio-8080-exec-70] org.apache.catalina.core.ApplicationContext.log Manager: list: Listing contexts for virtual host 'localhost'
27-Jan-2020 12:09:25.967 INFO [http-nio-8080-exec-76] org.apache.catalina.core.ApplicationContext.log Manager: list: Listing contexts for virtual host 'localhost'
27-Jan-2020 12:09:25.967 INFO [http-nio-8080-exec-77] org.apache.catalina.core.ApplicationContext.log Manager: undeploy: Undeploying web application at '/WebApplication2_1S'
27-Jan-2020 12:09:26.529 INFO [http-nio-8080-exec-64] org.apache.catalina.core.ApplicationContext.log Manager: install: Installing context configuration at 'file:/C:/Users/18029/AppData/Local/Temp/context3591129251965023168.xml'
27-Jan-2020 12:09:32.106 INFO [http-nio-8080-exec-72] org.apache.catalina.core.ApplicationContext.log Manager: start: Starting web application '/WebApplication2_1S'
27-Jan-2020 12:10:40.534 INFO [http-nio-8080-exec-83] org.apache.catalina.core.ApplicationContext.log Manager: list: Listing contexts for virtual host 'localhost'
27-Jan-2020 12:10:55.960 INFO [http-nio-8080-exec-78] org.apache.catalina.core.ApplicationContext.log Manager: list: Listing contexts for virtual host 'localhost'
27-Jan-2020 12:10:55.975 INFO [http-nio-8080-exec-85] org.apache.catalina.core.ApplicationContext.log Manager: undeploy: Undeploying web application at '/WebApplication2_1S'
27-Jan-2020 12:11:07.852 INFO [http-nio-8080-exec-85] org.apache.catalina.core.ApplicationContext.log Manager: list: Listing contexts for virtual host 'localhost'
27-Jan-2020 12:11:07.852 INFO [http-nio-8080-exec-87] org.apache.catalina.core.ApplicationContext.log Manager: list: Listing contexts for virtual host 'localhost'
27-Jan-2020 12:11:07.852 INFO [http-nio-8080-exec-83] org.apache.catalina.core.ApplicationContext.log Manager: install: Installing context configuration at 'file:/C:/Users/18029/AppData/Local/Temp/context815475787494798398.xml'
27-Jan-2020 12:11:13.383 INFO [http-nio-8080-exec-88] org.apache.catalina.core.ApplicationContext.log Manager: start: Starting web application '/WebApplication2_1S'
27-Jan-2020 12:11:52.226 INFO [http-nio-8080-exec-80] org.apache.catalina.core.ApplicationContext.log Manager: list: Listing contexts for virtual host 'localhost'
27-Jan-2020 12:12:04.871 INFO [http-nio-8080-exec-92] org.apache.catalina.core.ApplicationContext.log Manager: list: Listing contexts for virtual host 'localhost'
27-Jan-2020 12:12:04.871 INFO [http-nio-8080-exec-91] org.apache.catalina.core.ApplicationContext.log Manager: list: Listing contexts for virtual host 'localhost'
27-Jan-2020 12:12:04.886 INFO [http-nio-8080-exec-94] org.apache.catalina.core.ApplicationContext.log Manager: undeploy: Undeploying web application at '/WebApplication2_1S'
27-Jan-2020 12:12:05.430 INFO [http-nio-8080-exec-91] org.apache.catalina.core.ApplicationContext.log Manager: install: Installing context configuration at 'file:/C:/Users/18029/AppData/Local/Temp/context6003547922792595796.xml'
27-Jan-2020 12:12:11.015 INFO [http-nio-8080-exec-89] org.apache.catalina.core.ApplicationContext.log Manager: start: Starting web application '/WebApplication2_1S'
27-Jan-2020 12:13:53.544 INFO [http-nio-8080-exec-97] org.apache.catalina.core.ApplicationContext.log Manager: list: Listing contexts for virtual host 'localhost'
27-Jan-2020 12:13:57.333 INFO [http-nio-8080-exec-102] org.apache.catalina.core.ApplicationContext.log Manager: list: Listing contexts for virtual host 'localhost'
27-Jan-2020 12:13:57.333 INFO [http-nio-8080-exec-87] org.apache.catalina.core.ApplicationContext.log Manager: undeploy: Undeploying web application at '/WebApplication2_1S'
27-Jan-2020 12:13:59.631 INFO [http-nio-8080-exec-97] org.apache.catalina.core.ApplicationContext.log Manager: list: Listing contexts for virtual host 'localhost'
27-Jan-2020 12:13:59.647 INFO [http-nio-8080-exec-97] org.apache.catalina.core.ApplicationContext.log Manager: list: Listing contexts for virtual host 'localhost'
27-Jan-2020 12:13:59.662 INFO [http-nio-8080-exec-104] org.apache.catalina.core.ApplicationContext.log Manager: install: Installing context configuration at 'file:/C:/Users/18029/AppData/Local/Temp/context1547637799963625914.xml'
27-Jan-2020 12:14:07.706 INFO [http-nio-8080-exec-94] org.apache.catalina.core.ApplicationContext.log Manager: start: Starting web application '/WebApplication2_1S'
27-Jan-2020 12:14:15.849 INFO [http-nio-8080-exec-98] org.apache.catalina.core.ApplicationContext.log Manager: list: Listing contexts for virtual host 'localhost'
27-Jan-2020 12:14:15.849 INFO [http-nio-8080-exec-107] org.apache.catalina.core.ApplicationContext.log Manager: list: Listing contexts for virtual host 'localhost'
27-Jan-2020 12:14:15.864 INFO [http-nio-8080-exec-108] org.apache.catalina.core.ApplicationContext.log Manager: undeploy: Undeploying web application at '/WebApplication2_1S'
27-Jan-2020 12:14:16.419 INFO [http-nio-8080-exec-107] org.apache.catalina.core.ApplicationContext.log Manager: install: Installing context configuration at 'file:/C:/Users/18029/AppData/Local/Temp/context4422737919275627125.xml'
27-Jan-2020 12:14:21.948 INFO [http-nio-8080-exec-94] org.apache.catalina.core.ApplicationContext.log Manager: start: Starting web application '/WebApplication2_1S'
27-Jan-2020 12:14:59.925 INFO [http-nio-8080-exec-111] org.apache.catalina.core.ApplicationContext.log Manager: list: Listing contexts for virtual host 'localhost'
27-Jan-2020 12:15:03.185 INFO [http-nio-8080-exec-111] org.apache.catalina.core.ApplicationContext.log Manager: list: Listing contexts for virtual host 'localhost'
27-Jan-2020 12:15:03.200 INFO [http-nio-8080-exec-112] org.apache.catalina.core.ApplicationContext.log Manager: list: Listing contexts for virtual host 'localhost'
27-Jan-2020 12:15:03.216 INFO [http-nio-8080-exec-113] org.apache.catalina.core.ApplicationContext.log Manager: undeploy: Undeploying web application at '/WebApplication2_1S'
27-Jan-2020 12:15:03.778 INFO [http-nio-8080-exec-110] org.apache.catalina.core.ApplicationContext.log Manager: install: Installing context configuration at 'file:/C:/Users/18029/AppData/Local/Temp/context8237911135289793056.xml'
27-Jan-2020 12:15:09.380 INFO [http-nio-8080-exec-112] org.apache.catalina.core.ApplicationContext.log Manager: start: Starting web application '/WebApplication2_1S'
27-Jan-2020 12:15:31.650 INFO [http-nio-8080-exec-122] org.apache.catalina.core.ApplicationContext.log Manager: list: Listing contexts for virtual host 'localhost'
27-Jan-2020 12:15:36.506 INFO [http-nio-8080-exec-122] org.apache.catalina.core.ApplicationContext.log Manager: list: Listing contexts for virtual host 'localhost'
27-Jan-2020 12:15:36.506 INFO [http-nio-8080-exec-116] org.apache.catalina.core.ApplicationContext.log Manager: list: Listing contexts for virtual host 'localhost'
27-Jan-2020 12:15:36.522 INFO [http-nio-8080-exec-117] org.apache.catalina.core.ApplicationContext.log Manager: undeploy: Undeploying web application at '/WebApplication2_1S'
27-Jan-2020 12:15:37.056 INFO [http-nio-8080-exec-122] org.apache.catalina.core.ApplicationContext.log Manager: install: Installing context configuration at 'file:/C:/Users/18029/AppData/Local/Temp/context7722065025252625416.xml'
27-Jan-2020 12:15:39.506 INFO [http-nio-8080-exec-124] org.apache.catalina.core.ApplicationContext.log Manager: list: Listing contexts for virtual host 'localhost'
27-Jan-2020 12:15:42.446 INFO [http-nio-8080-exec-123] org.apache.catalina.core.ApplicationContext.log Manager: undeploy: Undeploying web application at '/WebApplication2_1S'
27-Jan-2020 12:15:43.008 INFO [http-nio-8080-exec-118] org.apache.catalina.core.ApplicationContext.log Manager: start: Starting web application '/WebApplication2_1S'
27-Jan-2020 12:15:58.309 INFO [http-nio-8080-exec-128] org.apache.catalina.core.ApplicationContext.log Manager: list: Listing contexts for virtual host 'localhost'
27-Jan-2020 12:15:58.309 INFO [http-nio-8080-exec-129] org.apache.catalina.core.ApplicationContext.log Manager: list: Listing contexts for virtual host 'localhost'
27-Jan-2020 12:15:58.324 INFO [http-nio-8080-exec-130] org.apache.catalina.core.ApplicationContext.log Manager: install: Installing context configuration at 'file:/C:/Users/18029/AppData/Local/Temp/context2795035017679611375.xml'
27-Jan-2020 12:16:03.806 INFO [http-nio-8080-exec-125] org.apache.catalina.core.ApplicationContext.log Manager: start: Starting web application '/WebApplication2_1S'
27-Jan-2020 12:16:59.044 INFO [http-nio-8080-exec-134] org.apache.catalina.core.ApplicationContext.log Manager: list: Listing contexts for virtual host 'localhost'
27-Jan-2020 12:16:59.044 INFO [http-nio-8080-exec-135] org.apache.catalina.core.ApplicationContext.log Manager: list: Listing contexts for virtual host 'localhost'
27-Jan-2020 12:16:59.059 INFO [http-nio-8080-exec-136] org.apache.catalina.core.ApplicationContext.log Manager: undeploy: Undeploying web application at '/WebApplication2_1S'
27-Jan-2020 12:16:59.606 INFO [http-nio-8080-exec-128] org.apache.catalina.core.ApplicationContext.log Manager: install: Installing context configuration at 'file:/C:/Users/18029/AppData/Local/Temp/context2004696080441780699.xml'
27-Jan-2020 12:17:04.793 INFO [http-nio-8080-exec-131] org.apache.catalina.core.ApplicationContext.log Manager: start: Starting web application '/WebApplication2_1S'
27-Jan-2020 12:17:21.255 INFO [http-nio-8080-exec-133] org.apache.catalina.core.ApplicationContext.log Manager: list: Listing contexts for virtual host 'localhost'
27-Jan-2020 12:17:21.255 INFO [http-nio-8080-exec-130] org.apache.catalina.core.ApplicationContext.log Manager: list: Listing contexts for virtual host 'localhost'
27-Jan-2020 12:17:21.270 INFO [http-nio-8080-exec-129] org.apache.catalina.core.ApplicationContext.log Manager: undeploy: Undeploying web application at '/WebApplication2_1S'
27-Jan-2020 12:17:21.817 INFO [http-nio-8080-exec-135] org.apache.catalina.core.ApplicationContext.log Manager: install: Installing context configuration at 'file:/C:/Users/18029/AppData/Local/Temp/context2072980019431637174.xml'
27-Jan-2020 12:17:27.364 INFO [http-nio-8080-exec-130] org.apache.catalina.core.ApplicationContext.log Manager: start: Starting web application '/WebApplication2_1S'
27-Jan-2020 12:19:07.776 INFO [http-nio-8080-exec-140] org.apache.catalina.core.ApplicationContext.log Manager: list: Listing contexts for virtual host 'localhost'
27-Jan-2020 12:20:04.972 INFO [http-nio-8080-exec-146] org.apache.catalina.core.ApplicationContext.log Manager: list: Listing contexts for virtual host 'localhost'
27-Jan-2020 12:20:04.972 INFO [http-nio-8080-exec-147] org.apache.catalina.core.ApplicationContext.log Manager: list: Listing contexts for virtual host 'localhost'
27-Jan-2020 12:20:04.987 INFO [http-nio-8080-exec-145] org.apache.catalina.core.ApplicationContext.log Manager: undeploy: Undeploying web application at '/WebApplication2_1S'
27-Jan-2020 12:20:05.531 INFO [http-nio-8080-exec-147] org.apache.catalina.core.ApplicationContext.log Manager: install: Installing context configuration at 'file:/C:/Users/18029/AppData/Local/Temp/context4164320733185760380.xml'
27-Jan-2020 12:20:11.435 INFO [http-nio-8080-exec-143] org.apache.catalina.core.ApplicationContext.log Manager: start: Starting web application '/WebApplication2_1S'
27-Jan-2020 12:20:54.033 INFO [http-nio-8080-exec-151] org.apache.catalina.core.ApplicationContext.log Manager: list: Listing contexts for virtual host 'localhost'
27-Jan-2020 12:20:57.724 INFO [http-nio-8080-exec-151] org.apache.catalina.core.ApplicationContext.log Manager: list: Listing contexts for virtual host 'localhost'
27-Jan-2020 12:20:57.724 INFO [http-nio-8080-exec-152] org.apache.catalina.core.ApplicationContext.log Manager: list: Listing contexts for virtual host 'localhost'
27-Jan-2020 12:20:57.740 INFO [http-nio-8080-exec-153] org.apache.catalina.core.ApplicationContext.log Manager: undeploy: Undeploying web application at '/WebApplication2_1S'
27-Jan-2020 12:20:58.285 INFO [http-nio-8080-exec-141] org.apache.catalina.core.ApplicationContext.log Manager: install: Installing context configuration at 'file:/C:/Users/18029/AppData/Local/Temp/context6156908642147182709.xml'
27-Jan-2020 12:21:04.151 INFO [http-nio-8080-exec-155] org.apache.catalina.core.ApplicationContext.log Manager: start: Starting web application '/WebApplication2_1S'
27-Jan-2020 12:22:01.199 INFO [http-nio-8080-exec-161] org.apache.catalina.core.ApplicationContext.log Manager: list: Listing contexts for virtual host 'localhost'
27-Jan-2020 12:22:01.199 INFO [http-nio-8080-exec-163] org.apache.catalina.core.ApplicationContext.log Manager: list: Listing contexts for virtual host 'localhost'
27-Jan-2020 12:22:01.214 INFO [http-nio-8080-exec-150] org.apache.catalina.core.ApplicationContext.log Manager: undeploy: Undeploying web application at '/WebApplication2_1S'
27-Jan-2020 12:22:01.735 INFO [http-nio-8080-exec-152] org.apache.catalina.core.ApplicationContext.log Manager: install: Installing context configuration at 'file:/C:/Users/18029/AppData/Local/Temp/context243774217790533578.xml'
27-Jan-2020 12:22:08.131 INFO [http-nio-8080-exec-163] org.apache.catalina.core.ApplicationContext.log Manager: start: Starting web application '/WebApplication2_1S'
27-Jan-2020 12:42:24.712 INFO [http-nio-8080-exec-172] org.apache.catalina.core.ApplicationContext.log Manager: list: Listing contexts for virtual host 'localhost'
27-Jan-2020 12:42:24.728 INFO [http-nio-8080-exec-165] org.apache.catalina.core.ApplicationContext.log Manager: undeploy: Undeploying web application at '/WebApplication2_1S'
27-Jan-2020 12:42:33.883 INFO [http-nio-8080-exec-174] org.apache.catalina.core.ApplicationContext.log Manager: list: Listing contexts for virtual host 'localhost'
27-Jan-2020 12:42:33.899 INFO [http-nio-8080-exec-168] org.apache.catalina.core.ApplicationContext.log Manager: list: Listing contexts for virtual host 'localhost'
27-Jan-2020 12:42:33.899 INFO [http-nio-8080-exec-175] org.apache.catalina.core.ApplicationContext.log Manager: install: Installing context configuration at 'file:/C:/Users/18029/AppData/Local/Temp/context2989434484954994269.xml'
27-Jan-2020 12:42:39.749 INFO [http-nio-8080-exec-172] org.apache.catalina.core.ApplicationContext.log Manager: start: Starting web application '/WebApplication2_1S'
27-Jan-2020 12:43:39.820 INFO [http-nio-8080-exec-168] org.apache.catalina.core.ApplicationContext.log Manager: list: Listing contexts for virtual host 'localhost'
27-Jan-2020 12:43:39.835 INFO [http-nio-8080-exec-175] org.apache.catalina.core.ApplicationContext.log Manager: list: Listing contexts for virtual host 'localhost'
27-Jan-2020 12:43:39.835 INFO [http-nio-8080-exec-176] org.apache.catalina.core.ApplicationContext.log Manager: undeploy: Undeploying web application at '/WebApplication2_1S'
27-Jan-2020 12:43:40.398 INFO [http-nio-8080-exec-168] org.apache.catalina.core.ApplicationContext.log Manager: install: Installing context configuration at 'file:/C:/Users/18029/AppData/Local/Temp/context5053373727496216360.xml'
27-Jan-2020 12:43:46.496 INFO [http-nio-8080-exec-167] org.apache.catalina.core.ApplicationContext.log Manager: start: Starting web application '/WebApplication2_1S'
27-Jan-2020 12:44:43.495 INFO [http-nio-8080-exec-179] org.apache.catalina.core.ApplicationContext.log Manager: list: Listing contexts for virtual host 'localhost'
27-Jan-2020 12:44:43.510 INFO [http-nio-8080-exec-177] org.apache.catalina.core.ApplicationContext.log Manager: list: Listing contexts for virtual host 'localhost'
27-Jan-2020 12:44:43.526 INFO [http-nio-8080-exec-175] org.apache.catalina.core.ApplicationContext.log Manager: undeploy: Undeploying web application at '/WebApplication2_1S'
27-Jan-2020 12:44:44.073 INFO [http-nio-8080-exec-183] org.apache.catalina.core.ApplicationContext.log Manager: install: Installing context configuration at 'file:/C:/Users/18029/AppData/Local/Temp/context7465679583389808268.xml'
27-Jan-2020 12:44:49.070 INFO [http-nio-8080-exec-184] org.apache.catalina.core.ApplicationContext.log Manager: list: Listing contexts for virtual host 'localhost'
27-Jan-2020 12:44:50.898 INFO [http-nio-8080-exec-175] org.apache.catalina.core.ApplicationContext.log Manager: undeploy: Undeploying web application at '/WebApplication2_1S'
27-Jan-2020 12:44:51.491 INFO [http-nio-8080-exec-179] org.apache.catalina.core.ApplicationContext.log Manager: start: Starting web application '/WebApplication2_1S'
27-Jan-2020 12:44:52.085 INFO [228] org.apache.catalina.core.ApplicationContext.log Manager: list: Listing contexts for virtual host 'localhost'
27-Jan-2020 12:44:52.116 INFO [http-nio-8080-exec-181] org.apache.catalina.core.ApplicationContext.log Manager: list: Listing contexts for virtual host 'localhost'
27-Jan-2020 12:44:52.163 INFO [http-nio-8080-exec-173] org.apache.catalina.core.ApplicationContext.log Manager: install: Installing context configuration at 'file:/C:/Users/18029/AppData/Local/Temp/context5587740072045034275.xml'
27-Jan-2020 12:44:52.304 INFO [http-nio-8080-exec-179] org.apache.catalina.core.ApplicationContext.log Manager: list: Listing contexts for virtual host 'localhost'
27-Jan-2020 12:45:02.460 INFO [http-nio-8080-exec-187] org.apache.catalina.core.ApplicationContext.log Manager: restart: Reloading web application '/WebApplication2_1S'
27-Jan-2020 12:45:08.686 INFO [http-nio-8080-exec-174] org.apache.catalina.core.ApplicationContext.log Manager: start: Starting web application '/WebApplication2_1S'
27-Jan-2020 12:45:14.946 INFO [http-nio-8080-exec-192] org.apache.catalina.core.ApplicationContext.log Manager: list: Listing contexts for virtual host 'localhost'
27-Jan-2020 12:45:14.950 INFO [http-nio-8080-exec-190] org.apache.catalina.core.ApplicationContext.log Manager: list: Listing contexts for virtual host 'localhost'
27-Jan-2020 12:45:14.959 INFO [http-nio-8080-exec-181] org.apache.catalina.core.ApplicationContext.log Manager: undeploy: Undeploying web application at '/WebApplication2_1S'
27-Jan-2020 12:45:15.515 INFO [http-nio-8080-exec-174] org.apache.catalina.core.ApplicationContext.log Manager: install: Installing context configuration at 'file:/C:/Users/18029/AppData/Local/Temp/context5023449472659558091.xml'
27-Jan-2020 12:45:22.021 INFO [http-nio-8080-exec-179] org.apache.catalina.core.ApplicationContext.log Manager: start: Starting web application '/WebApplication2_1S'
27-Jan-2020 12:51:23.082 INFO [http-nio-8080-exec-199] org.apache.catalina.core.ApplicationContext.log Manager: list: Listing contexts for virtual host 'localhost'
27-Jan-2020 12:52:06.276 INFO [http-nio-8080-exec-200] org.apache.catalina.core.ApplicationContext.log Manager: list: Listing contexts for virtual host 'localhost'
27-Jan-2020 12:52:06.276 INFO [http-nio-8080-exec-201] org.apache.catalina.core.ApplicationContext.log Manager: list: Listing contexts for virtual host 'localhost'
27-Jan-2020 12:52:06.291 INFO [http-nio-8080-exec-202] org.apache.catalina.core.ApplicationContext.log Manager: undeploy: Undeploying web application at '/WebApplication2_1S'
27-Jan-2020 12:52:06.869 INFO [http-nio-8080-exec-194] org.apache.catalina.core.ApplicationContext.log Manager: install: Installing context configuration at 'file:/C:/Users/18029/AppData/Local/Temp/context6081408375293255804.xml'
27-Jan-2020 12:52:13.056 INFO [http-nio-8080-exec-197] org.apache.catalina.core.ApplicationContext.log Manager: start: Starting web application '/WebApplication2_1S'
27-Jan-2020 12:52:54.380 INFO [http-nio-8080-exec-204] org.apache.catalina.core.ApplicationContext.log Manager: list: Listing contexts for virtual host 'localhost'
27-Jan-2020 12:53:57.347 INFO [248] org.apache.catalina.core.ApplicationContext.log Manager: list: Listing contexts for virtual host 'localhost'
27-Jan-2020 12:54:26.045 INFO [http-nio-8080-exec-208] org.apache.catalina.core.ApplicationContext.log Manager: list: Listing contexts for virtual host 'localhost'
27-Jan-2020 12:55:26.597 INFO [http-nio-8080-exec-206] org.apache.catalina.core.ApplicationContext.log Manager: list: Listing contexts for virtual host 'localhost'
27-Jan-2020 12:57:41.744 INFO [http-nio-8080-exec-205] org.apache.catalina.core.ApplicationContext.log Manager: list: Listing contexts for virtual host 'localhost'
27-Jan-2020 12:58:44.858 INFO [http-nio-8080-exec-210] org.apache.catalina.core.ApplicationContext.log Manager: list: Listing contexts for virtual host 'localhost'
27-Jan-2020 12:59:37.190 INFO [http-nio-8080-exec-203] org.apache.catalina.core.ApplicationContext.log Manager: list: Listing contexts for virtual host 'localhost'
27-Jan-2020 12:59:39.166 INFO [http-nio-8080-exec-208] org.apache.catalina.core.ApplicationContext.log Manager: list: Listing contexts for virtual host 'localhost'
27-Jan-2020 12:59:39.172 INFO [http-nio-8080-exec-204] org.apache.catalina.core.ApplicationContext.log Manager: undeploy: Undeploying web application at '/WebApplication2_1S'
27-Jan-2020 12:59:44.557 INFO [http-nio-8080-exec-211] org.apache.catalina.core.ApplicationContext.log Manager: list: Listing contexts for virtual host 'localhost'
27-Jan-2020 12:59:44.557 INFO [http-nio-8080-exec-213] org.apache.catalina.core.ApplicationContext.log Manager: list: Listing contexts for virtual host 'localhost'
27-Jan-2020 12:59:44.572 INFO [http-nio-8080-exec-214] org.apache.catalina.core.ApplicationContext.log Manager: install: Installing context configuration at 'file:/C:/Users/18029/AppData/Local/Temp/context6719892397115325524.xml'
27-Jan-2020 12:59:51.582 INFO [http-nio-8080-exec-208] org.apache.catalina.core.ApplicationContext.log Manager: start: Starting web application '/WebApplication2_1S'
27-Jan-2020 13:00:42.983 INFO [http-nio-8080-exec-206] org.apache.catalina.core.ApplicationContext.log Manager: list: Listing contexts for virtual host 'localhost'
27-Jan-2020 13:01:14.271 INFO [http-nio-8080-exec-215] org.apache.catalina.core.ApplicationContext.log Manager: list: Listing contexts for virtual host 'localhost'
27-Jan-2020 13:01:18.212 INFO [http-nio-8080-exec-215] org.apache.catalina.core.ApplicationContext.log Manager: list: Listing contexts for virtual host 'localhost'
27-Jan-2020 13:01:18.212 INFO [http-nio-8080-exec-217] org.apache.catalina.core.ApplicationContext.log Manager: list: Listing contexts for virtual host 'localhost'
27-Jan-2020 13:01:18.228 INFO [http-nio-8080-exec-218] org.apache.catalina.core.ApplicationContext.log Manager: undeploy: Undeploying web application at '/WebApplication2_1S'
27-Jan-2020 13:01:18.770 INFO [http-nio-8080-exec-215] org.apache.catalina.core.ApplicationContext.log Manager: install: Installing context configuration at 'file:/C:/Users/18029/AppData/Local/Temp/context993261975589430.xml'
27-Jan-2020 13:01:25.275 INFO [http-nio-8080-exec-221] org.apache.catalina.core.ApplicationContext.log Manager: start: Starting web application '/WebApplication2_1S'
27-Jan-2020 13:02:10.186 INFO [http-nio-8080-exec-203] org.apache.catalina.core.ApplicationContext.log Manager: list: Listing contexts for virtual host 'localhost'
27-Jan-2020 13:02:10.189 INFO [http-nio-8080-exec-213] org.apache.catalina.core.ApplicationContext.log Manager: list: Listing contexts for virtual host 'localhost'
27-Jan-2020 13:02:10.200 INFO [http-nio-8080-exec-217] org.apache.catalina.core.ApplicationContext.log Manager: undeploy: Undeploying web application at '/WebApplication2_1S'
27-Jan-2020 13:02:10.758 INFO [http-nio-8080-exec-223] org.apache.catalina.core.ApplicationContext.log Manager: install: Installing context configuration at 'file:/C:/Users/18029/AppData/Local/Temp/context4771200904353365815.xml'
27-Jan-2020 13:02:16.690 INFO [http-nio-8080-exec-216] org.apache.catalina.core.ApplicationContext.log Manager: start: Starting web application '/WebApplication2_1S'
27-Jan-2020 13:02:50.553 INFO [http-nio-8080-exec-213] org.apache.catalina.core.ApplicationContext.log Manager: list: Listing contexts for virtual host 'localhost'
27-Jan-2020 13:02:50.553 INFO [http-nio-8080-exec-227] org.apache.catalina.core.ApplicationContext.log Manager: list: Listing contexts for virtual host 'localhost'
27-Jan-2020 13:02:50.569 INFO [http-nio-8080-exec-228] org.apache.catalina.core.ApplicationContext.log Manager: undeploy: Undeploying web application at '/WebApplication2_1S'
27-Jan-2020 13:02:51.117 INFO [http-nio-8080-exec-231] org.apache.catalina.core.ApplicationContext.log Manager: install: Installing context configuration at 'file:/C:/Users/18029/AppData/Local/Temp/context5878107113778724975.xml'
27-Jan-2020 13:02:57.622 INFO [http-nio-8080-exec-224] org.apache.catalina.core.ApplicationContext.log Manager: start: Starting web application '/WebApplication2_1S'
27-Jan-2020 13:04:32.942 INFO [http-nio-8080-exec-229] org.apache.catalina.core.ApplicationContext.log Manager: list: Listing contexts for virtual host 'localhost'
27-Jan-2020 13:04:38.126 INFO [http-nio-8080-exec-233] org.apache.catalina.core.ApplicationContext.log Manager: list: Listing contexts for virtual host 'localhost'
27-Jan-2020 13:04:38.137 INFO [http-nio-8080-exec-234] org.apache.catalina.core.ApplicationContext.log Manager: undeploy: Undeploying web application at '/WebApplication2_1S'
27-Jan-2020 13:04:45.004 INFO [http-nio-8080-exec-232] org.apache.catalina.core.ApplicationContext.log Manager: list: Listing contexts for virtual host 'localhost'
27-Jan-2020 13:04:45.007 INFO [http-nio-8080-exec-241] org.apache.catalina.core.ApplicationContext.log Manager: list: Listing contexts for virtual host 'localhost'
27-Jan-2020 13:04:45.016 INFO [http-nio-8080-exec-239] org.apache.catalina.core.ApplicationContext.log Manager: install: Installing context configuration at 'file:/C:/Users/18029/AppData/Local/Temp/context6523230329927517024.xml'
27-Jan-2020 13:04:51.240 INFO [http-nio-8080-exec-233] org.apache.catalina.core.ApplicationContext.log Manager: start: Starting web application '/WebApplication2_1S'
27-Jan-2020 13:05:49.708 INFO [http-nio-8080-exec-242] org.apache.catalina.core.ApplicationContext.log Manager: list: Listing contexts for virtual host 'localhost'
27-Jan-2020 13:06:10.760 INFO [http-nio-8080-exec-241] org.apache.catalina.core.ApplicationContext.log Manager: list: Listing contexts for virtual host 'localhost'
27-Jan-2020 13:06:30.219 INFO [http-nio-8080-exec-247] org.apache.catalina.core.ApplicationContext.log Manager: list: Listing contexts for virtual host 'localhost'
27-Jan-2020 13:06:30.239 INFO [http-nio-8080-exec-241] org.apache.catalina.core.ApplicationContext.log Manager: restart: Reloading web application '/WebApplication2_1S'
27-Jan-2020 13:06:40.810 INFO [http-nio-8080-exec-240] org.apache.catalina.core.ApplicationContext.log Manager: list: Listing contexts for virtual host 'localhost'
27-Jan-2020 13:08:34.742 INFO [http-nio-8080-exec-245] org.apache.catalina.core.ApplicationContext.log Manager: list: Listing contexts for virtual host 'localhost'
27-Jan-2020 13:08:36.282 INFO [http-nio-8080-exec-250] org.apache.catalina.core.ApplicationContext.log Manager: list: Listing contexts for virtual host 'localhost'
27-Jan-2020 13:08:55.440 INFO [http-nio-8080-exec-254] org.apache.catalina.core.ApplicationContext.log Manager: list: Listing contexts for virtual host 'localhost'
27-Jan-2020 13:08:55.442 INFO [http-nio-8080-exec-255] org.apache.catalina.core.ApplicationContext.log Manager: list: Listing contexts for virtual host 'localhost'
27-Jan-2020 13:08:55.451 INFO [http-nio-8080-exec-249] org.apache.catalina.core.ApplicationContext.log Manager: undeploy: Undeploying web application at '/WebApplication2_1S'
27-Jan-2020 13:08:56.029 INFO [http-nio-8080-exec-250] org.apache.catalina.core.ApplicationContext.log Manager: install: Installing context configuration at 'file:/C:/Users/18029/AppData/Local/Temp/context5192875391225869814.xml'
27-Jan-2020 13:09:02.010 INFO [http-nio-8080-exec-254] org.apache.catalina.core.ApplicationContext.log Manager: start: Starting web application '/WebApplication2_1S'
27-Jan-2020 13:10:20.705 INFO [http-nio-8080-exec-255] org.apache.catalina.core.ApplicationContext.log Manager: list: Listing contexts for virtual host 'localhost'
27-Jan-2020 13:10:49.973 INFO [http-nio-8080-exec-258] org.apache.catalina.core.ApplicationContext.log Manager: list: Listing contexts for virtual host 'localhost'
27-Jan-2020 13:10:52.754 INFO [http-nio-8080-exec-263] org.apache.catalina.core.ApplicationContext.log Manager: list: Listing contexts for virtual host 'localhost'
27-Jan-2020 13:10:52.770 INFO [http-nio-8080-exec-266] org.apache.catalina.core.ApplicationContext.log Manager: list: Listing contexts for virtual host 'localhost'
27-Jan-2020 13:10:52.770 INFO [http-nio-8080-exec-264] org.apache.catalina.core.ApplicationContext.log Manager: undeploy: Undeploying web application at '/NumeriPrimi'
27-Jan-2020 13:10:53.348 INFO [http-nio-8080-exec-259] org.apache.catalina.core.ApplicationContext.log Manager: install: Installing context configuration at 'file:/C:/Users/18029/AppData/Local/Temp/context3816751792491128151.xml'
27-Jan-2020 13:10:53.489 INFO [http-nio-8080-exec-265] org.apache.catalina.core.ApplicationContext.log Manager: start: Starting web application '/NumeriPrimi'
27-Jan-2020 13:10:56.336 INFO [http-nio-8080-exec-261] org.apache.catalina.core.ApplicationContext.log Manager: list: Listing contexts for virtual host 'localhost'
27-Jan-2020 13:10:56.352 INFO [http-nio-8080-exec-257] org.apache.catalina.core.ApplicationContext.log Manager: undeploy: Undeploying web application at '/NumeriPrimi'
27-Jan-2020 13:11:01.659 INFO [http-nio-8080-exec-263] org.apache.catalina.core.ApplicationContext.log Manager: list: Listing contexts for virtual host 'localhost'
27-Jan-2020 13:11:01.666 INFO [http-nio-8080-exec-267] org.apache.catalina.core.ApplicationContext.log Manager: undeploy: Undeploying web application at '/WebApplication2_1S'
27-Jan-2020 13:11:07.914 INFO [http-nio-8080-exec-260] org.apache.catalina.core.ApplicationContext.log Manager: list: Listing contexts for virtual host 'localhost'
27-Jan-2020 13:11:07.914 INFO [http-nio-8080-exec-258] org.apache.catalina.core.ApplicationContext.log Manager: list: Listing contexts for virtual host 'localhost'
27-Jan-2020 13:11:07.930 INFO [http-nio-8080-exec-269] org.apache.catalina.core.ApplicationContext.log Manager: install: Installing context configuration at 'file:/C:/Users/18029/AppData/Local/Temp/context480435340495882387.xml'
27-Jan-2020 13:11:13.585 INFO [http-nio-8080-exec-263] org.apache.catalina.core.ApplicationContext.log Manager: start: Starting web application '/WebApplication2_1S'
27-Jan-2020 13:15:24.458 INFO [http-nio-8080-exec-277] org.apache.catalina.core.ApplicationContext.log Manager: list: Listing contexts for virtual host 'localhost'
27-Jan-2020 13:15:24.473 INFO [http-nio-8080-exec-278] org.apache.catalina.core.ApplicationContext.log Manager: restart: Reloading web application '/WebApplication2_1S'
27-Jan-2020 13:15:32.569 INFO [http-nio-8080-exec-273] org.apache.catalina.core.ApplicationContext.log Manager: list: Listing contexts for virtual host 'localhost'
27-Jan-2020 13:15:32.569 INFO [http-nio-8080-exec-280] org.apache.catalina.core.ApplicationContext.log Manager: restart: Reloading web application '/WebApplication2_1S'
27-Jan-2020 13:15:36.240 INFO [http-nio-8080-exec-271] org.apache.catalina.core.ApplicationContext.log Manager: list: Listing contexts for virtual host 'localhost'
27-Jan-2020 13:15:36.256 INFO [http-nio-8080-exec-279] org.apache.catalina.core.ApplicationContext.log Manager: list: Listing contexts for virtual host 'localhost'
27-Jan-2020 13:15:39.599 INFO [http-nio-8080-exec-277] org.apache.catalina.core.ApplicationContext.log Manager: undeploy: Undeploying web application at '/WebApplication2_1S'
27-Jan-2020 13:15:40.208 INFO [http-nio-8080-exec-279] org.apache.catalina.core.ApplicationContext.log Manager: install: Installing context configuration at 'file:/C:/Users/18029/AppData/Local/Temp/context6946210034217443609.xml'
27-Jan-2020 13:15:47.036 INFO [http-nio-8080-exec-274] org.apache.catalina.core.ApplicationContext.log Manager: start: Starting web application '/WebApplication2_1S'
27-Jan-2020 13:16:02.424 INFO [http-nio-8080-exec-273] org.apache.catalina.core.ApplicationContext.log Manager: list: Listing contexts for virtual host 'localhost'
27-Jan-2020 13:16:02.434 INFO [http-nio-8080-exec-287] org.apache.catalina.core.ApplicationContext.log Manager: undeploy: Undeploying web application at '/WebApplication2_1S'
27-Jan-2020 13:16:05.698 INFO [http-nio-8080-exec-285] org.apache.catalina.core.ApplicationContext.log Manager: list: Listing contexts for virtual host 'localhost'
27-Jan-2020 13:16:05.702 INFO [http-nio-8080-exec-288] org.apache.catalina.core.ApplicationContext.log Manager: list: Listing contexts for virtual host 'localhost'
27-Jan-2020 13:16:05.722 INFO [http-nio-8080-exec-289] org.apache.catalina.core.ApplicationContext.log Manager: install: Installing context configuration at 'file:/C:/Users/18029/AppData/Local/Temp/context227397680582701561.xml'
27-Jan-2020 13:16:14.706 INFO [http-nio-8080-exec-273] org.apache.catalina.core.ApplicationContext.log Manager: start: Starting web application '/WebApplication2_1S'
27-Jan-2020 13:17:21.413 INFO [http-nio-8080-exec-295] org.apache.catalina.core.ApplicationContext.log Manager: list: Listing contexts for virtual host 'localhost'
27-Jan-2020 13:17:25.134 INFO [http-nio-8080-exec-295] org.apache.catalina.core.ApplicationContext.log Manager: list: Listing contexts for virtual host 'localhost'
27-Jan-2020 13:17:25.149 INFO [http-nio-8080-exec-286] org.apache.catalina.core.ApplicationContext.log Manager: list: Listing contexts for virtual host 'localhost'
27-Jan-2020 13:17:25.149 INFO [http-nio-8080-exec-283] org.apache.catalina.core.ApplicationContext.log Manager: undeploy: Undeploying web application at '/WebApplication2_1S'
27-Jan-2020 13:17:25.716 INFO [http-nio-8080-exec-291] org.apache.catalina.core.ApplicationContext.log Manager: install: Installing context configuration at 'file:/C:/Users/18029/AppData/Local/Temp/context4381460558921068298.xml'
27-Jan-2020 13:17:32.108 INFO [http-nio-8080-exec-294] org.apache.catalina.core.ApplicationContext.log Manager: start: Starting web application '/WebApplication2_1S'
