22-Apr-2018 11:04:08.297 INFO [localhost-startStop-1] org.apache.catalina.core.ApplicationContext.log default: DefaultServlet.init:  input buffer size=2048, output buffer size=2048
22-Apr-2018 11:04:09.110 INFO [http-nio-8080-exec-2] org.apache.catalina.core.ApplicationContext.log Manager: init: Associated with Deployer 'Catalina:type=Deployer,host=localhost'
22-Apr-2018 11:04:09.111 INFO [http-nio-8080-exec-2] org.apache.catalina.core.ApplicationContext.log Manager: init: Global resources are available
22-Apr-2018 11:04:09.212 INFO [http-nio-8080-exec-2] org.apache.catalina.core.ApplicationContext.log Manager: list: Listing contexts for virtual host 'localhost'
22-Apr-2018 11:04:09.401 INFO [http-nio-8080-exec-6] org.apache.catalina.core.ApplicationContext.log Manager: list: Listing contexts for virtual host 'localhost'
22-Apr-2018 11:04:09.461 INFO [http-nio-8080-exec-4] org.apache.catalina.core.ApplicationContext.log Manager: install: Installing context configuration at 'file:/var/folders/1c/g851qhds387cf7z065l4vwgc0000gp/T/context7920305695720325947.xml'
22-Apr-2018 11:04:12.957 INFO [http-nio-8080-exec-5] org.apache.catalina.core.ApplicationContext.log Manager: start: Starting web application '/WSspring10'
22-Apr-2018 11:07:59.504 INFO [http-nio-8080-exec-10] org.apache.catalina.core.ApplicationContext.log Manager: list: Listing contexts for virtual host 'localhost'
22-Apr-2018 11:07:59.578 INFO [http-nio-8080-exec-3] org.apache.catalina.core.ApplicationContext.log Manager: list: Listing contexts for virtual host 'localhost'
22-Apr-2018 11:11:20.026 INFO [http-nio-8080-exec-6] org.apache.catalina.core.ApplicationContext.log Manager: list: Listing contexts for virtual host 'localhost'
22-Apr-2018 11:11:20.101 INFO [http-nio-8080-exec-4] org.apache.catalina.core.ApplicationContext.log Manager: list: Listing contexts for virtual host 'localhost'
22-Apr-2018 11:14:04.884 INFO [http-nio-8080-exec-9] org.apache.catalina.core.ApplicationContext.log Manager: list: Listing contexts for virtual host 'localhost'
22-Apr-2018 11:14:04.930 INFO [http-nio-8080-exec-10] org.apache.catalina.core.ApplicationContext.log Manager: list: Listing contexts for virtual host 'localhost'
22-Apr-2018 11:14:38.255 INFO [localhost-startStop-1] org.apache.catalina.core.ApplicationContext.log default: DefaultServlet.init:  input buffer size=2048, output buffer size=2048
22-Apr-2018 11:14:44.995 INFO [http-nio-8080-exec-8] org.apache.catalina.core.ApplicationContext.log Manager: init: Associated with Deployer 'Catalina:type=Deployer,host=localhost'
22-Apr-2018 11:14:44.996 INFO [http-nio-8080-exec-8] org.apache.catalina.core.ApplicationContext.log Manager: init: Global resources are available
22-Apr-2018 11:14:45.049 INFO [http-nio-8080-exec-8] org.apache.catalina.core.ApplicationContext.log Manager: list: Listing contexts for virtual host 'localhost'
22-Apr-2018 11:14:45.137 INFO [http-nio-8080-exec-10] org.apache.catalina.core.ApplicationContext.log Manager: list: Listing contexts for virtual host 'localhost'
22-Apr-2018 11:14:45.189 INFO [http-nio-8080-exec-1] org.apache.catalina.core.ApplicationContext.log Manager: undeploy: Undeploying web application at '/WSspring10'
22-Apr-2018 11:14:45.818 INFO [http-nio-8080-exec-5] org.apache.catalina.core.ApplicationContext.log Manager: install: Installing context configuration at 'file:/var/folders/1c/g851qhds387cf7z065l4vwgc0000gp/T/context6770442616484001856.xml'
22-Apr-2018 11:14:48.564 INFO [http-nio-8080-exec-4] org.apache.catalina.core.ApplicationContext.log Manager: start: Starting web application '/WSspring10'
22-Apr-2018 11:26:01.283 INFO [ContainerBackgroundProcessor[StandardEngine[Catalina]]] org.apache.catalina.core.ApplicationContext.log default: DefaultServlet.init:  input buffer size=2048, output buffer size=2048
22-Apr-2018 11:29:20.925 INFO [http-nio-8080-exec-21] org.apache.catalina.core.ApplicationContext.log Manager: init: Associated with Deployer 'Catalina:type=Deployer,host=localhost'
22-Apr-2018 11:29:20.927 INFO [http-nio-8080-exec-21] org.apache.catalina.core.ApplicationContext.log Manager: init: Global resources are available
22-Apr-2018 11:29:20.966 INFO [http-nio-8080-exec-21] org.apache.catalina.core.ApplicationContext.log Manager: list: Listing contexts for virtual host 'localhost'
22-Apr-2018 11:29:21.105 INFO [http-nio-8080-exec-22] org.apache.catalina.core.ApplicationContext.log Manager: list: Listing contexts for virtual host 'localhost'
22-Apr-2018 11:29:21.169 INFO [http-nio-8080-exec-24] org.apache.catalina.core.ApplicationContext.log Manager: undeploy: Undeploying web application at '/WSspring10'
22-Apr-2018 11:29:21.771 INFO [http-nio-8080-exec-20] org.apache.catalina.core.ApplicationContext.log Manager: install: Installing context configuration at 'file:/var/folders/1c/g851qhds387cf7z065l4vwgc0000gp/T/context3061003614326195873.xml'
22-Apr-2018 11:29:24.880 INFO [http-nio-8080-exec-17] org.apache.catalina.core.ApplicationContext.log Manager: start: Starting web application '/WSspring10'
22-Apr-2018 11:33:18.718 INFO [http-nio-8080-exec-25] org.apache.catalina.core.ApplicationContext.log Manager: list: Listing contexts for virtual host 'localhost'
22-Apr-2018 11:33:18.780 INFO [http-nio-8080-exec-26] org.apache.catalina.core.ApplicationContext.log Manager: list: Listing contexts for virtual host 'localhost'
22-Apr-2018 11:33:18.825 INFO [http-nio-8080-exec-27] org.apache.catalina.core.ApplicationContext.log Manager: undeploy: Undeploying web application at '/WSspring10'
22-Apr-2018 11:33:19.438 INFO [http-nio-8080-exec-30] org.apache.catalina.core.ApplicationContext.log Manager: install: Installing context configuration at 'file:/var/folders/1c/g851qhds387cf7z065l4vwgc0000gp/T/context1710481464471768395.xml'
22-Apr-2018 11:33:22.511 INFO [http-nio-8080-exec-29] org.apache.catalina.core.ApplicationContext.log Manager: start: Starting web application '/WSspring10'
22-Apr-2018 11:41:29.762 INFO [http-nio-8080-exec-36] org.apache.catalina.core.ApplicationContext.log Manager: list: Listing contexts for virtual host 'localhost'
22-Apr-2018 11:41:29.812 INFO [http-nio-8080-exec-44] org.apache.catalina.core.ApplicationContext.log Manager: undeploy: Undeploying web application at '/WSspring10'
22-Apr-2018 13:10:32.266 INFO [http-nio-8080-exec-53] org.apache.catalina.core.ApplicationContext.log Manager: list: Listing contexts for virtual host 'localhost'
22-Apr-2018 13:10:32.333 INFO [http-nio-8080-exec-54] org.apache.catalina.core.ApplicationContext.log Manager: list: Listing contexts for virtual host 'localhost'
22-Apr-2018 13:10:32.424 INFO [http-nio-8080-exec-45] org.apache.catalina.core.ApplicationContext.log Manager: install: Installing context configuration at 'file:/var/folders/1c/g851qhds387cf7z065l4vwgc0000gp/T/context579186222932538140.xml'
22-Apr-2018 13:10:36.204 INFO [http-nio-8080-exec-46] org.apache.catalina.core.ApplicationContext.log Manager: start: Starting web application '/WSspring10'
22-Apr-2018 13:10:54.912 INFO [http-nio-8080-exec-49] org.apache.catalina.core.ApplicationContext.log Manager: list: Listing contexts for virtual host 'localhost'
22-Apr-2018 13:10:54.970 INFO [http-nio-8080-exec-50] org.apache.catalina.core.ApplicationContext.log Manager: list: Listing contexts for virtual host 'localhost'
22-Apr-2018 13:11:59.925 INFO [http-nio-8080-exec-45] org.apache.catalina.core.ApplicationContext.log Manager: list: Listing contexts for virtual host 'localhost'
22-Apr-2018 13:11:59.985 INFO [http-nio-8080-exec-46] org.apache.catalina.core.ApplicationContext.log Manager: list: Listing contexts for virtual host 'localhost'
22-Apr-2018 13:12:00.096 INFO [http-nio-8080-exec-47] org.apache.catalina.core.ApplicationContext.log Manager: undeploy: Undeploying web application at '/WSspring10'
22-Apr-2018 13:12:00.728 INFO [http-nio-8080-exec-48] org.apache.catalina.core.ApplicationContext.log Manager: install: Installing context configuration at 'file:/var/folders/1c/g851qhds387cf7z065l4vwgc0000gp/T/context7668495259727208446.xml'
22-Apr-2018 13:12:04.336 INFO [http-nio-8080-exec-56] org.apache.catalina.core.ApplicationContext.log Manager: start: Starting web application '/WSspring10'
22-Apr-2018 13:13:10.901 INFO [http-nio-8080-exec-55] org.apache.catalina.core.ApplicationContext.log Manager: list: Listing contexts for virtual host 'localhost'
22-Apr-2018 13:13:10.942 INFO [http-nio-8080-exec-59] org.apache.catalina.core.ApplicationContext.log Manager: list: Listing contexts for virtual host 'localhost'
22-Apr-2018 13:13:11.001 INFO [http-nio-8080-exec-63] org.apache.catalina.core.ApplicationContext.log Manager: undeploy: Undeploying web application at '/WSspring10'
22-Apr-2018 13:13:11.587 INFO [http-nio-8080-exec-55] org.apache.catalina.core.ApplicationContext.log Manager: install: Installing context configuration at 'file:/var/folders/1c/g851qhds387cf7z065l4vwgc0000gp/T/context3768211043612226413.xml'
22-Apr-2018 13:13:14.470 INFO [http-nio-8080-exec-66] org.apache.catalina.core.ApplicationContext.log Manager: start: Starting web application '/WSspring10'
22-Apr-2018 13:16:28.763 INFO [http-nio-8080-exec-71] org.apache.catalina.core.ApplicationContext.log Manager: list: Listing contexts for virtual host 'localhost'
22-Apr-2018 13:16:28.820 INFO [http-nio-8080-exec-65] org.apache.catalina.core.ApplicationContext.log Manager: list: Listing contexts for virtual host 'localhost'
22-Apr-2018 13:16:28.885 INFO [http-nio-8080-exec-66] org.apache.catalina.core.ApplicationContext.log Manager: undeploy: Undeploying web application at '/WSspring10'
22-Apr-2018 13:16:29.501 INFO [http-nio-8080-exec-67] org.apache.catalina.core.ApplicationContext.log Manager: install: Installing context configuration at 'file:/var/folders/1c/g851qhds387cf7z065l4vwgc0000gp/T/context6528824581339864646.xml'
22-Apr-2018 13:16:32.861 INFO [http-nio-8080-exec-64] org.apache.catalina.core.ApplicationContext.log Manager: start: Starting web application '/WSspring10'
22-Apr-2018 13:19:51.918 INFO [http-nio-8080-exec-74] org.apache.catalina.core.ApplicationContext.log Manager: list: Listing contexts for virtual host 'localhost'
22-Apr-2018 13:19:51.985 INFO [http-nio-8080-exec-75] org.apache.catalina.core.ApplicationContext.log Manager: list: Listing contexts for virtual host 'localhost'
22-Apr-2018 13:19:52.067 INFO [http-nio-8080-exec-76] org.apache.catalina.core.ApplicationContext.log Manager: undeploy: Undeploying web application at '/WSspring10'
22-Apr-2018 13:19:52.657 INFO [http-nio-8080-exec-79] org.apache.catalina.core.ApplicationContext.log Manager: install: Installing context configuration at 'file:/var/folders/1c/g851qhds387cf7z065l4vwgc0000gp/T/context3965614898975371158.xml'
22-Apr-2018 13:19:55.732 INFO [http-nio-8080-exec-83] org.apache.catalina.core.ApplicationContext.log Manager: start: Starting web application '/WSspring10'
22-Apr-2018 13:37:03.031 INFO [http-nio-8080-exec-90] org.apache.catalina.core.ApplicationContext.log Manager: list: Listing contexts for virtual host 'localhost'
22-Apr-2018 13:37:03.063 INFO [http-nio-8080-exec-91] org.apache.catalina.core.ApplicationContext.log Manager: stop: Stopping web application '/WSspring10'
22-Apr-2018 13:37:03.169 INFO [http-nio-8080-exec-84] org.apache.catalina.core.ApplicationContext.log Manager: start: Starting web application '/WSspring10'
22-Apr-2018 13:37:18.157 INFO [http-nio-8080-exec-87] org.apache.catalina.core.ApplicationContext.log Manager: list: Listing contexts for virtual host 'localhost'
22-Apr-2018 13:37:18.209 INFO [http-nio-8080-exec-97] org.apache.catalina.core.ApplicationContext.log Manager: list: Listing contexts for virtual host 'localhost'
22-Apr-2018 13:37:18.790 INFO [http-nio-8080-exec-90] org.apache.catalina.core.ApplicationContext.log Manager: undeploy: Undeploying web application at '/WSspring10'
22-Apr-2018 13:37:19.398 INFO [http-nio-8080-exec-85] org.apache.catalina.core.ApplicationContext.log Manager: install: Installing context configuration at 'file:/var/folders/1c/g851qhds387cf7z065l4vwgc0000gp/T/context1934314306213991490.xml'
22-Apr-2018 13:37:22.971 INFO [http-nio-8080-exec-94] org.apache.catalina.core.ApplicationContext.log Manager: start: Starting web application '/WSspring10'
22-Apr-2018 13:38:01.327 INFO [http-nio-8080-exec-87] org.apache.catalina.core.ApplicationContext.log Manager: list: Listing contexts for virtual host 'localhost'
22-Apr-2018 13:38:01.381 INFO [http-nio-8080-exec-100] org.apache.catalina.core.ApplicationContext.log Manager: stop: Stopping web application '/WSspring10'
22-Apr-2018 13:38:01.458 INFO [http-nio-8080-exec-84] org.apache.catalina.core.ApplicationContext.log Manager: start: Starting web application '/WSspring10'
22-Apr-2018 13:38:11.257 INFO [http-nio-8080-exec-99] org.apache.catalina.core.ApplicationContext.log Manager: list: Listing contexts for virtual host 'localhost'
22-Apr-2018 13:38:11.288 INFO [http-nio-8080-exec-94] org.apache.catalina.core.ApplicationContext.log Manager: list: Listing contexts for virtual host 'localhost'
22-Apr-2018 13:38:11.354 INFO [http-nio-8080-exec-87] org.apache.catalina.core.ApplicationContext.log Manager: undeploy: Undeploying web application at '/WSspring10'
22-Apr-2018 13:38:11.924 INFO [http-nio-8080-exec-102] org.apache.catalina.core.ApplicationContext.log Manager: install: Installing context configuration at 'file:/var/folders/1c/g851qhds387cf7z065l4vwgc0000gp/T/context2303600107339458862.xml'
22-Apr-2018 13:38:32.359 INFO [http-nio-8080-exec-101] org.apache.catalina.core.ApplicationContext.log Manager: start: Starting web application '/WSspring10'
22-Apr-2018 13:44:34.059 INFO [http-nio-8080-exec-105] org.apache.catalina.core.ApplicationContext.log Manager: list: Listing contexts for virtual host 'localhost'
22-Apr-2018 13:44:34.099 INFO [http-nio-8080-exec-106] org.apache.catalina.core.ApplicationContext.log Manager: list: Listing contexts for virtual host 'localhost'
22-Apr-2018 13:44:34.189 INFO [http-nio-8080-exec-107] org.apache.catalina.core.ApplicationContext.log Manager: undeploy: Undeploying web application at '/WSspring10'
22-Apr-2018 13:44:34.782 INFO [http-nio-8080-exec-113] org.apache.catalina.core.ApplicationContext.log Manager: install: Installing context configuration at 'file:/var/folders/1c/g851qhds387cf7z065l4vwgc0000gp/T/context4695504832573610169.xml'
22-Apr-2018 13:44:37.305 INFO [http-nio-8080-exec-112] org.apache.catalina.core.ApplicationContext.log Manager: start: Starting web application '/WSspring10'
22-Apr-2018 13:46:19.943 INFO [http-nio-8080-exec-115] org.apache.catalina.core.ApplicationContext.log Manager: list: Listing contexts for virtual host 'localhost'
22-Apr-2018 13:46:20.014 INFO [http-nio-8080-exec-117] org.apache.catalina.core.ApplicationContext.log Manager: list: Listing contexts for virtual host 'localhost'
22-Apr-2018 13:46:20.128 INFO [http-nio-8080-exec-116] org.apache.catalina.core.ApplicationContext.log Manager: undeploy: Undeploying web application at '/WSspring10'
22-Apr-2018 13:46:20.729 INFO [http-nio-8080-exec-118] org.apache.catalina.core.ApplicationContext.log Manager: install: Installing context configuration at 'file:/var/folders/1c/g851qhds387cf7z065l4vwgc0000gp/T/context9010604704953603820.xml'
22-Apr-2018 13:46:23.848 INFO [http-nio-8080-exec-119] org.apache.catalina.core.ApplicationContext.log Manager: start: Starting web application '/WSspring10'
22-Apr-2018 14:06:19.926 INFO [http-nio-8080-exec-122] org.apache.catalina.core.ApplicationContext.log Manager: list: Listing contexts for virtual host 'localhost'
22-Apr-2018 14:06:19.986 INFO [http-nio-8080-exec-121] org.apache.catalina.core.ApplicationContext.log Manager: list: Listing contexts for virtual host 'localhost'
22-Apr-2018 14:06:20.049 INFO [http-nio-8080-exec-123] org.apache.catalina.core.ApplicationContext.log Manager: undeploy: Undeploying web application at '/WSspring10'
22-Apr-2018 14:06:20.679 INFO [http-nio-8080-exec-130] org.apache.catalina.core.ApplicationContext.log Manager: install: Installing context configuration at 'file:/var/folders/1c/g851qhds387cf7z065l4vwgc0000gp/T/context9021336836313745473.xml'
22-Apr-2018 14:06:23.539 INFO [http-nio-8080-exec-126] org.apache.catalina.core.ApplicationContext.log Manager: start: Starting web application '/WSspring10'
22-Apr-2018 14:21:15.471 INFO [http-nio-8080-exec-131] org.apache.catalina.core.ApplicationContext.log Manager: list: Listing contexts for virtual host 'localhost'
22-Apr-2018 14:21:15.522 INFO [http-nio-8080-exec-132] org.apache.catalina.core.ApplicationContext.log Manager: stop: Stopping web application '/WSspring10'
22-Apr-2018 14:21:15.610 INFO [http-nio-8080-exec-137] org.apache.catalina.core.ApplicationContext.log Manager: start: Starting web application '/WSspring10'
22-Apr-2018 14:21:21.350 INFO [http-nio-8080-exec-139] org.apache.catalina.core.ApplicationContext.log Manager: list: Listing contexts for virtual host 'localhost'
22-Apr-2018 14:21:21.405 INFO [http-nio-8080-exec-143] org.apache.catalina.core.ApplicationContext.log Manager: list: Listing contexts for virtual host 'localhost'
22-Apr-2018 14:21:21.470 INFO [http-nio-8080-exec-138] org.apache.catalina.core.ApplicationContext.log Manager: undeploy: Undeploying web application at '/WSspring10'
22-Apr-2018 14:21:22.055 INFO [http-nio-8080-exec-142] org.apache.catalina.core.ApplicationContext.log Manager: install: Installing context configuration at 'file:/var/folders/1c/g851qhds387cf7z065l4vwgc0000gp/T/context4193441435181268380.xml'
22-Apr-2018 14:21:25.311 INFO [http-nio-8080-exec-139] org.apache.catalina.core.ApplicationContext.log Manager: start: Starting web application '/WSspring10'
22-Apr-2018 14:23:04.732 INFO [http-nio-8080-exec-144] org.apache.catalina.core.ApplicationContext.log Manager: list: Listing contexts for virtual host 'localhost'
22-Apr-2018 14:23:04.774 INFO [http-nio-8080-exec-145] org.apache.catalina.core.ApplicationContext.log Manager: list: Listing contexts for virtual host 'localhost'
22-Apr-2018 14:23:04.863 INFO [http-nio-8080-exec-146] org.apache.catalina.core.ApplicationContext.log Manager: undeploy: Undeploying web application at '/WSspring10'
22-Apr-2018 14:23:05.477 INFO [http-nio-8080-exec-151] org.apache.catalina.core.ApplicationContext.log Manager: install: Installing context configuration at 'file:/var/folders/1c/g851qhds387cf7z065l4vwgc0000gp/T/context514804089481363024.xml'
22-Apr-2018 14:24:36.080 INFO [http-nio-8080-exec-151] org.apache.catalina.core.ApplicationContext.log Manager: list: Listing contexts for virtual host 'localhost'
22-Apr-2018 14:24:36.123 INFO [http-nio-8080-exec-152] org.apache.catalina.core.ApplicationContext.log Manager: list: Listing contexts for virtual host 'localhost'
22-Apr-2018 14:24:36.187 INFO [http-nio-8080-exec-154] org.apache.catalina.core.ApplicationContext.log Manager: undeploy: Undeploying web application at '/WSspring10'
22-Apr-2018 14:24:36.740 INFO [http-nio-8080-exec-153] org.apache.catalina.core.ApplicationContext.log Manager: install: Installing context configuration at 'file:/var/folders/1c/g851qhds387cf7z065l4vwgc0000gp/T/context4373814649190077164.xml'
22-Apr-2018 14:26:06.649 INFO [http-nio-8080-exec-151] org.apache.catalina.core.ApplicationContext.log Manager: list: Listing contexts for virtual host 'localhost'
22-Apr-2018 14:26:06.711 INFO [http-nio-8080-exec-152] org.apache.catalina.core.ApplicationContext.log Manager: list: Listing contexts for virtual host 'localhost'
22-Apr-2018 14:26:06.769 INFO [http-nio-8080-exec-154] org.apache.catalina.core.ApplicationContext.log Manager: undeploy: Undeploying web application at '/WSspring10'
22-Apr-2018 14:26:07.329 INFO [http-nio-8080-exec-153] org.apache.catalina.core.ApplicationContext.log Manager: install: Installing context configuration at 'file:/var/folders/1c/g851qhds387cf7z065l4vwgc0000gp/T/context7305042440152774815.xml'
22-Apr-2018 14:26:10.122 INFO [http-nio-8080-exec-155] org.apache.catalina.core.ApplicationContext.log Manager: start: Starting web application '/WSspring10'
22-Apr-2018 14:51:26.063 INFO [http-nio-8080-exec-156] org.apache.catalina.core.ApplicationContext.log Manager: list: Listing contexts for virtual host 'localhost'
22-Apr-2018 14:51:37.811 INFO [http-nio-8080-exec-156] org.apache.catalina.core.ApplicationContext.log Manager: list: Listing contexts for virtual host 'localhost'
22-Apr-2018 14:51:38.070 INFO [http-nio-8080-exec-158] org.apache.catalina.core.ApplicationContext.log Manager: restart: Reloading web application '/WSspring10'
22-Apr-2018 14:51:47.758 INFO [http-nio-8080-exec-157] org.apache.catalina.core.ApplicationContext.log Manager: list: Listing contexts for virtual host 'localhost'
22-Apr-2018 14:51:47.792 INFO [http-nio-8080-exec-161] org.apache.catalina.core.ApplicationContext.log Manager: restart: Reloading web application '/WSspring10'
22-Apr-2018 14:51:47.792 SEVERE [http-nio-8080-exec-161] org.apache.catalina.core.ApplicationContext.log Manager: ManagerServlet.reload[/WSspring10]
 java.lang.IllegalStateException: Context with name [/WSspring10] has not yet been started
	at org.apache.catalina.core.StandardContext.reload(StandardContext.java:3813)
	at org.apache.catalina.manager.ManagerServlet.reload(ManagerServlet.java:1006)
	at org.apache.catalina.manager.ManagerServlet.doGet(ManagerServlet.java:354)
	at javax.servlet.http.HttpServlet.service(HttpServlet.java:622)
	at javax.servlet.http.HttpServlet.service(HttpServlet.java:729)
	at org.apache.catalina.core.ApplicationFilterChain.internalDoFilter(ApplicationFilterChain.java:291)
	at org.apache.catalina.core.ApplicationFilterChain.doFilter(ApplicationFilterChain.java:206)
	at org.apache.tomcat.websocket.server.WsFilter.doFilter(WsFilter.java:52)
	at org.apache.catalina.core.ApplicationFilterChain.internalDoFilter(ApplicationFilterChain.java:239)
	at org.apache.catalina.core.ApplicationFilterChain.doFilter(ApplicationFilterChain.java:206)
	at org.netbeans.modules.web.monitor.server.MonitorFilter.doFilter(MonitorFilter.java:393)
	at org.apache.catalina.core.ApplicationFilterChain.internalDoFilter(ApplicationFilterChain.java:239)
	at org.apache.catalina.core.ApplicationFilterChain.doFilter(ApplicationFilterChain.java:206)
	at org.apache.catalina.filters.SetCharacterEncodingFilter.doFilter(SetCharacterEncodingFilter.java:108)
	at org.apache.catalina.core.ApplicationFilterChain.internalDoFilter(ApplicationFilterChain.java:239)
	at org.apache.catalina.core.ApplicationFilterChain.doFilter(ApplicationFilterChain.java:206)
	at org.apache.catalina.core.StandardWrapperValve.invoke(StandardWrapperValve.java:212)
	at org.apache.catalina.core.StandardContextValve.invoke(StandardContextValve.java:106)
	at org.apache.catalina.authenticator.AuthenticatorBase.invoke(AuthenticatorBase.java:614)
	at org.apache.catalina.core.StandardHostValve.invoke(StandardHostValve.java:141)
	at org.apache.catalina.valves.ErrorReportValve.invoke(ErrorReportValve.java:79)
	at org.apache.catalina.valves.AbstractAccessLogValve.invoke(AbstractAccessLogValve.java:616)
	at org.apache.catalina.core.StandardEngineValve.invoke(StandardEngineValve.java:88)
	at org.apache.catalina.connector.CoyoteAdapter.service(CoyoteAdapter.java:521)
	at org.apache.coyote.http11.AbstractHttp11Processor.process(AbstractHttp11Processor.java:1096)
	at org.apache.coyote.AbstractProtocol$AbstractConnectionHandler.process(AbstractProtocol.java:674)
	at org.apache.tomcat.util.net.NioEndpoint$SocketProcessor.doRun(NioEndpoint.java:1500)
	at org.apache.tomcat.util.net.NioEndpoint$SocketProcessor.run(NioEndpoint.java:1456)
	at java.util.concurrent.ThreadPoolExecutor.runWorker(ThreadPoolExecutor.java:1142)
	at java.util.concurrent.ThreadPoolExecutor$Worker.run(ThreadPoolExecutor.java:617)
	at org.apache.tomcat.util.threads.TaskThread$WrappingRunnable.run(TaskThread.java:61)
	at java.lang.Thread.run(Thread.java:745)

22-Apr-2018 14:52:10.651 INFO [http-nio-8080-exec-164] org.apache.catalina.core.ApplicationContext.log Manager: list: Listing contexts for virtual host 'localhost'
22-Apr-2018 14:52:10.698 INFO [http-nio-8080-exec-153] org.apache.catalina.core.ApplicationContext.log Manager: list: Listing contexts for virtual host 'localhost'
22-Apr-2018 14:52:10.768 INFO [http-nio-8080-exec-162] org.apache.catalina.core.ApplicationContext.log Manager: undeploy: Undeploying web application at '/WSspring10'
22-Apr-2018 14:52:11.349 INFO [http-nio-8080-exec-161] org.apache.catalina.core.ApplicationContext.log Manager: install: Installing context configuration at 'file:/var/folders/1c/g851qhds387cf7z065l4vwgc0000gp/T/context4245847491275961975.xml'
22-Apr-2018 14:53:16.609 INFO [http-nio-8080-exec-165] org.apache.catalina.core.ApplicationContext.log Manager: list: Listing contexts for virtual host 'localhost'
22-Apr-2018 14:53:16.664 INFO [http-nio-8080-exec-166] org.apache.catalina.core.ApplicationContext.log Manager: list: Listing contexts for virtual host 'localhost'
22-Apr-2018 14:53:16.716 INFO [http-nio-8080-exec-167] org.apache.catalina.core.ApplicationContext.log Manager: undeploy: Undeploying web application at '/WSspring10'
22-Apr-2018 14:53:17.301 INFO [http-nio-8080-exec-168] org.apache.catalina.core.ApplicationContext.log Manager: install: Installing context configuration at 'file:/var/folders/1c/g851qhds387cf7z065l4vwgc0000gp/T/context4018281240178643380.xml'
22-Apr-2018 14:57:54.873 INFO [http-nio-8080-exec-169] org.apache.catalina.core.ApplicationContext.log Manager: list: Listing contexts for virtual host 'localhost'
22-Apr-2018 14:57:54.930 INFO [http-nio-8080-exec-176] org.apache.catalina.core.ApplicationContext.log Manager: list: Listing contexts for virtual host 'localhost'
22-Apr-2018 14:57:55.021 INFO [http-nio-8080-exec-170] org.apache.catalina.core.ApplicationContext.log Manager: undeploy: Undeploying web application at '/WSspring10'
22-Apr-2018 14:57:55.729 INFO [http-nio-8080-exec-174] org.apache.catalina.core.ApplicationContext.log Manager: install: Installing context configuration at 'file:/var/folders/1c/g851qhds387cf7z065l4vwgc0000gp/T/context2551037231944404534.xml'
22-Apr-2018 14:57:59.609 INFO [http-nio-8080-exec-170] org.apache.catalina.core.ApplicationContext.log Manager: list: Listing contexts for virtual host 'localhost'
22-Apr-2018 14:57:59.633 INFO [http-nio-8080-exec-171] org.apache.catalina.core.ApplicationContext.log Manager: list: Listing contexts for virtual host 'localhost'
22-Apr-2018 14:57:59.659 INFO [http-nio-8080-exec-178] org.apache.catalina.core.ApplicationContext.log Manager: undeploy: Undeploying web application at '/WSspring10'
22-Apr-2018 14:58:00.251 INFO [http-nio-8080-exec-170] org.apache.catalina.core.ApplicationContext.log Manager: install: Installing context configuration at 'file:/var/folders/1c/g851qhds387cf7z065l4vwgc0000gp/T/context1945661291556904747.xml'
22-Apr-2018 14:58:04.837 INFO [http-nio-8080-exec-175] org.apache.catalina.core.ApplicationContext.log Manager: list: Listing contexts for virtual host 'localhost'
22-Apr-2018 14:58:04.872 INFO [http-nio-8080-exec-171] org.apache.catalina.core.ApplicationContext.log Manager: list: Listing contexts for virtual host 'localhost'
22-Apr-2018 14:58:04.933 INFO [http-nio-8080-exec-173] org.apache.catalina.core.ApplicationContext.log Manager: undeploy: Undeploying web application at '/WSspring10'
22-Apr-2018 14:58:05.481 INFO [http-nio-8080-exec-174] org.apache.catalina.core.ApplicationContext.log Manager: install: Installing context configuration at 'file:/var/folders/1c/g851qhds387cf7z065l4vwgc0000gp/T/context4643139494148946547.xml'
22-Apr-2018 15:11:02.705 INFO [http-nio-8080-exec-188] org.apache.catalina.core.ApplicationContext.log Manager: list: Listing contexts for virtual host 'localhost'
22-Apr-2018 15:11:02.797 INFO [http-nio-8080-exec-189] org.apache.catalina.core.ApplicationContext.log Manager: list: Listing contexts for virtual host 'localhost'
22-Apr-2018 15:11:02.829 INFO [http-nio-8080-exec-180] org.apache.catalina.core.ApplicationContext.log Manager: undeploy: Undeploying web application at '/WSspring10'
22-Apr-2018 15:11:03.573 INFO [http-nio-8080-exec-181] org.apache.catalina.core.ApplicationContext.log Manager: install: Installing context configuration at 'file:/var/folders/1c/g851qhds387cf7z065l4vwgc0000gp/T/context2829204914947536776.xml'
22-Apr-2018 15:11:10.395 INFO [http-nio-8080-exec-188] org.apache.catalina.core.ApplicationContext.log Manager: start: Starting web application '/WSspring10'
22-Apr-2018 15:11:12.477 INFO [http-nio-8080-exec-183] org.apache.catalina.core.ApplicationContext.log Manager: list: Listing contexts for virtual host 'localhost'
22-Apr-2018 15:11:12.525 INFO [http-nio-8080-exec-192] org.apache.catalina.core.ApplicationContext.log Manager: list: Listing contexts for virtual host 'localhost'
22-Apr-2018 15:11:12.585 INFO [http-nio-8080-exec-185] org.apache.catalina.core.ApplicationContext.log Manager: undeploy: Undeploying web application at '/WSspring10'
22-Apr-2018 15:11:13.166 INFO [http-nio-8080-exec-191] org.apache.catalina.core.ApplicationContext.log Manager: install: Installing context configuration at 'file:/var/folders/1c/g851qhds387cf7z065l4vwgc0000gp/T/context8441958853544459096.xml'
22-Apr-2018 15:11:16.518 INFO [http-nio-8080-exec-190] org.apache.catalina.core.ApplicationContext.log Manager: list: Listing contexts for virtual host 'localhost'
22-Apr-2018 15:11:17.214 INFO [http-nio-8080-exec-192] org.apache.catalina.core.ApplicationContext.log Manager: restart: Reloading web application '/WSspring10'
22-Apr-2018 15:11:19.580 INFO [http-nio-8080-exec-193] org.apache.catalina.core.ApplicationContext.log Manager: start: Starting web application '/WSspring10'
22-Apr-2018 15:13:50.192 INFO [http-nio-8080-exec-195] org.apache.catalina.core.ApplicationContext.log Manager: list: Listing contexts for virtual host 'localhost'
22-Apr-2018 15:13:50.257 INFO [http-nio-8080-exec-202] org.apache.catalina.core.ApplicationContext.log Manager: restart: Reloading web application '/WSspring10'
22-Apr-2018 15:13:58.339 INFO [http-nio-8080-exec-195] org.apache.catalina.core.ApplicationContext.log Manager: list: Listing contexts for virtual host 'localhost'
22-Apr-2018 15:13:58.389 INFO [http-nio-8080-exec-206] org.apache.catalina.core.ApplicationContext.log Manager: list: Listing contexts for virtual host 'localhost'
22-Apr-2018 15:13:58.451 INFO [http-nio-8080-exec-196] org.apache.catalina.core.ApplicationContext.log Manager: undeploy: Undeploying web application at '/WSspring10'
22-Apr-2018 15:13:59.012 INFO [http-nio-8080-exec-195] org.apache.catalina.core.ApplicationContext.log Manager: install: Installing context configuration at 'file:/var/folders/1c/g851qhds387cf7z065l4vwgc0000gp/T/context3132802877714345365.xml'
22-Apr-2018 15:14:02.090 INFO [http-nio-8080-exec-200] org.apache.catalina.core.ApplicationContext.log Manager: start: Starting web application '/WSspring10'
22-Apr-2018 15:46:36.278 INFO [http-nio-8080-exec-209] org.apache.catalina.core.ApplicationContext.log Manager: list: Listing contexts for virtual host 'localhost'
22-Apr-2018 15:46:36.360 INFO [http-nio-8080-exec-210] org.apache.catalina.core.ApplicationContext.log Manager: list: Listing contexts for virtual host 'localhost'
22-Apr-2018 15:46:36.427 INFO [http-nio-8080-exec-211] org.apache.catalina.core.ApplicationContext.log Manager: undeploy: Undeploying web application at '/WSspring10'
22-Apr-2018 15:46:37.066 INFO [http-nio-8080-exec-216] org.apache.catalina.core.ApplicationContext.log Manager: install: Installing context configuration at 'file:/var/folders/1c/g851qhds387cf7z065l4vwgc0000gp/T/context528764544796016100.xml'
22-Apr-2018 15:46:41.491 INFO [http-nio-8080-exec-215] org.apache.catalina.core.ApplicationContext.log Manager: start: Starting web application '/WSspring10'
22-Apr-2018 15:55:57.341 INFO [http-nio-8080-exec-219] org.apache.catalina.core.ApplicationContext.log Manager: list: Listing contexts for virtual host 'localhost'
22-Apr-2018 15:55:57.426 INFO [http-nio-8080-exec-218] org.apache.catalina.core.ApplicationContext.log Manager: list: Listing contexts for virtual host 'localhost'
22-Apr-2018 15:55:57.518 INFO [http-nio-8080-exec-220] org.apache.catalina.core.ApplicationContext.log Manager: undeploy: Undeploying web application at '/WSspring10'
22-Apr-2018 15:55:58.854 INFO [http-nio-8080-exec-226] org.apache.catalina.core.ApplicationContext.log Manager: install: Installing context configuration at 'file:/var/folders/1c/g851qhds387cf7z065l4vwgc0000gp/T/context4563878036394221055.xml'
22-Apr-2018 15:56:02.844 INFO [http-nio-8080-exec-221] org.apache.catalina.core.ApplicationContext.log Manager: start: Starting web application '/WSspring10'
22-Apr-2018 15:58:42.850 INFO [http-nio-8080-exec-233] org.apache.catalina.core.ApplicationContext.log Manager: list: Listing contexts for virtual host 'localhost'
22-Apr-2018 15:58:42.926 INFO [http-nio-8080-exec-234] org.apache.catalina.core.ApplicationContext.log Manager: list: Listing contexts for virtual host 'localhost'
22-Apr-2018 15:58:56.581 INFO [http-nio-8080-exec-231] org.apache.catalina.core.ApplicationContext.log Manager: list: Listing contexts for virtual host 'localhost'
22-Apr-2018 15:58:56.682 INFO [http-nio-8080-exec-232] org.apache.catalina.core.ApplicationContext.log Manager: list: Listing contexts for virtual host 'localhost'
22-Apr-2018 15:58:56.759 INFO [http-nio-8080-exec-227] org.apache.catalina.core.ApplicationContext.log Manager: undeploy: Undeploying web application at '/WSspring10'
22-Apr-2018 15:58:57.372 INFO [http-nio-8080-exec-228] org.apache.catalina.core.ApplicationContext.log Manager: install: Installing context configuration at 'file:/var/folders/1c/g851qhds387cf7z065l4vwgc0000gp/T/context4258248240357191729.xml'
22-Apr-2018 15:59:02.168 INFO [http-nio-8080-exec-232] org.apache.catalina.core.ApplicationContext.log Manager: start: Starting web application '/WSspring10'
22-Apr-2018 16:07:05.745 INFO [http-nio-8080-exec-240] org.apache.catalina.core.ApplicationContext.log Manager: list: Listing contexts for virtual host 'localhost'
22-Apr-2018 16:07:05.832 INFO [http-nio-8080-exec-245] org.apache.catalina.core.ApplicationContext.log Manager: list: Listing contexts for virtual host 'localhost'
22-Apr-2018 16:07:05.915 INFO [http-nio-8080-exec-243] org.apache.catalina.core.ApplicationContext.log Manager: undeploy: Undeploying web application at '/WSspring10'
22-Apr-2018 16:07:06.577 INFO [http-nio-8080-exec-244] org.apache.catalina.core.ApplicationContext.log Manager: install: Installing context configuration at 'file:/var/folders/1c/g851qhds387cf7z065l4vwgc0000gp/T/context3438861151814391759.xml'
22-Apr-2018 16:07:12.253 INFO [http-nio-8080-exec-239] org.apache.catalina.core.ApplicationContext.log Manager: start: Starting web application '/WSspring10'
22-Apr-2018 16:33:05.359 INFO [http-nio-8080-exec-255] org.apache.catalina.core.ApplicationContext.log Manager: list: Listing contexts for virtual host 'localhost'
22-Apr-2018 16:33:05.453 INFO [http-nio-8080-exec-256] org.apache.catalina.core.ApplicationContext.log Manager: list: Listing contexts for virtual host 'localhost'
22-Apr-2018 16:33:05.526 INFO [http-nio-8080-exec-248] org.apache.catalina.core.ApplicationContext.log Manager: stop: Stopping web application '/WSspring10'
22-Apr-2018 16:33:05.669 INFO [http-nio-8080-exec-252] org.apache.catalina.core.ApplicationContext.log Manager: start: Starting web application '/WSspring10'
22-Apr-2018 16:44:55.109 INFO [http-nio-8080-exec-269] org.apache.catalina.core.ApplicationContext.log Manager: list: Listing contexts for virtual host 'localhost'
22-Apr-2018 16:45:13.322 INFO [http-nio-8080-exec-269] org.apache.catalina.core.ApplicationContext.log Manager: list: Listing contexts for virtual host 'localhost'
22-Apr-2018 16:45:13.415 INFO [http-nio-8080-exec-260] org.apache.catalina.core.ApplicationContext.log Manager: list: Listing contexts for virtual host 'localhost'
22-Apr-2018 16:46:40.809 INFO [http-nio-8080-exec-265] org.apache.catalina.core.ApplicationContext.log Manager: list: Listing contexts for virtual host 'localhost'
22-Apr-2018 16:46:40.875 INFO [http-nio-8080-exec-268] org.apache.catalina.core.ApplicationContext.log Manager: list: Listing contexts for virtual host 'localhost'
22-Apr-2018 16:46:40.937 INFO [http-nio-8080-exec-266] org.apache.catalina.core.ApplicationContext.log Manager: undeploy: Undeploying web application at '/WSspring10'
22-Apr-2018 16:46:41.588 INFO [http-nio-8080-exec-261] org.apache.catalina.core.ApplicationContext.log Manager: install: Installing context configuration at 'file:/var/folders/1c/g851qhds387cf7z065l4vwgc0000gp/T/context925977989800725824.xml'
22-Apr-2018 16:47:46.635 INFO [http-nio-8080-exec-270] org.apache.catalina.core.ApplicationContext.log Manager: start: Starting web application '/WSspring10'
22-Apr-2018 16:48:46.530 INFO [http-nio-8080-exec-275] org.apache.catalina.core.ApplicationContext.log Manager: list: Listing contexts for virtual host 'localhost'
22-Apr-2018 16:48:59.438 INFO [http-nio-8080-exec-271] org.apache.catalina.core.ApplicationContext.log Manager: list: Listing contexts for virtual host 'localhost'
22-Apr-2018 16:48:59.483 INFO [http-nio-8080-exec-270] org.apache.catalina.core.ApplicationContext.log Manager: list: Listing contexts for virtual host 'localhost'
22-Apr-2018 16:48:59.601 INFO [http-nio-8080-exec-272] org.apache.catalina.core.ApplicationContext.log Manager: undeploy: Undeploying web application at '/WSspring10'
22-Apr-2018 16:49:00.190 INFO [http-nio-8080-exec-270] org.apache.catalina.core.ApplicationContext.log Manager: install: Installing context configuration at 'file:/var/folders/1c/g851qhds387cf7z065l4vwgc0000gp/T/context7333888385811645497.xml'
22-Apr-2018 16:49:04.016 INFO [http-nio-8080-exec-271] org.apache.catalina.core.ApplicationContext.log Manager: start: Starting web application '/WSspring10'
22-Apr-2018 16:49:57.292 INFO [http-nio-8080-exec-283] org.apache.catalina.core.ApplicationContext.log Manager: list: Listing contexts for virtual host 'localhost'
22-Apr-2018 16:49:57.374 INFO [http-nio-8080-exec-277] org.apache.catalina.core.ApplicationContext.log Manager: list: Listing contexts for virtual host 'localhost'
22-Apr-2018 16:49:57.451 INFO [http-nio-8080-exec-273] org.apache.catalina.core.ApplicationContext.log Manager: undeploy: Undeploying web application at '/WSspring10'
22-Apr-2018 16:49:58.067 INFO [http-nio-8080-exec-276] org.apache.catalina.core.ApplicationContext.log Manager: install: Installing context configuration at 'file:/var/folders/1c/g851qhds387cf7z065l4vwgc0000gp/T/context8317442108152029644.xml'
22-Apr-2018 16:50:02.548 INFO [http-nio-8080-exec-280] org.apache.catalina.core.ApplicationContext.log Manager: start: Starting web application '/WSspring10'
22-Apr-2018 20:05:53.896 INFO [http-nio-8080-exec-293] org.apache.catalina.core.ApplicationContext.log Manager: list: Listing contexts for virtual host 'localhost'
22-Apr-2018 20:05:53.948 INFO [http-nio-8080-exec-288] org.apache.catalina.core.ApplicationContext.log Manager: restart: Reloading web application '/WSspring10'
22-Apr-2018 20:37:41.586 FINE [localhost-startStop-1] org.apache.catalina.core.StandardContext.listenerStart Sending application start events
22-Apr-2018 20:37:41.586 FINE [localhost-startStop-1] org.apache.catalina.core.StandardContext.filterStart Starting filters
22-Apr-2018 20:37:41.586 FINE [localhost-startStop-1] org.apache.catalina.core.StandardContext.filterStart  Starting filter 'Tomcat WebSocket (JSR356) Filter'
22-Apr-2018 20:37:41.587 FINE [localhost-startStop-1] org.apache.catalina.core.StandardContext.filterStart  Starting filter 'SetCharacterEncoding'
22-Apr-2018 20:37:41.587 FINE [localhost-startStop-1] org.apache.catalina.core.StandardContext.filterStart  Starting filter 'HTTPMonitorFilter'
22-Apr-2018 20:37:41.590 FINE [localhost-startStop-1] org.apache.catalina.core.StandardContext.filterStart  Starting filter 'CSRF'
22-Apr-2018 20:37:41.593 INFO [localhost-startStop-1] org.apache.catalina.core.ApplicationContext.log default: DefaultServlet.init:  input buffer size=2048, output buffer size=2048
22-Apr-2018 20:37:42.820 INFO [http-nio-8080-exec-7] org.apache.catalina.core.ApplicationContext.log Manager: init: Associated with Deployer 'Catalina:type=Deployer,host=localhost'
22-Apr-2018 20:37:42.820 INFO [http-nio-8080-exec-7] org.apache.catalina.core.ApplicationContext.log Manager: init: Global resources are available
22-Apr-2018 20:37:42.907 INFO [http-nio-8080-exec-7] org.apache.catalina.core.ApplicationContext.log Manager: list: Listing contexts for virtual host 'localhost'
22-Apr-2018 20:37:43.100 INFO [http-nio-8080-exec-6] org.apache.catalina.core.ApplicationContext.log Manager: list: Listing contexts for virtual host 'localhost'
22-Apr-2018 20:37:43.171 INFO [http-nio-8080-exec-9] org.apache.catalina.core.ApplicationContext.log Manager: restart: Reloading web application '/WSspring10'
22-Apr-2018 20:39:27.378 INFO [http-nio-8080-exec-5] org.apache.catalina.core.ApplicationContext.log Manager: list: Listing contexts for virtual host 'localhost'
22-Apr-2018 20:39:27.403 INFO [http-nio-8080-exec-18] org.apache.catalina.core.ApplicationContext.log Manager: list: Listing contexts for virtual host 'localhost'
22-Apr-2018 22:32:27.041 INFO [http-nio-8080-exec-12] org.apache.catalina.core.ApplicationContext.log Manager: list: Listing contexts for virtual host 'localhost'
22-Apr-2018 22:32:27.097 INFO [http-nio-8080-exec-13] org.apache.catalina.core.ApplicationContext.log Manager: list: Listing contexts for virtual host 'localhost'
22-Apr-2018 22:46:35.914 INFO [http-nio-8080-exec-20] org.apache.catalina.core.ApplicationContext.log Manager: list: Listing contexts for virtual host 'localhost'
22-Apr-2018 22:46:35.963 INFO [http-nio-8080-exec-17] org.apache.catalina.core.ApplicationContext.log Manager: list: Listing contexts for virtual host 'localhost'
22-Apr-2018 23:53:35.280 FINE [localhost-startStop-2] org.apache.catalina.core.StandardContext.filterStop Stopping filters
22-Apr-2018 23:53:35.281 FINE [localhost-startStop-2] org.apache.catalina.core.StandardContext.filterStop  Stopping filter 'Tomcat WebSocket (JSR356) Filter'
22-Apr-2018 23:53:35.281 FINE [localhost-startStop-2] org.apache.catalina.core.StandardContext.filterStop  Stopping filter 'SetCharacterEncoding'
22-Apr-2018 23:53:35.281 FINE [localhost-startStop-2] org.apache.catalina.core.StandardContext.filterStop  Stopping filter 'HTTPMonitorFilter'
22-Apr-2018 23:53:35.281 FINE [localhost-startStop-2] org.apache.catalina.core.StandardContext.filterStop  Stopping filter 'CSRF'
