11-Feb-2020 14:05:45.630 FINE [localhost-startStop-1] org.apache.catalina.core.StandardContext.listenerStart Sending application start events
11-Feb-2020 14:05:45.630 FINE [localhost-startStop-1] org.apache.catalina.core.StandardContext.filterStart Starting filters
11-Feb-2020 14:05:45.630 FINE [localhost-startStop-1] org.apache.catalina.core.StandardContext.filterStart  Starting filter 'Tomcat WebSocket (JSR356) Filter'
11-Feb-2020 14:05:45.630 FINE [localhost-startStop-1] org.apache.catalina.core.StandardContext.filterStart  Starting filter 'SetCharacterEncoding'
11-Feb-2020 14:05:45.631 FINE [localhost-startStop-1] org.apache.catalina.core.StandardContext.filterStart  Starting filter 'CSRF'
11-Feb-2020 14:05:45.631 INFO [localhost-startStop-1] org.apache.catalina.core.ApplicationContext.log default: DefaultServlet.init:  input buffer size=2048, output buffer size=2048
11-Feb-2020 14:06:23.069 FINE [localhost-startStop-2] org.apache.catalina.core.StandardContext.filterStop Stopping filters
11-Feb-2020 14:06:23.070 FINE [localhost-startStop-2] org.apache.catalina.core.StandardContext.filterStop  Stopping filter 'Tomcat WebSocket (JSR356) Filter'
11-Feb-2020 14:06:23.070 FINE [localhost-startStop-2] org.apache.catalina.core.StandardContext.filterStop  Stopping filter 'SetCharacterEncoding'
11-Feb-2020 14:06:23.070 FINE [localhost-startStop-2] org.apache.catalina.core.StandardContext.filterStop  Stopping filter 'CSRF'
11-Feb-2020 14:06:29.388 FINE [localhost-startStop-1] org.apache.catalina.core.StandardContext.listenerStart Sending application start events
11-Feb-2020 14:06:29.389 FINE [localhost-startStop-1] org.apache.catalina.core.StandardContext.filterStart Starting filters
11-Feb-2020 14:06:29.389 FINE [localhost-startStop-1] org.apache.catalina.core.StandardContext.filterStart  Starting filter 'Tomcat WebSocket (JSR356) Filter'
11-Feb-2020 14:06:29.389 FINE [localhost-startStop-1] org.apache.catalina.core.StandardContext.filterStart  Starting filter 'SetCharacterEncoding'
11-Feb-2020 14:06:29.389 FINE [localhost-startStop-1] org.apache.catalina.core.StandardContext.filterStart  Starting filter 'CSRF'
11-Feb-2020 14:06:29.389 INFO [localhost-startStop-1] org.apache.catalina.core.ApplicationContext.log default: DefaultServlet.init:  input buffer size=2048, output buffer size=2048
11-Feb-2020 14:06:31.301 INFO [http-nio-8081-exec-5] org.apache.catalina.core.ApplicationContext.log Manager: init: Associated with Deployer 'Catalina:type=Deployer,host=localhost'
11-Feb-2020 14:06:31.301 INFO [http-nio-8081-exec-5] org.apache.catalina.core.ApplicationContext.log Manager: init: Global resources are available
11-Feb-2020 14:06:31.314 INFO [http-nio-8081-exec-5] org.apache.catalina.core.ApplicationContext.log Manager: list: Listing contexts for virtual host 'localhost'
11-Feb-2020 14:06:31.321 INFO [http-nio-8081-exec-6] org.apache.catalina.core.ApplicationContext.log Manager: list: Listing contexts for virtual host 'localhost'
11-Feb-2020 14:06:31.341 INFO [http-nio-8081-exec-7] org.apache.catalina.core.ApplicationContext.log Manager: undeploy: Undeploying web application at '/SessionBlog'
11-Feb-2020 14:06:31.885 INFO [http-nio-8081-exec-3] org.apache.catalina.core.ApplicationContext.log Manager: install: Installing context configuration at 'file:/C:/Users/ALESSI~1/AppData/Local/Temp/context3038243024902463621.xml'
11-Feb-2020 14:06:33.772 INFO [http-nio-8081-exec-6] org.apache.catalina.core.ApplicationContext.log Manager: start: Starting web application '/SessionBlog'
11-Feb-2020 14:09:45.209 INFO [http-nio-8081-exec-17] org.apache.catalina.core.ApplicationContext.log Manager: list: Listing contexts for virtual host 'localhost'
11-Feb-2020 14:09:49.941 INFO [http-nio-8081-exec-16] org.apache.catalina.core.ApplicationContext.log Manager: list: Listing contexts for virtual host 'localhost'
11-Feb-2020 15:29:58.443 INFO [http-nio-8081-exec-16] org.apache.catalina.core.ApplicationContext.log Manager: list: Listing contexts for virtual host 'localhost'
11-Feb-2020 15:29:59.966 INFO [http-nio-8081-exec-12] org.apache.catalina.core.ApplicationContext.log Manager: list: Listing contexts for virtual host 'localhost'
11-Feb-2020 15:30:05.928 INFO [http-nio-8081-exec-12] org.apache.catalina.core.ApplicationContext.log Manager: list: Listing contexts for virtual host 'localhost'
11-Feb-2020 15:30:10.578 INFO [http-nio-8081-exec-11] org.apache.catalina.core.ApplicationContext.log Manager: list: Listing contexts for virtual host 'localhost'
11-Feb-2020 15:30:14.942 INFO [http-nio-8081-exec-13] org.apache.catalina.core.ApplicationContext.log Manager: list: Listing contexts for virtual host 'localhost'
11-Feb-2020 15:30:19.021 INFO [http-nio-8081-exec-19] org.apache.catalina.core.ApplicationContext.log Manager: list: Listing contexts for virtual host 'localhost'
11-Feb-2020 15:30:20.549 INFO [http-nio-8081-exec-17] org.apache.catalina.core.ApplicationContext.log Manager: list: Listing contexts for virtual host 'localhost'
11-Feb-2020 15:30:24.421 INFO [http-nio-8081-exec-16] org.apache.catalina.core.ApplicationContext.log Manager: list: Listing contexts for virtual host 'localhost'
11-Feb-2020 15:30:25.948 INFO [http-nio-8081-exec-12] org.apache.catalina.core.ApplicationContext.log Manager: list: Listing contexts for virtual host 'localhost'
11-Feb-2020 15:30:30.096 INFO [http-nio-8081-exec-11] org.apache.catalina.core.ApplicationContext.log Manager: list: Listing contexts for virtual host 'localhost'
11-Feb-2020 15:30:37.361 INFO [http-nio-8081-exec-11] org.apache.catalina.core.ApplicationContext.log Manager: list: Listing contexts for virtual host 'localhost'
11-Feb-2020 15:31:05.187 INFO [http-nio-8081-exec-14] org.apache.catalina.core.ApplicationContext.log Manager: list: Listing contexts for virtual host 'localhost'
11-Feb-2020 15:31:05.189 INFO [http-nio-8081-exec-15] org.apache.catalina.core.ApplicationContext.log Manager: list: Listing contexts for virtual host 'localhost'
11-Feb-2020 15:31:37.649 INFO [http-nio-8081-exec-15] org.apache.catalina.core.ApplicationContext.log Manager: list: Listing contexts for virtual host 'localhost'
11-Feb-2020 15:31:39.173 INFO [http-nio-8081-exec-11] org.apache.catalina.core.ApplicationContext.log Manager: list: Listing contexts for virtual host 'localhost'
11-Feb-2020 15:31:45.996 INFO [http-nio-8081-exec-14] org.apache.catalina.core.ApplicationContext.log Manager: list: Listing contexts for virtual host 'localhost'
11-Feb-2020 15:31:45.998 INFO [http-nio-8081-exec-15] org.apache.catalina.core.ApplicationContext.log Manager: list: Listing contexts for virtual host 'localhost'
11-Feb-2020 15:32:00.289 INFO [http-nio-8081-exec-15] org.apache.catalina.core.ApplicationContext.log Manager: list: Listing contexts for virtual host 'localhost'
11-Feb-2020 15:32:03.747 INFO [http-nio-8081-exec-16] org.apache.catalina.core.ApplicationContext.log Manager: list: Listing contexts for virtual host 'localhost'
11-Feb-2020 15:32:03.749 INFO [http-nio-8081-exec-17] org.apache.catalina.core.ApplicationContext.log Manager: list: Listing contexts for virtual host 'localhost'
11-Feb-2020 15:32:28.616 INFO [http-nio-8081-exec-17] org.apache.catalina.core.ApplicationContext.log Manager: list: Listing contexts for virtual host 'localhost'
11-Feb-2020 15:32:34.597 INFO [http-nio-8081-exec-17] org.apache.catalina.core.ApplicationContext.log Manager: list: Listing contexts for virtual host 'localhost'
11-Feb-2020 15:32:39.493 INFO [http-nio-8081-exec-16] org.apache.catalina.core.ApplicationContext.log Manager: list: Listing contexts for virtual host 'localhost'
11-Feb-2020 15:32:45.043 INFO [http-nio-8081-exec-16] org.apache.catalina.core.ApplicationContext.log Manager: list: Listing contexts for virtual host 'localhost'
11-Feb-2020 15:33:05.023 INFO [http-nio-8081-exec-16] org.apache.catalina.core.ApplicationContext.log Manager: list: Listing contexts for virtual host 'localhost'
11-Feb-2020 15:33:09.677 INFO [http-nio-8081-exec-15] org.apache.catalina.core.ApplicationContext.log Manager: list: Listing contexts for virtual host 'localhost'
11-Feb-2020 15:33:15.090 INFO [http-nio-8081-exec-15] org.apache.catalina.core.ApplicationContext.log Manager: list: Listing contexts for virtual host 'localhost'
11-Feb-2020 15:33:27.683 INFO [http-nio-8081-exec-15] org.apache.catalina.core.ApplicationContext.log Manager: list: Listing contexts for virtual host 'localhost'
11-Feb-2020 15:33:33.383 INFO [http-nio-8081-exec-15] org.apache.catalina.core.ApplicationContext.log Manager: list: Listing contexts for virtual host 'localhost'
11-Feb-2020 15:33:37.804 INFO [http-nio-8081-exec-14] org.apache.catalina.core.ApplicationContext.log Manager: list: Listing contexts for virtual host 'localhost'
11-Feb-2020 15:33:39.329 INFO [http-nio-8081-exec-13] org.apache.catalina.core.ApplicationContext.log Manager: list: Listing contexts for virtual host 'localhost'
11-Feb-2020 15:35:32.554 INFO [http-nio-8081-exec-13] org.apache.catalina.core.ApplicationContext.log Manager: list: Listing contexts for virtual host 'localhost'
11-Feb-2020 15:35:34.081 INFO [http-nio-8081-exec-18] org.apache.catalina.core.ApplicationContext.log Manager: list: Listing contexts for virtual host 'localhost'
11-Feb-2020 15:35:50.358 INFO [http-nio-8081-exec-18] org.apache.catalina.core.ApplicationContext.log Manager: list: Listing contexts for virtual host 'localhost'
11-Feb-2020 15:35:59.696 INFO [http-nio-8081-exec-18] org.apache.catalina.core.ApplicationContext.log Manager: list: Listing contexts for virtual host 'localhost'
11-Feb-2020 15:36:04.495 INFO [http-nio-8081-exec-17] org.apache.catalina.core.ApplicationContext.log Manager: list: Listing contexts for virtual host 'localhost'
11-Feb-2020 15:36:26.193 INFO [http-nio-8081-exec-17] org.apache.catalina.core.ApplicationContext.log Manager: list: Listing contexts for virtual host 'localhost'
11-Feb-2020 15:36:34.046 INFO [http-nio-8081-exec-17] org.apache.catalina.core.ApplicationContext.log Manager: list: Listing contexts for virtual host 'localhost'
11-Feb-2020 15:36:35.571 INFO [http-nio-8081-exec-14] org.apache.catalina.core.ApplicationContext.log Manager: list: Listing contexts for virtual host 'localhost'
11-Feb-2020 15:36:39.851 INFO [http-nio-8081-exec-12] org.apache.catalina.core.ApplicationContext.log Manager: list: Listing contexts for virtual host 'localhost'
11-Feb-2020 15:36:48.848 INFO [http-nio-8081-exec-12] org.apache.catalina.core.ApplicationContext.log Manager: list: Listing contexts for virtual host 'localhost'
11-Feb-2020 15:36:53.293 INFO [http-nio-8081-exec-11] org.apache.catalina.core.ApplicationContext.log Manager: list: Listing contexts for virtual host 'localhost'
11-Feb-2020 15:36:54.818 INFO [http-nio-8081-exec-20] org.apache.catalina.core.ApplicationContext.log Manager: list: Listing contexts for virtual host 'localhost'
11-Feb-2020 15:37:01.382 INFO [http-nio-8081-exec-20] org.apache.catalina.core.ApplicationContext.log Manager: list: Listing contexts for virtual host 'localhost'
11-Feb-2020 15:37:02.909 INFO [http-nio-8081-exec-16] org.apache.catalina.core.ApplicationContext.log Manager: list: Listing contexts for virtual host 'localhost'
11-Feb-2020 15:37:08.902 INFO [http-nio-8081-exec-18] org.apache.catalina.core.ApplicationContext.log Manager: list: Listing contexts for virtual host 'localhost'
11-Feb-2020 15:37:08.904 INFO [http-nio-8081-exec-20] org.apache.catalina.core.ApplicationContext.log Manager: list: Listing contexts for virtual host 'localhost'
11-Feb-2020 15:37:37.828 INFO [http-nio-8081-exec-20] org.apache.catalina.core.ApplicationContext.log Manager: list: Listing contexts for virtual host 'localhost'
11-Feb-2020 15:44:12.767 INFO [http-nio-8081-exec-13] org.apache.catalina.core.ApplicationContext.log Manager: list: Listing contexts for virtual host 'localhost'
11-Feb-2020 15:44:12.770 INFO [http-nio-8081-exec-11] org.apache.catalina.core.ApplicationContext.log Manager: list: Listing contexts for virtual host 'localhost'
11-Feb-2020 15:44:12.792 INFO [http-nio-8081-exec-12] org.apache.catalina.core.ApplicationContext.log Manager: restart: Reloading web application '/SessionBlog'
11-Feb-2020 15:46:26.975 INFO [http-nio-8081-exec-25] org.apache.catalina.core.ApplicationContext.log Manager: list: Listing contexts for virtual host 'localhost'
11-Feb-2020 15:46:26.977 INFO [http-nio-8081-exec-26] org.apache.catalina.core.ApplicationContext.log Manager: list: Listing contexts for virtual host 'localhost'
11-Feb-2020 15:46:26.989 INFO [http-nio-8081-exec-27] org.apache.catalina.core.ApplicationContext.log Manager: undeploy: Undeploying web application at '/SessionBlog'
11-Feb-2020 15:46:27.516 INFO [http-nio-8081-exec-25] org.apache.catalina.core.ApplicationContext.log Manager: install: Installing context configuration at 'file:/C:/Users/ALESSI~1/AppData/Local/Temp/context7556068339524727720.xml'
11-Feb-2020 15:46:29.019 INFO [http-nio-8081-exec-24] org.apache.catalina.core.ApplicationContext.log Manager: start: Starting web application '/SessionBlog'
11-Feb-2020 15:49:28.807 INFO [http-nio-8081-exec-39] org.apache.catalina.core.ApplicationContext.log Manager: list: Listing contexts for virtual host 'localhost'
11-Feb-2020 15:49:28.809 INFO [http-nio-8081-exec-40] org.apache.catalina.core.ApplicationContext.log Manager: list: Listing contexts for virtual host 'localhost'
11-Feb-2020 15:49:28.844 INFO [http-nio-8081-exec-31] org.apache.catalina.core.ApplicationContext.log Manager: restart: Reloading web application '/SessionBlog'
11-Feb-2020 15:49:35.656 INFO [http-nio-8081-exec-35] org.apache.catalina.core.ApplicationContext.log Manager: list: Listing contexts for virtual host 'localhost'
11-Feb-2020 15:49:35.658 INFO [http-nio-8081-exec-34] org.apache.catalina.core.ApplicationContext.log Manager: list: Listing contexts for virtual host 'localhost'
11-Feb-2020 15:49:35.665 INFO [http-nio-8081-exec-32] org.apache.catalina.core.ApplicationContext.log Manager: undeploy: Undeploying web application at '/SessionBlog'
11-Feb-2020 15:49:36.184 INFO [http-nio-8081-exec-35] org.apache.catalina.core.ApplicationContext.log Manager: install: Installing context configuration at 'file:/C:/Users/ALESSI~1/AppData/Local/Temp/context155158941213280404.xml'
11-Feb-2020 15:49:37.702 INFO [http-nio-8081-exec-43] org.apache.catalina.core.ApplicationContext.log Manager: start: Starting web application '/SessionBlog'
11-Feb-2020 15:51:04.040 FINE [localhost-startStop-2] org.apache.catalina.core.StandardContext.filterStop Stopping filters
11-Feb-2020 15:51:04.040 FINE [localhost-startStop-2] org.apache.catalina.core.StandardContext.filterStop  Stopping filter 'Tomcat WebSocket (JSR356) Filter'
11-Feb-2020 15:51:04.040 FINE [localhost-startStop-2] org.apache.catalina.core.StandardContext.filterStop  Stopping filter 'SetCharacterEncoding'
11-Feb-2020 15:51:04.040 FINE [localhost-startStop-2] org.apache.catalina.core.StandardContext.filterStop  Stopping filter 'CSRF'
11-Feb-2020 17:06:17.418 FINE [localhost-startStop-1] org.apache.catalina.core.StandardContext.listenerStart Sending application start events
11-Feb-2020 17:06:17.418 FINE [localhost-startStop-1] org.apache.catalina.core.StandardContext.filterStart Starting filters
11-Feb-2020 17:06:17.418 FINE [localhost-startStop-1] org.apache.catalina.core.StandardContext.filterStart  Starting filter 'Tomcat WebSocket (JSR356) Filter'
11-Feb-2020 17:06:17.418 FINE [localhost-startStop-1] org.apache.catalina.core.StandardContext.filterStart  Starting filter 'SetCharacterEncoding'
11-Feb-2020 17:06:17.418 FINE [localhost-startStop-1] org.apache.catalina.core.StandardContext.filterStart  Starting filter 'CSRF'
11-Feb-2020 17:06:17.419 INFO [localhost-startStop-1] org.apache.catalina.core.ApplicationContext.log default: DefaultServlet.init:  input buffer size=2048, output buffer size=2048
11-Feb-2020 17:10:55.345 INFO [http-nio-8081-exec-7] org.apache.catalina.core.ApplicationContext.log Manager: init: Associated with Deployer 'Catalina:type=Deployer,host=localhost'
11-Feb-2020 17:10:55.345 INFO [http-nio-8081-exec-7] org.apache.catalina.core.ApplicationContext.log Manager: init: Global resources are available
11-Feb-2020 17:10:55.354 INFO [http-nio-8081-exec-7] org.apache.catalina.core.ApplicationContext.log Manager: list: Listing contexts for virtual host 'localhost'
11-Feb-2020 17:13:54.999 INFO [http-nio-8081-exec-7] org.apache.catalina.core.ApplicationContext.log Manager: list: Listing contexts for virtual host 'localhost'
11-Feb-2020 17:14:05.624 INFO [http-nio-8081-exec-9] org.apache.catalina.core.ApplicationContext.log Manager: list: Listing contexts for virtual host 'localhost'
11-Feb-2020 17:14:05.627 INFO [http-nio-8081-exec-10] org.apache.catalina.core.ApplicationContext.log Manager: list: Listing contexts for virtual host 'localhost'
11-Feb-2020 17:14:05.653 INFO [http-nio-8081-exec-1] org.apache.catalina.core.ApplicationContext.log Manager: restart: Reloading web application '/SessionBlog'
11-Feb-2020 17:16:08.839 FINE [localhost-startStop-2] org.apache.catalina.core.StandardContext.filterStop Stopping filters
11-Feb-2020 17:16:08.839 FINE [localhost-startStop-2] org.apache.catalina.core.StandardContext.filterStop  Stopping filter 'Tomcat WebSocket (JSR356) Filter'
11-Feb-2020 17:16:08.839 FINE [localhost-startStop-2] org.apache.catalina.core.StandardContext.filterStop  Stopping filter 'SetCharacterEncoding'
11-Feb-2020 17:16:08.839 FINE [localhost-startStop-2] org.apache.catalina.core.StandardContext.filterStop  Stopping filter 'CSRF'
11-Feb-2020 17:16:15.252 FINE [localhost-startStop-1] org.apache.catalina.core.StandardContext.listenerStart Sending application start events
11-Feb-2020 17:16:15.252 FINE [localhost-startStop-1] org.apache.catalina.core.StandardContext.filterStart Starting filters
11-Feb-2020 17:16:15.252 FINE [localhost-startStop-1] org.apache.catalina.core.StandardContext.filterStart  Starting filter 'Tomcat WebSocket (JSR356) Filter'
11-Feb-2020 17:16:15.252 FINE [localhost-startStop-1] org.apache.catalina.core.StandardContext.filterStart  Starting filter 'SetCharacterEncoding'
11-Feb-2020 17:16:15.253 FINE [localhost-startStop-1] org.apache.catalina.core.StandardContext.filterStart  Starting filter 'CSRF'
11-Feb-2020 17:16:15.253 INFO [localhost-startStop-1] org.apache.catalina.core.ApplicationContext.log default: DefaultServlet.init:  input buffer size=2048, output buffer size=2048
11-Feb-2020 17:16:16.219 INFO [http-nio-8081-exec-5] org.apache.catalina.core.ApplicationContext.log Manager: init: Associated with Deployer 'Catalina:type=Deployer,host=localhost'
11-Feb-2020 17:16:16.219 INFO [http-nio-8081-exec-5] org.apache.catalina.core.ApplicationContext.log Manager: init: Global resources are available
11-Feb-2020 17:16:16.226 INFO [http-nio-8081-exec-5] org.apache.catalina.core.ApplicationContext.log Manager: list: Listing contexts for virtual host 'localhost'
11-Feb-2020 17:16:16.229 INFO [http-nio-8081-exec-6] org.apache.catalina.core.ApplicationContext.log Manager: list: Listing contexts for virtual host 'localhost'
11-Feb-2020 17:16:16.238 INFO [http-nio-8081-exec-7] org.apache.catalina.core.ApplicationContext.log Manager: undeploy: Undeploying web application at '/SessionBlog'
11-Feb-2020 17:16:16.773 INFO [http-nio-8081-exec-2] org.apache.catalina.core.ApplicationContext.log Manager: install: Installing context configuration at 'file:/C:/Users/ALESSI~1/AppData/Local/Temp/context2968088395265550106.xml'
11-Feb-2020 17:16:18.456 INFO [http-nio-8081-exec-1] org.apache.catalina.core.ApplicationContext.log Manager: start: Starting web application '/SessionBlog'
11-Feb-2020 17:19:17.042 INFO [http-nio-8081-exec-12] org.apache.catalina.core.ApplicationContext.log Manager: list: Listing contexts for virtual host 'localhost'
11-Feb-2020 17:19:17.051 INFO [http-nio-8081-exec-18] org.apache.catalina.core.ApplicationContext.log Manager: stop: Stopping web application '/SessionBlog'
11-Feb-2020 17:19:17.070 INFO [http-nio-8081-exec-14] org.apache.catalina.core.ApplicationContext.log Manager: start: Starting web application '/SessionBlog'
11-Feb-2020 17:19:19.423 INFO [http-nio-8081-exec-20] org.apache.catalina.core.ApplicationContext.log Manager: list: Listing contexts for virtual host 'localhost'
11-Feb-2020 17:19:19.434 INFO [http-nio-8081-exec-16] org.apache.catalina.core.ApplicationContext.log Manager: restart: Reloading web application '/SessionBlog'
11-Feb-2020 17:19:21.119 INFO [http-nio-8081-exec-20] org.apache.catalina.core.ApplicationContext.log Manager: list: Listing contexts for virtual host 'localhost'
11-Feb-2020 17:19:21.124 INFO [http-nio-8081-exec-21] org.apache.catalina.core.ApplicationContext.log Manager: restart: Reloading web application '/SessionBlog'
11-Feb-2020 17:19:43.187 INFO [http-nio-8081-exec-24] org.apache.catalina.core.ApplicationContext.log Manager: list: Listing contexts for virtual host 'localhost'
11-Feb-2020 17:19:43.194 INFO [http-nio-8081-exec-19] org.apache.catalina.core.ApplicationContext.log Manager: stop: Stopping web application '/SessionBlog'
11-Feb-2020 17:19:43.204 INFO [http-nio-8081-exec-12] org.apache.catalina.core.ApplicationContext.log Manager: start: Starting web application '/SessionBlog'
11-Feb-2020 17:19:45.502 INFO [http-nio-8081-exec-22] org.apache.catalina.core.ApplicationContext.log Manager: list: Listing contexts for virtual host 'localhost'
11-Feb-2020 17:19:45.509 INFO [http-nio-8081-exec-26] org.apache.catalina.core.ApplicationContext.log Manager: restart: Reloading web application '/SessionBlog'
11-Feb-2020 17:20:06.707 INFO [http-nio-8081-exec-28] org.apache.catalina.core.ApplicationContext.log Manager: list: Listing contexts for virtual host 'localhost'
11-Feb-2020 17:20:18.753 INFO [http-nio-8081-exec-28] org.apache.catalina.core.ApplicationContext.log Manager: list: Listing contexts for virtual host 'localhost'
11-Feb-2020 17:20:51.351 INFO [http-nio-8081-exec-28] org.apache.catalina.core.ApplicationContext.log Manager: list: Listing contexts for virtual host 'localhost'
11-Feb-2020 17:21:00.185 INFO [http-nio-8081-exec-28] org.apache.catalina.core.ApplicationContext.log Manager: list: Listing contexts for virtual host 'localhost'
11-Feb-2020 17:21:06.530 INFO [http-nio-8081-exec-28] org.apache.catalina.core.ApplicationContext.log Manager: list: Listing contexts for virtual host 'localhost'
11-Feb-2020 17:21:15.202 INFO [http-nio-8081-exec-28] org.apache.catalina.core.ApplicationContext.log Manager: list: Listing contexts for virtual host 'localhost'
11-Feb-2020 17:21:19.471 INFO [http-nio-8081-exec-35] org.apache.catalina.core.ApplicationContext.log Manager: list: Listing contexts for virtual host 'localhost'
11-Feb-2020 17:21:21.014 INFO [http-nio-8081-exec-32] org.apache.catalina.core.ApplicationContext.log Manager: list: Listing contexts for virtual host 'localhost'
11-Feb-2020 17:21:24.769 INFO [http-nio-8081-exec-30] org.apache.catalina.core.ApplicationContext.log Manager: list: Listing contexts for virtual host 'localhost'
11-Feb-2020 17:21:27.829 INFO [http-nio-8081-exec-31] org.apache.catalina.core.ApplicationContext.log Manager: list: Listing contexts for virtual host 'localhost'
11-Feb-2020 17:21:29.360 INFO [http-nio-8081-exec-36] org.apache.catalina.core.ApplicationContext.log Manager: list: Listing contexts for virtual host 'localhost'
11-Feb-2020 17:23:05.103 INFO [http-nio-8081-exec-36] org.apache.catalina.core.ApplicationContext.log Manager: list: Listing contexts for virtual host 'localhost'
11-Feb-2020 17:23:05.110 INFO [http-nio-8081-exec-29] org.apache.catalina.core.ApplicationContext.log Manager: restart: Reloading web application '/SessionBlog'
11-Feb-2020 17:27:15.693 INFO [http-nio-8081-exec-44] org.apache.catalina.core.ApplicationContext.log Manager: list: Listing contexts for virtual host 'localhost'
11-Feb-2020 17:27:15.700 INFO [http-nio-8081-exec-31] org.apache.catalina.core.ApplicationContext.log Manager: stop: Stopping web application '/SessionBlog'
11-Feb-2020 17:27:15.709 INFO [http-nio-8081-exec-40] org.apache.catalina.core.ApplicationContext.log Manager: start: Starting web application '/SessionBlog'
11-Feb-2020 17:27:17.313 INFO [http-nio-8081-exec-44] org.apache.catalina.core.ApplicationContext.log Manager: list: Listing contexts for virtual host 'localhost'
11-Feb-2020 17:27:17.319 INFO [http-nio-8081-exec-38] org.apache.catalina.core.ApplicationContext.log Manager: restart: Reloading web application '/SessionBlog'
11-Feb-2020 17:29:41.077 INFO [http-nio-8081-exec-52] org.apache.catalina.core.ApplicationContext.log Manager: list: Listing contexts for virtual host 'localhost'
11-Feb-2020 17:29:41.084 INFO [http-nio-8081-exec-43] org.apache.catalina.core.ApplicationContext.log Manager: restart: Reloading web application '/SessionBlog'
11-Feb-2020 17:30:03.603 INFO [http-nio-8081-exec-48] org.apache.catalina.core.ApplicationContext.log Manager: list: Listing contexts for virtual host 'localhost'
11-Feb-2020 17:30:03.605 INFO [http-nio-8081-exec-56] org.apache.catalina.core.ApplicationContext.log Manager: list: Listing contexts for virtual host 'localhost'
11-Feb-2020 17:30:03.631 INFO [http-nio-8081-exec-53] org.apache.catalina.core.ApplicationContext.log Manager: stop: Stopping web application '/SessionBlog'
11-Feb-2020 17:30:03.640 INFO [http-nio-8081-exec-48] org.apache.catalina.core.ApplicationContext.log Manager: start: Starting web application '/SessionBlog'
11-Feb-2020 17:33:08.381 INFO [http-nio-8081-exec-64] org.apache.catalina.core.ApplicationContext.log Manager: list: Listing contexts for virtual host 'localhost'
11-Feb-2020 17:33:22.782 INFO [http-nio-8081-exec-64] org.apache.catalina.core.ApplicationContext.log Manager: list: Listing contexts for virtual host 'localhost'
11-Feb-2020 17:33:31.001 INFO [http-nio-8081-exec-64] org.apache.catalina.core.ApplicationContext.log Manager: list: Listing contexts for virtual host 'localhost'
11-Feb-2020 17:34:03.772 INFO [http-nio-8081-exec-64] org.apache.catalina.core.ApplicationContext.log Manager: list: Listing contexts for virtual host 'localhost'
11-Feb-2020 17:34:27.131 INFO [http-nio-8081-exec-64] org.apache.catalina.core.ApplicationContext.log Manager: list: Listing contexts for virtual host 'localhost'
11-Feb-2020 17:37:02.513 INFO [http-nio-8081-exec-64] org.apache.catalina.core.ApplicationContext.log Manager: list: Listing contexts for virtual host 'localhost'
11-Feb-2020 17:37:04.033 INFO [http-nio-8081-exec-61] org.apache.catalina.core.ApplicationContext.log Manager: list: Listing contexts for virtual host 'localhost'
11-Feb-2020 17:37:05.559 INFO [http-nio-8081-exec-58] org.apache.catalina.core.ApplicationContext.log Manager: list: Listing contexts for virtual host 'localhost'
11-Feb-2020 17:37:07.082 INFO [http-nio-8081-exec-65] org.apache.catalina.core.ApplicationContext.log Manager: list: Listing contexts for virtual host 'localhost'
11-Feb-2020 17:37:18.314 INFO [http-nio-8081-exec-65] org.apache.catalina.core.ApplicationContext.log Manager: list: Listing contexts for virtual host 'localhost'
11-Feb-2020 17:37:30.373 INFO [http-nio-8081-exec-65] org.apache.catalina.core.ApplicationContext.log Manager: list: Listing contexts for virtual host 'localhost'
11-Feb-2020 17:37:31.899 INFO [http-nio-8081-exec-62] org.apache.catalina.core.ApplicationContext.log Manager: list: Listing contexts for virtual host 'localhost'
11-Feb-2020 17:37:42.027 INFO [http-nio-8081-exec-62] org.apache.catalina.core.ApplicationContext.log Manager: list: Listing contexts for virtual host 'localhost'
11-Feb-2020 17:38:30.108 INFO [http-nio-8081-exec-62] org.apache.catalina.core.ApplicationContext.log Manager: list: Listing contexts for virtual host 'localhost'
11-Feb-2020 17:40:07.576 INFO [http-nio-8081-exec-62] org.apache.catalina.core.ApplicationContext.log Manager: list: Listing contexts for virtual host 'localhost'
11-Feb-2020 17:40:18.735 INFO [http-nio-8081-exec-62] org.apache.catalina.core.ApplicationContext.log Manager: list: Listing contexts for virtual host 'localhost'
11-Feb-2020 17:40:29.439 INFO [http-nio-8081-exec-62] org.apache.catalina.core.ApplicationContext.log Manager: list: Listing contexts for virtual host 'localhost'
11-Feb-2020 17:40:48.759 INFO [http-nio-8081-exec-62] org.apache.catalina.core.ApplicationContext.log Manager: list: Listing contexts for virtual host 'localhost'
11-Feb-2020 17:40:56.420 INFO [http-nio-8081-exec-62] org.apache.catalina.core.ApplicationContext.log Manager: list: Listing contexts for virtual host 'localhost'
11-Feb-2020 17:41:32.659 INFO [http-nio-8081-exec-62] org.apache.catalina.core.ApplicationContext.log Manager: list: Listing contexts for virtual host 'localhost'
11-Feb-2020 17:41:39.984 INFO [http-nio-8081-exec-62] org.apache.catalina.core.ApplicationContext.log Manager: list: Listing contexts for virtual host 'localhost'
11-Feb-2020 17:41:39.999 INFO [http-nio-8081-exec-59] org.apache.catalina.core.ApplicationContext.log Manager: list: Listing contexts for virtual host 'localhost'
11-Feb-2020 17:41:40.324 INFO [http-nio-8081-exec-66] org.apache.catalina.core.ApplicationContext.log Manager: list: Listing contexts for virtual host 'localhost'
11-Feb-2020 17:41:47.192 INFO [http-nio-8081-exec-66] org.apache.catalina.core.ApplicationContext.log Manager: list: Listing contexts for virtual host 'localhost'
11-Feb-2020 17:41:50.483 INFO [http-nio-8081-exec-65] org.apache.catalina.core.ApplicationContext.log Manager: list: Listing contexts for virtual host 'localhost'
11-Feb-2020 17:42:04.393 INFO [http-nio-8081-exec-65] org.apache.catalina.core.ApplicationContext.log Manager: list: Listing contexts for virtual host 'localhost'
11-Feb-2020 17:42:08.356 INFO [http-nio-8081-exec-64] org.apache.catalina.core.ApplicationContext.log Manager: list: Listing contexts for virtual host 'localhost'
11-Feb-2020 17:43:50.354 INFO [http-nio-8081-exec-64] org.apache.catalina.core.ApplicationContext.log Manager: list: Listing contexts for virtual host 'localhost'
11-Feb-2020 17:43:51.875 INFO [http-nio-8081-exec-61] org.apache.catalina.core.ApplicationContext.log Manager: list: Listing contexts for virtual host 'localhost'
11-Feb-2020 17:43:53.398 INFO [http-nio-8081-exec-58] org.apache.catalina.core.ApplicationContext.log Manager: list: Listing contexts for virtual host 'localhost'
11-Feb-2020 17:45:11.766 INFO [http-nio-8081-exec-58] org.apache.catalina.core.ApplicationContext.log Manager: list: Listing contexts for virtual host 'localhost'
11-Feb-2020 17:45:22.340 INFO [http-nio-8081-exec-58] org.apache.catalina.core.ApplicationContext.log Manager: list: Listing contexts for virtual host 'localhost'
11-Feb-2020 17:45:51.461 INFO [http-nio-8081-exec-58] org.apache.catalina.core.ApplicationContext.log Manager: list: Listing contexts for virtual host 'localhost'
11-Feb-2020 17:46:23.896 INFO [http-nio-8081-exec-58] org.apache.catalina.core.ApplicationContext.log Manager: list: Listing contexts for virtual host 'localhost'
11-Feb-2020 17:46:26.928 INFO [http-nio-8081-exec-67] org.apache.catalina.core.ApplicationContext.log Manager: list: Listing contexts for virtual host 'localhost'
11-Feb-2020 17:46:44.234 INFO [http-nio-8081-exec-67] org.apache.catalina.core.ApplicationContext.log Manager: list: Listing contexts for virtual host 'localhost'
11-Feb-2020 17:46:45.741 INFO [http-nio-8081-exec-64] org.apache.catalina.core.ApplicationContext.log Manager: list: Listing contexts for virtual host 'localhost'
11-Feb-2020 17:46:50.511 INFO [http-nio-8081-exec-63] org.apache.catalina.core.ApplicationContext.log Manager: list: Listing contexts for virtual host 'localhost'
11-Feb-2020 17:46:54.265 INFO [http-nio-8081-exec-62] org.apache.catalina.core.ApplicationContext.log Manager: list: Listing contexts for virtual host 'localhost'
11-Feb-2020 17:46:58.123 INFO [http-nio-8081-exec-61] org.apache.catalina.core.ApplicationContext.log Manager: list: Listing contexts for virtual host 'localhost'
11-Feb-2020 17:47:07.936 INFO [http-nio-8081-exec-61] org.apache.catalina.core.ApplicationContext.log Manager: list: Listing contexts for virtual host 'localhost'
11-Feb-2020 17:47:10.268 INFO [http-nio-8081-exec-62] org.apache.catalina.core.ApplicationContext.log Manager: list: Listing contexts for virtual host 'localhost'
11-Feb-2020 17:47:10.270 INFO [http-nio-8081-exec-63] org.apache.catalina.core.ApplicationContext.log Manager: list: Listing contexts for virtual host 'localhost'
11-Feb-2020 17:47:10.298 INFO [http-nio-8081-exec-64] org.apache.catalina.core.ApplicationContext.log Manager: restart: Reloading web application '/SessionBlog'
11-Feb-2020 17:47:47.982 INFO [http-nio-8081-exec-68] org.apache.catalina.core.ApplicationContext.log Manager: list: Listing contexts for virtual host 'localhost'
11-Feb-2020 17:48:03.678 INFO [http-nio-8081-exec-68] org.apache.catalina.core.ApplicationContext.log Manager: list: Listing contexts for virtual host 'localhost'
11-Feb-2020 17:48:07.440 INFO [http-nio-8081-exec-61] org.apache.catalina.core.ApplicationContext.log Manager: list: Listing contexts for virtual host 'localhost'
11-Feb-2020 17:48:08.953 INFO [http-nio-8081-exec-73] org.apache.catalina.core.ApplicationContext.log Manager: list: Listing contexts for virtual host 'localhost'
11-Feb-2020 17:48:10.470 INFO [http-nio-8081-exec-70] org.apache.catalina.core.ApplicationContext.log Manager: list: Listing contexts for virtual host 'localhost'
11-Feb-2020 17:48:14.511 INFO [http-nio-8081-exec-69] org.apache.catalina.core.ApplicationContext.log Manager: list: Listing contexts for virtual host 'localhost'
11-Feb-2020 17:48:16.023 INFO [http-nio-8081-exec-68] org.apache.catalina.core.ApplicationContext.log Manager: list: Listing contexts for virtual host 'localhost'
11-Feb-2020 17:48:22.552 INFO [http-nio-8081-exec-68] org.apache.catalina.core.ApplicationContext.log Manager: list: Listing contexts for virtual host 'localhost'
11-Feb-2020 17:48:28.940 INFO [http-nio-8081-exec-68] org.apache.catalina.core.ApplicationContext.log Manager: list: Listing contexts for virtual host 'localhost'
11-Feb-2020 17:48:36.106 INFO [http-nio-8081-exec-68] org.apache.catalina.core.ApplicationContext.log Manager: list: Listing contexts for virtual host 'localhost'
11-Feb-2020 17:48:39.752 INFO [http-nio-8081-exec-75] org.apache.catalina.core.ApplicationContext.log Manager: list: Listing contexts for virtual host 'localhost'
11-Feb-2020 17:48:39.754 INFO [http-nio-8081-exec-77] org.apache.catalina.core.ApplicationContext.log Manager: list: Listing contexts for virtual host 'localhost'
11-Feb-2020 17:49:15.479 INFO [http-nio-8081-exec-77] org.apache.catalina.core.ApplicationContext.log Manager: list: Listing contexts for virtual host 'localhost'
11-Feb-2020 17:49:24.752 INFO [http-nio-8081-exec-77] org.apache.catalina.core.ApplicationContext.log Manager: list: Listing contexts for virtual host 'localhost'
11-Feb-2020 17:49:36.227 INFO [http-nio-8081-exec-77] org.apache.catalina.core.ApplicationContext.log Manager: list: Listing contexts for virtual host 'localhost'
11-Feb-2020 17:49:41.850 INFO [http-nio-8081-exec-77] org.apache.catalina.core.ApplicationContext.log Manager: list: Listing contexts for virtual host 'localhost'
11-Feb-2020 17:49:47.506 INFO [http-nio-8081-exec-77] org.apache.catalina.core.ApplicationContext.log Manager: list: Listing contexts for virtual host 'localhost'
11-Feb-2020 17:50:00.217 INFO [http-nio-8081-exec-77] org.apache.catalina.core.ApplicationContext.log Manager: list: Listing contexts for virtual host 'localhost'
11-Feb-2020 17:50:06.496 INFO [http-nio-8081-exec-77] org.apache.catalina.core.ApplicationContext.log Manager: list: Listing contexts for virtual host 'localhost'
11-Feb-2020 17:50:10.152 INFO [http-nio-8081-exec-69] org.apache.catalina.core.ApplicationContext.log Manager: list: Listing contexts for virtual host 'localhost'
11-Feb-2020 17:50:10.154 INFO [http-nio-8081-exec-70] org.apache.catalina.core.ApplicationContext.log Manager: list: Listing contexts for virtual host 'localhost'
11-Feb-2020 17:50:38.787 INFO [http-nio-8081-exec-72] org.apache.catalina.core.ApplicationContext.log Manager: list: Listing contexts for virtual host 'localhost'
11-Feb-2020 17:50:40.313 INFO [http-nio-8081-exec-69] org.apache.catalina.core.ApplicationContext.log Manager: list: Listing contexts for virtual host 'localhost'
11-Feb-2020 17:50:41.829 INFO [http-nio-8081-exec-68] org.apache.catalina.core.ApplicationContext.log Manager: list: Listing contexts for virtual host 'localhost'
11-Feb-2020 17:50:43.345 INFO [http-nio-8081-exec-73] org.apache.catalina.core.ApplicationContext.log Manager: list: Listing contexts for virtual host 'localhost'
11-Feb-2020 17:50:44.855 INFO [http-nio-8081-exec-70] org.apache.catalina.core.ApplicationContext.log Manager: list: Listing contexts for virtual host 'localhost'
11-Feb-2020 17:50:48.759 INFO [http-nio-8081-exec-69] org.apache.catalina.core.ApplicationContext.log Manager: list: Listing contexts for virtual host 'localhost'
11-Feb-2020 17:50:58.587 INFO [http-nio-8081-exec-71] org.apache.catalina.core.ApplicationContext.log Manager: list: Listing contexts for virtual host 'localhost'
11-Feb-2020 17:50:58.589 INFO [http-nio-8081-exec-72] org.apache.catalina.core.ApplicationContext.log Manager: list: Listing contexts for virtual host 'localhost'
11-Feb-2020 17:51:47.982 INFO [http-nio-8081-exec-76] org.apache.catalina.core.ApplicationContext.log Manager: list: Listing contexts for virtual host 'localhost'
11-Feb-2020 17:51:47.990 INFO [http-nio-8081-exec-74] org.apache.catalina.core.ApplicationContext.log Manager: stop: Stopping web application '/SessionBlog'
11-Feb-2020 17:51:48.003 INFO [http-nio-8081-exec-77] org.apache.catalina.core.ApplicationContext.log Manager: start: Starting web application '/SessionBlog'
11-Feb-2020 17:51:49.643 INFO [http-nio-8081-exec-72] org.apache.catalina.core.ApplicationContext.log Manager: list: Listing contexts for virtual host 'localhost'
11-Feb-2020 17:51:49.648 INFO [http-nio-8081-exec-73] org.apache.catalina.core.ApplicationContext.log Manager: restart: Reloading web application '/SessionBlog'
11-Feb-2020 17:51:59.198 INFO [http-nio-8081-exec-76] org.apache.catalina.core.ApplicationContext.log Manager: list: Listing contexts for virtual host 'localhost'
11-Feb-2020 17:51:59.204 INFO [http-nio-8081-exec-71] org.apache.catalina.core.ApplicationContext.log Manager: restart: Reloading web application '/SessionBlog'
11-Feb-2020 17:57:25.718 INFO [http-nio-8081-exec-89] org.apache.catalina.core.ApplicationContext.log Manager: list: Listing contexts for virtual host 'localhost'
11-Feb-2020 17:57:25.723 INFO [http-nio-8081-exec-90] org.apache.catalina.core.ApplicationContext.log Manager: restart: Reloading web application '/SessionBlog'
11-Feb-2020 17:57:46.829 INFO [http-nio-8081-exec-92] org.apache.catalina.core.ApplicationContext.log Manager: list: Listing contexts for virtual host 'localhost'
11-Feb-2020 17:58:13.582 INFO [http-nio-8081-exec-92] org.apache.catalina.core.ApplicationContext.log Manager: list: Listing contexts for virtual host 'localhost'
11-Feb-2020 17:58:17.451 INFO [http-nio-8081-exec-86] org.apache.catalina.core.ApplicationContext.log Manager: list: Listing contexts for virtual host 'localhost'
11-Feb-2020 17:58:40.445 INFO [http-nio-8081-exec-86] org.apache.catalina.core.ApplicationContext.log Manager: list: Listing contexts for virtual host 'localhost'
11-Feb-2020 17:58:49.290 INFO [http-nio-8081-exec-86] org.apache.catalina.core.ApplicationContext.log Manager: list: Listing contexts for virtual host 'localhost'
11-Feb-2020 17:59:02.864 INFO [http-nio-8081-exec-86] org.apache.catalina.core.ApplicationContext.log Manager: list: Listing contexts for virtual host 'localhost'
11-Feb-2020 17:59:12.024 INFO [http-nio-8081-exec-100] org.apache.catalina.core.ApplicationContext.log Manager: list: Listing contexts for virtual host 'localhost'
11-Feb-2020 17:59:13.538 INFO [http-nio-8081-exec-96] org.apache.catalina.core.ApplicationContext.log Manager: list: Listing contexts for virtual host 'localhost'
11-Feb-2020 17:59:22.221 INFO [http-nio-8081-exec-96] org.apache.catalina.core.ApplicationContext.log Manager: list: Listing contexts for virtual host 'localhost'
11-Feb-2020 17:59:32.532 INFO [http-nio-8081-exec-96] org.apache.catalina.core.ApplicationContext.log Manager: list: Listing contexts for virtual host 'localhost'
11-Feb-2020 17:59:39.356 INFO [http-nio-8081-exec-96] org.apache.catalina.core.ApplicationContext.log Manager: list: Listing contexts for virtual host 'localhost'
11-Feb-2020 17:59:45.243 INFO [http-nio-8081-exec-96] org.apache.catalina.core.ApplicationContext.log Manager: list: Listing contexts for virtual host 'localhost'
11-Feb-2020 17:59:55.968 INFO [http-nio-8081-exec-96] org.apache.catalina.core.ApplicationContext.log Manager: list: Listing contexts for virtual host 'localhost'
11-Feb-2020 18:00:00.594 INFO [http-nio-8081-exec-95] org.apache.catalina.core.ApplicationContext.log Manager: list: Listing contexts for virtual host 'localhost'
11-Feb-2020 18:00:10.194 INFO [http-nio-8081-exec-95] org.apache.catalina.core.ApplicationContext.log Manager: list: Listing contexts for virtual host 'localhost'
11-Feb-2020 18:00:13.627 INFO [http-nio-8081-exec-94] org.apache.catalina.core.ApplicationContext.log Manager: list: Listing contexts for virtual host 'localhost'
11-Feb-2020 18:00:15.141 INFO [http-nio-8081-exec-101] org.apache.catalina.core.ApplicationContext.log Manager: list: Listing contexts for virtual host 'localhost'
11-Feb-2020 18:00:24.905 INFO [http-nio-8081-exec-101] org.apache.catalina.core.ApplicationContext.log Manager: list: Listing contexts for virtual host 'localhost'
11-Feb-2020 18:00:37.617 INFO [http-nio-8081-exec-101] org.apache.catalina.core.ApplicationContext.log Manager: list: Listing contexts for virtual host 'localhost'
11-Feb-2020 18:00:47.257 INFO [http-nio-8081-exec-101] org.apache.catalina.core.ApplicationContext.log Manager: list: Listing contexts for virtual host 'localhost'
11-Feb-2020 18:00:52.438 INFO [http-nio-8081-exec-101] org.apache.catalina.core.ApplicationContext.log Manager: list: Listing contexts for virtual host 'localhost'
11-Feb-2020 18:00:59.455 INFO [http-nio-8081-exec-101] org.apache.catalina.core.ApplicationContext.log Manager: list: Listing contexts for virtual host 'localhost'
11-Feb-2020 18:01:00.969 INFO [http-nio-8081-exec-99] org.apache.catalina.core.ApplicationContext.log Manager: list: Listing contexts for virtual host 'localhost'
11-Feb-2020 18:01:05.501 INFO [http-nio-8081-exec-98] org.apache.catalina.core.ApplicationContext.log Manager: list: Listing contexts for virtual host 'localhost'
11-Feb-2020 18:01:11.956 INFO [http-nio-8081-exec-98] org.apache.catalina.core.ApplicationContext.log Manager: list: Listing contexts for virtual host 'localhost'
11-Feb-2020 18:01:17.147 INFO [http-nio-8081-exec-98] org.apache.catalina.core.ApplicationContext.log Manager: list: Listing contexts for virtual host 'localhost'
11-Feb-2020 18:01:28.332 INFO [http-nio-8081-exec-98] org.apache.catalina.core.ApplicationContext.log Manager: list: Listing contexts for virtual host 'localhost'
11-Feb-2020 18:01:33.076 INFO [http-nio-8081-exec-96] org.apache.catalina.core.ApplicationContext.log Manager: list: Listing contexts for virtual host 'localhost'
11-Feb-2020 18:01:38.976 INFO [http-nio-8081-exec-96] org.apache.catalina.core.ApplicationContext.log Manager: list: Listing contexts for virtual host 'localhost'
11-Feb-2020 18:01:40.502 INFO [http-nio-8081-exec-93] org.apache.catalina.core.ApplicationContext.log Manager: list: Listing contexts for virtual host 'localhost'
11-Feb-2020 18:02:03.225 INFO [http-nio-8081-exec-93] org.apache.catalina.core.ApplicationContext.log Manager: list: Listing contexts for virtual host 'localhost'
11-Feb-2020 18:02:46.467 INFO [http-nio-8081-exec-93] org.apache.catalina.core.ApplicationContext.log Manager: list: Listing contexts for virtual host 'localhost'
11-Feb-2020 18:02:51.570 INFO [http-nio-8081-exec-93] org.apache.catalina.core.ApplicationContext.log Manager: list: Listing contexts for virtual host 'localhost'
11-Feb-2020 18:02:53.098 INFO [http-nio-8081-exec-92] org.apache.catalina.core.ApplicationContext.log Manager: list: Listing contexts for virtual host 'localhost'
11-Feb-2020 18:03:07.652 INFO [http-nio-8081-exec-92] org.apache.catalina.core.ApplicationContext.log Manager: list: Listing contexts for virtual host 'localhost'
11-Feb-2020 18:03:12.048 INFO [http-nio-8081-exec-100] org.apache.catalina.core.ApplicationContext.log Manager: list: Listing contexts for virtual host 'localhost'
11-Feb-2020 18:03:13.573 INFO [http-nio-8081-exec-96] org.apache.catalina.core.ApplicationContext.log Manager: list: Listing contexts for virtual host 'localhost'
11-Feb-2020 18:03:17.898 INFO [http-nio-8081-exec-95] org.apache.catalina.core.ApplicationContext.log Manager: list: Listing contexts for virtual host 'localhost'
11-Feb-2020 18:03:19.422 INFO [http-nio-8081-exec-97] org.apache.catalina.core.ApplicationContext.log Manager: list: Listing contexts for virtual host 'localhost'
11-Feb-2020 18:03:20.952 INFO [http-nio-8081-exec-100] org.apache.catalina.core.ApplicationContext.log Manager: list: Listing contexts for virtual host 'localhost'
11-Feb-2020 18:03:29.063 INFO [http-nio-8081-exec-100] org.apache.catalina.core.ApplicationContext.log Manager: list: Listing contexts for virtual host 'localhost'
11-Feb-2020 18:03:49.348 INFO [http-nio-8081-exec-100] org.apache.catalina.core.ApplicationContext.log Manager: list: Listing contexts for virtual host 'localhost'
11-Feb-2020 18:03:52.991 INFO [http-nio-8081-exec-99] org.apache.catalina.core.ApplicationContext.log Manager: list: Listing contexts for virtual host 'localhost'
11-Feb-2020 18:04:01.458 INFO [http-nio-8081-exec-99] org.apache.catalina.core.ApplicationContext.log Manager: list: Listing contexts for virtual host 'localhost'
11-Feb-2020 18:04:04.695 INFO [http-nio-8081-exec-98] org.apache.catalina.core.ApplicationContext.log Manager: list: Listing contexts for virtual host 'localhost'
11-Feb-2020 18:04:08.320 INFO [http-nio-8081-exec-96] org.apache.catalina.core.ApplicationContext.log Manager: list: Listing contexts for virtual host 'localhost'
11-Feb-2020 18:04:28.178 INFO [http-nio-8081-exec-96] org.apache.catalina.core.ApplicationContext.log Manager: list: Listing contexts for virtual host 'localhost'
11-Feb-2020 18:04:56.078 INFO [http-nio-8081-exec-96] org.apache.catalina.core.ApplicationContext.log Manager: list: Listing contexts for virtual host 'localhost'
11-Feb-2020 18:05:12.200 INFO [http-nio-8081-exec-96] org.apache.catalina.core.ApplicationContext.log Manager: list: Listing contexts for virtual host 'localhost'
11-Feb-2020 18:05:16.928 INFO [http-nio-8081-exec-95] org.apache.catalina.core.ApplicationContext.log Manager: list: Listing contexts for virtual host 'localhost'
11-Feb-2020 18:05:52.281 INFO [http-nio-8081-exec-95] org.apache.catalina.core.ApplicationContext.log Manager: list: Listing contexts for virtual host 'localhost'
11-Feb-2020 18:06:01.170 INFO [http-nio-8081-exec-95] org.apache.catalina.core.ApplicationContext.log Manager: list: Listing contexts for virtual host 'localhost'
11-Feb-2020 18:06:02.696 INFO [http-nio-8081-exec-97] org.apache.catalina.core.ApplicationContext.log Manager: list: Listing contexts for virtual host 'localhost'
11-Feb-2020 18:06:04.224 INFO [http-nio-8081-exec-100] org.apache.catalina.core.ApplicationContext.log Manager: list: Listing contexts for virtual host 'localhost'
11-Feb-2020 18:06:05.749 INFO [http-nio-8081-exec-96] org.apache.catalina.core.ApplicationContext.log Manager: list: Listing contexts for virtual host 'localhost'
11-Feb-2020 18:06:10.410 INFO [http-nio-8081-exec-95] org.apache.catalina.core.ApplicationContext.log Manager: list: Listing contexts for virtual host 'localhost'
11-Feb-2020 18:06:13.550 INFO [http-nio-8081-exec-94] org.apache.catalina.core.ApplicationContext.log Manager: list: Listing contexts for virtual host 'localhost'
11-Feb-2020 18:06:23.037 INFO [http-nio-8081-exec-94] org.apache.catalina.core.ApplicationContext.log Manager: list: Listing contexts for virtual host 'localhost'
11-Feb-2020 18:10:06.703 INFO [http-nio-8081-exec-94] org.apache.catalina.core.ApplicationContext.log Manager: list: Listing contexts for virtual host 'localhost'
11-Feb-2020 18:10:10.811 INFO [http-nio-8081-exec-93] org.apache.catalina.core.ApplicationContext.log Manager: list: Listing contexts for virtual host 'localhost'
11-Feb-2020 18:10:31.907 INFO [http-nio-8081-exec-93] org.apache.catalina.core.ApplicationContext.log Manager: list: Listing contexts for virtual host 'localhost'
11-Feb-2020 18:10:40.292 INFO [http-nio-8081-exec-93] org.apache.catalina.core.ApplicationContext.log Manager: list: Listing contexts for virtual host 'localhost'
11-Feb-2020 18:10:41.818 INFO [http-nio-8081-exec-92] org.apache.catalina.core.ApplicationContext.log Manager: list: Listing contexts for virtual host 'localhost'
11-Feb-2020 18:10:49.114 INFO [http-nio-8081-exec-92] org.apache.catalina.core.ApplicationContext.log Manager: list: Listing contexts for virtual host 'localhost'
11-Feb-2020 18:10:52.292 INFO [http-nio-8081-exec-100] org.apache.catalina.core.ApplicationContext.log Manager: list: Listing contexts for virtual host 'localhost'
11-Feb-2020 18:10:53.805 INFO [http-nio-8081-exec-96] org.apache.catalina.core.ApplicationContext.log Manager: list: Listing contexts for virtual host 'localhost'
11-Feb-2020 18:10:58.472 INFO [http-nio-8081-exec-95] org.apache.catalina.core.ApplicationContext.log Manager: list: Listing contexts for virtual host 'localhost'
11-Feb-2020 18:11:52.825 INFO [http-nio-8081-exec-95] org.apache.catalina.core.ApplicationContext.log Manager: list: Listing contexts for virtual host 'localhost'
11-Feb-2020 18:11:52.831 INFO [http-nio-8081-exec-96] org.apache.catalina.core.ApplicationContext.log Manager: restart: Reloading web application '/SessionBlog'
11-Feb-2020 18:13:03.733 INFO [http-nio-8081-exec-93] org.apache.catalina.core.ApplicationContext.log Manager: list: Listing contexts for virtual host 'localhost'
11-Feb-2020 18:13:03.741 INFO [http-nio-8081-exec-104] org.apache.catalina.core.ApplicationContext.log Manager: stop: Stopping web application '/SessionBlog'
11-Feb-2020 18:13:03.747 INFO [http-nio-8081-exec-99] org.apache.catalina.core.ApplicationContext.log Manager: start: Starting web application '/SessionBlog'
11-Feb-2020 18:13:05.355 INFO [http-nio-8081-exec-101] org.apache.catalina.core.ApplicationContext.log Manager: list: Listing contexts for virtual host 'localhost'
11-Feb-2020 18:13:05.359 INFO [http-nio-8081-exec-105] org.apache.catalina.core.ApplicationContext.log Manager: restart: Reloading web application '/SessionBlog'
11-Feb-2020 18:13:45.345 INFO [http-nio-8081-exec-106] org.apache.catalina.core.ApplicationContext.log Manager: list: Listing contexts for virtual host 'localhost'
11-Feb-2020 18:13:45.346 INFO [http-nio-8081-exec-109] org.apache.catalina.core.ApplicationContext.log Manager: list: Listing contexts for virtual host 'localhost'
11-Feb-2020 18:13:45.373 INFO [http-nio-8081-exec-107] org.apache.catalina.core.ApplicationContext.log Manager: stop: Stopping web application '/SessionBlog'
11-Feb-2020 18:13:45.381 INFO [http-nio-8081-exec-110] org.apache.catalina.core.ApplicationContext.log Manager: start: Starting web application '/SessionBlog'
11-Feb-2020 18:14:28.223 INFO [http-nio-8081-exec-116] org.apache.catalina.core.ApplicationContext.log Manager: list: Listing contexts for virtual host 'localhost'
11-Feb-2020 18:14:28.224 INFO [http-nio-8081-exec-117] org.apache.catalina.core.ApplicationContext.log Manager: list: Listing contexts for virtual host 'localhost'
11-Feb-2020 18:16:06.124 INFO [http-nio-8081-exec-113] org.apache.catalina.core.ApplicationContext.log Manager: list: Listing contexts for virtual host 'localhost'
11-Feb-2020 18:16:06.126 INFO [http-nio-8081-exec-114] org.apache.catalina.core.ApplicationContext.log Manager: list: Listing contexts for virtual host 'localhost'
11-Feb-2020 18:16:06.154 INFO [http-nio-8081-exec-115] org.apache.catalina.core.ApplicationContext.log Manager: restart: Reloading web application '/SessionBlog'
11-Feb-2020 18:17:09.233 INFO [http-nio-8081-exec-125] org.apache.catalina.core.ApplicationContext.log Manager: list: Listing contexts for virtual host 'localhost'
11-Feb-2020 18:17:35.543 INFO [http-nio-8081-exec-118] org.apache.catalina.core.ApplicationContext.log Manager: list: Listing contexts for virtual host 'localhost'
11-Feb-2020 18:17:35.544 INFO [http-nio-8081-exec-126] org.apache.catalina.core.ApplicationContext.log Manager: list: Listing contexts for virtual host 'localhost'
11-Feb-2020 18:17:35.572 INFO [http-nio-8081-exec-121] org.apache.catalina.core.ApplicationContext.log Manager: restart: Reloading web application '/SessionBlog'
11-Feb-2020 18:18:38.960 INFO [http-nio-8081-exec-133] org.apache.catalina.core.ApplicationContext.log Manager: list: Listing contexts for virtual host 'localhost'
11-Feb-2020 18:18:43.727 FINE [localhost-startStop-2] org.apache.catalina.core.StandardContext.filterStop Stopping filters
11-Feb-2020 18:18:43.727 FINE [localhost-startStop-2] org.apache.catalina.core.StandardContext.filterStop  Stopping filter 'Tomcat WebSocket (JSR356) Filter'
11-Feb-2020 18:18:43.727 FINE [localhost-startStop-2] org.apache.catalina.core.StandardContext.filterStop  Stopping filter 'SetCharacterEncoding'
11-Feb-2020 18:18:43.727 FINE [localhost-startStop-2] org.apache.catalina.core.StandardContext.filterStop  Stopping filter 'CSRF'
11-Feb-2020 18:19:16.703 FINE [localhost-startStop-1] org.apache.catalina.core.StandardContext.listenerStart Sending application start events
11-Feb-2020 18:19:16.703 FINE [localhost-startStop-1] org.apache.catalina.core.StandardContext.filterStart Starting filters
11-Feb-2020 18:19:16.703 FINE [localhost-startStop-1] org.apache.catalina.core.StandardContext.filterStart  Starting filter 'Tomcat WebSocket (JSR356) Filter'
11-Feb-2020 18:19:16.703 FINE [localhost-startStop-1] org.apache.catalina.core.StandardContext.filterStart  Starting filter 'SetCharacterEncoding'
11-Feb-2020 18:19:16.703 FINE [localhost-startStop-1] org.apache.catalina.core.StandardContext.filterStart  Starting filter 'CSRF'
11-Feb-2020 18:19:16.703 INFO [localhost-startStop-1] org.apache.catalina.core.ApplicationContext.log default: DefaultServlet.init:  input buffer size=2048, output buffer size=2048
11-Feb-2020 18:19:28.720 INFO [http-nio-8081-exec-9] org.apache.catalina.core.ApplicationContext.log Manager: init: Associated with Deployer 'Catalina:type=Deployer,host=localhost'
11-Feb-2020 18:19:28.720 INFO [http-nio-8081-exec-9] org.apache.catalina.core.ApplicationContext.log Manager: init: Global resources are available
11-Feb-2020 18:19:28.726 INFO [http-nio-8081-exec-9] org.apache.catalina.core.ApplicationContext.log Manager: list: Listing contexts for virtual host 'localhost'
11-Feb-2020 18:19:28.730 INFO [http-nio-8081-exec-10] org.apache.catalina.core.ApplicationContext.log Manager: list: Listing contexts for virtual host 'localhost'
11-Feb-2020 18:20:07.258 INFO [http-nio-8081-exec-2] org.apache.catalina.core.ApplicationContext.log Manager: list: Listing contexts for virtual host 'localhost'
11-Feb-2020 18:20:13.732 INFO [http-nio-8081-exec-4] org.apache.catalina.core.ApplicationContext.log Manager: list: Listing contexts for virtual host 'localhost'
11-Feb-2020 18:20:13.734 INFO [http-nio-8081-exec-5] org.apache.catalina.core.ApplicationContext.log Manager: list: Listing contexts for virtual host 'localhost'
11-Feb-2020 18:20:39.833 INFO [http-nio-8081-exec-6] org.apache.catalina.core.ApplicationContext.log Manager: list: Listing contexts for virtual host 'localhost'
11-Feb-2020 18:20:42.950 INFO [http-nio-8081-exec-8] org.apache.catalina.core.ApplicationContext.log Manager: list: Listing contexts for virtual host 'localhost'
11-Feb-2020 18:20:42.952 INFO [http-nio-8081-exec-9] org.apache.catalina.core.ApplicationContext.log Manager: list: Listing contexts for virtual host 'localhost'
11-Feb-2020 18:21:19.775 INFO [http-nio-8081-exec-1] org.apache.catalina.core.ApplicationContext.log Manager: list: Listing contexts for virtual host 'localhost'
11-Feb-2020 18:21:21.687 INFO [http-nio-8081-exec-2] org.apache.catalina.core.ApplicationContext.log Manager: list: Listing contexts for virtual host 'localhost'
11-Feb-2020 18:21:21.689 INFO [http-nio-8081-exec-3] org.apache.catalina.core.ApplicationContext.log Manager: list: Listing contexts for virtual host 'localhost'
11-Feb-2020 18:22:10.438 INFO [http-nio-8081-exec-5] org.apache.catalina.core.ApplicationContext.log Manager: list: Listing contexts for virtual host 'localhost'
11-Feb-2020 18:22:16.664 INFO [http-nio-8081-exec-5] org.apache.catalina.core.ApplicationContext.log Manager: list: Listing contexts for virtual host 'localhost'
11-Feb-2020 18:22:28.541 INFO [http-nio-8081-exec-6] org.apache.catalina.core.ApplicationContext.log Manager: list: Listing contexts for virtual host 'localhost'
11-Feb-2020 18:22:28.543 INFO [http-nio-8081-exec-8] org.apache.catalina.core.ApplicationContext.log Manager: list: Listing contexts for virtual host 'localhost'
11-Feb-2020 18:26:24.386 INFO [http-nio-8081-exec-2] org.apache.catalina.core.ApplicationContext.log Manager: list: Listing contexts for virtual host 'localhost'
11-Feb-2020 18:26:24.388 INFO [http-nio-8081-exec-3] org.apache.catalina.core.ApplicationContext.log Manager: list: Listing contexts for virtual host 'localhost'
11-Feb-2020 18:27:09.979 FINE [localhost-startStop-2] org.apache.catalina.core.StandardContext.filterStop Stopping filters
11-Feb-2020 18:27:09.979 FINE [localhost-startStop-2] org.apache.catalina.core.StandardContext.filterStop  Stopping filter 'Tomcat WebSocket (JSR356) Filter'
11-Feb-2020 18:27:09.979 FINE [localhost-startStop-2] org.apache.catalina.core.StandardContext.filterStop  Stopping filter 'SetCharacterEncoding'
11-Feb-2020 18:27:09.979 FINE [localhost-startStop-2] org.apache.catalina.core.StandardContext.filterStop  Stopping filter 'CSRF'
11-Feb-2020 18:27:16.446 FINE [localhost-startStop-1] org.apache.catalina.core.StandardContext.listenerStart Sending application start events
11-Feb-2020 18:27:16.446 FINE [localhost-startStop-1] org.apache.catalina.core.StandardContext.filterStart Starting filters
11-Feb-2020 18:27:16.446 FINE [localhost-startStop-1] org.apache.catalina.core.StandardContext.filterStart  Starting filter 'Tomcat WebSocket (JSR356) Filter'
11-Feb-2020 18:27:16.446 FINE [localhost-startStop-1] org.apache.catalina.core.StandardContext.filterStart  Starting filter 'SetCharacterEncoding'
11-Feb-2020 18:27:16.446 FINE [localhost-startStop-1] org.apache.catalina.core.StandardContext.filterStart  Starting filter 'CSRF'
11-Feb-2020 18:27:16.447 INFO [localhost-startStop-1] org.apache.catalina.core.ApplicationContext.log default: DefaultServlet.init:  input buffer size=2048, output buffer size=2048
11-Feb-2020 18:27:17.268 INFO [http-nio-8081-exec-5] org.apache.catalina.core.ApplicationContext.log Manager: init: Associated with Deployer 'Catalina:type=Deployer,host=localhost'
11-Feb-2020 18:27:17.268 INFO [http-nio-8081-exec-5] org.apache.catalina.core.ApplicationContext.log Manager: init: Global resources are available
11-Feb-2020 18:27:17.278 INFO [http-nio-8081-exec-5] org.apache.catalina.core.ApplicationContext.log Manager: list: Listing contexts for virtual host 'localhost'
11-Feb-2020 18:27:17.282 INFO [http-nio-8081-exec-6] org.apache.catalina.core.ApplicationContext.log Manager: list: Listing contexts for virtual host 'localhost'
11-Feb-2020 18:27:17.292 INFO [http-nio-8081-exec-7] org.apache.catalina.core.ApplicationContext.log Manager: undeploy: Undeploying web application at '/SessionBlog'
11-Feb-2020 18:27:17.830 INFO [http-nio-8081-exec-5] org.apache.catalina.core.ApplicationContext.log Manager: install: Installing context configuration at 'file:/C:/Users/ALESSI~1/AppData/Local/Temp/context1540474284881965219.xml'
11-Feb-2020 18:27:19.535 INFO [http-nio-8081-exec-2] org.apache.catalina.core.ApplicationContext.log Manager: start: Starting web application '/SessionBlog'
11-Feb-2020 18:28:30.228 INFO [http-nio-8081-exec-16] org.apache.catalina.core.ApplicationContext.log Manager: list: Listing contexts for virtual host 'localhost'
11-Feb-2020 18:28:30.231 INFO [http-nio-8081-exec-17] org.apache.catalina.core.ApplicationContext.log Manager: list: Listing contexts for virtual host 'localhost'
11-Feb-2020 18:28:30.238 INFO [http-nio-8081-exec-3] org.apache.catalina.core.ApplicationContext.log Manager: undeploy: Undeploying web application at '/SessionBlog'
11-Feb-2020 18:28:30.771 INFO [http-nio-8081-exec-19] org.apache.catalina.core.ApplicationContext.log Manager: install: Installing context configuration at 'file:/C:/Users/ALESSI~1/AppData/Local/Temp/context6399348192975664623.xml'
11-Feb-2020 18:28:32.326 INFO [http-nio-8081-exec-14] org.apache.catalina.core.ApplicationContext.log Manager: start: Starting web application '/SessionBlog'
11-Feb-2020 18:29:19.707 INFO [http-nio-8081-exec-15] org.apache.catalina.core.ApplicationContext.log Manager: list: Listing contexts for virtual host 'localhost'
11-Feb-2020 18:29:19.710 INFO [http-nio-8081-exec-20] org.apache.catalina.core.ApplicationContext.log Manager: list: Listing contexts for virtual host 'localhost'
11-Feb-2020 18:29:19.718 INFO [http-nio-8081-exec-21] org.apache.catalina.core.ApplicationContext.log Manager: undeploy: Undeploying web application at '/SessionBlog'
11-Feb-2020 18:29:20.250 INFO [http-nio-8081-exec-23] org.apache.catalina.core.ApplicationContext.log Manager: install: Installing context configuration at 'file:/C:/Users/ALESSI~1/AppData/Local/Temp/context9169992724490876819.xml'
11-Feb-2020 18:29:21.895 INFO [http-nio-8081-exec-25] org.apache.catalina.core.ApplicationContext.log Manager: start: Starting web application '/SessionBlog'
11-Feb-2020 18:30:26.011 INFO [http-nio-8081-exec-21] org.apache.catalina.core.ApplicationContext.log Manager: list: Listing contexts for virtual host 'localhost'
11-Feb-2020 18:30:29.683 INFO [http-nio-8081-exec-28] org.apache.catalina.core.ApplicationContext.log Manager: list: Listing contexts for virtual host 'localhost'
11-Feb-2020 18:30:33.063 INFO [http-nio-8081-exec-12] org.apache.catalina.core.ApplicationContext.log Manager: list: Listing contexts for virtual host 'localhost'
11-Feb-2020 18:30:45.468 INFO [http-nio-8081-exec-12] org.apache.catalina.core.ApplicationContext.log Manager: list: Listing contexts for virtual host 'localhost'
11-Feb-2020 18:30:53.194 INFO [http-nio-8081-exec-12] org.apache.catalina.core.ApplicationContext.log Manager: list: Listing contexts for virtual host 'localhost'
11-Feb-2020 18:30:56.348 INFO [http-nio-8081-exec-33] org.apache.catalina.core.ApplicationContext.log Manager: list: Listing contexts for virtual host 'localhost'
11-Feb-2020 18:31:02.348 INFO [http-nio-8081-exec-33] org.apache.catalina.core.ApplicationContext.log Manager: list: Listing contexts for virtual host 'localhost'
11-Feb-2020 18:31:03.874 INFO [http-nio-8081-exec-26] org.apache.catalina.core.ApplicationContext.log Manager: list: Listing contexts for virtual host 'localhost'
11-Feb-2020 18:31:09.900 INFO [http-nio-8081-exec-26] org.apache.catalina.core.ApplicationContext.log Manager: list: Listing contexts for virtual host 'localhost'
11-Feb-2020 18:31:46.068 INFO [http-nio-8081-exec-26] org.apache.catalina.core.ApplicationContext.log Manager: list: Listing contexts for virtual host 'localhost'
11-Feb-2020 18:31:56.709 INFO [http-nio-8081-exec-29] org.apache.catalina.core.ApplicationContext.log Manager: list: Listing contexts for virtual host 'localhost'
11-Feb-2020 18:31:56.711 INFO [http-nio-8081-exec-35] org.apache.catalina.core.ApplicationContext.log Manager: list: Listing contexts for virtual host 'localhost'
11-Feb-2020 18:31:56.717 INFO [http-nio-8081-exec-32] org.apache.catalina.core.ApplicationContext.log Manager: undeploy: Undeploying web application at '/SessionBlog'
11-Feb-2020 18:31:57.234 INFO [http-nio-8081-exec-27] org.apache.catalina.core.ApplicationContext.log Manager: install: Installing context configuration at 'file:/C:/Users/ALESSI~1/AppData/Local/Temp/context899057565935328481.xml'
11-Feb-2020 18:31:58.768 INFO [http-nio-8081-exec-30] org.apache.catalina.core.ApplicationContext.log Manager: start: Starting web application '/SessionBlog'
11-Feb-2020 18:32:39.344 INFO [http-nio-8081-exec-33] org.apache.catalina.core.ApplicationContext.log Manager: list: Listing contexts for virtual host 'localhost'
11-Feb-2020 18:32:44.283 INFO [http-nio-8081-exec-30] org.apache.catalina.core.ApplicationContext.log Manager: list: Listing contexts for virtual host 'localhost'
11-Feb-2020 18:32:51.933 INFO [http-nio-8081-exec-43] org.apache.catalina.core.ApplicationContext.log Manager: list: Listing contexts for virtual host 'localhost'
11-Feb-2020 18:32:51.935 INFO [http-nio-8081-exec-42] org.apache.catalina.core.ApplicationContext.log Manager: list: Listing contexts for virtual host 'localhost'
11-Feb-2020 18:32:51.941 INFO [http-nio-8081-exec-36] org.apache.catalina.core.ApplicationContext.log Manager: undeploy: Undeploying web application at '/SessionBlog'
11-Feb-2020 18:32:52.469 INFO [http-nio-8081-exec-43] org.apache.catalina.core.ApplicationContext.log Manager: install: Installing context configuration at 'file:/C:/Users/ALESSI~1/AppData/Local/Temp/context8650130982217135204.xml'
11-Feb-2020 18:32:53.938 INFO [http-nio-8081-exec-42] org.apache.catalina.core.ApplicationContext.log Manager: start: Starting web application '/SessionBlog'
11-Feb-2020 18:33:35.505 INFO [http-nio-8081-exec-41] org.apache.catalina.core.ApplicationContext.log Manager: list: Listing contexts for virtual host 'localhost'
11-Feb-2020 18:33:41.679 INFO [http-nio-8081-exec-41] org.apache.catalina.core.ApplicationContext.log Manager: list: Listing contexts for virtual host 'localhost'
11-Feb-2020 18:33:45.568 INFO [http-nio-8081-exec-49] org.apache.catalina.core.ApplicationContext.log Manager: list: Listing contexts for virtual host 'localhost'
11-Feb-2020 18:33:45.570 INFO [http-nio-8081-exec-50] org.apache.catalina.core.ApplicationContext.log Manager: list: Listing contexts for virtual host 'localhost'
11-Feb-2020 18:33:45.575 INFO [http-nio-8081-exec-36] org.apache.catalina.core.ApplicationContext.log Manager: undeploy: Undeploying web application at '/SessionBlog'
11-Feb-2020 18:33:46.103 INFO [http-nio-8081-exec-46] org.apache.catalina.core.ApplicationContext.log Manager: install: Installing context configuration at 'file:/C:/Users/ALESSI~1/AppData/Local/Temp/context7811803461961091214.xml'
11-Feb-2020 18:33:47.638 INFO [http-nio-8081-exec-44] org.apache.catalina.core.ApplicationContext.log Manager: start: Starting web application '/SessionBlog'
11-Feb-2020 18:34:56.799 INFO [http-nio-8081-exec-50] org.apache.catalina.core.ApplicationContext.log Manager: list: Listing contexts for virtual host 'localhost'
11-Feb-2020 18:34:56.805 INFO [http-nio-8081-exec-48] org.apache.catalina.core.ApplicationContext.log Manager: undeploy: Undeploying web application at '/SessionBlog'
11-Feb-2020 18:35:02.434 INFO [http-nio-8081-exec-48] org.apache.catalina.core.ApplicationContext.log Manager: list: Listing contexts for virtual host 'localhost'
11-Feb-2020 18:35:02.436 INFO [http-nio-8081-exec-56] org.apache.catalina.core.ApplicationContext.log Manager: list: Listing contexts for virtual host 'localhost'
11-Feb-2020 18:35:02.445 INFO [http-nio-8081-exec-51] org.apache.catalina.core.ApplicationContext.log Manager: install: Installing context configuration at 'file:/C:/Users/ALESSI~1/AppData/Local/Temp/context6241291537255689870.xml'
11-Feb-2020 18:35:03.962 INFO [http-nio-8081-exec-47] org.apache.catalina.core.ApplicationContext.log Manager: start: Starting web application '/SessionBlog'
11-Feb-2020 18:35:24.284 INFO [http-nio-8081-exec-52] org.apache.catalina.core.ApplicationContext.log Manager: list: Listing contexts for virtual host 'localhost'
11-Feb-2020 18:35:27.892 INFO [http-nio-8081-exec-36] org.apache.catalina.core.ApplicationContext.log Manager: list: Listing contexts for virtual host 'localhost'
11-Feb-2020 18:35:31.723 INFO [http-nio-8081-exec-55] org.apache.catalina.core.ApplicationContext.log Manager: list: Listing contexts for virtual host 'localhost'
11-Feb-2020 18:35:35.336 INFO [http-nio-8081-exec-61] org.apache.catalina.core.ApplicationContext.log Manager: list: Listing contexts for virtual host 'localhost'
11-Feb-2020 18:35:38.495 INFO [http-nio-8081-exec-62] org.apache.catalina.core.ApplicationContext.log Manager: list: Listing contexts for virtual host 'localhost'
11-Feb-2020 18:35:41.680 INFO [http-nio-8081-exec-59] org.apache.catalina.core.ApplicationContext.log Manager: list: Listing contexts for virtual host 'localhost'
11-Feb-2020 18:35:45.259 INFO [http-nio-8081-exec-60] org.apache.catalina.core.ApplicationContext.log Manager: list: Listing contexts for virtual host 'localhost'
11-Feb-2020 18:35:46.790 INFO [http-nio-8081-exec-58] org.apache.catalina.core.ApplicationContext.log Manager: list: Listing contexts for virtual host 'localhost'
11-Feb-2020 18:35:51.664 INFO [http-nio-8081-exec-63] org.apache.catalina.core.ApplicationContext.log Manager: list: Listing contexts for virtual host 'localhost'
11-Feb-2020 18:35:57.184 INFO [http-nio-8081-exec-63] org.apache.catalina.core.ApplicationContext.log Manager: list: Listing contexts for virtual host 'localhost'
11-Feb-2020 18:36:02.074 INFO [http-nio-8081-exec-61] org.apache.catalina.core.ApplicationContext.log Manager: list: Listing contexts for virtual host 'localhost'
11-Feb-2020 18:36:02.079 INFO [http-nio-8081-exec-64] org.apache.catalina.core.ApplicationContext.log Manager: undeploy: Undeploying web application at '/SessionBlog'
11-Feb-2020 18:36:04.663 INFO [http-nio-8081-exec-58] org.apache.catalina.core.ApplicationContext.log Manager: list: Listing contexts for virtual host 'localhost'
11-Feb-2020 18:36:04.666 INFO [http-nio-8081-exec-65] org.apache.catalina.core.ApplicationContext.log Manager: list: Listing contexts for virtual host 'localhost'
11-Feb-2020 18:36:04.675 INFO [http-nio-8081-exec-59] org.apache.catalina.core.ApplicationContext.log Manager: install: Installing context configuration at 'file:/C:/Users/ALESSI~1/AppData/Local/Temp/context9170546379902675073.xml'
11-Feb-2020 18:36:06.364 INFO [http-nio-8081-exec-67] org.apache.catalina.core.ApplicationContext.log Manager: start: Starting web application '/SessionBlog'
11-Feb-2020 18:36:48.023 INFO [http-nio-8081-exec-69] org.apache.catalina.core.ApplicationContext.log Manager: list: Listing contexts for virtual host 'localhost'
11-Feb-2020 18:36:49.536 INFO [http-nio-8081-exec-58] org.apache.catalina.core.ApplicationContext.log Manager: list: Listing contexts for virtual host 'localhost'
11-Feb-2020 18:37:08.561 INFO [http-nio-8081-exec-58] org.apache.catalina.core.ApplicationContext.log Manager: list: Listing contexts for virtual host 'localhost'
11-Feb-2020 18:37:19.428 INFO [http-nio-8081-exec-73] org.apache.catalina.core.ApplicationContext.log Manager: list: Listing contexts for virtual host 'localhost'
11-Feb-2020 18:37:30.712 INFO [http-nio-8081-exec-73] org.apache.catalina.core.ApplicationContext.log Manager: list: Listing contexts for virtual host 'localhost'
11-Feb-2020 18:37:36.909 INFO [http-nio-8081-exec-73] org.apache.catalina.core.ApplicationContext.log Manager: list: Listing contexts for virtual host 'localhost'
11-Feb-2020 18:37:55.358 INFO [http-nio-8081-exec-71] org.apache.catalina.core.ApplicationContext.log Manager: list: Listing contexts for virtual host 'localhost'
11-Feb-2020 18:37:55.363 INFO [http-nio-8081-exec-72] org.apache.catalina.core.ApplicationContext.log Manager: undeploy: Undeploying web application at '/SessionBlog'
11-Feb-2020 18:38:11.293 FINE [localhost-startStop-2] org.apache.catalina.core.StandardContext.filterStop Stopping filters
11-Feb-2020 18:38:11.293 FINE [localhost-startStop-2] org.apache.catalina.core.StandardContext.filterStop  Stopping filter 'Tomcat WebSocket (JSR356) Filter'
11-Feb-2020 18:38:11.293 FINE [localhost-startStop-2] org.apache.catalina.core.StandardContext.filterStop  Stopping filter 'SetCharacterEncoding'
11-Feb-2020 18:38:11.293 FINE [localhost-startStop-2] org.apache.catalina.core.StandardContext.filterStop  Stopping filter 'CSRF'
11-Feb-2020 18:41:06.429 FINE [localhost-startStop-1] org.apache.catalina.core.StandardContext.listenerStart Sending application start events
11-Feb-2020 18:41:06.430 FINE [localhost-startStop-1] org.apache.catalina.core.StandardContext.filterStart Starting filters
11-Feb-2020 18:41:06.430 FINE [localhost-startStop-1] org.apache.catalina.core.StandardContext.filterStart  Starting filter 'Tomcat WebSocket (JSR356) Filter'
11-Feb-2020 18:41:06.430 FINE [localhost-startStop-1] org.apache.catalina.core.StandardContext.filterStart  Starting filter 'SetCharacterEncoding'
11-Feb-2020 18:41:06.430 FINE [localhost-startStop-1] org.apache.catalina.core.StandardContext.filterStart  Starting filter 'CSRF'
11-Feb-2020 18:41:06.430 INFO [localhost-startStop-1] org.apache.catalina.core.ApplicationContext.log default: DefaultServlet.init:  input buffer size=2048, output buffer size=2048
11-Feb-2020 18:44:20.309 INFO [http-nio-8081-exec-1] org.apache.catalina.core.ApplicationContext.log Manager: init: Associated with Deployer 'Catalina:type=Deployer,host=localhost'
11-Feb-2020 18:44:20.309 INFO [http-nio-8081-exec-1] org.apache.catalina.core.ApplicationContext.log Manager: init: Global resources are available
11-Feb-2020 18:44:20.316 INFO [http-nio-8081-exec-1] org.apache.catalina.core.ApplicationContext.log Manager: list: Listing contexts for virtual host 'localhost'
11-Feb-2020 18:44:20.318 INFO [http-nio-8081-exec-2] org.apache.catalina.core.ApplicationContext.log Manager: list: Listing contexts for virtual host 'localhost'
11-Feb-2020 18:44:20.328 INFO [http-nio-8081-exec-3] org.apache.catalina.core.ApplicationContext.log Manager: install: Installing context configuration at 'file:/C:/Users/ALESSI~1/AppData/Local/Temp/context278197929505508248.xml'
11-Feb-2020 18:44:22.243 INFO [http-nio-8081-exec-4] org.apache.catalina.core.ApplicationContext.log Manager: start: Starting web application '/Microblog'
11-Feb-2020 18:44:46.405 INFO [http-nio-8081-exec-10] org.apache.catalina.core.ApplicationContext.log Manager: list: Listing contexts for virtual host 'localhost'
11-Feb-2020 18:44:52.427 INFO [http-nio-8081-exec-10] org.apache.catalina.core.ApplicationContext.log Manager: list: Listing contexts for virtual host 'localhost'
11-Feb-2020 18:44:58.447 INFO [http-nio-8081-exec-10] org.apache.catalina.core.ApplicationContext.log Manager: list: Listing contexts for virtual host 'localhost'
11-Feb-2020 18:44:59.963 INFO [http-nio-8081-exec-7] org.apache.catalina.core.ApplicationContext.log Manager: list: Listing contexts for virtual host 'localhost'
11-Feb-2020 18:45:04.485 INFO [http-nio-8081-exec-6] org.apache.catalina.core.ApplicationContext.log Manager: list: Listing contexts for virtual host 'localhost'
11-Feb-2020 18:45:05.999 INFO [http-nio-8081-exec-3] org.apache.catalina.core.ApplicationContext.log Manager: list: Listing contexts for virtual host 'localhost'
11-Feb-2020 18:45:10.522 INFO [http-nio-8081-exec-2] org.apache.catalina.core.ApplicationContext.log Manager: list: Listing contexts for virtual host 'localhost'
11-Feb-2020 18:45:15.049 INFO [http-nio-8081-exec-1] org.apache.catalina.core.ApplicationContext.log Manager: list: Listing contexts for virtual host 'localhost'
11-Feb-2020 18:45:28.579 INFO [http-nio-8081-exec-1] org.apache.catalina.core.ApplicationContext.log Manager: list: Listing contexts for virtual host 'localhost'
11-Feb-2020 18:45:30.127 INFO [http-nio-8081-exec-8] org.apache.catalina.core.ApplicationContext.log Manager: list: Listing contexts for virtual host 'localhost'
11-Feb-2020 18:45:34.649 INFO [http-nio-8081-exec-7] org.apache.catalina.core.ApplicationContext.log Manager: list: Listing contexts for virtual host 'localhost'
11-Feb-2020 18:45:36.168 INFO [http-nio-8081-exec-4] org.apache.catalina.core.ApplicationContext.log Manager: list: Listing contexts for virtual host 'localhost'
11-Feb-2020 18:45:37.593 INFO [http-nio-8081-exec-9] org.apache.catalina.core.ApplicationContext.log Manager: list: Listing contexts for virtual host 'localhost'
11-Feb-2020 18:45:37.598 INFO [http-nio-8081-exec-10] org.apache.catalina.core.ApplicationContext.log Manager: undeploy: Undeploying web application at '/Microblog'
11-Feb-2020 18:45:41.142 FINE [localhost-startStop-2] org.apache.catalina.core.StandardContext.filterStop Stopping filters
11-Feb-2020 18:45:41.142 FINE [localhost-startStop-2] org.apache.catalina.core.StandardContext.filterStop  Stopping filter 'Tomcat WebSocket (JSR356) Filter'
11-Feb-2020 18:45:41.142 FINE [localhost-startStop-2] org.apache.catalina.core.StandardContext.filterStop  Stopping filter 'SetCharacterEncoding'
11-Feb-2020 18:45:41.142 FINE [localhost-startStop-2] org.apache.catalina.core.StandardContext.filterStop  Stopping filter 'CSRF'
11-Feb-2020 18:45:45.863 FINE [localhost-startStop-1] org.apache.catalina.core.StandardContext.listenerStart Sending application start events
11-Feb-2020 18:45:45.864 FINE [localhost-startStop-1] org.apache.catalina.core.StandardContext.filterStart Starting filters
11-Feb-2020 18:45:45.864 FINE [localhost-startStop-1] org.apache.catalina.core.StandardContext.filterStart  Starting filter 'Tomcat WebSocket (JSR356) Filter'
11-Feb-2020 18:45:45.864 FINE [localhost-startStop-1] org.apache.catalina.core.StandardContext.filterStart  Starting filter 'SetCharacterEncoding'
11-Feb-2020 18:45:45.864 FINE [localhost-startStop-1] org.apache.catalina.core.StandardContext.filterStart  Starting filter 'CSRF'
11-Feb-2020 18:45:45.864 INFO [localhost-startStop-1] org.apache.catalina.core.ApplicationContext.log default: DefaultServlet.init:  input buffer size=2048, output buffer size=2048
11-Feb-2020 18:45:46.578 INFO [http-nio-8081-exec-3] org.apache.catalina.core.ApplicationContext.log Manager: init: Associated with Deployer 'Catalina:type=Deployer,host=localhost'
11-Feb-2020 18:45:46.578 INFO [http-nio-8081-exec-3] org.apache.catalina.core.ApplicationContext.log Manager: init: Global resources are available
11-Feb-2020 18:45:46.586 INFO [http-nio-8081-exec-3] org.apache.catalina.core.ApplicationContext.log Manager: list: Listing contexts for virtual host 'localhost'
11-Feb-2020 18:45:46.589 INFO [http-nio-8081-exec-4] org.apache.catalina.core.ApplicationContext.log Manager: list: Listing contexts for virtual host 'localhost'
11-Feb-2020 18:45:46.595 INFO [http-nio-8081-exec-6] org.apache.catalina.core.ApplicationContext.log Manager: install: Installing context configuration at 'file:/C:/Users/ALESSI~1/AppData/Local/Temp/context1277463526118035833.xml'
11-Feb-2020 18:45:48.433 INFO [http-nio-8081-exec-5] org.apache.catalina.core.ApplicationContext.log Manager: start: Starting web application '/Microblog'
11-Feb-2020 18:46:40.730 INFO [http-nio-8081-exec-3] org.apache.catalina.core.ApplicationContext.log Manager: list: Listing contexts for virtual host 'localhost'
11-Feb-2020 18:46:49.760 INFO [http-nio-8081-exec-3] org.apache.catalina.core.ApplicationContext.log Manager: list: Listing contexts for virtual host 'localhost'
11-Feb-2020 18:46:52.800 INFO [http-nio-8081-exec-2] org.apache.catalina.core.ApplicationContext.log Manager: list: Listing contexts for virtual host 'localhost'
11-Feb-2020 18:46:55.474 INFO [http-nio-8081-exec-9] org.apache.catalina.core.ApplicationContext.log Manager: list: Listing contexts for virtual host 'localhost'
11-Feb-2020 18:46:55.478 INFO [http-nio-8081-exec-10] org.apache.catalina.core.ApplicationContext.log Manager: undeploy: Undeploying web application at '/Microblog'
11-Feb-2020 18:46:59.146 INFO [http-nio-8081-exec-9] org.apache.catalina.core.ApplicationContext.log Manager: list: Listing contexts for virtual host 'localhost'
11-Feb-2020 18:46:59.148 INFO [http-nio-8081-exec-7] org.apache.catalina.core.ApplicationContext.log Manager: list: Listing contexts for virtual host 'localhost'
11-Feb-2020 18:46:59.157 INFO [http-nio-8081-exec-1] org.apache.catalina.core.ApplicationContext.log Manager: install: Installing context configuration at 'file:/C:/Users/ALESSI~1/AppData/Local/Temp/context4515524187759873918.xml'
11-Feb-2020 18:47:00.927 INFO [http-nio-8081-exec-5] org.apache.catalina.core.ApplicationContext.log Manager: start: Starting web application '/Microblog'
11-Feb-2020 18:49:44.609 INFO [http-nio-8081-exec-14] org.apache.catalina.core.ApplicationContext.log Manager: list: Listing contexts for virtual host 'localhost'
11-Feb-2020 18:49:44.611 INFO [http-nio-8081-exec-15] org.apache.catalina.core.ApplicationContext.log Manager: list: Listing contexts for virtual host 'localhost'
11-Feb-2020 18:49:44.617 INFO [http-nio-8081-exec-13] org.apache.catalina.core.ApplicationContext.log Manager: undeploy: Undeploying web application at '/Microblog'
11-Feb-2020 18:49:45.146 INFO [http-nio-8081-exec-11] org.apache.catalina.core.ApplicationContext.log Manager: install: Installing context configuration at 'file:/C:/Users/ALESSI~1/AppData/Local/Temp/context447217136835892472.xml'
11-Feb-2020 18:49:46.732 INFO [http-nio-8081-exec-17] org.apache.catalina.core.ApplicationContext.log Manager: start: Starting web application '/Microblog'
11-Feb-2020 18:51:06.516 INFO [http-nio-8081-exec-22] org.apache.catalina.core.ApplicationContext.log Manager: list: Listing contexts for virtual host 'localhost'
11-Feb-2020 18:51:06.522 INFO [http-nio-8081-exec-25] org.apache.catalina.core.ApplicationContext.log Manager: undeploy: Undeploying web application at '/Microblog'
11-Feb-2020 18:51:09.355 INFO [http-nio-8081-exec-29] org.apache.catalina.core.ApplicationContext.log Manager: list: Listing contexts for virtual host 'localhost'
11-Feb-2020 18:51:09.358 INFO [http-nio-8081-exec-14] org.apache.catalina.core.ApplicationContext.log Manager: list: Listing contexts for virtual host 'localhost'
11-Feb-2020 18:51:09.364 INFO [http-nio-8081-exec-24] org.apache.catalina.core.ApplicationContext.log Manager: install: Installing context configuration at 'file:/C:/Users/ALESSI~1/AppData/Local/Temp/context3346986968277235399.xml'
11-Feb-2020 18:51:10.976 INFO [http-nio-8081-exec-21] org.apache.catalina.core.ApplicationContext.log Manager: start: Starting web application '/Microblog'
11-Feb-2020 18:54:49.645 INFO [http-nio-8081-exec-34] org.apache.catalina.core.ApplicationContext.log Manager: list: Listing contexts for virtual host 'localhost'
11-Feb-2020 18:54:49.652 INFO [http-nio-8081-exec-35] org.apache.catalina.core.ApplicationContext.log Manager: undeploy: Undeploying web application at '/Microblog'
11-Feb-2020 18:54:52.838 INFO [http-nio-8081-exec-34] org.apache.catalina.core.ApplicationContext.log Manager: list: Listing contexts for virtual host 'localhost'
11-Feb-2020 18:54:52.840 INFO [http-nio-8081-exec-29] org.apache.catalina.core.ApplicationContext.log Manager: list: Listing contexts for virtual host 'localhost'
11-Feb-2020 18:54:52.846 INFO [http-nio-8081-exec-33] org.apache.catalina.core.ApplicationContext.log Manager: install: Installing context configuration at 'file:/C:/Users/ALESSI~1/AppData/Local/Temp/context3557046705299672986.xml'
11-Feb-2020 18:54:54.430 INFO [http-nio-8081-exec-38] org.apache.catalina.core.ApplicationContext.log Manager: start: Starting web application '/Microblog'
11-Feb-2020 18:59:38.303 INFO [http-nio-8081-exec-39] org.apache.catalina.core.ApplicationContext.log Manager: list: Listing contexts for virtual host 'localhost'
11-Feb-2020 18:59:38.306 INFO [http-nio-8081-exec-40] org.apache.catalina.core.ApplicationContext.log Manager: list: Listing contexts for virtual host 'localhost'
11-Feb-2020 18:59:38.312 INFO [http-nio-8081-exec-42] org.apache.catalina.core.ApplicationContext.log Manager: undeploy: Undeploying web application at '/Microblog'
11-Feb-2020 18:59:38.832 INFO [http-nio-8081-exec-48] org.apache.catalina.core.ApplicationContext.log Manager: install: Installing context configuration at 'file:/C:/Users/ALESSI~1/AppData/Local/Temp/context9065101498199988991.xml'
11-Feb-2020 18:59:40.393 INFO [http-nio-8081-exec-46] org.apache.catalina.core.ApplicationContext.log Manager: start: Starting web application '/Microblog'
11-Feb-2020 18:59:42.463 INFO [http-nio-8081-exec-39] org.apache.catalina.core.ApplicationContext.log Manager: list: Listing contexts for virtual host 'localhost'
11-Feb-2020 18:59:42.465 INFO [http-nio-8081-exec-44] org.apache.catalina.core.ApplicationContext.log Manager: list: Listing contexts for virtual host 'localhost'
11-Feb-2020 18:59:42.488 INFO [http-nio-8081-exec-40] org.apache.catalina.core.ApplicationContext.log Manager: restart: Reloading web application '/Microblog'
11-Feb-2020 19:00:37.360 INFO [http-nio-8081-exec-54] org.apache.catalina.core.ApplicationContext.log Manager: list: Listing contexts for virtual host 'localhost'
11-Feb-2020 19:05:47.993 INFO [http-nio-8081-exec-58] org.apache.catalina.core.ApplicationContext.log Manager: list: Listing contexts for virtual host 'localhost'
11-Feb-2020 19:06:09.024 INFO [http-nio-8081-exec-58] org.apache.catalina.core.ApplicationContext.log Manager: list: Listing contexts for virtual host 'localhost'
11-Feb-2020 19:10:34.005 INFO [http-nio-8081-exec-58] org.apache.catalina.core.ApplicationContext.log Manager: list: Listing contexts for virtual host 'localhost'
11-Feb-2020 19:10:34.011 INFO [http-nio-8081-exec-59] org.apache.catalina.core.ApplicationContext.log Manager: restart: Reloading web application '/Microblog'
11-Feb-2020 19:10:40.131 INFO [http-nio-8081-exec-61] org.apache.catalina.core.ApplicationContext.log Manager: list: Listing contexts for virtual host 'localhost'
11-Feb-2020 19:10:40.135 INFO [http-nio-8081-exec-58] org.apache.catalina.core.ApplicationContext.log Manager: undeploy: Undeploying web application at '/Microblog'
11-Feb-2020 19:10:42.564 INFO [http-nio-8081-exec-57] org.apache.catalina.core.ApplicationContext.log Manager: list: Listing contexts for virtual host 'localhost'
11-Feb-2020 19:10:42.566 INFO [http-nio-8081-exec-58] org.apache.catalina.core.ApplicationContext.log Manager: list: Listing contexts for virtual host 'localhost'
11-Feb-2020 19:10:42.571 INFO [http-nio-8081-exec-53] org.apache.catalina.core.ApplicationContext.log Manager: install: Installing context configuration at 'file:/C:/Users/ALESSI~1/AppData/Local/Temp/context160215680020266964.xml'
11-Feb-2020 19:10:44.055 INFO [http-nio-8081-exec-64] org.apache.catalina.core.ApplicationContext.log Manager: start: Starting web application '/Microblog'
11-Feb-2020 19:11:57.831 INFO [http-nio-8081-exec-70] org.apache.catalina.core.ApplicationContext.log Manager: list: Listing contexts for virtual host 'localhost'
11-Feb-2020 19:11:57.837 INFO [http-nio-8081-exec-64] org.apache.catalina.core.ApplicationContext.log Manager: undeploy: Undeploying web application at '/Microblog'
11-Feb-2020 19:12:00.125 INFO [http-nio-8081-exec-70] org.apache.catalina.core.ApplicationContext.log Manager: list: Listing contexts for virtual host 'localhost'
11-Feb-2020 19:12:00.126 INFO [http-nio-8081-exec-72] org.apache.catalina.core.ApplicationContext.log Manager: list: Listing contexts for virtual host 'localhost'
11-Feb-2020 19:12:00.132 INFO [http-nio-8081-exec-67] org.apache.catalina.core.ApplicationContext.log Manager: install: Installing context configuration at 'file:/C:/Users/ALESSI~1/AppData/Local/Temp/context2355695700523403653.xml'
11-Feb-2020 19:12:01.615 INFO [http-nio-8081-exec-69] org.apache.catalina.core.ApplicationContext.log Manager: start: Starting web application '/Microblog'
11-Feb-2020 19:13:29.010 INFO [http-nio-8081-exec-79] org.apache.catalina.core.ApplicationContext.log Manager: list: Listing contexts for virtual host 'localhost'
11-Feb-2020 19:13:29.015 INFO [http-nio-8081-exec-75] org.apache.catalina.core.ApplicationContext.log Manager: restart: Reloading web application '/Microblog'
11-Feb-2020 19:14:06.919 INFO [http-nio-8081-exec-79] org.apache.catalina.core.ApplicationContext.log Manager: list: Listing contexts for virtual host 'localhost'
11-Feb-2020 19:14:06.925 INFO [http-nio-8081-exec-78] org.apache.catalina.core.ApplicationContext.log Manager: undeploy: Undeploying web application at '/Microblog'
11-Feb-2020 19:14:08.846 INFO [http-nio-8081-exec-84] org.apache.catalina.core.ApplicationContext.log Manager: list: Listing contexts for virtual host 'localhost'
11-Feb-2020 19:14:08.848 INFO [http-nio-8081-exec-78] org.apache.catalina.core.ApplicationContext.log Manager: list: Listing contexts for virtual host 'localhost'
11-Feb-2020 19:14:08.853 INFO [http-nio-8081-exec-76] org.apache.catalina.core.ApplicationContext.log Manager: install: Installing context configuration at 'file:/C:/Users/ALESSI~1/AppData/Local/Temp/context4576277698249073409.xml'
11-Feb-2020 19:14:10.293 INFO [http-nio-8081-exec-85] org.apache.catalina.core.ApplicationContext.log Manager: start: Starting web application '/Microblog'
11-Feb-2020 19:14:14.109 INFO [http-nio-8081-exec-85] org.apache.catalina.core.ApplicationContext.log Manager: list: Listing contexts for virtual host 'localhost'
11-Feb-2020 19:14:14.113 INFO [http-nio-8081-exec-80] org.apache.catalina.core.ApplicationContext.log Manager: undeploy: Undeploying web application at '/Microblog'
11-Feb-2020 19:14:17.913 INFO [http-nio-8081-exec-78] org.apache.catalina.core.ApplicationContext.log Manager: list: Listing contexts for virtual host 'localhost'
11-Feb-2020 19:14:17.915 INFO [http-nio-8081-exec-80] org.apache.catalina.core.ApplicationContext.log Manager: list: Listing contexts for virtual host 'localhost'
11-Feb-2020 19:14:17.920 INFO [http-nio-8081-exec-85] org.apache.catalina.core.ApplicationContext.log Manager: install: Installing context configuration at 'file:/C:/Users/ALESSI~1/AppData/Local/Temp/context5367073204951707008.xml'
11-Feb-2020 19:14:19.423 INFO [http-nio-8081-exec-88] org.apache.catalina.core.ApplicationContext.log Manager: start: Starting web application '/Microblog'
11-Feb-2020 19:16:33.009 INFO [http-nio-8081-exec-96] org.apache.catalina.core.ApplicationContext.log Manager: list: Listing contexts for virtual host 'localhost'
11-Feb-2020 19:16:33.010 INFO [http-nio-8081-exec-97] org.apache.catalina.core.ApplicationContext.log Manager: list: Listing contexts for virtual host 'localhost'
11-Feb-2020 19:16:33.047 INFO [http-nio-8081-exec-90] org.apache.catalina.core.ApplicationContext.log Manager: restart: Reloading web application '/Microblog'
11-Feb-2020 19:17:38.588 INFO [http-nio-8081-exec-101] org.apache.catalina.core.ApplicationContext.log Manager: list: Listing contexts for virtual host 'localhost'
11-Feb-2020 19:17:38.589 INFO [http-nio-8081-exec-104] org.apache.catalina.core.ApplicationContext.log Manager: list: Listing contexts for virtual host 'localhost'
11-Feb-2020 19:17:38.595 INFO [http-nio-8081-exec-98] org.apache.catalina.core.ApplicationContext.log Manager: undeploy: Undeploying web application at '/Microblog'
11-Feb-2020 19:17:39.118 INFO [http-nio-8081-exec-97] org.apache.catalina.core.ApplicationContext.log Manager: install: Installing context configuration at 'file:/C:/Users/ALESSI~1/AppData/Local/Temp/context1002781378650817201.xml'
11-Feb-2020 19:17:40.631 INFO [http-nio-8081-exec-100] org.apache.catalina.core.ApplicationContext.log Manager: start: Starting web application '/Microblog'
11-Feb-2020 19:19:34.658 INFO [http-nio-8081-exec-110] org.apache.catalina.core.ApplicationContext.log Manager: list: Listing contexts for virtual host 'localhost'
11-Feb-2020 19:19:34.664 INFO [http-nio-8081-exec-104] org.apache.catalina.core.ApplicationContext.log Manager: undeploy: Undeploying web application at '/Microblog'
11-Feb-2020 19:19:45.321 INFO [http-nio-8081-exec-111] org.apache.catalina.core.ApplicationContext.log Manager: list: Listing contexts for virtual host 'localhost'
11-Feb-2020 19:19:45.323 INFO [http-nio-8081-exec-106] org.apache.catalina.core.ApplicationContext.log Manager: list: Listing contexts for virtual host 'localhost'
11-Feb-2020 19:19:45.330 INFO [http-nio-8081-exec-101] org.apache.catalina.core.ApplicationContext.log Manager: install: Installing context configuration at 'file:/C:/Users/ALESSI~1/AppData/Local/Temp/context4814878333496085922.xml'
11-Feb-2020 19:19:46.866 INFO [http-nio-8081-exec-107] org.apache.catalina.core.ApplicationContext.log Manager: start: Starting web application '/Microblog'
11-Feb-2020 19:20:46.831 INFO [http-nio-8081-exec-119] org.apache.catalina.core.ApplicationContext.log Manager: list: Listing contexts for virtual host 'localhost'
11-Feb-2020 19:20:46.833 INFO [http-nio-8081-exec-121] org.apache.catalina.core.ApplicationContext.log Manager: list: Listing contexts for virtual host 'localhost'
11-Feb-2020 19:20:46.839 INFO [http-nio-8081-exec-113] org.apache.catalina.core.ApplicationContext.log Manager: undeploy: Undeploying web application at '/Microblog'
11-Feb-2020 19:20:47.364 INFO [http-nio-8081-exec-114] org.apache.catalina.core.ApplicationContext.log Manager: install: Installing context configuration at 'file:/C:/Users/ALESSI~1/AppData/Local/Temp/context8612099998410376389.xml'
11-Feb-2020 19:20:48.820 INFO [http-nio-8081-exec-117] org.apache.catalina.core.ApplicationContext.log Manager: start: Starting web application '/Microblog'
11-Feb-2020 19:21:41.607 INFO [http-nio-8081-exec-115] org.apache.catalina.core.ApplicationContext.log Manager: list: Listing contexts for virtual host 'localhost'
11-Feb-2020 19:21:41.609 INFO [http-nio-8081-exec-119] org.apache.catalina.core.ApplicationContext.log Manager: list: Listing contexts for virtual host 'localhost'
11-Feb-2020 19:22:40.991 INFO [http-nio-8081-exec-127] org.apache.catalina.core.ApplicationContext.log Manager: list: Listing contexts for virtual host 'localhost'
11-Feb-2020 19:22:40.993 INFO [http-nio-8081-exec-129] org.apache.catalina.core.ApplicationContext.log Manager: list: Listing contexts for virtual host 'localhost'
11-Feb-2020 19:22:40.997 INFO [http-nio-8081-exec-130] org.apache.catalina.core.ApplicationContext.log Manager: undeploy: Undeploying web application at '/Microblog'
11-Feb-2020 19:22:41.520 INFO [http-nio-8081-exec-131] org.apache.catalina.core.ApplicationContext.log Manager: install: Installing context configuration at 'file:/C:/Users/ALESSI~1/AppData/Local/Temp/context2006197059071393990.xml'
11-Feb-2020 19:22:43.041 INFO [http-nio-8081-exec-128] org.apache.catalina.core.ApplicationContext.log Manager: start: Starting web application '/Microblog'
11-Feb-2020 19:22:53.244 INFO [http-nio-8081-exec-123] org.apache.catalina.core.ApplicationContext.log Manager: list: Listing contexts for virtual host 'localhost'
11-Feb-2020 19:22:53.246 INFO [http-nio-8081-exec-134] org.apache.catalina.core.ApplicationContext.log Manager: list: Listing contexts for virtual host 'localhost'
11-Feb-2020 19:23:20.146 INFO [http-nio-8081-exec-134] org.apache.catalina.core.ApplicationContext.log Manager: list: Listing contexts for virtual host 'localhost'
11-Feb-2020 19:23:20.147 INFO [http-nio-8081-exec-138] org.apache.catalina.core.ApplicationContext.log Manager: list: Listing contexts for virtual host 'localhost'
11-Feb-2020 19:23:48.544 INFO [http-nio-8081-exec-134] org.apache.catalina.core.ApplicationContext.log Manager: list: Listing contexts for virtual host 'localhost'
11-Feb-2020 19:25:03.783 INFO [http-nio-8081-exec-133] org.apache.catalina.core.ApplicationContext.log Manager: list: Listing contexts for virtual host 'localhost'
11-Feb-2020 19:25:03.785 INFO [http-nio-8081-exec-137] org.apache.catalina.core.ApplicationContext.log Manager: list: Listing contexts for virtual host 'localhost'
11-Feb-2020 19:29:14.697 INFO [http-nio-8081-exec-136] org.apache.catalina.core.ApplicationContext.log Manager: list: Listing contexts for virtual host 'localhost'
11-Feb-2020 19:29:14.703 INFO [http-nio-8081-exec-133] org.apache.catalina.core.ApplicationContext.log Manager: restart: Reloading web application '/Microblog'
11-Feb-2020 19:30:31.448 INFO [http-nio-8081-exec-136] org.apache.catalina.core.ApplicationContext.log Manager: list: Listing contexts for virtual host 'localhost'
11-Feb-2020 19:30:31.449 INFO [http-nio-8081-exec-145] org.apache.catalina.core.ApplicationContext.log Manager: list: Listing contexts for virtual host 'localhost'
11-Feb-2020 19:30:31.473 INFO [http-nio-8081-exec-142] org.apache.catalina.core.ApplicationContext.log Manager: restart: Reloading web application '/Microblog'
11-Feb-2020 19:31:02.750 INFO [http-nio-8081-exec-136] org.apache.catalina.core.ApplicationContext.log Manager: list: Listing contexts for virtual host 'localhost'
11-Feb-2020 19:31:02.752 INFO [http-nio-8081-exec-135] org.apache.catalina.core.ApplicationContext.log Manager: list: Listing contexts for virtual host 'localhost'
11-Feb-2020 19:31:02.757 INFO [http-nio-8081-exec-148] org.apache.catalina.core.ApplicationContext.log Manager: undeploy: Undeploying web application at '/Microblog'
11-Feb-2020 19:31:03.281 INFO [http-nio-8081-exec-152] org.apache.catalina.core.ApplicationContext.log Manager: install: Installing context configuration at 'file:/C:/Users/ALESSI~1/AppData/Local/Temp/context6301603189870165700.xml'
11-Feb-2020 19:31:04.832 INFO [http-nio-8081-exec-136] org.apache.catalina.core.ApplicationContext.log Manager: start: Starting web application '/Microblog'
11-Feb-2020 19:34:34.445 INFO [http-nio-8081-exec-157] org.apache.catalina.core.ApplicationContext.log Manager: list: Listing contexts for virtual host 'localhost'
11-Feb-2020 19:34:34.446 INFO [http-nio-8081-exec-158] org.apache.catalina.core.ApplicationContext.log Manager: list: Listing contexts for virtual host 'localhost'
11-Feb-2020 19:34:34.451 INFO [http-nio-8081-exec-159] org.apache.catalina.core.ApplicationContext.log Manager: undeploy: Undeploying web application at '/Microblog'
11-Feb-2020 19:34:34.983 INFO [http-nio-8081-exec-161] org.apache.catalina.core.ApplicationContext.log Manager: install: Installing context configuration at 'file:/C:/Users/ALESSI~1/AppData/Local/Temp/context3708183045027813710.xml'
11-Feb-2020 19:34:36.476 INFO [http-nio-8081-exec-163] org.apache.catalina.core.ApplicationContext.log Manager: start: Starting web application '/Microblog'
11-Feb-2020 19:34:55.249 FINE [localhost-startStop-2] org.apache.catalina.core.StandardContext.filterStop Stopping filters
11-Feb-2020 19:34:55.249 FINE [localhost-startStop-2] org.apache.catalina.core.StandardContext.filterStop  Stopping filter 'Tomcat WebSocket (JSR356) Filter'
11-Feb-2020 19:34:55.249 FINE [localhost-startStop-2] org.apache.catalina.core.StandardContext.filterStop  Stopping filter 'SetCharacterEncoding'
11-Feb-2020 19:34:55.249 FINE [localhost-startStop-2] org.apache.catalina.core.StandardContext.filterStop  Stopping filter 'CSRF'
