04-Feb-2019 22:32:08.681 FINE [localhost-startStop-1] org.apache.catalina.core.StandardContext.listenerStart Sending application start events
04-Feb-2019 22:32:08.682 FINE [localhost-startStop-1] org.apache.catalina.core.StandardContext.filterStart Starting filters
04-Feb-2019 22:32:08.683 FINE [localhost-startStop-1] org.apache.catalina.core.StandardContext.filterStart  Starting filter 'Tomcat WebSocket (JSR356) Filter'
04-Feb-2019 22:32:08.683 FINE [localhost-startStop-1] org.apache.catalina.core.StandardContext.filterStart  Starting filter 'SetCharacterEncoding'
04-Feb-2019 22:32:08.694 FINE [localhost-startStop-1] org.apache.catalina.core.StandardContext.filterStart  Starting filter 'HTTPMonitorFilter'
04-Feb-2019 22:32:08.695 FINE [localhost-startStop-1] org.apache.catalina.core.StandardContext.filterStart  Starting filter 'CSRF'
04-Feb-2019 22:32:08.699 INFO [localhost-startStop-1] org.apache.catalina.core.ApplicationContext.log default: DefaultServlet.init:  input buffer size=2048, output buffer size=2048
04-Feb-2019 22:32:11.000 INFO [http-nio-8080-exec-5] org.apache.catalina.core.ApplicationContext.log Manager: init: Associated with Deployer 'Catalina:type=Deployer,host=localhost'
04-Feb-2019 22:32:11.001 INFO [http-nio-8080-exec-5] org.apache.catalina.core.ApplicationContext.log Manager: init: Global resources are available
04-Feb-2019 22:32:11.096 INFO [http-nio-8080-exec-5] org.apache.catalina.core.ApplicationContext.log Manager: list: Listing contexts for virtual host 'localhost'
04-Feb-2019 22:32:11.268 INFO [http-nio-8080-exec-6] org.apache.catalina.core.ApplicationContext.log Manager: list: Listing contexts for virtual host 'localhost'
04-Feb-2019 22:32:11.305 INFO [http-nio-8080-exec-7] org.apache.catalina.core.ApplicationContext.log Manager: install: Installing context configuration at 'file:/var/folders/1c/g851qhds387cf7z065l4vwgc0000gp/T/context983821468882612229.xml'
04-Feb-2019 22:32:16.112 INFO [http-nio-8080-exec-8] org.apache.catalina.core.ApplicationContext.log Manager: start: Starting web application '/WebApplication1'
04-Feb-2019 22:41:42.022 INFO [http-nio-8080-exec-9] org.apache.catalina.core.ApplicationContext.log Manager: list: Listing contexts for virtual host 'localhost'
04-Feb-2019 22:41:42.056 INFO [http-nio-8080-exec-10] org.apache.catalina.core.ApplicationContext.log Manager: list: Listing contexts for virtual host 'localhost'
04-Feb-2019 23:39:31.755 INFO [http-nio-8080-exec-5] org.apache.catalina.core.ApplicationContext.log Manager: list: Listing contexts for virtual host 'localhost'
04-Feb-2019 23:39:31.841 INFO [http-nio-8080-exec-6] org.apache.catalina.core.ApplicationContext.log Manager: list: Listing contexts for virtual host 'localhost'
04-Feb-2019 23:39:31.927 INFO [http-nio-8080-exec-7] org.apache.catalina.core.ApplicationContext.log Manager: restart: Reloading web application '/WebApplication2'
04-Feb-2019 23:53:15.084 INFO [http-nio-8080-exec-14] org.apache.catalina.core.ApplicationContext.log Manager: list: Listing contexts for virtual host 'localhost'
04-Feb-2019 23:53:15.116 INFO [http-nio-8080-exec-15] org.apache.catalina.core.ApplicationContext.log Manager: list: Listing contexts for virtual host 'localhost'
04-Feb-2019 23:53:20.929 INFO [http-nio-8080-exec-16] org.apache.catalina.core.ApplicationContext.log Manager: undeploy: Undeploying web application at '/WebApplication2'
04-Feb-2019 23:53:21.512 INFO [http-nio-8080-exec-18] org.apache.catalina.core.ApplicationContext.log Manager: list: Listing contexts for virtual host 'localhost'
04-Feb-2019 23:53:21.536 INFO [http-nio-8080-exec-17] org.apache.catalina.core.ApplicationContext.log Manager: list: Listing contexts for virtual host 'localhost'
04-Feb-2019 23:53:25.822 INFO [http-nio-8080-exec-12] org.apache.catalina.core.ApplicationContext.log Manager: undeploy: Undeploying web application at '/WebApplication1'
04-Feb-2019 23:53:26.366 INFO [http-nio-8080-exec-16] org.apache.catalina.core.ApplicationContext.log Manager: list: Listing contexts for virtual host 'localhost'
04-Feb-2019 23:53:26.386 INFO [http-nio-8080-exec-18] org.apache.catalina.core.ApplicationContext.log Manager: list: Listing contexts for virtual host 'localhost'
04-Feb-2019 23:55:33.383 INFO [http-nio-8080-exec-20] org.apache.catalina.core.ApplicationContext.log Manager: list: Listing contexts for virtual host 'localhost'
04-Feb-2019 23:55:33.454 INFO [http-nio-8080-exec-25] org.apache.catalina.core.ApplicationContext.log Manager: list: Listing contexts for virtual host 'localhost'
04-Feb-2019 23:55:33.502 INFO [http-nio-8080-exec-27] org.apache.catalina.core.ApplicationContext.log Manager: install: Installing context configuration at 'file:/var/folders/1c/g851qhds387cf7z065l4vwgc0000gp/T/context8500669538835653996.xml'
04-Feb-2019 23:55:37.720 INFO [http-nio-8080-exec-12] org.apache.catalina.core.ApplicationContext.log Manager: start: Starting web application '/WebApplication2'
