22-Feb-2017 00:15:57.375 INFO [http-nio-8080-exec-1] org.apache.catalina.core.ApplicationContext.log Manager: init: Associated with Deployer 'Catalina:type=Deployer,host=localhost'
22-Feb-2017 00:15:57.375 INFO [http-nio-8080-exec-1] org.apache.catalina.core.ApplicationContext.log Manager: init: Global resources are available
22-Feb-2017 00:15:57.377 INFO [http-nio-8080-exec-1] org.apache.catalina.core.ApplicationContext.log Manager: list: Listing contexts for virtual host 'localhost'
22-Feb-2017 00:15:57.632 INFO [http-nio-8080-exec-2] org.apache.catalina.core.ApplicationContext.log Manager: undeploy: Undeploying web application at '/PR_WEBAPP03'
22-Feb-2017 00:15:58.349 INFO [http-nio-8080-exec-7] org.apache.catalina.core.ApplicationContext.log Manager: install: Installing context configuration at 'file:/var/folders/1c/g851qhds387cf7z065l4vwgc0000gp/T/context5124690306219574607.xml'
22-Feb-2017 00:16:00.131 INFO [http-nio-8080-exec-6] org.apache.catalina.core.ApplicationContext.log Manager: start: Starting web application '/PR_WEBAPP03'
22-Feb-2017 01:50:23.811 INFO [http-nio-8080-exec-14] org.apache.catalina.core.ApplicationContext.log Manager: list: Listing contexts for virtual host 'localhost'
22-Feb-2017 01:50:24.972 INFO [http-nio-8080-exec-13] org.apache.catalina.core.ApplicationContext.log Manager: undeploy: Undeploying web application at '/PR_WEBAPP03'
22-Feb-2017 01:50:37.127 INFO [http-nio-8080-exec-14] org.apache.catalina.core.ApplicationContext.log Manager: install: Installing context configuration at 'file:/var/folders/1c/g851qhds387cf7z065l4vwgc0000gp/T/context8064546350424603327.xml'
22-Feb-2017 01:51:01.939 INFO [http-nio-8080-exec-12] org.apache.catalina.core.ApplicationContext.log Manager: start: Starting web application '/PR_WEBAPP03'
22-Feb-2017 02:10:59.133 INFO [http-nio-8080-exec-7] org.apache.catalina.core.ApplicationContext.log Manager: init: Associated with Deployer 'Catalina:type=Deployer,host=localhost'
22-Feb-2017 02:10:59.134 INFO [http-nio-8080-exec-7] org.apache.catalina.core.ApplicationContext.log Manager: init: Global resources are available
22-Feb-2017 02:10:59.142 INFO [http-nio-8080-exec-7] org.apache.catalina.core.ApplicationContext.log Manager: list: Listing contexts for virtual host 'localhost'
22-Feb-2017 02:10:59.240 INFO [http-nio-8080-exec-9] org.apache.catalina.core.ApplicationContext.log Manager: list: Listing contexts for virtual host 'localhost'
22-Feb-2017 02:10:59.727 INFO [http-nio-8080-exec-8] org.apache.catalina.core.ApplicationContext.log Manager: undeploy: Undeploying web application at '/PR_WEBAPP03'
22-Feb-2017 02:11:00.535 INFO [http-nio-8080-exec-9] org.apache.catalina.core.ApplicationContext.log Manager: install: Installing context configuration at 'file:/var/folders/1c/g851qhds387cf7z065l4vwgc0000gp/T/context7053113815604857065.xml'
22-Feb-2017 02:11:04.693 INFO [http-nio-8080-exec-5] org.apache.catalina.core.ApplicationContext.log Manager: start: Starting web application '/PR_WEBAPP03'
22-Feb-2017 02:26:12.004 INFO [http-nio-8080-exec-1] org.apache.catalina.core.ApplicationContext.log Manager: init: Associated with Deployer 'Catalina:type=Deployer,host=localhost'
22-Feb-2017 02:26:12.005 INFO [http-nio-8080-exec-1] org.apache.catalina.core.ApplicationContext.log Manager: init: Global resources are available
22-Feb-2017 02:26:12.006 INFO [http-nio-8080-exec-1] org.apache.catalina.core.ApplicationContext.log Manager: list: Listing contexts for virtual host 'localhost'
22-Feb-2017 02:26:12.174 INFO [http-nio-8080-exec-2] org.apache.catalina.core.ApplicationContext.log Manager: list: Listing contexts for virtual host 'localhost'
22-Feb-2017 02:26:12.538 INFO [http-nio-8080-exec-3] org.apache.catalina.core.ApplicationContext.log Manager: undeploy: Undeploying web application at '/PR_WEBAPP03'
22-Feb-2017 02:26:13.482 INFO [http-nio-8080-exec-5] org.apache.catalina.core.ApplicationContext.log Manager: install: Installing context configuration at 'file:/var/folders/1c/g851qhds387cf7z065l4vwgc0000gp/T/context6345013854954471699.xml'
22-Feb-2017 02:26:17.850 INFO [http-nio-8080-exec-6] org.apache.catalina.core.ApplicationContext.log Manager: start: Starting web application '/PR_WEBAPP03'
22-Feb-2017 02:29:12.380 INFO [http-nio-8080-exec-6] org.apache.catalina.core.ApplicationContext.log Manager: init: Associated with Deployer 'Catalina:type=Deployer,host=localhost'
22-Feb-2017 02:29:12.380 INFO [http-nio-8080-exec-6] org.apache.catalina.core.ApplicationContext.log Manager: init: Global resources are available
22-Feb-2017 02:29:12.381 INFO [http-nio-8080-exec-6] org.apache.catalina.core.ApplicationContext.log Manager: list: Listing contexts for virtual host 'localhost'
22-Feb-2017 02:29:12.389 INFO [http-nio-8080-exec-4] org.apache.catalina.core.ApplicationContext.log Manager: list: Listing contexts for virtual host 'localhost'
22-Feb-2017 02:29:12.475 INFO [http-nio-8080-exec-7] org.apache.catalina.core.ApplicationContext.log Manager: undeploy: Undeploying web application at '/PR_WEBAPP03'
22-Feb-2017 02:29:13.174 INFO [http-nio-8080-exec-1] org.apache.catalina.core.ApplicationContext.log Manager: install: Installing context configuration at 'file:/var/folders/1c/g851qhds387cf7z065l4vwgc0000gp/T/context6109290319148350837.xml'
22-Feb-2017 02:29:14.592 INFO [http-nio-8080-exec-10] org.apache.catalina.core.ApplicationContext.log Manager: start: Starting web application '/PR_WEBAPP03'
22-Feb-2017 02:32:12.458 INFO [30] org.apache.catalina.core.ApplicationContext.log Manager: list: Listing contexts for virtual host 'localhost'
22-Feb-2017 02:32:12.486 INFO [http-nio-8080-exec-18] org.apache.catalina.core.ApplicationContext.log Manager: list: Listing contexts for virtual host 'localhost'
22-Feb-2017 02:32:12.702 INFO [http-nio-8080-exec-12] org.apache.catalina.core.ApplicationContext.log Manager: undeploy: Undeploying web application at '/PR_WEBAPP03'
22-Feb-2017 02:32:13.376 INFO [http-nio-8080-exec-20] org.apache.catalina.core.ApplicationContext.log Manager: install: Installing context configuration at 'file:/var/folders/1c/g851qhds387cf7z065l4vwgc0000gp/T/context8930938554250464599.xml'
22-Feb-2017 02:32:16.621 INFO [http-nio-8080-exec-16] org.apache.catalina.core.ApplicationContext.log Manager: start: Starting web application '/PR_WEBAPP03'
22-Feb-2017 02:34:27.476 INFO [http-nio-8080-exec-23] org.apache.catalina.core.ApplicationContext.log Manager: list: Listing contexts for virtual host 'localhost'
22-Feb-2017 02:34:27.490 INFO [http-nio-8080-exec-24] org.apache.catalina.core.ApplicationContext.log Manager: list: Listing contexts for virtual host 'localhost'
22-Feb-2017 02:34:27.555 INFO [http-nio-8080-exec-25] org.apache.catalina.core.ApplicationContext.log Manager: undeploy: Undeploying web application at '/PR_WEBAPP03'
22-Feb-2017 02:34:28.180 INFO [http-nio-8080-exec-26] org.apache.catalina.core.ApplicationContext.log Manager: install: Installing context configuration at 'file:/var/folders/1c/g851qhds387cf7z065l4vwgc0000gp/T/context377335082024294944.xml'
22-Feb-2017 02:34:29.537 INFO [http-nio-8080-exec-30] org.apache.catalina.core.ApplicationContext.log Manager: start: Starting web application '/PR_WEBAPP03'
