10-Feb-2020 15:38:28.879 FINE [localhost-startStop-1] org.apache.catalina.core.StandardContext.listenerStart Sending application start events
10-Feb-2020 15:38:28.879 FINE [localhost-startStop-1] org.apache.catalina.core.StandardContext.filterStart Starting filters
10-Feb-2020 15:38:28.879 FINE [localhost-startStop-1] org.apache.catalina.core.StandardContext.filterStart  Starting filter 'Tomcat WebSocket (JSR356) Filter'
10-Feb-2020 15:38:28.879 FINE [localhost-startStop-1] org.apache.catalina.core.StandardContext.filterStart  Starting filter 'SetCharacterEncoding'
10-Feb-2020 15:38:28.879 FINE [localhost-startStop-1] org.apache.catalina.core.StandardContext.filterStart  Starting filter 'CSRF'
10-Feb-2020 15:38:28.880 INFO [localhost-startStop-1] org.apache.catalina.core.ApplicationContext.log default: DefaultServlet.init:  input buffer size=2048, output buffer size=2048
10-Feb-2020 15:39:26.769 INFO [http-nio-8081-exec-9] org.apache.catalina.core.ApplicationContext.log Manager: init: Associated with Deployer 'Catalina:type=Deployer,host=localhost'
10-Feb-2020 15:39:26.769 INFO [http-nio-8081-exec-9] org.apache.catalina.core.ApplicationContext.log Manager: init: Global resources are available
10-Feb-2020 15:39:26.775 INFO [http-nio-8081-exec-9] org.apache.catalina.core.ApplicationContext.log Manager: list: Listing contexts for virtual host 'localhost'
10-Feb-2020 15:39:26.779 INFO [http-nio-8081-exec-10] org.apache.catalina.core.ApplicationContext.log Manager: list: Listing contexts for virtual host 'localhost'
10-Feb-2020 15:39:26.901 INFO [http-nio-8081-exec-1] org.apache.catalina.core.ApplicationContext.log Manager: undeploy: Undeploying web application at '/SessionBlog'
10-Feb-2020 15:39:27.426 INFO [http-nio-8081-exec-5] org.apache.catalina.core.ApplicationContext.log Manager: install: Installing context configuration at 'file:/C:/Users/ALESSI~1/AppData/Local/Temp/context6896729372740529800.xml'
10-Feb-2020 15:41:27.404 INFO [http-nio-8081-exec-17] org.apache.catalina.core.ApplicationContext.log Manager: list: Listing contexts for virtual host 'localhost'
10-Feb-2020 15:41:27.412 INFO [http-nio-8081-exec-7] org.apache.catalina.core.ApplicationContext.log Manager: restart: Reloading web application '/SessionBlog'
10-Feb-2020 15:42:01.041 INFO [http-nio-8081-exec-19] org.apache.catalina.core.ApplicationContext.log Manager: list: Listing contexts for virtual host 'localhost'
10-Feb-2020 15:42:01.049 INFO [http-nio-8081-exec-11] org.apache.catalina.core.ApplicationContext.log Manager: restart: Reloading web application '/SessionBlog'
10-Feb-2020 15:42:13.366 INFO [http-nio-8081-exec-22] org.apache.catalina.core.ApplicationContext.log Manager: list: Listing contexts for virtual host 'localhost'
10-Feb-2020 15:42:13.374 INFO [http-nio-8081-exec-10] org.apache.catalina.core.ApplicationContext.log Manager: restart: Reloading web application '/SessionBlog'
10-Feb-2020 15:43:56.177 INFO [http-nio-8081-exec-15] org.apache.catalina.core.ApplicationContext.log Manager: list: Listing contexts for virtual host 'localhost'
10-Feb-2020 15:43:56.183 INFO [http-nio-8081-exec-27] org.apache.catalina.core.ApplicationContext.log Manager: restart: Reloading web application '/SessionBlog'
10-Feb-2020 15:44:12.542 FINE [localhost-startStop-2] org.apache.catalina.core.StandardContext.filterStop Stopping filters
10-Feb-2020 15:44:12.542 FINE [localhost-startStop-2] org.apache.catalina.core.StandardContext.filterStop  Stopping filter 'Tomcat WebSocket (JSR356) Filter'
10-Feb-2020 15:44:12.542 FINE [localhost-startStop-2] org.apache.catalina.core.StandardContext.filterStop  Stopping filter 'SetCharacterEncoding'
10-Feb-2020 15:44:12.542 FINE [localhost-startStop-2] org.apache.catalina.core.StandardContext.filterStop  Stopping filter 'CSRF'
10-Feb-2020 15:44:18.868 FINE [localhost-startStop-1] org.apache.catalina.core.StandardContext.listenerStart Sending application start events
10-Feb-2020 15:44:18.868 FINE [localhost-startStop-1] org.apache.catalina.core.StandardContext.filterStart Starting filters
10-Feb-2020 15:44:18.868 FINE [localhost-startStop-1] org.apache.catalina.core.StandardContext.filterStart  Starting filter 'Tomcat WebSocket (JSR356) Filter'
10-Feb-2020 15:44:18.869 FINE [localhost-startStop-1] org.apache.catalina.core.StandardContext.filterStart  Starting filter 'SetCharacterEncoding'
10-Feb-2020 15:44:18.869 FINE [localhost-startStop-1] org.apache.catalina.core.StandardContext.filterStart  Starting filter 'CSRF'
10-Feb-2020 15:44:18.869 INFO [localhost-startStop-1] org.apache.catalina.core.ApplicationContext.log default: DefaultServlet.init:  input buffer size=2048, output buffer size=2048
10-Feb-2020 15:44:20.546 INFO [http-nio-8081-exec-5] org.apache.catalina.core.ApplicationContext.log Manager: init: Associated with Deployer 'Catalina:type=Deployer,host=localhost'
10-Feb-2020 15:44:20.546 INFO [http-nio-8081-exec-5] org.apache.catalina.core.ApplicationContext.log Manager: init: Global resources are available
10-Feb-2020 15:44:20.554 INFO [http-nio-8081-exec-5] org.apache.catalina.core.ApplicationContext.log Manager: list: Listing contexts for virtual host 'localhost'
10-Feb-2020 15:44:20.557 INFO [http-nio-8081-exec-6] org.apache.catalina.core.ApplicationContext.log Manager: list: Listing contexts for virtual host 'localhost'
10-Feb-2020 15:44:20.563 INFO [http-nio-8081-exec-7] org.apache.catalina.core.ApplicationContext.log Manager: undeploy: Undeploying web application at '/SessionBlog'
10-Feb-2020 15:44:21.091 INFO [http-nio-8081-exec-3] org.apache.catalina.core.ApplicationContext.log Manager: install: Installing context configuration at 'file:/C:/Users/ALESSI~1/AppData/Local/Temp/context7106855003606692696.xml'
10-Feb-2020 15:44:22.663 INFO [http-nio-8081-exec-1] org.apache.catalina.core.ApplicationContext.log Manager: start: Starting web application '/SessionBlog'
10-Feb-2020 15:46:02.356 INFO [http-nio-8081-exec-9] org.apache.catalina.core.ApplicationContext.log Manager: list: Listing contexts for virtual host 'localhost'
10-Feb-2020 15:46:02.359 INFO [http-nio-8081-exec-2] org.apache.catalina.core.ApplicationContext.log Manager: list: Listing contexts for virtual host 'localhost'
10-Feb-2020 15:50:37.338 INFO [http-nio-8081-exec-16] org.apache.catalina.core.ApplicationContext.log Manager: list: Listing contexts for virtual host 'localhost'
10-Feb-2020 15:50:37.341 INFO [http-nio-8081-exec-18] org.apache.catalina.core.ApplicationContext.log Manager: list: Listing contexts for virtual host 'localhost'
10-Feb-2020 15:50:37.347 INFO [http-nio-8081-exec-17] org.apache.catalina.core.ApplicationContext.log Manager: undeploy: Undeploying web application at '/SessionBlog'
10-Feb-2020 15:50:37.868 INFO [http-nio-8081-exec-13] org.apache.catalina.core.ApplicationContext.log Manager: install: Installing context configuration at 'file:/C:/Users/ALESSI~1/AppData/Local/Temp/context6947454681730924060.xml'
10-Feb-2020 15:50:39.535 INFO [http-nio-8081-exec-18] org.apache.catalina.core.ApplicationContext.log Manager: start: Starting web application '/SessionBlog'
10-Feb-2020 15:50:43.016 INFO [http-nio-8081-exec-22] org.apache.catalina.core.ApplicationContext.log Manager: list: Listing contexts for virtual host 'localhost'
10-Feb-2020 15:50:43.021 INFO [http-nio-8081-exec-18] org.apache.catalina.core.ApplicationContext.log Manager: restart: Reloading web application '/SessionBlog'
10-Feb-2020 15:51:13.201 INFO [http-nio-8081-exec-22] org.apache.catalina.core.ApplicationContext.log Manager: list: Listing contexts for virtual host 'localhost'
10-Feb-2020 15:51:13.208 INFO [http-nio-8081-exec-24] org.apache.catalina.core.ApplicationContext.log Manager: restart: Reloading web application '/SessionBlog'
10-Feb-2020 15:51:23.526 INFO [http-nio-8081-exec-27] org.apache.catalina.core.ApplicationContext.log Manager: list: Listing contexts for virtual host 'localhost'
10-Feb-2020 15:51:23.533 INFO [http-nio-8081-exec-28] org.apache.catalina.core.ApplicationContext.log Manager: restart: Reloading web application '/SessionBlog'
10-Feb-2020 15:55:02.781 INFO [http-nio-8081-exec-21] org.apache.catalina.core.ApplicationContext.log Manager: list: Listing contexts for virtual host 'localhost'
10-Feb-2020 15:55:02.787 INFO [http-nio-8081-exec-25] org.apache.catalina.core.ApplicationContext.log Manager: restart: Reloading web application '/SessionBlog'
10-Feb-2020 15:56:50.743 INFO [http-nio-8081-exec-30] org.apache.catalina.core.ApplicationContext.log Manager: list: Listing contexts for virtual host 'localhost'
10-Feb-2020 15:56:50.752 INFO [http-nio-8081-exec-42] org.apache.catalina.core.ApplicationContext.log Manager: restart: Reloading web application '/SessionBlog'
10-Feb-2020 15:58:55.981 INFO [http-nio-8081-exec-43] org.apache.catalina.core.ApplicationContext.log Manager: list: Listing contexts for virtual host 'localhost'
10-Feb-2020 15:58:55.989 INFO [http-nio-8081-exec-31] org.apache.catalina.core.ApplicationContext.log Manager: stop: Stopping web application '/SessionBlog'
10-Feb-2020 15:58:55.996 INFO [http-nio-8081-exec-44] org.apache.catalina.core.ApplicationContext.log Manager: start: Starting web application '/SessionBlog'
10-Feb-2020 16:03:04.447 INFO [http-nio-8081-exec-45] org.apache.catalina.core.ApplicationContext.log Manager: list: Listing contexts for virtual host 'localhost'
10-Feb-2020 16:03:11.668 INFO [http-nio-8081-exec-45] org.apache.catalina.core.ApplicationContext.log Manager: list: Listing contexts for virtual host 'localhost'
10-Feb-2020 16:03:22.127 INFO [http-nio-8081-exec-45] org.apache.catalina.core.ApplicationContext.log Manager: list: Listing contexts for virtual host 'localhost'
10-Feb-2020 16:03:59.605 INFO [http-nio-8081-exec-59] org.apache.catalina.core.ApplicationContext.log Manager: list: Listing contexts for virtual host 'localhost'
10-Feb-2020 16:04:19.435 INFO [http-nio-8081-exec-59] org.apache.catalina.core.ApplicationContext.log Manager: list: Listing contexts for virtual host 'localhost'
10-Feb-2020 16:04:37.960 INFO [http-nio-8081-exec-59] org.apache.catalina.core.ApplicationContext.log Manager: list: Listing contexts for virtual host 'localhost'
10-Feb-2020 16:04:40.986 INFO [http-nio-8081-exec-57] org.apache.catalina.core.ApplicationContext.log Manager: list: Listing contexts for virtual host 'localhost'
10-Feb-2020 16:04:48.060 INFO [http-nio-8081-exec-57] org.apache.catalina.core.ApplicationContext.log Manager: list: Listing contexts for virtual host 'localhost'
10-Feb-2020 16:04:49.580 INFO [http-nio-8081-exec-54] org.apache.catalina.core.ApplicationContext.log Manager: list: Listing contexts for virtual host 'localhost'
10-Feb-2020 16:04:57.259 INFO [http-nio-8081-exec-54] org.apache.catalina.core.ApplicationContext.log Manager: list: Listing contexts for virtual host 'localhost'
10-Feb-2020 16:05:10.691 INFO [http-nio-8081-exec-54] org.apache.catalina.core.ApplicationContext.log Manager: list: Listing contexts for virtual host 'localhost'
10-Feb-2020 16:05:31.832 INFO [http-nio-8081-exec-54] org.apache.catalina.core.ApplicationContext.log Manager: list: Listing contexts for virtual host 'localhost'
10-Feb-2020 16:05:37.675 INFO [http-nio-8081-exec-54] org.apache.catalina.core.ApplicationContext.log Manager: list: Listing contexts for virtual host 'localhost'
10-Feb-2020 16:05:41.375 INFO [http-nio-8081-exec-53] org.apache.catalina.core.ApplicationContext.log Manager: list: Listing contexts for virtual host 'localhost'
10-Feb-2020 16:05:51.226 INFO [http-nio-8081-exec-53] org.apache.catalina.core.ApplicationContext.log Manager: list: Listing contexts for virtual host 'localhost'
10-Feb-2020 16:05:52.738 INFO [http-nio-8081-exec-61] org.apache.catalina.core.ApplicationContext.log Manager: list: Listing contexts for virtual host 'localhost'
10-Feb-2020 16:05:54.253 INFO [http-nio-8081-exec-57] org.apache.catalina.core.ApplicationContext.log Manager: list: Listing contexts for virtual host 'localhost'
10-Feb-2020 16:05:59.444 INFO [http-nio-8081-exec-57] org.apache.catalina.core.ApplicationContext.log Manager: list: Listing contexts for virtual host 'localhost'
10-Feb-2020 16:10:58.696 INFO [http-nio-8081-exec-57] org.apache.catalina.core.ApplicationContext.log Manager: list: Listing contexts for virtual host 'localhost'
10-Feb-2020 16:10:58.704 INFO [http-nio-8081-exec-59] org.apache.catalina.core.ApplicationContext.log Manager: restart: Reloading web application '/SessionBlog'
10-Feb-2020 16:11:56.617 INFO [http-nio-8081-exec-62] org.apache.catalina.core.ApplicationContext.log Manager: list: Listing contexts for virtual host 'localhost'
10-Feb-2020 16:11:56.624 INFO [http-nio-8081-exec-53] org.apache.catalina.core.ApplicationContext.log Manager: restart: Reloading web application '/SessionBlog'
10-Feb-2020 16:11:59.986 INFO [http-nio-8081-exec-60] org.apache.catalina.core.ApplicationContext.log Manager: list: Listing contexts for virtual host 'localhost'
10-Feb-2020 16:11:59.987 INFO [http-nio-8081-exec-64] org.apache.catalina.core.ApplicationContext.log Manager: list: Listing contexts for virtual host 'localhost'
10-Feb-2020 16:12:00.012 INFO [http-nio-8081-exec-66] org.apache.catalina.core.ApplicationContext.log Manager: stop: Stopping web application '/SessionBlog'
10-Feb-2020 16:12:00.020 INFO [http-nio-8081-exec-64] org.apache.catalina.core.ApplicationContext.log Manager: start: Starting web application '/SessionBlog'
10-Feb-2020 16:13:29.577 INFO [http-nio-8081-exec-65] org.apache.catalina.core.ApplicationContext.log Manager: list: Listing contexts for virtual host 'localhost'
10-Feb-2020 16:13:35.071 INFO [http-nio-8081-exec-65] org.apache.catalina.core.ApplicationContext.log Manager: list: Listing contexts for virtual host 'localhost'
10-Feb-2020 16:13:37.353 INFO [http-nio-8081-exec-70] org.apache.catalina.core.ApplicationContext.log Manager: list: Listing contexts for virtual host 'localhost'
10-Feb-2020 16:13:37.358 INFO [http-nio-8081-exec-71] org.apache.catalina.core.ApplicationContext.log Manager: undeploy: Undeploying web application at '/SessionBlog'
10-Feb-2020 16:14:04.867 INFO [http-nio-8081-exec-57] org.apache.catalina.core.ApplicationContext.log Manager: list: Listing contexts for virtual host 'localhost'
10-Feb-2020 16:14:08.270 INFO [http-nio-8081-exec-70] org.apache.catalina.core.ApplicationContext.log Manager: list: Listing contexts for virtual host 'localhost'
10-Feb-2020 16:14:08.272 INFO [http-nio-8081-exec-57] org.apache.catalina.core.ApplicationContext.log Manager: list: Listing contexts for virtual host 'localhost'
10-Feb-2020 16:14:08.282 INFO [http-nio-8081-exec-76] org.apache.catalina.core.ApplicationContext.log Manager: install: Installing context configuration at 'file:/C:/Users/ALESSI~1/AppData/Local/Temp/context7850632087148033264.xml'
10-Feb-2020 16:14:09.840 INFO [http-nio-8081-exec-52] org.apache.catalina.core.ApplicationContext.log Manager: start: Starting web application '/SessionBlog'
10-Feb-2020 16:14:57.028 INFO [http-nio-8081-exec-77] org.apache.catalina.core.ApplicationContext.log Manager: list: Listing contexts for virtual host 'localhost'
10-Feb-2020 16:14:58.555 INFO [http-nio-8081-exec-70] org.apache.catalina.core.ApplicationContext.log Manager: list: Listing contexts for virtual host 'localhost'
10-Feb-2020 16:15:00.071 INFO [http-nio-8081-exec-75] org.apache.catalina.core.ApplicationContext.log Manager: list: Listing contexts for virtual host 'localhost'
10-Feb-2020 16:15:08.188 INFO [http-nio-8081-exec-73] org.apache.catalina.core.ApplicationContext.log Manager: list: Listing contexts for virtual host 'localhost'
10-Feb-2020 16:15:08.193 INFO [http-nio-8081-exec-74] org.apache.catalina.core.ApplicationContext.log Manager: undeploy: Undeploying web application at '/SessionBlog'
10-Feb-2020 16:15:30.258 INFO [http-nio-8081-exec-74] org.apache.catalina.core.ApplicationContext.log Manager: list: Listing contexts for virtual host 'localhost'
10-Feb-2020 16:15:30.260 INFO [http-nio-8081-exec-83] org.apache.catalina.core.ApplicationContext.log Manager: list: Listing contexts for virtual host 'localhost'
10-Feb-2020 16:15:30.268 INFO [http-nio-8081-exec-84] org.apache.catalina.core.ApplicationContext.log Manager: install: Installing context configuration at 'file:/C:/Users/ALESSI~1/AppData/Local/Temp/context2707790184204082220.xml'
10-Feb-2020 16:15:31.824 INFO [http-nio-8081-exec-75] org.apache.catalina.core.ApplicationContext.log Manager: start: Starting web application '/SessionBlog'
10-Feb-2020 16:16:51.301 INFO [http-nio-8081-exec-85] org.apache.catalina.core.ApplicationContext.log Manager: list: Listing contexts for virtual host 'localhost'
10-Feb-2020 16:16:54.323 INFO [http-nio-8081-exec-82] org.apache.catalina.core.ApplicationContext.log Manager: list: Listing contexts for virtual host 'localhost'
10-Feb-2020 16:16:54.327 INFO [http-nio-8081-exec-84] org.apache.catalina.core.ApplicationContext.log Manager: undeploy: Undeploying web application at '/SessionBlog'
10-Feb-2020 16:17:00.433 INFO [http-nio-8081-exec-84] org.apache.catalina.core.ApplicationContext.log Manager: list: Listing contexts for virtual host 'localhost'
10-Feb-2020 16:17:00.435 INFO [http-nio-8081-exec-91] org.apache.catalina.core.ApplicationContext.log Manager: list: Listing contexts for virtual host 'localhost'
10-Feb-2020 16:17:00.443 INFO [http-nio-8081-exec-85] org.apache.catalina.core.ApplicationContext.log Manager: install: Installing context configuration at 'file:/C:/Users/ALESSI~1/AppData/Local/Temp/context8669049175135113951.xml'
10-Feb-2020 16:17:02.058 INFO [http-nio-8081-exec-88] org.apache.catalina.core.ApplicationContext.log Manager: start: Starting web application '/SessionBlog'
10-Feb-2020 16:17:59.357 INFO [http-nio-8081-exec-84] org.apache.catalina.core.ApplicationContext.log Manager: list: Listing contexts for virtual host 'localhost'
10-Feb-2020 16:19:23.540 INFO [http-nio-8081-exec-86] org.apache.catalina.core.ApplicationContext.log Manager: list: Listing contexts for virtual host 'localhost'
10-Feb-2020 16:19:23.542 INFO [http-nio-8081-exec-84] org.apache.catalina.core.ApplicationContext.log Manager: list: Listing contexts for virtual host 'localhost'
10-Feb-2020 17:04:55.625 INFO [http-nio-8081-exec-92] org.apache.catalina.core.ApplicationContext.log Manager: list: Listing contexts for virtual host 'localhost'
10-Feb-2020 17:04:55.632 INFO [http-nio-8081-exec-96] org.apache.catalina.core.ApplicationContext.log Manager: restart: Reloading web application '/SessionBlog'
10-Feb-2020 17:05:06.063 INFO [http-nio-8081-exec-101] org.apache.catalina.core.ApplicationContext.log Manager: list: Listing contexts for virtual host 'localhost'
10-Feb-2020 17:05:06.069 INFO [http-nio-8081-exec-94] org.apache.catalina.core.ApplicationContext.log Manager: restart: Reloading web application '/SessionBlog'
10-Feb-2020 17:22:15.483 INFO [http-nio-8081-exec-109] org.apache.catalina.core.ApplicationContext.log Manager: list: Listing contexts for virtual host 'localhost'
10-Feb-2020 17:22:21.867 INFO [http-nio-8081-exec-109] org.apache.catalina.core.ApplicationContext.log Manager: list: Listing contexts for virtual host 'localhost'
10-Feb-2020 17:22:28.538 INFO [http-nio-8081-exec-109] org.apache.catalina.core.ApplicationContext.log Manager: list: Listing contexts for virtual host 'localhost'
10-Feb-2020 17:22:30.034 INFO [http-nio-8081-exec-106] org.apache.catalina.core.ApplicationContext.log Manager: list: Listing contexts for virtual host 'localhost'
10-Feb-2020 17:22:34.452 INFO [http-nio-8081-exec-105] org.apache.catalina.core.ApplicationContext.log Manager: list: Listing contexts for virtual host 'localhost'
10-Feb-2020 17:23:03.168 INFO [http-nio-8081-exec-105] org.apache.catalina.core.ApplicationContext.log Manager: list: Listing contexts for virtual host 'localhost'
10-Feb-2020 17:24:13.432 INFO [http-nio-8081-exec-105] org.apache.catalina.core.ApplicationContext.log Manager: list: Listing contexts for virtual host 'localhost'
10-Feb-2020 17:24:44.947 INFO [http-nio-8081-exec-105] org.apache.catalina.core.ApplicationContext.log Manager: list: Listing contexts for virtual host 'localhost'
10-Feb-2020 17:24:46.464 INFO [http-nio-8081-exec-112] org.apache.catalina.core.ApplicationContext.log Manager: list: Listing contexts for virtual host 'localhost'
10-Feb-2020 17:24:47.981 INFO [http-nio-8081-exec-109] org.apache.catalina.core.ApplicationContext.log Manager: list: Listing contexts for virtual host 'localhost'
10-Feb-2020 17:26:35.314 INFO [http-nio-8081-exec-109] org.apache.catalina.core.ApplicationContext.log Manager: list: Listing contexts for virtual host 'localhost'
10-Feb-2020 17:26:42.503 INFO [http-nio-8081-exec-109] org.apache.catalina.core.ApplicationContext.log Manager: list: Listing contexts for virtual host 'localhost'
10-Feb-2020 17:26:47.923 INFO [http-nio-8081-exec-109] org.apache.catalina.core.ApplicationContext.log Manager: list: Listing contexts for virtual host 'localhost'
10-Feb-2020 17:26:49.433 INFO [http-nio-8081-exec-106] org.apache.catalina.core.ApplicationContext.log Manager: list: Listing contexts for virtual host 'localhost'
10-Feb-2020 17:30:51.135 INFO [http-nio-8081-exec-106] org.apache.catalina.core.ApplicationContext.log Manager: list: Listing contexts for virtual host 'localhost'
10-Feb-2020 17:30:51.152 INFO [http-nio-8081-exec-107] org.apache.catalina.core.ApplicationContext.log Manager: restart: Reloading web application '/SessionBlog'
10-Feb-2020 17:30:52.902 INFO [http-nio-8081-exec-110] org.apache.catalina.core.ApplicationContext.log Manager: list: Listing contexts for virtual host 'localhost'
10-Feb-2020 17:30:52.913 INFO [http-nio-8081-exec-109] org.apache.catalina.core.ApplicationContext.log Manager: restart: Reloading web application '/SessionBlog'
10-Feb-2020 17:32:47.226 INFO [http-nio-8081-exec-106] org.apache.catalina.core.ApplicationContext.log Manager: list: Listing contexts for virtual host 'localhost'
10-Feb-2020 17:32:47.232 INFO [http-nio-8081-exec-116] org.apache.catalina.core.ApplicationContext.log Manager: restart: Reloading web application '/SessionBlog'
10-Feb-2020 17:33:01.323 INFO [http-nio-8081-exec-119] org.apache.catalina.core.ApplicationContext.log Manager: list: Listing contexts for virtual host 'localhost'
10-Feb-2020 17:33:01.329 INFO [http-nio-8081-exec-103] org.apache.catalina.core.ApplicationContext.log Manager: restart: Reloading web application '/SessionBlog'
10-Feb-2020 17:34:20.693 INFO [http-nio-8081-exec-120] org.apache.catalina.core.ApplicationContext.log Manager: list: Listing contexts for virtual host 'localhost'
10-Feb-2020 17:34:37.157 INFO [http-nio-8081-exec-120] org.apache.catalina.core.ApplicationContext.log Manager: list: Listing contexts for virtual host 'localhost'
10-Feb-2020 17:34:49.918 INFO [http-nio-8081-exec-120] org.apache.catalina.core.ApplicationContext.log Manager: list: Listing contexts for virtual host 'localhost'
10-Feb-2020 17:44:56.777 INFO [http-nio-8081-exec-125] org.apache.catalina.core.ApplicationContext.log Manager: list: Listing contexts for virtual host 'localhost'
10-Feb-2020 17:44:58.290 INFO [http-nio-8081-exec-127] org.apache.catalina.core.ApplicationContext.log Manager: list: Listing contexts for virtual host 'localhost'
10-Feb-2020 17:45:03.566 INFO [http-nio-8081-exec-127] org.apache.catalina.core.ApplicationContext.log Manager: list: Listing contexts for virtual host 'localhost'
10-Feb-2020 17:45:08.677 INFO [http-nio-8081-exec-127] org.apache.catalina.core.ApplicationContext.log Manager: list: Listing contexts for virtual host 'localhost'
10-Feb-2020 17:45:15.635 INFO [http-nio-8081-exec-127] org.apache.catalina.core.ApplicationContext.log Manager: list: Listing contexts for virtual host 'localhost'
10-Feb-2020 17:45:29.437 INFO [http-nio-8081-exec-127] org.apache.catalina.core.ApplicationContext.log Manager: list: Listing contexts for virtual host 'localhost'
10-Feb-2020 17:45:37.783 INFO [http-nio-8081-exec-127] org.apache.catalina.core.ApplicationContext.log Manager: list: Listing contexts for virtual host 'localhost'
10-Feb-2020 17:45:41.464 INFO [http-nio-8081-exec-126] org.apache.catalina.core.ApplicationContext.log Manager: list: Listing contexts for virtual host 'localhost'
10-Feb-2020 17:53:00.352 INFO [http-nio-8081-exec-126] org.apache.catalina.core.ApplicationContext.log Manager: list: Listing contexts for virtual host 'localhost'
10-Feb-2020 17:53:08.445 INFO [http-nio-8081-exec-126] org.apache.catalina.core.ApplicationContext.log Manager: list: Listing contexts for virtual host 'localhost'
10-Feb-2020 17:54:54.536 INFO [http-nio-8081-exec-126] org.apache.catalina.core.ApplicationContext.log Manager: list: Listing contexts for virtual host 'localhost'
10-Feb-2020 17:54:56.054 INFO [http-nio-8081-exec-131] org.apache.catalina.core.ApplicationContext.log Manager: list: Listing contexts for virtual host 'localhost'
10-Feb-2020 17:54:57.573 INFO [http-nio-8081-exec-125] org.apache.catalina.core.ApplicationContext.log Manager: list: Listing contexts for virtual host 'localhost'
10-Feb-2020 17:55:00.914 INFO [http-nio-8081-exec-124] org.apache.catalina.core.ApplicationContext.log Manager: list: Listing contexts for virtual host 'localhost'
10-Feb-2020 17:55:02.433 INFO [http-nio-8081-exec-126] org.apache.catalina.core.ApplicationContext.log Manager: list: Listing contexts for virtual host 'localhost'
10-Feb-2020 17:55:06.503 INFO [http-nio-8081-exec-123] org.apache.catalina.core.ApplicationContext.log Manager: list: Listing contexts for virtual host 'localhost'
10-Feb-2020 17:55:10.540 INFO [http-nio-8081-exec-122] org.apache.catalina.core.ApplicationContext.log Manager: list: Listing contexts for virtual host 'localhost'
10-Feb-2020 17:55:12.052 INFO [http-nio-8081-exec-129] org.apache.catalina.core.ApplicationContext.log Manager: list: Listing contexts for virtual host 'localhost'
10-Feb-2020 17:55:41.018 INFO [http-nio-8081-exec-129] org.apache.catalina.core.ApplicationContext.log Manager: list: Listing contexts for virtual host 'localhost'
10-Feb-2020 17:55:42.538 INFO [http-nio-8081-exec-128] org.apache.catalina.core.ApplicationContext.log Manager: list: Listing contexts for virtual host 'localhost'
10-Feb-2020 17:55:46.533 INFO [http-nio-8081-exec-127] org.apache.catalina.core.ApplicationContext.log Manager: list: Listing contexts for virtual host 'localhost'
10-Feb-2020 17:55:48.046 INFO [http-nio-8081-exec-122] org.apache.catalina.core.ApplicationContext.log Manager: list: Listing contexts for virtual host 'localhost'
10-Feb-2020 17:55:52.175 INFO [http-nio-8081-exec-131] org.apache.catalina.core.ApplicationContext.log Manager: list: Listing contexts for virtual host 'localhost'
10-Feb-2020 17:56:01.175 INFO [http-nio-8081-exec-131] org.apache.catalina.core.ApplicationContext.log Manager: list: Listing contexts for virtual host 'localhost'
10-Feb-2020 17:56:07.503 INFO [http-nio-8081-exec-131] org.apache.catalina.core.ApplicationContext.log Manager: list: Listing contexts for virtual host 'localhost'
10-Feb-2020 17:56:09.021 INFO [http-nio-8081-exec-125] org.apache.catalina.core.ApplicationContext.log Manager: list: Listing contexts for virtual host 'localhost'
10-Feb-2020 17:56:12.379 INFO [http-nio-8081-exec-124] org.apache.catalina.core.ApplicationContext.log Manager: list: Listing contexts for virtual host 'localhost'
10-Feb-2020 17:56:39.297 INFO [http-nio-8081-exec-124] org.apache.catalina.core.ApplicationContext.log Manager: list: Listing contexts for virtual host 'localhost'
10-Feb-2020 17:56:40.815 INFO [http-nio-8081-exec-126] org.apache.catalina.core.ApplicationContext.log Manager: list: Listing contexts for virtual host 'localhost'
10-Feb-2020 17:56:54.232 INFO [http-nio-8081-exec-126] org.apache.catalina.core.ApplicationContext.log Manager: list: Listing contexts for virtual host 'localhost'
10-Feb-2020 17:57:01.345 INFO [http-nio-8081-exec-126] org.apache.catalina.core.ApplicationContext.log Manager: list: Listing contexts for virtual host 'localhost'
10-Feb-2020 17:57:06.681 INFO [http-nio-8081-exec-126] org.apache.catalina.core.ApplicationContext.log Manager: list: Listing contexts for virtual host 'localhost'
10-Feb-2020 17:57:08.201 INFO [http-nio-8081-exec-131] org.apache.catalina.core.ApplicationContext.log Manager: list: Listing contexts for virtual host 'localhost'
10-Feb-2020 17:57:17.208 INFO [http-nio-8081-exec-131] org.apache.catalina.core.ApplicationContext.log Manager: list: Listing contexts for virtual host 'localhost'
10-Feb-2020 17:57:23.602 INFO [http-nio-8081-exec-131] org.apache.catalina.core.ApplicationContext.log Manager: list: Listing contexts for virtual host 'localhost'
10-Feb-2020 17:57:29.079 INFO [http-nio-8081-exec-131] org.apache.catalina.core.ApplicationContext.log Manager: list: Listing contexts for virtual host 'localhost'
10-Feb-2020 17:57:32.418 INFO [http-nio-8081-exec-130] org.apache.catalina.core.ApplicationContext.log Manager: list: Listing contexts for virtual host 'localhost'
10-Feb-2020 17:57:53.629 INFO [http-nio-8081-exec-130] org.apache.catalina.core.ApplicationContext.log Manager: list: Listing contexts for virtual host 'localhost'
10-Feb-2020 17:57:55.149 INFO [http-nio-8081-exec-124] org.apache.catalina.core.ApplicationContext.log Manager: list: Listing contexts for virtual host 'localhost'
10-Feb-2020 17:58:03.580 INFO [http-nio-8081-exec-124] org.apache.catalina.core.ApplicationContext.log Manager: list: Listing contexts for virtual host 'localhost'
10-Feb-2020 17:58:08.456 INFO [http-nio-8081-exec-128] org.apache.catalina.core.ApplicationContext.log Manager: list: Listing contexts for virtual host 'localhost'
10-Feb-2020 17:58:11.617 INFO [http-nio-8081-exec-127] org.apache.catalina.core.ApplicationContext.log Manager: list: Listing contexts for virtual host 'localhost'
10-Feb-2020 17:58:15.837 INFO [http-nio-8081-exec-126] org.apache.catalina.core.ApplicationContext.log Manager: list: Listing contexts for virtual host 'localhost'
10-Feb-2020 17:58:21.488 INFO [http-nio-8081-exec-126] org.apache.catalina.core.ApplicationContext.log Manager: list: Listing contexts for virtual host 'localhost'
10-Feb-2020 17:58:23.008 INFO [http-nio-8081-exec-131] org.apache.catalina.core.ApplicationContext.log Manager: list: Listing contexts for virtual host 'localhost'
10-Feb-2020 17:58:30.098 INFO [http-nio-8081-exec-131] org.apache.catalina.core.ApplicationContext.log Manager: list: Listing contexts for virtual host 'localhost'
10-Feb-2020 17:58:52.022 INFO [http-nio-8081-exec-131] org.apache.catalina.core.ApplicationContext.log Manager: list: Listing contexts for virtual host 'localhost'
10-Feb-2020 17:58:53.538 INFO [http-nio-8081-exec-125] org.apache.catalina.core.ApplicationContext.log Manager: list: Listing contexts for virtual host 'localhost'
10-Feb-2020 17:59:05.041 INFO [http-nio-8081-exec-125] org.apache.catalina.core.ApplicationContext.log Manager: list: Listing contexts for virtual host 'localhost'
10-Feb-2020 17:59:10.020 INFO [http-nio-8081-exec-124] org.apache.catalina.core.ApplicationContext.log Manager: list: Listing contexts for virtual host 'localhost'
10-Feb-2020 17:59:16.054 INFO [http-nio-8081-exec-124] org.apache.catalina.core.ApplicationContext.log Manager: list: Listing contexts for virtual host 'localhost'
10-Feb-2020 17:59:19.679 INFO [http-nio-8081-exec-128] org.apache.catalina.core.ApplicationContext.log Manager: list: Listing contexts for virtual host 'localhost'
10-Feb-2020 17:59:23.117 INFO [http-nio-8081-exec-127] org.apache.catalina.core.ApplicationContext.log Manager: list: Listing contexts for virtual host 'localhost'
10-Feb-2020 18:00:30.064 INFO [http-nio-8081-exec-127] org.apache.catalina.core.ApplicationContext.log Manager: list: Listing contexts for virtual host 'localhost'
10-Feb-2020 18:00:30.072 INFO [http-nio-8081-exec-128] org.apache.catalina.core.ApplicationContext.log Manager: restart: Reloading web application '/SessionBlog'
10-Feb-2020 18:00:31.718 INFO [http-nio-8081-exec-122] org.apache.catalina.core.ApplicationContext.log Manager: list: Listing contexts for virtual host 'localhost'
10-Feb-2020 18:00:31.726 INFO [http-nio-8081-exec-124] org.apache.catalina.core.ApplicationContext.log Manager: restart: Reloading web application '/SessionBlog'
10-Feb-2020 18:01:22.423 INFO [http-nio-8081-exec-133] org.apache.catalina.core.ApplicationContext.log Manager: list: Listing contexts for virtual host 'localhost'
10-Feb-2020 18:01:22.430 INFO [http-nio-8081-exec-131] org.apache.catalina.core.ApplicationContext.log Manager: restart: Reloading web application '/SessionBlog'
10-Feb-2020 18:01:24.168 INFO [http-nio-8081-exec-133] org.apache.catalina.core.ApplicationContext.log Manager: list: Listing contexts for virtual host 'localhost'
10-Feb-2020 18:01:24.175 INFO [http-nio-8081-exec-134] org.apache.catalina.core.ApplicationContext.log Manager: restart: Reloading web application '/SessionBlog'
10-Feb-2020 18:02:47.832 INFO [http-nio-8081-exec-126] org.apache.catalina.core.ApplicationContext.log Manager: list: Listing contexts for virtual host 'localhost'
10-Feb-2020 18:02:47.840 INFO [http-nio-8081-exec-139] org.apache.catalina.core.ApplicationContext.log Manager: restart: Reloading web application '/SessionBlog'
10-Feb-2020 18:02:49.504 INFO [http-nio-8081-exec-141] org.apache.catalina.core.ApplicationContext.log Manager: list: Listing contexts for virtual host 'localhost'
10-Feb-2020 18:02:49.509 INFO [http-nio-8081-exec-136] org.apache.catalina.core.ApplicationContext.log Manager: restart: Reloading web application '/SessionBlog'
10-Feb-2020 18:02:55.026 INFO [http-nio-8081-exec-142] org.apache.catalina.core.ApplicationContext.log Manager: list: Listing contexts for virtual host 'localhost'
10-Feb-2020 18:02:58.683 INFO [http-nio-8081-exec-135] org.apache.catalina.core.ApplicationContext.log Manager: list: Listing contexts for virtual host 'localhost'
10-Feb-2020 18:03:00.196 INFO [http-nio-8081-exec-132] org.apache.catalina.core.ApplicationContext.log Manager: list: Listing contexts for virtual host 'localhost'
10-Feb-2020 18:03:03.807 INFO [http-nio-8081-exec-144] org.apache.catalina.core.ApplicationContext.log Manager: list: Listing contexts for virtual host 'localhost'
10-Feb-2020 18:03:07.333 INFO [http-nio-8081-exec-145] org.apache.catalina.core.ApplicationContext.log Manager: list: Listing contexts for virtual host 'localhost'
10-Feb-2020 18:03:28.388 INFO [http-nio-8081-exec-145] org.apache.catalina.core.ApplicationContext.log Manager: list: Listing contexts for virtual host 'localhost'
10-Feb-2020 18:03:35.955 INFO [http-nio-8081-exec-145] org.apache.catalina.core.ApplicationContext.log Manager: list: Listing contexts for virtual host 'localhost'
10-Feb-2020 18:03:43.301 INFO [http-nio-8081-exec-145] org.apache.catalina.core.ApplicationContext.log Manager: list: Listing contexts for virtual host 'localhost'
10-Feb-2020 18:03:49.107 INFO [http-nio-8081-exec-145] org.apache.catalina.core.ApplicationContext.log Manager: list: Listing contexts for virtual host 'localhost'
10-Feb-2020 18:03:50.626 INFO [http-nio-8081-exec-143] org.apache.catalina.core.ApplicationContext.log Manager: list: Listing contexts for virtual host 'localhost'
10-Feb-2020 18:04:05.406 INFO [http-nio-8081-exec-143] org.apache.catalina.core.ApplicationContext.log Manager: list: Listing contexts for virtual host 'localhost'
10-Feb-2020 18:04:10.254 INFO [http-nio-8081-exec-147] org.apache.catalina.core.ApplicationContext.log Manager: list: Listing contexts for virtual host 'localhost'
10-Feb-2020 18:04:15.369 INFO [http-nio-8081-exec-147] org.apache.catalina.core.ApplicationContext.log Manager: list: Listing contexts for virtual host 'localhost'
10-Feb-2020 18:04:20.763 INFO [http-nio-8081-exec-147] org.apache.catalina.core.ApplicationContext.log Manager: list: Listing contexts for virtual host 'localhost'
10-Feb-2020 18:04:28.626 INFO [http-nio-8081-exec-147] org.apache.catalina.core.ApplicationContext.log Manager: list: Listing contexts for virtual host 'localhost'
10-Feb-2020 18:04:30.144 INFO [http-nio-8081-exec-149] org.apache.catalina.core.ApplicationContext.log Manager: list: Listing contexts for virtual host 'localhost'
10-Feb-2020 18:05:27.751 INFO [http-nio-8081-exec-149] org.apache.catalina.core.ApplicationContext.log Manager: list: Listing contexts for virtual host 'localhost'
10-Feb-2020 18:05:32.005 INFO [http-nio-8081-exec-152] org.apache.catalina.core.ApplicationContext.log Manager: list: Listing contexts for virtual host 'localhost'
10-Feb-2020 18:05:33.516 INFO [http-nio-8081-exec-151] org.apache.catalina.core.ApplicationContext.log Manager: list: Listing contexts for virtual host 'localhost'
10-Feb-2020 18:05:50.546 INFO [http-nio-8081-exec-151] org.apache.catalina.core.ApplicationContext.log Manager: list: Listing contexts for virtual host 'localhost'
10-Feb-2020 18:05:52.066 INFO [http-nio-8081-exec-147] org.apache.catalina.core.ApplicationContext.log Manager: list: Listing contexts for virtual host 'localhost'
10-Feb-2020 18:05:53.587 INFO [http-nio-8081-exec-149] org.apache.catalina.core.ApplicationContext.log Manager: list: Listing contexts for virtual host 'localhost'
10-Feb-2020 18:05:57.215 INFO [http-nio-8081-exec-152] org.apache.catalina.core.ApplicationContext.log Manager: list: Listing contexts for virtual host 'localhost'
10-Feb-2020 18:06:02.099 INFO [http-nio-8081-exec-144] org.apache.catalina.core.ApplicationContext.log Manager: list: Listing contexts for virtual host 'localhost'
10-Feb-2020 18:06:05.774 INFO [http-nio-8081-exec-145] org.apache.catalina.core.ApplicationContext.log Manager: list: Listing contexts for virtual host 'localhost'
10-Feb-2020 18:06:07.292 INFO [http-nio-8081-exec-143] org.apache.catalina.core.ApplicationContext.log Manager: list: Listing contexts for virtual host 'localhost'
10-Feb-2020 18:06:08.813 INFO [http-nio-8081-exec-148] org.apache.catalina.core.ApplicationContext.log Manager: list: Listing contexts for virtual host 'localhost'
10-Feb-2020 18:06:12.516 INFO [http-nio-8081-exec-149] org.apache.catalina.core.ApplicationContext.log Manager: list: Listing contexts for virtual host 'localhost'
10-Feb-2020 18:07:03.579 INFO [http-nio-8081-exec-149] org.apache.catalina.core.ApplicationContext.log Manager: list: Listing contexts for virtual host 'localhost'
10-Feb-2020 18:07:09.060 INFO [http-nio-8081-exec-149] org.apache.catalina.core.ApplicationContext.log Manager: list: Listing contexts for virtual host 'localhost'
10-Feb-2020 18:07:41.567 INFO [http-nio-8081-exec-149] org.apache.catalina.core.ApplicationContext.log Manager: list: Listing contexts for virtual host 'localhost'
10-Feb-2020 18:07:48.438 INFO [http-nio-8081-exec-149] org.apache.catalina.core.ApplicationContext.log Manager: list: Listing contexts for virtual host 'localhost'
10-Feb-2020 18:07:51.851 INFO [http-nio-8081-exec-152] org.apache.catalina.core.ApplicationContext.log Manager: list: Listing contexts for virtual host 'localhost'
10-Feb-2020 18:08:05.809 INFO [http-nio-8081-exec-152] org.apache.catalina.core.ApplicationContext.log Manager: list: Listing contexts for virtual host 'localhost'
10-Feb-2020 18:08:07.325 INFO [http-nio-8081-exec-151] org.apache.catalina.core.ApplicationContext.log Manager: list: Listing contexts for virtual host 'localhost'
10-Feb-2020 18:08:58.555 INFO [http-nio-8081-exec-151] org.apache.catalina.core.ApplicationContext.log Manager: list: Listing contexts for virtual host 'localhost'
10-Feb-2020 18:09:02.392 INFO [http-nio-8081-exec-146] org.apache.catalina.core.ApplicationContext.log Manager: list: Listing contexts for virtual host 'localhost'
10-Feb-2020 18:09:07.942 INFO [http-nio-8081-exec-146] org.apache.catalina.core.ApplicationContext.log Manager: list: Listing contexts for virtual host 'localhost'
10-Feb-2020 18:09:11.891 INFO [http-nio-8081-exec-143] org.apache.catalina.core.ApplicationContext.log Manager: list: Listing contexts for virtual host 'localhost'
10-Feb-2020 18:09:15.263 INFO [http-nio-8081-exec-147] org.apache.catalina.core.ApplicationContext.log Manager: list: Listing contexts for virtual host 'localhost'
10-Feb-2020 18:09:19.628 INFO [http-nio-8081-exec-150] org.apache.catalina.core.ApplicationContext.log Manager: list: Listing contexts for virtual host 'localhost'
10-Feb-2020 18:09:21.142 INFO [http-nio-8081-exec-152] org.apache.catalina.core.ApplicationContext.log Manager: list: Listing contexts for virtual host 'localhost'
10-Feb-2020 18:09:25.838 INFO [http-nio-8081-exec-144] org.apache.catalina.core.ApplicationContext.log Manager: list: Listing contexts for virtual host 'localhost'
10-Feb-2020 18:09:35.683 INFO [http-nio-8081-exec-144] org.apache.catalina.core.ApplicationContext.log Manager: list: Listing contexts for virtual host 'localhost'
10-Feb-2020 18:10:28.688 INFO [http-nio-8081-exec-144] org.apache.catalina.core.ApplicationContext.log Manager: list: Listing contexts for virtual host 'localhost'
10-Feb-2020 18:10:28.695 INFO [http-nio-8081-exec-152] org.apache.catalina.core.ApplicationContext.log Manager: restart: Reloading web application '/SessionBlog'
10-Feb-2020 18:10:30.276 INFO [http-nio-8081-exec-148] org.apache.catalina.core.ApplicationContext.log Manager: list: Listing contexts for virtual host 'localhost'
10-Feb-2020 18:10:30.282 INFO [http-nio-8081-exec-145] org.apache.catalina.core.ApplicationContext.log Manager: restart: Reloading web application '/SessionBlog'
10-Feb-2020 18:13:54.396 INFO [http-nio-8081-exec-153] org.apache.catalina.core.ApplicationContext.log Manager: list: Listing contexts for virtual host 'localhost'
10-Feb-2020 18:13:54.402 INFO [http-nio-8081-exec-148] org.apache.catalina.core.ApplicationContext.log Manager: restart: Reloading web application '/SessionBlog'
10-Feb-2020 18:14:08.892 INFO [http-nio-8081-exec-162] org.apache.catalina.core.ApplicationContext.log Manager: list: Listing contexts for virtual host 'localhost'
10-Feb-2020 18:14:16.273 INFO [http-nio-8081-exec-162] org.apache.catalina.core.ApplicationContext.log Manager: list: Listing contexts for virtual host 'localhost'
10-Feb-2020 18:14:20.132 INFO [http-nio-8081-exec-155] org.apache.catalina.core.ApplicationContext.log Manager: list: Listing contexts for virtual host 'localhost'
10-Feb-2020 18:14:23.953 INFO [http-nio-8081-exec-161] org.apache.catalina.core.ApplicationContext.log Manager: list: Listing contexts for virtual host 'localhost'
10-Feb-2020 18:14:30.220 INFO [http-nio-8081-exec-161] org.apache.catalina.core.ApplicationContext.log Manager: list: Listing contexts for virtual host 'localhost'
10-Feb-2020 18:14:34.293 INFO [http-nio-8081-exec-154] org.apache.catalina.core.ApplicationContext.log Manager: list: Listing contexts for virtual host 'localhost'
10-Feb-2020 18:14:35.804 INFO [http-nio-8081-exec-165] org.apache.catalina.core.ApplicationContext.log Manager: list: Listing contexts for virtual host 'localhost'
10-Feb-2020 18:14:45.533 INFO [http-nio-8081-exec-165] org.apache.catalina.core.ApplicationContext.log Manager: list: Listing contexts for virtual host 'localhost'
10-Feb-2020 18:14:49.542 INFO [http-nio-8081-exec-167] org.apache.catalina.core.ApplicationContext.log Manager: list: Listing contexts for virtual host 'localhost'
10-Feb-2020 18:14:51.063 INFO [http-nio-8081-exec-162] org.apache.catalina.core.ApplicationContext.log Manager: list: Listing contexts for virtual host 'localhost'
10-Feb-2020 18:14:54.170 INFO [http-nio-8081-exec-170] org.apache.catalina.core.ApplicationContext.log Manager: list: Listing contexts for virtual host 'localhost'
10-Feb-2020 18:14:55.696 INFO [http-nio-8081-exec-166] org.apache.catalina.core.ApplicationContext.log Manager: list: Listing contexts for virtual host 'localhost'
10-Feb-2020 18:15:03.770 INFO [http-nio-8081-exec-166] org.apache.catalina.core.ApplicationContext.log Manager: list: Listing contexts for virtual host 'localhost'
10-Feb-2020 18:15:05.290 INFO [http-nio-8081-exec-167] org.apache.catalina.core.ApplicationContext.log Manager: list: Listing contexts for virtual host 'localhost'
10-Feb-2020 18:18:11.139 INFO [http-nio-8081-exec-167] org.apache.catalina.core.ApplicationContext.log Manager: list: Listing contexts for virtual host 'localhost'
10-Feb-2020 18:18:39.081 INFO [http-nio-8081-exec-167] org.apache.catalina.core.ApplicationContext.log Manager: list: Listing contexts for virtual host 'localhost'
10-Feb-2020 18:18:58.224 INFO [http-nio-8081-exec-167] org.apache.catalina.core.ApplicationContext.log Manager: list: Listing contexts for virtual host 'localhost'
10-Feb-2020 18:19:01.489 INFO [http-nio-8081-exec-168] org.apache.catalina.core.ApplicationContext.log Manager: list: Listing contexts for virtual host 'localhost'
10-Feb-2020 18:19:15.889 INFO [http-nio-8081-exec-168] org.apache.catalina.core.ApplicationContext.log Manager: list: Listing contexts for virtual host 'localhost'
10-Feb-2020 18:19:17.411 INFO [http-nio-8081-exec-170] org.apache.catalina.core.ApplicationContext.log Manager: list: Listing contexts for virtual host 'localhost'
10-Feb-2020 18:19:18.934 INFO [http-nio-8081-exec-166] org.apache.catalina.core.ApplicationContext.log Manager: list: Listing contexts for virtual host 'localhost'
10-Feb-2020 18:19:36.550 INFO [http-nio-8081-exec-166] org.apache.catalina.core.ApplicationContext.log Manager: list: Listing contexts for virtual host 'localhost'
10-Feb-2020 18:19:44.130 INFO [http-nio-8081-exec-166] org.apache.catalina.core.ApplicationContext.log Manager: list: Listing contexts for virtual host 'localhost'
10-Feb-2020 18:19:47.991 INFO [http-nio-8081-exec-164] org.apache.catalina.core.ApplicationContext.log Manager: list: Listing contexts for virtual host 'localhost'
10-Feb-2020 18:19:51.503 INFO [http-nio-8081-exec-165] org.apache.catalina.core.ApplicationContext.log Manager: list: Listing contexts for virtual host 'localhost'
10-Feb-2020 18:19:59.721 INFO [http-nio-8081-exec-165] org.apache.catalina.core.ApplicationContext.log Manager: list: Listing contexts for virtual host 'localhost'
10-Feb-2020 18:20:13.067 INFO [http-nio-8081-exec-165] org.apache.catalina.core.ApplicationContext.log Manager: list: Listing contexts for virtual host 'localhost'
10-Feb-2020 18:20:18.425 INFO [http-nio-8081-exec-165] org.apache.catalina.core.ApplicationContext.log Manager: list: Listing contexts for virtual host 'localhost'
10-Feb-2020 18:20:19.946 INFO [http-nio-8081-exec-163] org.apache.catalina.core.ApplicationContext.log Manager: list: Listing contexts for virtual host 'localhost'
10-Feb-2020 18:20:23.352 INFO [http-nio-8081-exec-162] org.apache.catalina.core.ApplicationContext.log Manager: list: Listing contexts for virtual host 'localhost'
10-Feb-2020 18:20:26.890 INFO [http-nio-8081-exec-170] org.apache.catalina.core.ApplicationContext.log Manager: list: Listing contexts for virtual host 'localhost'
10-Feb-2020 18:20:33.189 INFO [http-nio-8081-exec-170] org.apache.catalina.core.ApplicationContext.log Manager: list: Listing contexts for virtual host 'localhost'
10-Feb-2020 18:20:34.709 INFO [http-nio-8081-exec-166] org.apache.catalina.core.ApplicationContext.log Manager: list: Listing contexts for virtual host 'localhost'
10-Feb-2020 18:20:41.348 INFO [http-nio-8081-exec-166] org.apache.catalina.core.ApplicationContext.log Manager: list: Listing contexts for virtual host 'localhost'
10-Feb-2020 18:20:47.360 INFO [http-nio-8081-exec-166] org.apache.catalina.core.ApplicationContext.log Manager: list: Listing contexts for virtual host 'localhost'
10-Feb-2020 18:20:53.379 INFO [http-nio-8081-exec-166] org.apache.catalina.core.ApplicationContext.log Manager: list: Listing contexts for virtual host 'localhost'
10-Feb-2020 18:21:02.157 INFO [http-nio-8081-exec-166] org.apache.catalina.core.ApplicationContext.log Manager: list: Listing contexts for virtual host 'localhost'
10-Feb-2020 18:21:05.403 INFO [http-nio-8081-exec-164] org.apache.catalina.core.ApplicationContext.log Manager: list: Listing contexts for virtual host 'localhost'
10-Feb-2020 18:22:29.613 INFO [http-nio-8081-exec-169] org.apache.catalina.core.ApplicationContext.log Manager: list: Listing contexts for virtual host 'localhost'
10-Feb-2020 18:22:29.614 INFO [http-nio-8081-exec-171] org.apache.catalina.core.ApplicationContext.log Manager: list: Listing contexts for virtual host 'localhost'
10-Feb-2020 18:22:29.639 INFO [http-nio-8081-exec-170] org.apache.catalina.core.ApplicationContext.log Manager: restart: Reloading web application '/SessionBlog'
10-Feb-2020 18:24:41.452 INFO [http-nio-8081-exec-168] org.apache.catalina.core.ApplicationContext.log Manager: list: Listing contexts for virtual host 'localhost'
10-Feb-2020 18:24:41.454 INFO [http-nio-8081-exec-167] org.apache.catalina.core.ApplicationContext.log Manager: list: Listing contexts for virtual host 'localhost'
10-Feb-2020 18:24:41.480 INFO [http-nio-8081-exec-173] org.apache.catalina.core.ApplicationContext.log Manager: restart: Reloading web application '/SessionBlog'
10-Feb-2020 18:26:14.698 INFO [http-nio-8081-exec-177] org.apache.catalina.core.ApplicationContext.log Manager: list: Listing contexts for virtual host 'localhost'
10-Feb-2020 18:26:14.704 INFO [http-nio-8081-exec-178] org.apache.catalina.core.ApplicationContext.log Manager: restart: Reloading web application '/SessionBlog'
10-Feb-2020 18:26:56.980 INFO [http-nio-8081-exec-185] org.apache.catalina.core.ApplicationContext.log Manager: list: Listing contexts for virtual host 'localhost'
10-Feb-2020 18:26:56.986 INFO [http-nio-8081-exec-177] org.apache.catalina.core.ApplicationContext.log Manager: restart: Reloading web application '/SessionBlog'
10-Feb-2020 18:27:07.256 INFO [http-nio-8081-exec-188] org.apache.catalina.core.ApplicationContext.log Manager: list: Listing contexts for virtual host 'localhost'
10-Feb-2020 18:27:07.261 INFO [http-nio-8081-exec-182] org.apache.catalina.core.ApplicationContext.log Manager: restart: Reloading web application '/SessionBlog'
10-Feb-2020 18:27:11.645 INFO [http-nio-8081-exec-187] org.apache.catalina.core.ApplicationContext.log Manager: list: Listing contexts for virtual host 'localhost'
10-Feb-2020 18:27:11.647 INFO [http-nio-8081-exec-181] org.apache.catalina.core.ApplicationContext.log Manager: list: Listing contexts for virtual host 'localhost'
10-Feb-2020 18:27:11.668 INFO [http-nio-8081-exec-183] org.apache.catalina.core.ApplicationContext.log Manager: restart: Reloading web application '/SessionBlog'
10-Feb-2020 18:28:28.259 INFO [http-nio-8081-exec-191] org.apache.catalina.core.ApplicationContext.log Manager: list: Listing contexts for virtual host 'localhost'
10-Feb-2020 18:28:28.265 INFO [http-nio-8081-exec-187] org.apache.catalina.core.ApplicationContext.log Manager: restart: Reloading web application '/SessionBlog'
10-Feb-2020 18:28:34.864 INFO [http-nio-8081-exec-181] org.apache.catalina.core.ApplicationContext.log Manager: list: Listing contexts for virtual host 'localhost'
10-Feb-2020 18:28:34.866 INFO [http-nio-8081-exec-196] org.apache.catalina.core.ApplicationContext.log Manager: list: Listing contexts for virtual host 'localhost'
10-Feb-2020 18:28:34.891 INFO [http-nio-8081-exec-199] org.apache.catalina.core.ApplicationContext.log Manager: restart: Reloading web application '/SessionBlog'
10-Feb-2020 18:29:43.696 INFO [http-nio-8081-exec-190] org.apache.catalina.core.ApplicationContext.log Manager: list: Listing contexts for virtual host 'localhost'
10-Feb-2020 18:29:48.493 INFO [http-nio-8081-exec-197] org.apache.catalina.core.ApplicationContext.log Manager: list: Listing contexts for virtual host 'localhost'
10-Feb-2020 18:29:58.401 INFO [http-nio-8081-exec-197] org.apache.catalina.core.ApplicationContext.log Manager: list: Listing contexts for virtual host 'localhost'
10-Feb-2020 18:30:01.548 INFO [http-nio-8081-exec-207] org.apache.catalina.core.ApplicationContext.log Manager: list: Listing contexts for virtual host 'localhost'
10-Feb-2020 18:30:06.197 INFO [http-nio-8081-exec-205] org.apache.catalina.core.ApplicationContext.log Manager: list: Listing contexts for virtual host 'localhost'
10-Feb-2020 18:30:15.841 INFO [http-nio-8081-exec-209] org.apache.catalina.core.ApplicationContext.log Manager: list: Listing contexts for virtual host 'localhost'
10-Feb-2020 18:30:15.843 INFO [http-nio-8081-exec-208] org.apache.catalina.core.ApplicationContext.log Manager: list: Listing contexts for virtual host 'localhost'
10-Feb-2020 18:30:51.643 INFO [http-nio-8081-exec-208] org.apache.catalina.core.ApplicationContext.log Manager: list: Listing contexts for virtual host 'localhost'
10-Feb-2020 18:30:51.649 INFO [http-nio-8081-exec-203] org.apache.catalina.core.ApplicationContext.log Manager: restart: Reloading web application '/SessionBlog'
10-Feb-2020 18:31:15.161 INFO [http-nio-8081-exec-201] org.apache.catalina.core.ApplicationContext.log Manager: list: Listing contexts for virtual host 'localhost'
10-Feb-2020 18:31:15.163 INFO [http-nio-8081-exec-211] org.apache.catalina.core.ApplicationContext.log Manager: list: Listing contexts for virtual host 'localhost'
10-Feb-2020 18:31:15.187 INFO [http-nio-8081-exec-205] org.apache.catalina.core.ApplicationContext.log Manager: restart: Reloading web application '/SessionBlog'
10-Feb-2020 18:33:44.659 INFO [http-nio-8081-exec-212] org.apache.catalina.core.ApplicationContext.log Manager: list: Listing contexts for virtual host 'localhost'
10-Feb-2020 18:33:56.102 INFO [http-nio-8081-exec-212] org.apache.catalina.core.ApplicationContext.log Manager: list: Listing contexts for virtual host 'localhost'
10-Feb-2020 18:33:57.617 INFO [http-nio-8081-exec-216] org.apache.catalina.core.ApplicationContext.log Manager: list: Listing contexts for virtual host 'localhost'
10-Feb-2020 18:33:59.141 INFO [http-nio-8081-exec-213] org.apache.catalina.core.ApplicationContext.log Manager: list: Listing contexts for virtual host 'localhost'
10-Feb-2020 18:34:00.662 INFO [http-nio-8081-exec-221] org.apache.catalina.core.ApplicationContext.log Manager: list: Listing contexts for virtual host 'localhost'
10-Feb-2020 18:34:05.738 INFO [http-nio-8081-exec-221] org.apache.catalina.core.ApplicationContext.log Manager: list: Listing contexts for virtual host 'localhost'
10-Feb-2020 18:34:07.259 INFO [http-nio-8081-exec-217] org.apache.catalina.core.ApplicationContext.log Manager: list: Listing contexts for virtual host 'localhost'
10-Feb-2020 18:34:08.780 INFO [http-nio-8081-exec-214] org.apache.catalina.core.ApplicationContext.log Manager: list: Listing contexts for virtual host 'localhost'
10-Feb-2020 18:34:10.302 INFO [http-nio-8081-exec-218] org.apache.catalina.core.ApplicationContext.log Manager: list: Listing contexts for virtual host 'localhost'
10-Feb-2020 18:34:14.968 INFO [http-nio-8081-exec-221] org.apache.catalina.core.ApplicationContext.log Manager: list: Listing contexts for virtual host 'localhost'
10-Feb-2020 18:34:20.818 INFO [http-nio-8081-exec-222] org.apache.catalina.core.ApplicationContext.log Manager: list: Listing contexts for virtual host 'localhost'
10-Feb-2020 18:34:20.819 INFO [http-nio-8081-exec-213] org.apache.catalina.core.ApplicationContext.log Manager: list: Listing contexts for virtual host 'localhost'
10-Feb-2020 18:35:03.965 INFO [http-nio-8081-exec-215] org.apache.catalina.core.ApplicationContext.log Manager: list: Listing contexts for virtual host 'localhost'
10-Feb-2020 18:35:03.967 INFO [http-nio-8081-exec-216] org.apache.catalina.core.ApplicationContext.log Manager: list: Listing contexts for virtual host 'localhost'
10-Feb-2020 18:35:03.990 INFO [http-nio-8081-exec-217] org.apache.catalina.core.ApplicationContext.log Manager: restart: Reloading web application '/SessionBlog'
10-Feb-2020 18:35:31.765 INFO [http-nio-8081-exec-213] org.apache.catalina.core.ApplicationContext.log Manager: list: Listing contexts for virtual host 'localhost'
10-Feb-2020 18:35:31.771 INFO [http-nio-8081-exec-221] org.apache.catalina.core.ApplicationContext.log Manager: restart: Reloading web application '/SessionBlog'
10-Feb-2020 18:35:36.998 INFO [http-nio-8081-exec-223] org.apache.catalina.core.ApplicationContext.log Manager: list: Listing contexts for virtual host 'localhost'
10-Feb-2020 18:35:36.999 INFO [http-nio-8081-exec-219] org.apache.catalina.core.ApplicationContext.log Manager: list: Listing contexts for virtual host 'localhost'
10-Feb-2020 18:35:37.024 INFO [http-nio-8081-exec-213] org.apache.catalina.core.ApplicationContext.log Manager: restart: Reloading web application '/SessionBlog'
10-Feb-2020 18:38:47.869 INFO [http-nio-8081-exec-235] org.apache.catalina.core.ApplicationContext.log Manager: list: Listing contexts for virtual host 'localhost'
10-Feb-2020 18:38:54.339 INFO [http-nio-8081-exec-235] org.apache.catalina.core.ApplicationContext.log Manager: list: Listing contexts for virtual host 'localhost'
10-Feb-2020 18:38:59.112 INFO [http-nio-8081-exec-234] org.apache.catalina.core.ApplicationContext.log Manager: list: Listing contexts for virtual host 'localhost'
10-Feb-2020 18:39:00.636 INFO [http-nio-8081-exec-231] org.apache.catalina.core.ApplicationContext.log Manager: list: Listing contexts for virtual host 'localhost'
10-Feb-2020 18:39:03.834 INFO [http-nio-8081-exec-230] org.apache.catalina.core.ApplicationContext.log Manager: list: Listing contexts for virtual host 'localhost'
10-Feb-2020 18:39:05.355 INFO [http-nio-8081-exec-238] org.apache.catalina.core.ApplicationContext.log Manager: list: Listing contexts for virtual host 'localhost'
10-Feb-2020 18:39:06.870 INFO [http-nio-8081-exec-234] org.apache.catalina.core.ApplicationContext.log Manager: list: Listing contexts for virtual host 'localhost'
10-Feb-2020 18:39:08.391 INFO [http-nio-8081-exec-231] org.apache.catalina.core.ApplicationContext.log Manager: list: Listing contexts for virtual host 'localhost'
10-Feb-2020 18:39:14.223 INFO [http-nio-8081-exec-231] org.apache.catalina.core.ApplicationContext.log Manager: list: Listing contexts for virtual host 'localhost'
10-Feb-2020 18:39:18.212 INFO [http-nio-8081-exec-230] org.apache.catalina.core.ApplicationContext.log Manager: list: Listing contexts for virtual host 'localhost'
10-Feb-2020 18:39:19.732 INFO [http-nio-8081-exec-238] org.apache.catalina.core.ApplicationContext.log Manager: list: Listing contexts for virtual host 'localhost'
10-Feb-2020 18:39:21.246 INFO [http-nio-8081-exec-234] org.apache.catalina.core.ApplicationContext.log Manager: list: Listing contexts for virtual host 'localhost'
10-Feb-2020 18:39:22.762 INFO [http-nio-8081-exec-231] org.apache.catalina.core.ApplicationContext.log Manager: list: Listing contexts for virtual host 'localhost'
10-Feb-2020 18:39:28.044 INFO [http-nio-8081-exec-231] org.apache.catalina.core.ApplicationContext.log Manager: list: Listing contexts for virtual host 'localhost'
10-Feb-2020 18:39:31.599 INFO [http-nio-8081-exec-230] org.apache.catalina.core.ApplicationContext.log Manager: list: Listing contexts for virtual host 'localhost'
10-Feb-2020 18:39:38.087 INFO [http-nio-8081-exec-230] org.apache.catalina.core.ApplicationContext.log Manager: list: Listing contexts for virtual host 'localhost'
10-Feb-2020 18:39:40.923 INFO [http-nio-8081-exec-231] org.apache.catalina.core.ApplicationContext.log Manager: list: Listing contexts for virtual host 'localhost'
10-Feb-2020 18:39:40.924 INFO [http-nio-8081-exec-232] org.apache.catalina.core.ApplicationContext.log Manager: list: Listing contexts for virtual host 'localhost'
10-Feb-2020 18:40:01.154 INFO [http-nio-8081-exec-232] org.apache.catalina.core.ApplicationContext.log Manager: list: Listing contexts for virtual host 'localhost'
10-Feb-2020 18:40:06.360 INFO [http-nio-8081-exec-232] org.apache.catalina.core.ApplicationContext.log Manager: list: Listing contexts for virtual host 'localhost'
10-Feb-2020 18:40:11.330 INFO [http-nio-8081-exec-231] org.apache.catalina.core.ApplicationContext.log Manager: list: Listing contexts for virtual host 'localhost'
10-Feb-2020 18:40:15.182 INFO [http-nio-8081-exec-232] org.apache.catalina.core.ApplicationContext.log Manager: list: Listing contexts for virtual host 'localhost'
10-Feb-2020 18:40:15.183 INFO [http-nio-8081-exec-233] org.apache.catalina.core.ApplicationContext.log Manager: list: Listing contexts for virtual host 'localhost'
10-Feb-2020 18:40:32.474 INFO [http-nio-8081-exec-233] org.apache.catalina.core.ApplicationContext.log Manager: list: Listing contexts for virtual host 'localhost'
10-Feb-2020 18:40:57.330 INFO [http-nio-8081-exec-233] org.apache.catalina.core.ApplicationContext.log Manager: list: Listing contexts for virtual host 'localhost'
10-Feb-2020 18:41:01.691 INFO [http-nio-8081-exec-232] org.apache.catalina.core.ApplicationContext.log Manager: list: Listing contexts for virtual host 'localhost'
10-Feb-2020 18:41:06.157 INFO [http-nio-8081-exec-231] org.apache.catalina.core.ApplicationContext.log Manager: list: Listing contexts for virtual host 'localhost'
10-Feb-2020 18:41:10.994 INFO [http-nio-8081-exec-230] org.apache.catalina.core.ApplicationContext.log Manager: list: Listing contexts for virtual host 'localhost'
10-Feb-2020 18:41:15.304 INFO [http-nio-8081-exec-229] org.apache.catalina.core.ApplicationContext.log Manager: list: Listing contexts for virtual host 'localhost'
10-Feb-2020 18:41:16.828 INFO [http-nio-8081-exec-237] org.apache.catalina.core.ApplicationContext.log Manager: list: Listing contexts for virtual host 'localhost'
10-Feb-2020 18:41:21.663 INFO [http-nio-8081-exec-235] org.apache.catalina.core.ApplicationContext.log Manager: list: Listing contexts for virtual host 'localhost'
10-Feb-2020 18:41:24.772 INFO [http-nio-8081-exec-237] org.apache.catalina.core.ApplicationContext.log Manager: list: Listing contexts for virtual host 'localhost'
10-Feb-2020 18:41:24.774 INFO [http-nio-8081-exec-238] org.apache.catalina.core.ApplicationContext.log Manager: list: Listing contexts for virtual host 'localhost'
10-Feb-2020 18:43:51.027 INFO [http-nio-8081-exec-238] org.apache.catalina.core.ApplicationContext.log Manager: list: Listing contexts for virtual host 'localhost'
10-Feb-2020 18:43:52.552 INFO [http-nio-8081-exec-234] org.apache.catalina.core.ApplicationContext.log Manager: list: Listing contexts for virtual host 'localhost'
10-Feb-2020 18:43:58.280 INFO [http-nio-8081-exec-234] org.apache.catalina.core.ApplicationContext.log Manager: list: Listing contexts for virtual host 'localhost'
10-Feb-2020 18:44:01.973 INFO [http-nio-8081-exec-233] org.apache.catalina.core.ApplicationContext.log Manager: list: Listing contexts for virtual host 'localhost'
10-Feb-2020 18:44:05.464 INFO [http-nio-8081-exec-232] org.apache.catalina.core.ApplicationContext.log Manager: list: Listing contexts for virtual host 'localhost'
10-Feb-2020 18:44:11.342 INFO [http-nio-8081-exec-232] org.apache.catalina.core.ApplicationContext.log Manager: list: Listing contexts for virtual host 'localhost'
10-Feb-2020 18:44:15.873 INFO [http-nio-8081-exec-231] org.apache.catalina.core.ApplicationContext.log Manager: list: Listing contexts for virtual host 'localhost'
10-Feb-2020 18:44:19.200 INFO [http-nio-8081-exec-230] org.apache.catalina.core.ApplicationContext.log Manager: list: Listing contexts for virtual host 'localhost'
10-Feb-2020 18:44:20.727 INFO [http-nio-8081-exec-238] org.apache.catalina.core.ApplicationContext.log Manager: list: Listing contexts for virtual host 'localhost'
10-Feb-2020 18:44:22.252 INFO [http-nio-8081-exec-234] org.apache.catalina.core.ApplicationContext.log Manager: list: Listing contexts for virtual host 'localhost'
10-Feb-2020 18:44:23.782 INFO [http-nio-8081-exec-231] org.apache.catalina.core.ApplicationContext.log Manager: list: Listing contexts for virtual host 'localhost'
10-Feb-2020 18:44:25.314 INFO [http-nio-8081-exec-236] org.apache.catalina.core.ApplicationContext.log Manager: list: Listing contexts for virtual host 'localhost'
10-Feb-2020 18:45:15.679 INFO [http-nio-8081-exec-236] org.apache.catalina.core.ApplicationContext.log Manager: list: Listing contexts for virtual host 'localhost'
10-Feb-2020 18:45:17.205 INFO [http-nio-8081-exec-235] org.apache.catalina.core.ApplicationContext.log Manager: list: Listing contexts for virtual host 'localhost'
10-Feb-2020 18:45:26.098 INFO [http-nio-8081-exec-235] org.apache.catalina.core.ApplicationContext.log Manager: list: Listing contexts for virtual host 'localhost'
10-Feb-2020 18:45:27.626 INFO [http-nio-8081-exec-232] org.apache.catalina.core.ApplicationContext.log Manager: list: Listing contexts for virtual host 'localhost'
10-Feb-2020 18:45:29.151 INFO [http-nio-8081-exec-229] org.apache.catalina.core.ApplicationContext.log Manager: list: Listing contexts for virtual host 'localhost'
10-Feb-2020 18:45:42.087 INFO [http-nio-8081-exec-229] org.apache.catalina.core.ApplicationContext.log Manager: list: Listing contexts for virtual host 'localhost'
10-Feb-2020 18:45:43.611 INFO [http-nio-8081-exec-237] org.apache.catalina.core.ApplicationContext.log Manager: list: Listing contexts for virtual host 'localhost'
10-Feb-2020 18:45:47.248 INFO [http-nio-8081-exec-235] org.apache.catalina.core.ApplicationContext.log Manager: list: Listing contexts for virtual host 'localhost'
10-Feb-2020 18:45:59.699 INFO [http-nio-8081-exec-235] org.apache.catalina.core.ApplicationContext.log Manager: list: Listing contexts for virtual host 'localhost'
10-Feb-2020 18:46:03.344 INFO [http-nio-8081-exec-234] org.apache.catalina.core.ApplicationContext.log Manager: list: Listing contexts for virtual host 'localhost'
10-Feb-2020 18:46:11.560 INFO [http-nio-8081-exec-234] org.apache.catalina.core.ApplicationContext.log Manager: list: Listing contexts for virtual host 'localhost'
10-Feb-2020 18:46:17.800 INFO [http-nio-8081-exec-234] org.apache.catalina.core.ApplicationContext.log Manager: list: Listing contexts for virtual host 'localhost'
10-Feb-2020 18:46:19.328 INFO [http-nio-8081-exec-231] org.apache.catalina.core.ApplicationContext.log Manager: list: Listing contexts for virtual host 'localhost'
10-Feb-2020 18:46:26.127 INFO [http-nio-8081-exec-233] org.apache.catalina.core.ApplicationContext.log Manager: list: Listing contexts for virtual host 'localhost'
10-Feb-2020 18:46:26.129 INFO [http-nio-8081-exec-234] org.apache.catalina.core.ApplicationContext.log Manager: list: Listing contexts for virtual host 'localhost'
10-Feb-2020 18:49:09.382 INFO [http-nio-8081-exec-235] org.apache.catalina.core.ApplicationContext.log Manager: list: Listing contexts for virtual host 'localhost'
10-Feb-2020 18:49:10.909 INFO [http-nio-8081-exec-232] org.apache.catalina.core.ApplicationContext.log Manager: list: Listing contexts for virtual host 'localhost'
10-Feb-2020 18:49:14.236 INFO [http-nio-8081-exec-231] org.apache.catalina.core.ApplicationContext.log Manager: list: Listing contexts for virtual host 'localhost'
10-Feb-2020 18:49:15.770 INFO [http-nio-8081-exec-236] org.apache.catalina.core.ApplicationContext.log Manager: list: Listing contexts for virtual host 'localhost'
10-Feb-2020 18:49:19.065 INFO [http-nio-8081-exec-238] org.apache.catalina.core.ApplicationContext.log Manager: list: Listing contexts for virtual host 'localhost'
10-Feb-2020 18:49:29.917 INFO [http-nio-8081-exec-238] org.apache.catalina.core.ApplicationContext.log Manager: list: Listing contexts for virtual host 'localhost'
10-Feb-2020 18:49:31.446 INFO [http-nio-8081-exec-234] org.apache.catalina.core.ApplicationContext.log Manager: list: Listing contexts for virtual host 'localhost'
10-Feb-2020 18:49:32.978 INFO [http-nio-8081-exec-231] org.apache.catalina.core.ApplicationContext.log Manager: list: Listing contexts for virtual host 'localhost'
10-Feb-2020 18:49:39.411 INFO [http-nio-8081-exec-231] org.apache.catalina.core.ApplicationContext.log Manager: list: Listing contexts for virtual host 'localhost'
10-Feb-2020 18:49:43.717 INFO [http-nio-8081-exec-230] org.apache.catalina.core.ApplicationContext.log Manager: list: Listing contexts for virtual host 'localhost'
10-Feb-2020 18:49:45.244 INFO [http-nio-8081-exec-238] org.apache.catalina.core.ApplicationContext.log Manager: list: Listing contexts for virtual host 'localhost'
10-Feb-2020 18:49:49.110 INFO [http-nio-8081-exec-237] org.apache.catalina.core.ApplicationContext.log Manager: list: Listing contexts for virtual host 'localhost'
10-Feb-2020 18:49:52.981 INFO [http-nio-8081-exec-235] org.apache.catalina.core.ApplicationContext.log Manager: list: Listing contexts for virtual host 'localhost'
10-Feb-2020 18:49:56.123 INFO [http-nio-8081-exec-237] org.apache.catalina.core.ApplicationContext.log Manager: list: Listing contexts for virtual host 'localhost'
10-Feb-2020 18:49:56.124 INFO [http-nio-8081-exec-238] org.apache.catalina.core.ApplicationContext.log Manager: list: Listing contexts for virtual host 'localhost'
10-Feb-2020 18:57:52.029 INFO [http-nio-8081-exec-229] org.apache.catalina.core.ApplicationContext.log Manager: list: Listing contexts for virtual host 'localhost'
10-Feb-2020 18:57:52.031 INFO [http-nio-8081-exec-236] org.apache.catalina.core.ApplicationContext.log Manager: list: Listing contexts for virtual host 'localhost'
10-Feb-2020 19:06:24.726 INFO [http-nio-8081-exec-229] org.apache.catalina.core.ApplicationContext.log Manager: list: Listing contexts for virtual host 'localhost'
10-Feb-2020 19:06:53.895 INFO [http-nio-8081-exec-229] org.apache.catalina.core.ApplicationContext.log Manager: list: Listing contexts for virtual host 'localhost'
10-Feb-2020 19:07:02.291 INFO [http-nio-8081-exec-229] org.apache.catalina.core.ApplicationContext.log Manager: list: Listing contexts for virtual host 'localhost'
10-Feb-2020 19:07:03.807 INFO [http-nio-8081-exec-235] org.apache.catalina.core.ApplicationContext.log Manager: list: Listing contexts for virtual host 'localhost'
10-Feb-2020 19:07:14.016 INFO [http-nio-8081-exec-235] org.apache.catalina.core.ApplicationContext.log Manager: list: Listing contexts for virtual host 'localhost'
10-Feb-2020 19:07:15.534 INFO [http-nio-8081-exec-231] org.apache.catalina.core.ApplicationContext.log Manager: list: Listing contexts for virtual host 'localhost'
10-Feb-2020 19:07:25.585 INFO [http-nio-8081-exec-231] org.apache.catalina.core.ApplicationContext.log Manager: list: Listing contexts for virtual host 'localhost'
10-Feb-2020 19:07:30.744 INFO [http-nio-8081-exec-231] org.apache.catalina.core.ApplicationContext.log Manager: list: Listing contexts for virtual host 'localhost'
10-Feb-2020 19:07:35.515 INFO [http-nio-8081-exec-232] org.apache.catalina.core.ApplicationContext.log Manager: list: Listing contexts for virtual host 'localhost'
10-Feb-2020 19:07:37.027 INFO [http-nio-8081-exec-229] org.apache.catalina.core.ApplicationContext.log Manager: list: Listing contexts for virtual host 'localhost'
10-Feb-2020 19:07:49.358 INFO [http-nio-8081-exec-229] org.apache.catalina.core.ApplicationContext.log Manager: list: Listing contexts for virtual host 'localhost'
10-Feb-2020 19:07:55.265 INFO [http-nio-8081-exec-229] org.apache.catalina.core.ApplicationContext.log Manager: list: Listing contexts for virtual host 'localhost'
10-Feb-2020 19:07:56.784 INFO [http-nio-8081-exec-235] org.apache.catalina.core.ApplicationContext.log Manager: list: Listing contexts for virtual host 'localhost'
10-Feb-2020 19:08:08.197 INFO [http-nio-8081-exec-235] org.apache.catalina.core.ApplicationContext.log Manager: list: Listing contexts for virtual host 'localhost'
10-Feb-2020 19:08:09.711 INFO [http-nio-8081-exec-231] org.apache.catalina.core.ApplicationContext.log Manager: list: Listing contexts for virtual host 'localhost'
10-Feb-2020 19:08:16.554 INFO [http-nio-8081-exec-231] org.apache.catalina.core.ApplicationContext.log Manager: list: Listing contexts for virtual host 'localhost'
10-Feb-2020 19:08:25.096 INFO [http-nio-8081-exec-231] org.apache.catalina.core.ApplicationContext.log Manager: list: Listing contexts for virtual host 'localhost'
10-Feb-2020 19:08:28.327 INFO [http-nio-8081-exec-232] org.apache.catalina.core.ApplicationContext.log Manager: list: Listing contexts for virtual host 'localhost'
10-Feb-2020 19:08:34.125 INFO [http-nio-8081-exec-232] org.apache.catalina.core.ApplicationContext.log Manager: list: Listing contexts for virtual host 'localhost'
10-Feb-2020 19:09:33.314 INFO [http-nio-8081-exec-232] org.apache.catalina.core.ApplicationContext.log Manager: list: Listing contexts for virtual host 'localhost'
10-Feb-2020 19:09:37.962 INFO [http-nio-8081-exec-230] org.apache.catalina.core.ApplicationContext.log Manager: list: Listing contexts for virtual host 'localhost'
10-Feb-2020 19:09:42.215 INFO [http-nio-8081-exec-236] org.apache.catalina.core.ApplicationContext.log Manager: list: Listing contexts for virtual host 'localhost'
10-Feb-2020 19:09:51.627 INFO [http-nio-8081-exec-236] org.apache.catalina.core.ApplicationContext.log Manager: list: Listing contexts for virtual host 'localhost'
10-Feb-2020 19:10:07.966 INFO [http-nio-8081-exec-236] org.apache.catalina.core.ApplicationContext.log Manager: list: Listing contexts for virtual host 'localhost'
10-Feb-2020 19:10:11.505 INFO [http-nio-8081-exec-229] org.apache.catalina.core.ApplicationContext.log Manager: list: Listing contexts for virtual host 'localhost'
10-Feb-2020 19:10:22.376 INFO [http-nio-8081-exec-230] org.apache.catalina.core.ApplicationContext.log Manager: list: Listing contexts for virtual host 'localhost'
10-Feb-2020 19:10:22.377 INFO [http-nio-8081-exec-232] org.apache.catalina.core.ApplicationContext.log Manager: list: Listing contexts for virtual host 'localhost'
10-Feb-2020 19:10:47.837 INFO [http-nio-8081-exec-231] org.apache.catalina.core.ApplicationContext.log Manager: list: Listing contexts for virtual host 'localhost'
10-Feb-2020 19:10:48.156 INFO [http-nio-8081-exec-235] org.apache.catalina.core.ApplicationContext.log Manager: list: Listing contexts for virtual host 'localhost'
10-Feb-2020 19:10:48.157 INFO [http-nio-8081-exec-237] org.apache.catalina.core.ApplicationContext.log Manager: list: Listing contexts for virtual host 'localhost'
10-Feb-2020 19:11:23.189 INFO [http-nio-8081-exec-238] org.apache.catalina.core.ApplicationContext.log Manager: list: Listing contexts for virtual host 'localhost'
10-Feb-2020 19:11:29.777 INFO [http-nio-8081-exec-238] org.apache.catalina.core.ApplicationContext.log Manager: list: Listing contexts for virtual host 'localhost'
10-Feb-2020 19:11:43.470 INFO [http-nio-8081-exec-238] org.apache.catalina.core.ApplicationContext.log Manager: list: Listing contexts for virtual host 'localhost'
10-Feb-2020 19:11:47.467 INFO [http-nio-8081-exec-237] org.apache.catalina.core.ApplicationContext.log Manager: list: Listing contexts for virtual host 'localhost'
10-Feb-2020 19:11:48.984 INFO [http-nio-8081-exec-233] org.apache.catalina.core.ApplicationContext.log Manager: list: Listing contexts for virtual host 'localhost'
10-Feb-2020 19:11:52.425 INFO [http-nio-8081-exec-231] org.apache.catalina.core.ApplicationContext.log Manager: list: Listing contexts for virtual host 'localhost'
10-Feb-2020 19:11:55.741 INFO [http-nio-8081-exec-232] org.apache.catalina.core.ApplicationContext.log Manager: list: Listing contexts for virtual host 'localhost'
10-Feb-2020 19:11:57.253 INFO [http-nio-8081-exec-229] org.apache.catalina.core.ApplicationContext.log Manager: list: Listing contexts for virtual host 'localhost'
10-Feb-2020 19:11:58.773 INFO [http-nio-8081-exec-235] org.apache.catalina.core.ApplicationContext.log Manager: list: Listing contexts for virtual host 'localhost'
10-Feb-2020 19:12:00.032 INFO [http-nio-8081-exec-237] org.apache.catalina.core.ApplicationContext.log Manager: list: Listing contexts for virtual host 'localhost'
10-Feb-2020 19:12:00.033 INFO [http-nio-8081-exec-238] org.apache.catalina.core.ApplicationContext.log Manager: list: Listing contexts for virtual host 'localhost'
10-Feb-2020 19:12:30.689 INFO [http-nio-8081-exec-236] org.apache.catalina.core.ApplicationContext.log Manager: list: Listing contexts for virtual host 'localhost'
10-Feb-2020 19:12:30.698 INFO [http-nio-8081-exec-230] org.apache.catalina.core.ApplicationContext.log Manager: stop: Stopping web application '/SessionBlog'
10-Feb-2020 19:12:30.713 INFO [http-nio-8081-exec-232] org.apache.catalina.core.ApplicationContext.log Manager: start: Starting web application '/SessionBlog'
10-Feb-2020 19:12:32.289 INFO [http-nio-8081-exec-234] org.apache.catalina.core.ApplicationContext.log Manager: list: Listing contexts for virtual host 'localhost'
10-Feb-2020 19:12:32.295 INFO [http-nio-8081-exec-229] org.apache.catalina.core.ApplicationContext.log Manager: restart: Reloading web application '/SessionBlog'
10-Feb-2020 19:22:16.751 INFO [http-nio-8081-exec-248] org.apache.catalina.core.ApplicationContext.log Manager: list: Listing contexts for virtual host 'localhost'
10-Feb-2020 19:22:16.759 INFO [http-nio-8081-exec-249] org.apache.catalina.core.ApplicationContext.log Manager: restart: Reloading web application '/SessionBlog'
10-Feb-2020 19:22:18.331 INFO [http-nio-8081-exec-242] org.apache.catalina.core.ApplicationContext.log Manager: list: Listing contexts for virtual host 'localhost'
10-Feb-2020 19:22:18.338 INFO [http-nio-8081-exec-243] org.apache.catalina.core.ApplicationContext.log Manager: restart: Reloading web application '/SessionBlog'
10-Feb-2020 19:23:50.034 INFO [http-nio-8081-exec-245] org.apache.catalina.core.ApplicationContext.log Manager: list: Listing contexts for virtual host 'localhost'
10-Feb-2020 19:23:50.042 INFO [http-nio-8081-exec-244] org.apache.catalina.core.ApplicationContext.log Manager: restart: Reloading web application '/SessionBlog'
10-Feb-2020 19:26:10.771 INFO [http-nio-8081-exec-242] org.apache.catalina.core.ApplicationContext.log Manager: list: Listing contexts for virtual host 'localhost'
10-Feb-2020 19:26:10.778 INFO [http-nio-8081-exec-245] org.apache.catalina.core.ApplicationContext.log Manager: restart: Reloading web application '/SessionBlog'
10-Feb-2020 19:26:46.310 INFO [http-nio-8081-exec-260] org.apache.catalina.core.ApplicationContext.log Manager: list: Listing contexts for virtual host 'localhost'
10-Feb-2020 19:26:46.312 INFO [http-nio-8081-exec-266] org.apache.catalina.core.ApplicationContext.log Manager: list: Listing contexts for virtual host 'localhost'
10-Feb-2020 19:26:46.340 INFO [http-nio-8081-exec-262] org.apache.catalina.core.ApplicationContext.log Manager: stop: Stopping web application '/SessionBlog'
10-Feb-2020 19:26:46.349 INFO [http-nio-8081-exec-258] org.apache.catalina.core.ApplicationContext.log Manager: start: Starting web application '/SessionBlog'
10-Feb-2020 19:27:47.480 INFO [http-nio-8081-exec-255] org.apache.catalina.core.ApplicationContext.log Manager: list: Listing contexts for virtual host 'localhost'
10-Feb-2020 19:27:47.489 INFO [http-nio-8081-exec-262] org.apache.catalina.core.ApplicationContext.log Manager: restart: Reloading web application '/SessionBlog'
10-Feb-2020 19:27:51.348 INFO [http-nio-8081-exec-260] org.apache.catalina.core.ApplicationContext.log Manager: list: Listing contexts for virtual host 'localhost'
10-Feb-2020 19:27:51.349 INFO [http-nio-8081-exec-271] org.apache.catalina.core.ApplicationContext.log Manager: list: Listing contexts for virtual host 'localhost'
10-Feb-2020 19:27:51.370 INFO [http-nio-8081-exec-269] org.apache.catalina.core.ApplicationContext.log Manager: restart: Reloading web application '/SessionBlog'
10-Feb-2020 19:29:00.170 INFO [http-nio-8081-exec-273] org.apache.catalina.core.ApplicationContext.log Manager: list: Listing contexts for virtual host 'localhost'
10-Feb-2020 19:29:05.045 INFO [http-nio-8081-exec-265] org.apache.catalina.core.ApplicationContext.log Manager: list: Listing contexts for virtual host 'localhost'
10-Feb-2020 19:29:05.046 INFO [http-nio-8081-exec-280] org.apache.catalina.core.ApplicationContext.log Manager: list: Listing contexts for virtual host 'localhost'
10-Feb-2020 19:29:31.495 INFO [http-nio-8081-exec-277] org.apache.catalina.core.ApplicationContext.log Manager: list: Listing contexts for virtual host 'localhost'
10-Feb-2020 19:29:31.497 INFO [http-nio-8081-exec-278] org.apache.catalina.core.ApplicationContext.log Manager: list: Listing contexts for virtual host 'localhost'
10-Feb-2020 19:29:31.505 INFO [http-nio-8081-exec-279] org.apache.catalina.core.ApplicationContext.log Manager: install: Installing context configuration at 'file:/C:/Users/ALESSI~1/AppData/Local/Temp/context868389077227989229.xml'
10-Feb-2020 19:29:31.565 INFO [http-nio-8081-exec-282] org.apache.catalina.core.ApplicationContext.log Manager: start: Starting web application '/HttpSessionLoginLogoutExample'
10-Feb-2020 19:29:39.026 INFO [http-nio-8081-exec-281] org.apache.catalina.core.ApplicationContext.log Manager: list: Listing contexts for virtual host 'localhost'
10-Feb-2020 19:29:39.027 INFO [http-nio-8081-exec-275] org.apache.catalina.core.ApplicationContext.log Manager: list: Listing contexts for virtual host 'localhost'
10-Feb-2020 19:30:39.640 INFO [http-nio-8081-exec-281] org.apache.catalina.core.ApplicationContext.log Manager: list: Listing contexts for virtual host 'localhost'
10-Feb-2020 19:30:39.641 INFO [http-nio-8081-exec-275] org.apache.catalina.core.ApplicationContext.log Manager: list: Listing contexts for virtual host 'localhost'
10-Feb-2020 19:30:39.647 INFO [http-nio-8081-exec-276] org.apache.catalina.core.ApplicationContext.log Manager: undeploy: Undeploying web application at '/SessionBlog'
10-Feb-2020 19:30:40.172 INFO [http-nio-8081-exec-280] org.apache.catalina.core.ApplicationContext.log Manager: install: Installing context configuration at 'file:/C:/Users/ALESSI~1/AppData/Local/Temp/context220718857222148347.xml'
10-Feb-2020 19:30:41.662 INFO [http-nio-8081-exec-281] org.apache.catalina.core.ApplicationContext.log Manager: start: Starting web application '/SessionBlog'
10-Feb-2020 19:31:33.179 INFO [http-nio-8081-exec-274] org.apache.catalina.core.ApplicationContext.log Manager: list: Listing contexts for virtual host 'localhost'
10-Feb-2020 19:31:33.183 INFO [http-nio-8081-exec-284] org.apache.catalina.core.ApplicationContext.log Manager: undeploy: Undeploying web application at '/SessionBlog'
10-Feb-2020 19:31:36.448 INFO [http-nio-8081-exec-287] org.apache.catalina.core.ApplicationContext.log Manager: list: Listing contexts for virtual host 'localhost'
10-Feb-2020 19:31:36.449 INFO [http-nio-8081-exec-290] org.apache.catalina.core.ApplicationContext.log Manager: list: Listing contexts for virtual host 'localhost'
10-Feb-2020 19:31:36.455 INFO [http-nio-8081-exec-274] org.apache.catalina.core.ApplicationContext.log Manager: install: Installing context configuration at 'file:/C:/Users/ALESSI~1/AppData/Local/Temp/context1211053918921762027.xml'
10-Feb-2020 19:31:38.173 INFO [http-nio-8081-exec-291] org.apache.catalina.core.ApplicationContext.log Manager: start: Starting web application '/SessionBlog'
10-Feb-2020 19:32:07.399 INFO [http-nio-8081-exec-290] org.apache.catalina.core.ApplicationContext.log Manager: list: Listing contexts for virtual host 'localhost'
10-Feb-2020 19:32:07.400 INFO [http-nio-8081-exec-292] org.apache.catalina.core.ApplicationContext.log Manager: list: Listing contexts for virtual host 'localhost'
10-Feb-2020 19:32:07.405 INFO [http-nio-8081-exec-291] org.apache.catalina.core.ApplicationContext.log Manager: undeploy: Undeploying web application at '/SessionBlog'
10-Feb-2020 19:32:07.930 INFO [http-nio-8081-exec-296] org.apache.catalina.core.ApplicationContext.log Manager: install: Installing context configuration at 'file:/C:/Users/ALESSI~1/AppData/Local/Temp/context8255635389851627855.xml'
10-Feb-2020 19:32:09.383 INFO [http-nio-8081-exec-279] org.apache.catalina.core.ApplicationContext.log Manager: start: Starting web application '/SessionBlog'
10-Feb-2020 19:33:18.946 INFO [http-nio-8081-exec-294] org.apache.catalina.core.ApplicationContext.log Manager: list: Listing contexts for virtual host 'localhost'
10-Feb-2020 19:33:18.948 INFO [http-nio-8081-exec-302] org.apache.catalina.core.ApplicationContext.log Manager: list: Listing contexts for virtual host 'localhost'
10-Feb-2020 19:33:18.975 INFO [http-nio-8081-exec-300] org.apache.catalina.core.ApplicationContext.log Manager: restart: Reloading web application '/SessionBlog'
10-Feb-2020 19:33:58.937 INFO [http-nio-8081-exec-297] org.apache.catalina.core.ApplicationContext.log Manager: list: Listing contexts for virtual host 'localhost'
10-Feb-2020 19:33:58.939 INFO [http-nio-8081-exec-304] org.apache.catalina.core.ApplicationContext.log Manager: list: Listing contexts for virtual host 'localhost'
10-Feb-2020 19:34:23.820 INFO [http-nio-8081-exec-306] org.apache.catalina.core.ApplicationContext.log Manager: list: Listing contexts for virtual host 'localhost'
10-Feb-2020 19:34:23.821 INFO [http-nio-8081-exec-302] org.apache.catalina.core.ApplicationContext.log Manager: list: Listing contexts for virtual host 'localhost'
10-Feb-2020 19:34:23.828 INFO [http-nio-8081-exec-297] org.apache.catalina.core.ApplicationContext.log Manager: undeploy: Undeploying web application at '/SessionBlog'
10-Feb-2020 19:34:24.352 INFO [http-nio-8081-exec-307] org.apache.catalina.core.ApplicationContext.log Manager: install: Installing context configuration at 'file:/C:/Users/ALESSI~1/AppData/Local/Temp/context1871871693679795203.xml'
10-Feb-2020 19:34:25.844 INFO [http-nio-8081-exec-309] org.apache.catalina.core.ApplicationContext.log Manager: start: Starting web application '/SessionBlog'
10-Feb-2020 19:35:29.806 INFO [http-nio-8081-exec-314] org.apache.catalina.core.ApplicationContext.log Manager: list: Listing contexts for virtual host 'localhost'
10-Feb-2020 19:35:29.808 INFO [http-nio-8081-exec-315] org.apache.catalina.core.ApplicationContext.log Manager: list: Listing contexts for virtual host 'localhost'
10-Feb-2020 19:35:29.813 INFO [http-nio-8081-exec-310] org.apache.catalina.core.ApplicationContext.log Manager: undeploy: Undeploying web application at '/SessionBlog'
10-Feb-2020 19:35:30.336 INFO [http-nio-8081-exec-314] org.apache.catalina.core.ApplicationContext.log Manager: install: Installing context configuration at 'file:/C:/Users/ALESSI~1/AppData/Local/Temp/context9094290173136495725.xml'
10-Feb-2020 19:35:31.920 INFO [http-nio-8081-exec-312] org.apache.catalina.core.ApplicationContext.log Manager: start: Starting web application '/SessionBlog'
10-Feb-2020 19:35:32.977 INFO [http-nio-8081-exec-317] org.apache.catalina.core.ApplicationContext.log Manager: list: Listing contexts for virtual host 'localhost'
10-Feb-2020 19:35:32.979 INFO [http-nio-8081-exec-308] org.apache.catalina.core.ApplicationContext.log Manager: list: Listing contexts for virtual host 'localhost'
10-Feb-2020 19:35:33.008 INFO [http-nio-8081-exec-315] org.apache.catalina.core.ApplicationContext.log Manager: restart: Reloading web application '/SessionBlog'
10-Feb-2020 19:35:39.096 INFO [http-nio-8081-exec-312] org.apache.catalina.core.ApplicationContext.log Manager: list: Listing contexts for virtual host 'localhost'
10-Feb-2020 19:35:39.098 INFO [http-nio-8081-exec-302] org.apache.catalina.core.ApplicationContext.log Manager: list: Listing contexts for virtual host 'localhost'
10-Feb-2020 19:35:39.103 INFO [http-nio-8081-exec-316] org.apache.catalina.core.ApplicationContext.log Manager: undeploy: Undeploying web application at '/SessionBlog'
10-Feb-2020 19:35:39.619 INFO [http-nio-8081-exec-306] org.apache.catalina.core.ApplicationContext.log Manager: install: Installing context configuration at 'file:/C:/Users/ALESSI~1/AppData/Local/Temp/context8864719893201785212.xml'
10-Feb-2020 19:35:41.277 INFO [http-nio-8081-exec-310] org.apache.catalina.core.ApplicationContext.log Manager: start: Starting web application '/SessionBlog'
10-Feb-2020 22:38:30.802 INFO [http-nio-8081-exec-329] org.apache.catalina.core.ApplicationContext.log Manager: list: Listing contexts for virtual host 'localhost'
10-Feb-2020 22:38:36.448 INFO [http-nio-8081-exec-329] org.apache.catalina.core.ApplicationContext.log Manager: list: Listing contexts for virtual host 'localhost'
10-Feb-2020 22:38:37.974 INFO [http-nio-8081-exec-326] org.apache.catalina.core.ApplicationContext.log Manager: list: Listing contexts for virtual host 'localhost'
10-Feb-2020 22:38:47.588 INFO [http-nio-8081-exec-326] org.apache.catalina.core.ApplicationContext.log Manager: list: Listing contexts for virtual host 'localhost'
10-Feb-2020 22:38:50.894 INFO [http-nio-8081-exec-325] org.apache.catalina.core.ApplicationContext.log Manager: list: Listing contexts for virtual host 'localhost'
10-Feb-2020 22:38:58.461 INFO [http-nio-8081-exec-327] org.apache.catalina.core.ApplicationContext.log Manager: list: Listing contexts for virtual host 'localhost'
10-Feb-2020 22:38:58.463 INFO [http-nio-8081-exec-328] org.apache.catalina.core.ApplicationContext.log Manager: list: Listing contexts for virtual host 'localhost'
10-Feb-2020 22:40:11.109 INFO [http-nio-8081-exec-327] org.apache.catalina.core.ApplicationContext.log Manager: list: Listing contexts for virtual host 'localhost'
10-Feb-2020 22:40:11.111 INFO [http-nio-8081-exec-329] org.apache.catalina.core.ApplicationContext.log Manager: list: Listing contexts for virtual host 'localhost'
10-Feb-2020 22:40:32.960 INFO [http-nio-8081-exec-323] org.apache.catalina.core.ApplicationContext.log Manager: list: Listing contexts for virtual host 'localhost'
10-Feb-2020 22:40:32.962 INFO [http-nio-8081-exec-325] org.apache.catalina.core.ApplicationContext.log Manager: list: Listing contexts for virtual host 'localhost'
10-Feb-2020 22:41:51.070 INFO [http-nio-8081-exec-324] org.apache.catalina.core.ApplicationContext.log Manager: list: Listing contexts for virtual host 'localhost'
10-Feb-2020 22:41:51.071 INFO [http-nio-8081-exec-323] org.apache.catalina.core.ApplicationContext.log Manager: list: Listing contexts for virtual host 'localhost'
10-Feb-2020 22:41:51.076 INFO [http-nio-8081-exec-325] org.apache.catalina.core.ApplicationContext.log Manager: undeploy: Undeploying web application at '/SessionBlog'
10-Feb-2020 22:41:51.596 INFO [http-nio-8081-exec-332] org.apache.catalina.core.ApplicationContext.log Manager: install: Installing context configuration at 'file:/C:/Users/ALESSI~1/AppData/Local/Temp/context8102224314918883778.xml'
10-Feb-2020 22:41:53.113 INFO [http-nio-8081-exec-328] org.apache.catalina.core.ApplicationContext.log Manager: start: Starting web application '/SessionBlog'
10-Feb-2020 22:43:08.332 INFO [http-nio-8081-exec-329] org.apache.catalina.core.ApplicationContext.log Manager: list: Listing contexts for virtual host 'localhost'
10-Feb-2020 22:43:11.848 INFO [http-nio-8081-exec-340] org.apache.catalina.core.ApplicationContext.log Manager: list: Listing contexts for virtual host 'localhost'
10-Feb-2020 22:43:15.579 INFO [http-nio-8081-exec-337] org.apache.catalina.core.ApplicationContext.log Manager: list: Listing contexts for virtual host 'localhost'
10-Feb-2020 22:43:20.420 INFO [http-nio-8081-exec-336] org.apache.catalina.core.ApplicationContext.log Manager: list: Listing contexts for virtual host 'localhost'
10-Feb-2020 22:43:29.473 INFO [http-nio-8081-exec-336] org.apache.catalina.core.ApplicationContext.log Manager: list: Listing contexts for virtual host 'localhost'
10-Feb-2020 22:43:35.453 INFO [http-nio-8081-exec-336] org.apache.catalina.core.ApplicationContext.log Manager: list: Listing contexts for virtual host 'localhost'
10-Feb-2020 22:43:36.973 INFO [http-nio-8081-exec-341] org.apache.catalina.core.ApplicationContext.log Manager: list: Listing contexts for virtual host 'localhost'
10-Feb-2020 22:43:38.495 INFO [http-nio-8081-exec-338] org.apache.catalina.core.ApplicationContext.log Manager: list: Listing contexts for virtual host 'localhost'
10-Feb-2020 22:43:43.030 INFO [http-nio-8081-exec-342] org.apache.catalina.core.ApplicationContext.log Manager: list: Listing contexts for virtual host 'localhost'
10-Feb-2020 22:43:46.914 INFO [http-nio-8081-exec-340] org.apache.catalina.core.ApplicationContext.log Manager: list: Listing contexts for virtual host 'localhost'
10-Feb-2020 22:43:54.045 INFO [http-nio-8081-exec-340] org.apache.catalina.core.ApplicationContext.log Manager: list: Listing contexts for virtual host 'localhost'
10-Feb-2020 22:44:01.332 INFO [http-nio-8081-exec-340] org.apache.catalina.core.ApplicationContext.log Manager: list: Listing contexts for virtual host 'localhost'
10-Feb-2020 22:44:01.774 INFO [http-nio-8081-exec-342] org.apache.catalina.core.ApplicationContext.log Manager: list: Listing contexts for virtual host 'localhost'
10-Feb-2020 22:44:01.776 INFO [http-nio-8081-exec-338] org.apache.catalina.core.ApplicationContext.log Manager: list: Listing contexts for virtual host 'localhost'
10-Feb-2020 22:44:38.648 INFO [http-nio-8081-exec-338] org.apache.catalina.core.ApplicationContext.log Manager: list: Listing contexts for virtual host 'localhost'
10-Feb-2020 22:47:36.314 INFO [http-nio-8081-exec-340] org.apache.catalina.core.ApplicationContext.log Manager: list: Listing contexts for virtual host 'localhost'
10-Feb-2020 22:47:36.316 INFO [http-nio-8081-exec-342] org.apache.catalina.core.ApplicationContext.log Manager: list: Listing contexts for virtual host 'localhost'
10-Feb-2020 22:47:36.341 INFO [http-nio-8081-exec-338] org.apache.catalina.core.ApplicationContext.log Manager: restart: Reloading web application '/SessionBlog'
10-Feb-2020 22:48:04.954 INFO [http-nio-8081-exec-343] org.apache.catalina.core.ApplicationContext.log Manager: list: Listing contexts for virtual host 'localhost'
10-Feb-2020 22:48:58.520 INFO [http-nio-8081-exec-343] org.apache.catalina.core.ApplicationContext.log Manager: list: Listing contexts for virtual host 'localhost'
10-Feb-2020 22:49:00.049 INFO [http-nio-8081-exec-339] org.apache.catalina.core.ApplicationContext.log Manager: list: Listing contexts for virtual host 'localhost'
10-Feb-2020 22:49:01.582 INFO [http-nio-8081-exec-346] org.apache.catalina.core.ApplicationContext.log Manager: list: Listing contexts for virtual host 'localhost'
10-Feb-2020 22:49:06.061 INFO [http-nio-8081-exec-345] org.apache.catalina.core.ApplicationContext.log Manager: list: Listing contexts for virtual host 'localhost'
10-Feb-2020 22:49:07.593 INFO [http-nio-8081-exec-343] org.apache.catalina.core.ApplicationContext.log Manager: list: Listing contexts for virtual host 'localhost'
10-Feb-2020 22:49:10.957 INFO [http-nio-8081-exec-349] org.apache.catalina.core.ApplicationContext.log Manager: list: Listing contexts for virtual host 'localhost'
10-Feb-2020 22:49:10.959 INFO [http-nio-8081-exec-344] org.apache.catalina.core.ApplicationContext.log Manager: list: Listing contexts for virtual host 'localhost'
10-Feb-2020 22:49:33.103 INFO [http-nio-8081-exec-344] org.apache.catalina.core.ApplicationContext.log Manager: list: Listing contexts for virtual host 'localhost'
10-Feb-2020 22:49:34.630 INFO [http-nio-8081-exec-343] org.apache.catalina.core.ApplicationContext.log Manager: list: Listing contexts for virtual host 'localhost'
10-Feb-2020 22:49:40.747 INFO [http-nio-8081-exec-349] org.apache.catalina.core.ApplicationContext.log Manager: list: Listing contexts for virtual host 'localhost'
10-Feb-2020 22:49:40.749 INFO [http-nio-8081-exec-344] org.apache.catalina.core.ApplicationContext.log Manager: list: Listing contexts for virtual host 'localhost'
10-Feb-2020 22:49:56.854 FINE [localhost-startStop-2] org.apache.catalina.core.StandardContext.filterStop Stopping filters
10-Feb-2020 22:49:56.854 FINE [localhost-startStop-2] org.apache.catalina.core.StandardContext.filterStop  Stopping filter 'Tomcat WebSocket (JSR356) Filter'
10-Feb-2020 22:49:56.854 FINE [localhost-startStop-2] org.apache.catalina.core.StandardContext.filterStop  Stopping filter 'SetCharacterEncoding'
10-Feb-2020 22:49:56.854 FINE [localhost-startStop-2] org.apache.catalina.core.StandardContext.filterStop  Stopping filter 'CSRF'
