#
# A fatal error has been detected by the Java Runtime Environment:
#
#  SIGSEGV (0xb) at pc=0x00007fff8f4dcec9, pid=1814, tid=28963
#
# JRE version: Java(TM) SE Runtime Environment (8.0_66-b17) (build 1.8.0_66-b17)
# Java VM: Java HotSpot(TM) 64-Bit Server VM (25.66-b17 mixed mode bsd-amd64 compressed oops)
# Problematic frame:
# C  [libsystem_platform.dylib+0x5ec9]  _platform_memmove$VARIANT$Haswell+0x29
#
# Failed to write core dump. Core dumps have been disabled. To enable core dumping, try "ulimit -c unlimited" before starting Java again
#
# If you would like to submit a bug report, please visit:
#   http://bugreport.java.com/bugreport/crash.jsp
# The crash happened outside the Java Virtual Machine in native code.
# See problematic frame for where to report the bug.
#

---------------  T H R E A D  ---------------

Current thread (0x00007fe7cb9f6800):  JavaThread "http-nio-8080-exec-127" daemon [_thread_in_native, id=28963, stack(0x0000700006b5f000,0x0000700006c5f000)]

siginfo: si_signo: 11 (SIGSEGV), si_code: 1 (SEGV_MAPERR), si_addr: 0x000000011ada8000

Registers:
RAX=0x00007fe7d4800000, RBX=0x000000011ada751e, RCX=0x00000000000062bb, RDX=0x0000000000006d6f
RSP=0x0000700006c5a960, RBP=0x0000700006c5a960, RSI=0x000000011ada8000, RDI=0x00007fe7d4800ab4
R8 =0x0000000000006d70, R9 =0x00007fe7d4800000, R10=0x0000000000000000, R11=0x00007fe6b9a58ab4
R12=0x0000000063617061, R13=0x00000000676f4c2f, R14=0x00000000632f6568, R15=0x0000000000006f6d
RIP=0x00007fff8f4dcec9, EFLAGS=0x0000000000010206, ERR=0x0000000000000004
  TRAPNO=0x000000000000000e

Top of Stack: (sp=0x0000700006c5a960)
0x0000700006c5a960:   0000700006c5a9d0 000000010225302d
0x0000700006c5a970:   0000006d17ab03d8 000000000000006f
0x0000700006c5a980:   000000000000736e 00007fe7d4800000
0x0000700006c5a990:   0000000000006d6f 00007fe7d40787a0
0x0000700006c5a9a0:   00007fe7d4230320 00007fe7d40787a0
0x0000700006c5a9b0:   00007fe7cadcc890 0000000000000160
0x0000700006c5a9c0:   0000000035a2c03d 00007fe7d403e9a0
0x0000700006c5a9d0:   0000700006c5aa30 0000000102253554
0x0000700006c5a9e0:   0000700006c5aa7a 0000700006c5aa79
0x0000700006c5a9f0:   0000002a00000000 0000002b019f6800
0x0000700006c5aa00:   0000700006c5aa4e 0000700006c5ae98
0x0000700006c5aa10:   000000000000002b 0000700006c5aa4e
0x0000700006c5aa20:   00007fe7d40787a0 00007fe7cb9f69f8
0x0000700006c5aa30:   0000700006c5ae80 000000010225234f
0x0000700006c5aa40:   00007fe7d4166298 726f000000000001
0x0000700006c5aa50:   6568636170612f67 736e6f6d6d6f632f
0x0000700006c5aa60:   676e6967676f6c2f 74636146676f4c2f
0x0000700006c5aa70:   73616c632e79726f 0000000002660073
0x0000700006c5aa80:   0000000117ab03d8 00007fe7cb9f6800
0x0000700006c5aa90:   0000000117ab03d8 00007fe7cb9f6800
0x0000700006c5aaa0:   0000000117ab03d8 00007fe7cb9f6800
0x0000700006c5aab0:   0000000117ab03d8 0000000117ab03d8
0x0000700006c5aac0:   0000000117ab03d8 00007fe7cad16a10
0x0000700006c5aad0:   00007fe7cb9f6800 0000700006c5abc0
0x0000700006c5aae0:   00007fe7cacb55a8 00007fe7cacb55a0
0x0000700006c5aaf0:   0000700006c5ac80 0000000102b4b55b
0x0000700006c5ab00:   00007fe7cb9f6800 000000000000000c
0x0000700006c5ab10:   0000700006c5ab30 00007fff8f44d91f
0x0000700006c5ab20:   0000000000000001 0000000000000008
0x0000700006c5ab30:   00000001021a2000 0000000000000008
0x0000700006c5ab40:   00000001021a5a00 00000001021a6400
0x0000700006c5ab50:   0000700006c5ac30 00007fff8f44c472 

Instructions: (pc=0x00007fff8f4dcec9)
0x00007fff8f4dcea9:   f3 48 89 f8 49 39 d3 72 1b 48 83 fa 60 76 2f 48
0x00007fff8f4dceb9:   81 fa 00 40 00 00 0f 82 bb 00 00 00 48 89 d1 fc
0x00007fff8f4dcec9:   f3 a4 5d c3 48 39 fe 74 f9 48 01 d6 48 01 d7 48
0x00007fff8f4dced9:   83 fa 60 0f 82 5c 01 00 00 e9 79 01 00 00 48 83 

Register to memory mapping:

RAX=0x00007fe7d4800000 is an unknown value
RBX=0x000000011ada751e is an unknown value
RCX=0x00000000000062bb is an unknown value
RDX=0x0000000000006d6f is an unknown value
RSP=0x0000700006c5a960 is pointing into the stack for thread: 0x00007fe7cb9f6800
RBP=0x0000700006c5a960 is pointing into the stack for thread: 0x00007fe7cb9f6800
RSI=0x000000011ada8000 is an unknown value
RDI=0x00007fe7d4800ab4 is an unknown value
R8 =0x0000000000006d70 is an unknown value
R9 =0x00007fe7d4800000 is an unknown value
R10=0x0000000000000000 is an unknown value
R11=0x00007fe6b9a58ab4 is an unknown value
R12=0x0000000063617061 is an unknown value
R13=0x00000000676f4c2f is an unknown value
R14=0x00000000632f6568 is an unknown value
R15=0x0000000000006f6d is an unknown value


Stack: [0x0000700006b5f000,0x0000700006c5f000],  sp=0x0000700006c5a960,  free space=1006k
Native frames: (J=compiled Java code, j=interpreted, Vv=VM code, C=native code)
C  [libsystem_platform.dylib+0x5ec9]  _platform_memmove$VARIANT$Haswell+0x29
C  [libzip.dylib+0x302d]  newEntry+0x2c8
C  [libzip.dylib+0x3554]  ZIP_GetEntry2+0xd4
C  [libzip.dylib+0x234f]  Java_java_util_zip_ZipFile_getEntry+0xcf
J 169  java.util.zip.ZipFile.getEntry(J[BZ)J (0 bytes) @ 0x000000010416758e [0x00000001041674c0+0xce]
J 892 C2 java.util.jar.JarFile.getEntry(Ljava/lang/String;)Ljava/util/zip/ZipEntry; (22 bytes) @ 0x00000001043b6edc [0x00000001043b6ba0+0x33c]
J 3430 C2 org.apache.catalina.loader.WebappClassLoaderBase.findResourceInternal(Ljava/lang/String;Ljava/lang/String;Z)Lorg/apache/catalina/loader/ResourceEntry; (538 bytes) @ 0x0000000104a22890 [0x0000000104a21840+0x1050]
J 5825 C2 org.apache.catalina.loader.WebappClassLoaderBase.findClassInternal(Ljava/lang/String;)Ljava/lang/Class; (452 bytes) @ 0x000000010511178c [0x0000000105111720+0x6c]
J 5824 C2 org.apache.catalina.loader.WebappClassLoaderBase.findClass(Ljava/lang/String;)Ljava/lang/Class; (533 bytes) @ 0x00000001050a3e6c [0x00000001050a3da0+0xcc]
J 5168 C2 org.apache.catalina.loader.WebappClassLoaderBase.loadClass(Ljava/lang/String;Z)Ljava/lang/Class; (648 bytes) @ 0x000000010447bbf4 [0x000000010447b3e0+0x814]
J 5167 C2 org.apache.catalina.loader.WebappClassLoaderBase.loadClass(Ljava/lang/String;)Ljava/lang/Class; (7 bytes) @ 0x0000000104692ed4 [0x0000000104692ea0+0x34]
v  ~StubRoutines::call_stub
V  [libjvm.dylib+0x2ea35e]
V  [libjvm.dylib+0x2eaaec]
V  [libjvm.dylib+0x2eac44]
V  [libjvm.dylib+0x532ef0]
V  [libjvm.dylib+0x532689]
V  [libjvm.dylib+0x53310c]
V  [libjvm.dylib+0x533789]
V  [libjvm.dylib+0x1e0ffa]
V  [libjvm.dylib+0x1f12be]
V  [libjvm.dylib+0x3c6746]
V  [libjvm.dylib+0x3c9d6e]
V  [libjvm.dylib+0x3c9e93]
V  [libjvm.dylib+0x2e474d]
j  org.springframework.web.context.ContextCleanupListener.<clinit>()V+3
v  ~StubRoutines::call_stub
V  [libjvm.dylib+0x2ea35e]
V  [libjvm.dylib+0x2bd4ad]
V  [libjvm.dylib+0x2be9b5]
V  [libjvm.dylib+0x2bec4b]
V  [libjvm.dylib+0x3c9bbe]
V  [libjvm.dylib+0x3c9dd2]
V  [libjvm.dylib+0x3c9e93]
V  [libjvm.dylib+0x2e474d]
j  org.springframework.web.context.ContextLoaderListener.contextDestroyed(Ljavax/servlet/ServletContextEvent;)V+22
j  org.apache.catalina.core.StandardContext.listenerStop()Z+159
j  org.apache.catalina.core.StandardContext.stopInternal()V+126
J 3034 C1 org.apache.catalina.util.LifecycleBase.stop()V (346 bytes) @ 0x00000001041ef4dc [0x00000001041ed820+0x1cbc]
J 2378 C1 org.apache.catalina.util.LifecycleBase.start()V (320 bytes) @ 0x00000001047b59ec [0x00000001047b5200+0x7ec]
j  org.apache.catalina.core.ContainerBase.addChildInternal(Lorg/apache/catalina/Container;)V+170
j  org.apache.catalina.core.ContainerBase.addChild(Lorg/apache/catalina/Container;)V+26
j  org.apache.catalina.core.StandardHost.addChild(Lorg/apache/catalina/Container;)V+40
j  org.apache.catalina.startup.HostConfig.deployDescriptor(Lorg/apache/catalina/util/ContextName;Ljava/io/File;)V+513
j  org.apache.catalina.startup.HostConfig.deployApps(Ljava/lang/String;)V+94
j  org.apache.catalina.startup.HostConfig.check(Ljava/lang/String;)V+26
j  sun.reflect.GeneratedMethodAccessor66.invoke(Ljava/lang/Object;[Ljava/lang/Object;)Ljava/lang/Object;+40
J 4113 C2 java.lang.reflect.Method.invoke(Ljava/lang/Object;[Ljava/lang/Object;)Ljava/lang/Object; (62 bytes) @ 0x000000010452e768 [0x000000010452e6c0+0xa8]
j  org.apache.tomcat.util.modeler.BaseModelMBean.invoke(Ljava/lang/String;[Ljava/lang/Object;[Ljava/lang/String;)Ljava/lang/Object;+151
j  com.sun.jmx.interceptor.DefaultMBeanServerInterceptor.invoke(Ljavax/management/ObjectName;Ljava/lang/String;[Ljava/lang/Object;[Ljava/lang/String;)Ljava/lang/Object;+28
j  com.sun.jmx.mbeanserver.JmxMBeanServer.invoke(Ljavax/management/ObjectName;Ljava/lang/String;[Ljava/lang/Object;[Ljava/lang/String;)Ljava/lang/Object;+13
j  org.apache.catalina.manager.ManagerServlet.check(Ljava/lang/String;)V+32
j  org.apache.catalina.manager.ManagerServlet.deploy(Ljava/io/PrintWriter;Ljava/lang/String;Lorg/apache/catalina/util/ContextName;Ljava/lang/String;ZLorg/apache/tomcat/util/res/StringManager;)V+643
j  org.apache.catalina.manager.ManagerServlet.doGet(Ljavax/servlet/http/HttpServletRequest;Ljavax/servlet/http/HttpServletResponse;)V+232
j  javax.servlet.http.HttpServlet.service(Ljavax/servlet/http/HttpServletRequest;Ljavax/servlet/http/HttpServletResponse;)V+35
j  javax.servlet.http.HttpServlet.service(Ljavax/servlet/ServletRequest;Ljavax/servlet/ServletResponse;)V+30
J 6481 C1 org.apache.catalina.core.ApplicationFilterChain.internalDoFilter(Ljavax/servlet/ServletRequest;Ljavax/servlet/ServletResponse;)V (574 bytes) @ 0x00000001049aad64 [0x00000001049a9e60+0xf04]
J 6480 C1 org.apache.catalina.core.ApplicationFilterChain.doFilter(Ljavax/servlet/ServletRequest;Ljavax/servlet/ServletResponse;)V (105 bytes) @ 0x0000000104e0b98c [0x0000000104e0b900+0x8c]
j  org.apache.tomcat.websocket.server.WsFilter.doFilter(Ljavax/servlet/ServletRequest;Ljavax/servlet/ServletResponse;Ljavax/servlet/FilterChain;)V+21
J 6481 C1 org.apache.catalina.core.ApplicationFilterChain.internalDoFilter(Ljavax/servlet/ServletRequest;Ljavax/servlet/ServletResponse;)V (574 bytes) @ 0x00000001049aa4bc [0x00000001049a9e60+0x65c]
J 6480 C1 org.apache.catalina.core.ApplicationFilterChain.doFilter(Ljavax/servlet/ServletRequest;Ljavax/servlet/ServletResponse;)V (105 bytes) @ 0x0000000104e0b98c [0x0000000104e0b900+0x8c]
j  org.apache.catalina.filters.SetCharacterEncodingFilter.doFilter(Ljavax/servlet/ServletRequest;Ljavax/servlet/ServletResponse;Ljavax/servlet/FilterChain;)V+39
J 6481 C1 org.apache.catalina.core.ApplicationFilterChain.internalDoFilter(Ljavax/servlet/ServletRequest;Ljavax/servlet/ServletResponse;)V (574 bytes) @ 0x00000001049aa4bc [0x00000001049a9e60+0x65c]
J 6480 C1 org.apache.catalina.core.ApplicationFilterChain.doFilter(Ljavax/servlet/ServletRequest;Ljavax/servlet/ServletResponse;)V (105 bytes) @ 0x0000000104e0b98c [0x0000000104e0b900+0x8c]
j  org.apache.catalina.core.StandardWrapperValve.invoke(Lorg/apache/catalina/connector/Request;Lorg/apache/catalina/connector/Response;)V+762
j  org.apache.catalina.core.StandardContextValve.invoke(Lorg/apache/catalina/connector/Request;Lorg/apache/catalina/connector/Response;)V+166
j  org.apache.catalina.authenticator.AuthenticatorBase.invoke(Lorg/apache/catalina/connector/Request;Lorg/apache/catalina/connector/Response;)V+897
j  org.apache.catalina.core.StandardHostValve.invoke(Lorg/apache/catalina/connector/Request;Lorg/apache/catalina/connector/Response;)V+135
j  org.apache.catalina.valves.ErrorReportValve.invoke(Lorg/apache/catalina/connector/Request;Lorg/apache/catalina/connector/Response;)V+6
j  org.apache.catalina.valves.AbstractAccessLogValve.invoke(Lorg/apache/catalina/connector/Request;Lorg/apache/catalina/connector/Response;)V+6
j  org.apache.catalina.core.StandardEngineValve.invoke(Lorg/apache/catalina/connector/Request;Lorg/apache/catalina/connector/Response;)V+71
j  org.apache.catalina.connector.CoyoteAdapter.service(Lorg/apache/coyote/Request;Lorg/apache/coyote/Response;)V+199
j  org.apache.coyote.http11.AbstractHttp11Processor.process(Lorg/apache/tomcat/util/net/SocketWrapper;)Lorg/apache/tomcat/util/net/AbstractEndpoint$Handler$SocketState;+626
J 6255 C1 org.apache.coyote.AbstractProtocol$AbstractConnectionHandler.process(Lorg/apache/tomcat/util/net/SocketWrapper;Lorg/apache/tomcat/util/net/SocketStatus;)Lorg/apache/tomcat/util/net/AbstractEndpoint$Handler$SocketState; (1035 bytes) @ 0x00000001052c768c [0x00000001052c5220+0x246c]
J 6254 C1 org.apache.tomcat.util.net.NioEndpoint$SocketProcessor.doRun()V (603 bytes) @ 0x00000001052bfb1c [0x00000001052be9a0+0x117c]
J 6376 C1 org.apache.tomcat.util.net.NioEndpoint$SocketProcessor.run()V (79 bytes) @ 0x0000000104d2cfec [0x0000000104d2cc00+0x3ec]
j  java.util.concurrent.ThreadPoolExecutor.runWorker(Ljava/util/concurrent/ThreadPoolExecutor$Worker;)V+95
j  java.util.concurrent.ThreadPoolExecutor$Worker.run()V+5
j  org.apache.tomcat.util.threads.TaskThread$WrappingRunnable.run()V+4
j  java.lang.Thread.run()V+11
v  ~StubRoutines::call_stub
V  [libjvm.dylib+0x2ea35e]
V  [libjvm.dylib+0x2eaaec]
V  [libjvm.dylib+0x2eac98]
V  [libjvm.dylib+0x345215]
V  [libjvm.dylib+0x560b83]
V  [libjvm.dylib+0x56227e]
V  [libjvm.dylib+0x482cd6]
C  [libsystem_pthread.dylib+0x393b]  _pthread_body+0xb4
C  [libsystem_pthread.dylib+0x3887]  _pthread_body+0x0
C  [libsystem_pthread.dylib+0x308d]  thread_start+0xd
C  0x0000000000000000

Java frames: (J=compiled Java code, j=interpreted, Vv=VM code)
J 169  java.util.zip.ZipFile.getEntry(J[BZ)J (0 bytes) @ 0x0000000104167518 [0x00000001041674c0+0x58]
J 892 C2 java.util.jar.JarFile.getEntry(Ljava/lang/String;)Ljava/util/zip/ZipEntry; (22 bytes) @ 0x00000001043b6edc [0x00000001043b6ba0+0x33c]
J 3430 C2 org.apache.catalina.loader.WebappClassLoaderBase.findResourceInternal(Ljava/lang/String;Ljava/lang/String;Z)Lorg/apache/catalina/loader/ResourceEntry; (538 bytes) @ 0x0000000104a22890 [0x0000000104a21840+0x1050]
J 5825 C2 org.apache.catalina.loader.WebappClassLoaderBase.findClassInternal(Ljava/lang/String;)Ljava/lang/Class; (452 bytes) @ 0x000000010511178c [0x0000000105111720+0x6c]
J 5824 C2 org.apache.catalina.loader.WebappClassLoaderBase.findClass(Ljava/lang/String;)Ljava/lang/Class; (533 bytes) @ 0x00000001050a3e6c [0x00000001050a3da0+0xcc]
J 5168 C2 org.apache.catalina.loader.WebappClassLoaderBase.loadClass(Ljava/lang/String;Z)Ljava/lang/Class; (648 bytes) @ 0x000000010447bbf4 [0x000000010447b3e0+0x814]
J 5167 C2 org.apache.catalina.loader.WebappClassLoaderBase.loadClass(Ljava/lang/String;)Ljava/lang/Class; (7 bytes) @ 0x0000000104692ed4 [0x0000000104692ea0+0x34]
v  ~StubRoutines::call_stub
j  org.springframework.web.context.ContextCleanupListener.<clinit>()V+3
v  ~StubRoutines::call_stub
j  org.springframework.web.context.ContextLoaderListener.contextDestroyed(Ljavax/servlet/ServletContextEvent;)V+22
j  org.apache.catalina.core.StandardContext.listenerStop()Z+159
j  org.apache.catalina.core.StandardContext.stopInternal()V+126
J 3034 C1 org.apache.catalina.util.LifecycleBase.stop()V (346 bytes) @ 0x00000001041ef4dc [0x00000001041ed820+0x1cbc]
J 2378 C1 org.apache.catalina.util.LifecycleBase.start()V (320 bytes) @ 0x00000001047b59ec [0x00000001047b5200+0x7ec]
j  org.apache.catalina.core.ContainerBase.addChildInternal(Lorg/apache/catalina/Container;)V+170
j  org.apache.catalina.core.ContainerBase.addChild(Lorg/apache/catalina/Container;)V+26
j  org.apache.catalina.core.StandardHost.addChild(Lorg/apache/catalina/Container;)V+40
j  org.apache.catalina.startup.HostConfig.deployDescriptor(Lorg/apache/catalina/util/ContextName;Ljava/io/File;)V+513
j  org.apache.catalina.startup.HostConfig.deployApps(Ljava/lang/String;)V+94
j  org.apache.catalina.startup.HostConfig.check(Ljava/lang/String;)V+26
j  sun.reflect.GeneratedMethodAccessor66.invoke(Ljava/lang/Object;[Ljava/lang/Object;)Ljava/lang/Object;+40
J 4113 C2 java.lang.reflect.Method.invoke(Ljava/lang/Object;[Ljava/lang/Object;)Ljava/lang/Object; (62 bytes) @ 0x000000010452e768 [0x000000010452e6c0+0xa8]
j  org.apache.tomcat.util.modeler.BaseModelMBean.invoke(Ljava/lang/String;[Ljava/lang/Object;[Ljava/lang/String;)Ljava/lang/Object;+151
j  com.sun.jmx.interceptor.DefaultMBeanServerInterceptor.invoke(Ljavax/management/ObjectName;Ljava/lang/String;[Ljava/lang/Object;[Ljava/lang/String;)Ljava/lang/Object;+28
j  com.sun.jmx.mbeanserver.JmxMBeanServer.invoke(Ljavax/management/ObjectName;Ljava/lang/String;[Ljava/lang/Object;[Ljava/lang/String;)Ljava/lang/Object;+13
j  org.apache.catalina.manager.ManagerServlet.check(Ljava/lang/String;)V+32
j  org.apache.catalina.manager.ManagerServlet.deploy(Ljava/io/PrintWriter;Ljava/lang/String;Lorg/apache/catalina/util/ContextName;Ljava/lang/String;ZLorg/apache/tomcat/util/res/StringManager;)V+643
j  org.apache.catalina.manager.ManagerServlet.doGet(Ljavax/servlet/http/HttpServletRequest;Ljavax/servlet/http/HttpServletResponse;)V+232
j  javax.servlet.http.HttpServlet.service(Ljavax/servlet/http/HttpServletRequest;Ljavax/servlet/http/HttpServletResponse;)V+35
j  javax.servlet.http.HttpServlet.service(Ljavax/servlet/ServletRequest;Ljavax/servlet/ServletResponse;)V+30
J 6481 C1 org.apache.catalina.core.ApplicationFilterChain.internalDoFilter(Ljavax/servlet/ServletRequest;Ljavax/servlet/ServletResponse;)V (574 bytes) @ 0x00000001049aad64 [0x00000001049a9e60+0xf04]
J 6480 C1 org.apache.catalina.core.ApplicationFilterChain.doFilter(Ljavax/servlet/ServletRequest;Ljavax/servlet/ServletResponse;)V (105 bytes) @ 0x0000000104e0b98c [0x0000000104e0b900+0x8c]
j  org.apache.tomcat.websocket.server.WsFilter.doFilter(Ljavax/servlet/ServletRequest;Ljavax/servlet/ServletResponse;Ljavax/servlet/FilterChain;)V+21
J 6481 C1 org.apache.catalina.core.ApplicationFilterChain.internalDoFilter(Ljavax/servlet/ServletRequest;Ljavax/servlet/ServletResponse;)V (574 bytes) @ 0x00000001049aa4bc [0x00000001049a9e60+0x65c]
J 6480 C1 org.apache.catalina.core.ApplicationFilterChain.doFilter(Ljavax/servlet/ServletRequest;Ljavax/servlet/ServletResponse;)V (105 bytes) @ 0x0000000104e0b98c [0x0000000104e0b900+0x8c]
j  org.apache.catalina.filters.SetCharacterEncodingFilter.doFilter(Ljavax/servlet/ServletRequest;Ljavax/servlet/ServletResponse;Ljavax/servlet/FilterChain;)V+39
J 6481 C1 org.apache.catalina.core.ApplicationFilterChain.internalDoFilter(Ljavax/servlet/ServletRequest;Ljavax/servlet/ServletResponse;)V (574 bytes) @ 0x00000001049aa4bc [0x00000001049a9e60+0x65c]
J 6480 C1 org.apache.catalina.core.ApplicationFilterChain.doFilter(Ljavax/servlet/ServletRequest;Ljavax/servlet/ServletResponse;)V (105 bytes) @ 0x0000000104e0b98c [0x0000000104e0b900+0x8c]
j  org.apache.catalina.core.StandardWrapperValve.invoke(Lorg/apache/catalina/connector/Request;Lorg/apache/catalina/connector/Response;)V+762
j  org.apache.catalina.core.StandardContextValve.invoke(Lorg/apache/catalina/connector/Request;Lorg/apache/catalina/connector/Response;)V+166
j  org.apache.catalina.authenticator.AuthenticatorBase.invoke(Lorg/apache/catalina/connector/Request;Lorg/apache/catalina/connector/Response;)V+897
j  org.apache.catalina.core.StandardHostValve.invoke(Lorg/apache/catalina/connector/Request;Lorg/apache/catalina/connector/Response;)V+135
j  org.apache.catalina.valves.ErrorReportValve.invoke(Lorg/apache/catalina/connector/Request;Lorg/apache/catalina/connector/Response;)V+6
j  org.apache.catalina.valves.AbstractAccessLogValve.invoke(Lorg/apache/catalina/connector/Request;Lorg/apache/catalina/connector/Response;)V+6
j  org.apache.catalina.core.StandardEngineValve.invoke(Lorg/apache/catalina/connector/Request;Lorg/apache/catalina/connector/Response;)V+71
j  org.apache.catalina.connector.CoyoteAdapter.service(Lorg/apache/coyote/Request;Lorg/apache/coyote/Response;)V+199
j  org.apache.coyote.http11.AbstractHttp11Processor.process(Lorg/apache/tomcat/util/net/SocketWrapper;)Lorg/apache/tomcat/util/net/AbstractEndpoint$Handler$SocketState;+626
J 6255 C1 org.apache.coyote.AbstractProtocol$AbstractConnectionHandler.process(Lorg/apache/tomcat/util/net/SocketWrapper;Lorg/apache/tomcat/util/net/SocketStatus;)Lorg/apache/tomcat/util/net/AbstractEndpoint$Handler$SocketState; (1035 bytes) @ 0x00000001052c768c [0x00000001052c5220+0x246c]
J 6254 C1 org.apache.tomcat.util.net.NioEndpoint$SocketProcessor.doRun()V (603 bytes) @ 0x00000001052bfb1c [0x00000001052be9a0+0x117c]
J 6376 C1 org.apache.tomcat.util.net.NioEndpoint$SocketProcessor.run()V (79 bytes) @ 0x0000000104d2cfec [0x0000000104d2cc00+0x3ec]
j  java.util.concurrent.ThreadPoolExecutor.runWorker(Ljava/util/concurrent/ThreadPoolExecutor$Worker;)V+95
j  java.util.concurrent.ThreadPoolExecutor$Worker.run()V+5
j  org.apache.tomcat.util.threads.TaskThread$WrappingRunnable.run()V+4
j  java.lang.Thread.run()V+11
v  ~StubRoutines::call_stub

---------------  P R O C E S S  ---------------

Java Threads: ( => current thread )
  0x00007fe7d22de800 JavaThread "Keep-Alive-Timer" daemon [_thread_blocked, id=26931, stack(0x0000700007886000,0x0000700007986000)]
=>0x00007fe7cb9f6800 JavaThread "http-nio-8080-exec-127" daemon [_thread_in_native, id=28963, stack(0x0000700006b5f000,0x0000700006c5f000)]
  0x00007fe7d31b0800 JavaThread "http-nio-8080-exec-126" daemon [_thread_blocked, id=27451, stack(0x0000700007a8c000,0x0000700007b8c000)]
  0x00007fe7ce6cf800 JavaThread "http-nio-8080-exec-125" daemon [_thread_blocked, id=28459, stack(0x000070000757d000,0x000070000767d000)]
  0x00007fe7d3164800 JavaThread "http-nio-8080-exec-124" daemon [_thread_blocked, id=30007, stack(0x000070000747a000,0x000070000757a000)]
  0x00007fe7cb145000 JavaThread "http-nio-8080-exec-123" daemon [_thread_blocked, id=30503, stack(0x0000700007989000,0x0000700007a89000)]
  0x00007fe7cddae000 JavaThread "http-nio-8080-exec-122" daemon [_thread_blocked, id=22327, stack(0x0000700007680000,0x0000700007780000)]
  0x00007fe7cc404000 JavaThread "http-nio-8080-exec-121" daemon [_thread_blocked, id=26419, stack(0x0000700006c62000,0x0000700006d62000)]
  0x00007fe7cc50f000 JavaThread "http-nio-8080-exec-120" daemon [_thread_blocked, id=31023, stack(0x00007000057a0000,0x00007000058a0000)]
  0x00007fe7cc2c9000 JavaThread "http-nio-8080-exec-119" daemon [_thread_blocked, id=25891, stack(0x0000700007c92000,0x0000700007d92000)]
  0x00007fe7cf47b800 JavaThread "http-nio-8080-exec-118" daemon [_thread_blocked, id=22059, stack(0x0000700007783000,0x0000700007883000)]
  0x00007fe7cf950800 JavaThread "ajp-nio-8009-Acceptor-0" daemon [_thread_in_native, id=25347, stack(0x0000700007377000,0x0000700007477000)]
  0x00007fe7d089e800 JavaThread "ajp-nio-8009-ClientPoller-1" daemon [_thread_in_native, id=24835, stack(0x0000700007274000,0x0000700007374000)]
  0x00007fe7d087c800 JavaThread "ajp-nio-8009-ClientPoller-0" daemon [_thread_in_native, id=24323, stack(0x0000700007171000,0x0000700007271000)]
  0x00007fe7d0cd2000 JavaThread "http-nio-8080-Acceptor-0" daemon [_thread_in_native, id=23811, stack(0x000070000706e000,0x000070000716e000)]
  0x00007fe7cd0f4000 JavaThread "http-nio-8080-ClientPoller-1" daemon [_thread_in_native, id=23299, stack(0x0000700006f6b000,0x000070000706b000)]
  0x00007fe7cd8c2000 JavaThread "http-nio-8080-ClientPoller-0" daemon [_thread_in_native, id=22787, stack(0x0000700006e68000,0x0000700006f68000)]
  0x00007fe7cfd0e000 JavaThread "ContainerBackgroundProcessor[StandardEngine[Catalina]]" daemon [_thread_blocked, id=4615, stack(0x0000700006d65000,0x0000700006e65000)]
  0x00007fe7cb2e7800 JavaThread "NioBlockingSelector.BlockPoller-2" daemon [_thread_in_native, id=21251, stack(0x0000700006a5c000,0x0000700006b5c000)]
  0x00007fe7cba23000 JavaThread "NioBlockingSelector.BlockPoller-1" daemon [_thread_in_native, id=20739, stack(0x0000700006959000,0x0000700006a59000)]
  0x00007fe7cc1ce800 JavaThread "GC Daemon" daemon [_thread_blocked, id=20227, stack(0x0000700006856000,0x0000700006956000)]
  0x00007fe7cb06f800 JavaThread "AsyncFileHandlerWriter-1878246837" daemon [_thread_blocked, id=19715, stack(0x0000700006753000,0x0000700006853000)]
  0x00007fe7cc80c000 JavaThread "Service Thread" daemon [_thread_blocked, id=18691, stack(0x000070000654d000,0x000070000664d000)]
  0x00007fe7cc09e000 JavaThread "C1 CompilerThread2" daemon [_thread_blocked, id=18179, stack(0x000070000644a000,0x000070000654a000)]
  0x00007fe7cc042800 JavaThread "C2 CompilerThread1" daemon [_thread_blocked, id=17667, stack(0x0000700006347000,0x0000700006447000)]
  0x00007fe7cb01b800 JavaThread "C2 CompilerThread0" daemon [_thread_blocked, id=17155, stack(0x0000700006244000,0x0000700006344000)]
  0x00007fe7cb01a800 JavaThread "Signal Dispatcher" daemon [_thread_blocked, id=16643, stack(0x0000700006141000,0x0000700006241000)]
  0x00007fe7cb00d800 JavaThread "Finalizer" daemon [_thread_blocked, id=12291, stack(0x0000700005fbb000,0x00007000060bb000)]
  0x00007fe7cb82e800 JavaThread "Reference Handler" daemon [_thread_blocked, id=11779, stack(0x0000700005eb8000,0x0000700005fb8000)]
  0x00007fe7cb000000 JavaThread "main" [_thread_in_native, id=6915, stack(0x00007000058a6000,0x00007000059a6000)]

Other Threads:
  0x00007fe7cb82b800 VMThread [stack: 0x0000700005db5000,0x0000700005eb5000] [id=11267]
  0x00007fe7cb013800 WatcherThread [stack: 0x0000700006650000,0x0000700006750000] [id=19203]

VM state:not at safepoint (normal execution)

VM Mutex/Monitor currently owned by a thread: None

Heap:
 PSYoungGen      total 551424K, used 469015K [0x0000000795580000, 0x00000007be300000, 0x00000007c0000000)
  eden space 471552K, 86% used [0x0000000795580000,0x00000007ae1c76b0,0x00000007b2200000)
  from space 79872K, 79% used [0x00000007b9500000,0x00000007bd2be5b8,0x00000007be300000)
  to   space 98816K, 0% used [0x00000007b2200000,0x00000007b2200000,0x00000007b8280000)
 ParOldGen       total 151040K, used 72594K [0x0000000740000000, 0x0000000749380000, 0x0000000795580000)
  object space 151040K, 48% used [0x0000000740000000,0x00000007446e4a18,0x0000000749380000)
 Metaspace       used 42326K, capacity 43418K, committed 59160K, reserved 1101824K
  class space    used 4820K, capacity 5159K, committed 7728K, reserved 1048576K

Card table byte_map: [0x0000000113000000,0x0000000113401000] byte_map_base: 0x000000010f600000

Marking Bits: (ParMarkBitMap*) 0x0000000103117e20
 Begin Bits: [0x00000001136ac000, 0x00000001156ac000)
 End Bits:   [0x00000001156ac000, 0x00000001176ac000)

Polling page: 0x0000000102246000

CodeCache: size=245760Kb used=19657Kb max_used=19669Kb free=226102Kb
 bounds [0x0000000104000000, 0x0000000105360000, 0x0000000113000000]
 total_blobs=5467 nmethods=5032 adapters=347
 compilation: enabled

Compilation events (10 events):
Event: 6781.962 Thread 0x00007fe7cc09e000 6680   !   3       sun.reflect.GeneratedMethodAccessor42::invoke (66 bytes)
Event: 6781.962 Thread 0x00007fe7cc09e000 nmethod 6680 0x00000001049e6dd0 code [0x00000001049e6fc0, 0x00000001049e7788]
Event: 6781.997 Thread 0x00007fe7cc09e000 6681       1       org.apache.tomcat.util.descriptor.tld.TagXml::getVariables (5 bytes)
Event: 6781.997 Thread 0x00007fe7cc09e000 nmethod 6681 0x00000001050a9190 code [0x00000001050a92e0, 0x00000001050a93f0]
Event: 6782.017 Thread 0x00007fe7cc09e000 6682       3       org.apache.tomcat.util.descriptor.tld.TldRuleSet$GenericBooleanRule::<init> (7 bytes)
Event: 6782.017 Thread 0x00007fe7cc09e000 nmethod 6682 0x0000000104651050 code [0x00000001046511c0, 0x0000000104651348]
Event: 6782.017 Thread 0x00007fe7cc09e000 6683   !   3       org.apache.tomcat.util.descriptor.tld.TldRuleSet$GenericBooleanRule::<init> (37 bytes)
Event: 6782.019 Thread 0x00007fe7cc09e000 nmethod 6683 0x00000001044fded0 code [0x00000001044fe080, 0x00000001044fe658]
Event: 6782.083 Thread 0x00007fe7cb01b800 6684 %     4       java.util.Arrays::fill @ 5 (21 bytes)
Event: 6782.089 Thread 0x00007fe7cb01b800 nmethod 6684% 0x00000001049e68d0 code [0x00000001049e6a20, 0x00000001049e6cb8]

GC Heap History (10 events):
Event: 6000.241 GC heap before
{Heap before GC invocations=19 (full 2):
 PSYoungGen      total 585216K, used 585199K [0x0000000795580000, 0x00000007c0000000, 0x00000007c0000000)
  eden space 522752K, 100% used [0x0000000795580000,0x00000007b5400000,0x00000007b5400000)
  from space 62464K, 99% used [0x00000007bc300000,0x00000007bfffbe50,0x00000007c0000000)
  to   space 88064K, 0% used [0x00000007b5400000,0x00000007b5400000,0x00000007baa00000)
 ParOldGen       total 101888K, used 63074K [0x0000000740000000, 0x0000000746380000, 0x0000000795580000)
  object space 101888K, 61% used [0x0000000740000000,0x0000000743d989d8,0x0000000746380000)
 Metaspace       used 52748K, capacity 53944K, committed 54312K, reserved 1097728K
  class space    used 6453K, capacity 6891K, committed 6960K, reserved 1048576K
Event: 6001.177 GC heap after
Heap after GC invocations=19 (full 2):
 PSYoungGen      total 582144K, used 59168K [0x0000000795580000, 0x00000007c0000000, 0x00000007c0000000)
  eden space 522752K, 0% used [0x0000000795580000,0x0000000795580000,0x00000007b5400000)
  from space 59392K, 99% used [0x00000007b5400000,0x00000007b8dc80b8,0x00000007b8e00000)
  to   space 91648K, 0% used [0x00000007ba680000,0x00000007ba680000,0x00000007c0000000)
 ParOldGen       total 101888K, used 66194K [0x0000000740000000, 0x0000000746380000, 0x0000000795580000)
  object space 101888K, 64% used [0x0000000740000000,0x00000007440a49c8,0x0000000746380000)
 Metaspace       used 52748K, capacity 53944K, committed 54312K, reserved 1097728K
  class space    used 6453K, capacity 6891K, committed 6960K, reserved 1048576K
}
Event: 6210.389 GC heap before
{Heap before GC invocations=20 (full 2):
 PSYoungGen      total 582144K, used 478851K [0x0000000795580000, 0x00000007c0000000, 0x00000007c0000000)
  eden space 522752K, 80% used [0x0000000795580000,0x00000007aef58b50,0x00000007b5400000)
  from space 59392K, 99% used [0x00000007b5400000,0x00000007b8dc80b8,0x00000007b8e00000)
  to   space 91648K, 0% used [0x00000007ba680000,0x00000007ba680000,0x00000007c0000000)
 ParOldGen       total 101888K, used 66194K [0x0000000740000000, 0x0000000746380000, 0x0000000795580000)
  object space 101888K, 64% used [0x0000000740000000,0x00000007440a49c8,0x0000000746380000)
 Metaspace       used 57727K, capacity 58994K, committed 59160K, reserved 1101824K
  class space    used 7149K, capacity 7650K, committed 7728K, reserved 1048576K
Event: 6210.818 GC heap after
Heap after GC invocations=20 (full 2):
 PSYoungGen      total 607232K, used 51702K [0x0000000795580000, 0x00000007c0000000, 0x00000007c0000000)
  eden space 515584K, 0% used [0x0000000795580000,0x0000000795580000,0x00000007b4d00000)
  from space 91648K, 56% used [0x00000007ba680000,0x00000007bd8fd938,0x00000007c0000000)
  to   space 91648K, 0% used [0x00000007b4d00000,0x00000007b4d00000,0x00000007ba680000)
 ParOldGen       total 101888K, used 68464K [0x0000000740000000, 0x0000000746380000, 0x0000000795580000)
  object space 101888K, 67% used [0x0000000740000000,0x00000007442dc358,0x0000000746380000)
 Metaspace       used 57727K, capacity 58994K, committed 59160K, reserved 1101824K
  class space    used 7149K, capacity 7650K, committed 7728K, reserved 1048576K
}
Event: 6210.819 GC heap before
{Heap before GC invocations=21 (full 3):
 PSYoungGen      total 607232K, used 51702K [0x0000000795580000, 0x00000007c0000000, 0x00000007c0000000)
  eden space 515584K, 0% used [0x0000000795580000,0x0000000795580000,0x00000007b4d00000)
  from space 91648K, 56% used [0x00000007ba680000,0x00000007bd8fd938,0x00000007c0000000)
  to   space 91648K, 0% used [0x00000007b4d00000,0x00000007b4d00000,0x00000007ba680000)
 ParOldGen       total 101888K, used 68464K [0x0000000740000000, 0x0000000746380000, 0x0000000795580000)
  object space 101888K, 67% used [0x0000000740000000,0x00000007442dc358,0x0000000746380000)
 Metaspace       used 57727K, capacity 58994K, committed 59160K, reserved 1101824K
  class space    used 7149K, capacity 7650K, committed 7728K, reserved 1048576K
Event: 6211.379 GC heap after
Heap after GC invocations=21 (full 3):
 PSYoungGen      total 607232K, used 0K [0x0000000795580000, 0x00000007c0000000, 0x00000007c0000000)
  eden space 515584K, 0% used [0x0000000795580000,0x0000000795580000,0x00000007b4d00000)
  from space 91648K, 0% used [0x00000007ba680000,0x00000007ba680000,0x00000007c0000000)
  to   space 91648K, 0% used [0x00000007b4d00000,0x00000007b4d00000,0x00000007ba680000)
 ParOldGen       total 151040K, used 69756K [0x0000000740000000, 0x0000000749380000, 0x0000000795580000)
  object space 151040K, 46% used [0x0000000740000000,0x000000074441f0a8,0x0000000749380000)
 Metaspace       used 30805K, capacity 31324K, committed 59160K, reserved 1101824K
  class space    used 3152K, capacity 3360K, committed 7728K, reserved 1048576K
}
Event: 6296.162 GC heap before
{Heap before GC invocations=22 (full 3):
 PSYoungGen      total 607232K, used 515584K [0x0000000795580000, 0x00000007c0000000, 0x00000007c0000000)
  eden space 515584K, 100% used [0x0000000795580000,0x00000007b4d00000,0x00000007b4d00000)
  from space 91648K, 0% used [0x00000007ba680000,0x00000007ba680000,0x00000007c0000000)
  to   space 91648K, 0% used [0x00000007b4d00000,0x00000007b4d00000,0x00000007ba680000)
 ParOldGen       total 151040K, used 69756K [0x0000000740000000, 0x0000000749380000, 0x0000000795580000)
  object space 151040K, 46% used [0x0000000740000000,0x000000074441f0a8,0x0000000749380000)
 Metaspace       used 35213K, capacity 35900K, committed 59160K, reserved 1101824K
  class space    used 3785K, capacity 4026K, committed 7728K, reserved 1048576K
Event: 6296.373 GC heap after
Heap after GC invocations=22 (full 3):
 PSYoungGen      total 559616K, used 66509K [0x0000000795580000, 0x00000007bf300000, 0x00000007c0000000)
  eden space 493056K, 0% used [0x0000000795580000,0x0000000795580000,0x00000007b3700000)
  from space 66560K, 99% used [0x00000007b4d00000,0x00000007b8df34c0,0x00000007b8e00000)
  to   space 96256K, 0% used [0x00000007b9500000,0x00000007b9500000,0x00000007bf300000)
 ParOldGen       total 151040K, used 69764K [0x0000000740000000, 0x0000000749380000, 0x0000000795580000)
  object space 151040K, 46% used [0x0000000740000000,0x00000007444210a8,0x0000000749380000)
 Metaspace       used 35213K, capacity 35900K, committed 59160K, reserved 1101824K
  class space    used 3785K, capacity 4026K, committed 7728K, reserved 1048576K
}
Event: 6774.700 GC heap before
{Heap before GC invocations=23 (full 3):
 PSYoungGen      total 559616K, used 559565K [0x0000000795580000, 0x00000007bf300000, 0x00000007c0000000)
  eden space 493056K, 100% used [0x0000000795580000,0x00000007b3700000,0x00000007b3700000)
  from space 66560K, 99% used [0x00000007b4d00000,0x00000007b8df34c0,0x00000007b8e00000)
  to   space 96256K, 0% used [0x00000007b9500000,0x00000007b9500000,0x00000007bf300000)
 ParOldGen       total 151040K, used 69764K [0x0000000740000000, 0x0000000749380000, 0x0000000795580000)
  object space 151040K, 46% used [0x0000000740000000,0x00000007444210a8,0x0000000749380000)
 Metaspace       used 38828K, capacity 39736K, committed 59160K, reserved 1101824K
  class space    used 4315K, capacity 4596K, committed 7728K, reserved 1048576K
Event: 6775.331 GC heap after
Heap after GC invocations=23 (full 3):
 PSYoungGen      total 551424K, used 63225K [0x0000000795580000, 0x00000007be300000, 0x00000007c0000000)
  eden space 471552K, 0% used [0x0000000795580000,0x0000000795580000,0x00000007b2200000)
  from space 79872K, 79% used [0x00000007b9500000,0x00000007bd2be5b8,0x00000007be300000)
  to   space 98816K, 0% used [0x00000007b2200000,0x00000007b2200000,0x00000007b8280000)
 ParOldGen       total 151040K, used 72594K [0x0000000740000000, 0x0000000749380000, 0x0000000795580000)
  object space 151040K, 48% used [0x0000000740000000,0x00000007446e4a18,0x0000000749380000)
 Metaspace       used 38828K, capacity 39736K, committed 59160K, reserved 1101824K
  class space    used 4315K, capacity 4596K, committed 7728K, reserved 1048576K
}

Deoptimization events (10 events):
Event: 5504.871 Thread 0x00007fe7cb132800 Uncommon trap: reason=unstable_if action=reinterpret pc=0x0000000104d4b5f4 method=org.apache.catalina.util.LifecycleBase.setStateInternal(Lorg/apache/catalina/LifecycleState;Ljava/lang/Object;Z)V @ 58
Event: 5510.836 Thread 0x00007fe7cb82e800 Uncommon trap: reason=unstable_if action=reinterpret pc=0x000000010442d818 method=java.lang.ref.Reference$ReferenceHandler.run()V @ 90
Event: 5556.104 Thread 0x00007fe7cc813000 Uncommon trap: reason=unstable_if action=reinterpret pc=0x00000001043955b4 method=java.io.BufferedInputStream.read1([BII)I @ 29
Event: 5603.774 Thread 0x00007fe7cb06f800 Uncommon trap: reason=unstable_if action=reinterpret pc=0x00000001042480a0 method=sun.nio.cs.UTF_8$Encoder.encodeArrayLoop(Ljava/nio/CharBuffer;Ljava/nio/ByteBuffer;)Ljava/nio/charset/CoderResult; @ 113
Event: 5603.774 Thread 0x00007fe7d317b000 Uncommon trap: reason=unstable_if action=reinterpret pc=0x00000001049e48a0 method=sun.nio.cs.UTF_8$Encoder.encodeArrayLoop(Ljava/nio/CharBuffer;Ljava/nio/ByteBuffer;)Ljava/nio/charset/CoderResult; @ 113
Event: 5754.844 Thread 0x00007fe7cc9d8800 Uncommon trap: reason=class_check action=maybe_recompile pc=0x0000000104619290 method=java.util.HashMap.removeNode(ILjava/lang/Object;Ljava/lang/Object;ZZ)Ljava/util/HashMap$Node; @ 143
Event: 5754.931 Thread 0x00007fe7ce63f800 Uncommon trap: reason=class_check action=maybe_recompile pc=0x0000000104619290 method=java.util.HashMap.removeNode(ILjava/lang/Object;Ljava/lang/Object;ZZ)Ljava/util/HashMap$Node; @ 143
Event: 6212.556 Thread 0x00007fe7cc404000 Uncommon trap: reason=null_check action=make_not_entrant pc=0x0000000104141da0 method=java.lang.ThreadLocal$ThreadLocalMap.getEntryAfterMiss(Ljava/lang/ThreadLocal;ILjava/lang/ThreadLocal$ThreadLocalMap$Entry;)Ljava/lang/ThreadLocal$ThreadLocalMap$Entry; 
Event: 6782.055 Thread 0x00007fe7cb9f6800 Uncommon trap: reason=unstable_if action=reinterpret pc=0x00000001045ca6d4 method=java.util.zip.ZipFile.getInputStream(Ljava/util/zip/ZipEntry;)Ljava/io/InputStream; @ 1
Event: 6782.083 Thread 0x00007fe7cb9f6800 Uncommon trap: reason=unstable_if action=reinterpret pc=0x000000010413b52c method=org.apache.catalina.webresources.AbstractArchiveResourceSet.gc()V @ 20

Internal exceptions (10 events):
Event: 6770.990 Thread 0x00007fe7cc2c9000 Exception <a 'java/lang/NoClassDefFoundError': org/apache/log4j/Category> (0x00000007a7ac4e00) thrown at [/HUDSON3/workspace/8-2-build-macosx-x86_64/jdk8u66/4988/hotspot/src/share/vm/classfile/systemDictionary.cpp, line 199]
Event: 6771.172 Thread 0x00007fe7cc2c9000 Exception <a 'java/io/FileNotFoundException'> (0x00000007a7e10f90) thrown at [/HUDSON3/workspace/8-2-build-macosx-x86_64/jdk8u66/4988/hotspot/src/share/vm/prims/jni.cpp, line 709]
Event: 6772.001 Thread 0x00007fe7cc2c9000 Exception <a 'java/io/FileNotFoundException'> (0x00000007a84a7968) thrown at [/HUDSON3/workspace/8-2-build-macosx-x86_64/jdk8u66/4988/hotspot/src/share/vm/prims/jni.cpp, line 709]
Event: 6775.403 Thread 0x00007fe7cc404000 Exception <a 'java/lang/NoClassDefFoundError': org/apache/log4j/Category> (0x0000000795a90910) thrown at [/HUDSON3/workspace/8-2-build-macosx-x86_64/jdk8u66/4988/hotspot/src/share/vm/classfile/systemDictionary.cpp, line 199]
Event: 6775.604 Thread 0x00007fe7cc404000 Exception <a 'java/io/FileNotFoundException'> (0x0000000795de0618) thrown at [/HUDSON3/workspace/8-2-build-macosx-x86_64/jdk8u66/4988/hotspot/src/share/vm/prims/jni.cpp, line 709]
Event: 6776.031 Thread 0x00007fe7cc404000 Exception <a 'java/io/FileNotFoundException'> (0x00000007964757f8) thrown at [/HUDSON3/workspace/8-2-build-macosx-x86_64/jdk8u66/4988/hotspot/src/share/vm/prims/jni.cpp, line 709]
Event: 6779.580 Thread 0x00007fe7cb145000 Exception <a 'java/lang/NoClassDefFoundError': org/apache/log4j/Category> (0x00000007a20e1128) thrown at [/HUDSON3/workspace/8-2-build-macosx-x86_64/jdk8u66/4988/hotspot/src/share/vm/classfile/systemDictionary.cpp, line 199]
Event: 6779.749 Thread 0x00007fe7cb145000 Exception <a 'java/io/FileNotFoundException'> (0x00000007a2424c70) thrown at [/HUDSON3/workspace/8-2-build-macosx-x86_64/jdk8u66/4988/hotspot/src/share/vm/prims/jni.cpp, line 709]
Event: 6780.095 Thread 0x00007fe7cb145000 Exception <a 'java/io/FileNotFoundException'> (0x00000007a2afac08) thrown at [/HUDSON3/workspace/8-2-build-macosx-x86_64/jdk8u66/4988/hotspot/src/share/vm/prims/jni.cpp, line 709]
Event: 6782.080 Thread 0x00007fe7cb9f6800 Exception <a 'java/io/FileNotFoundException'> (0x00000007ae157930) thrown at [/HUDSON3/workspace/8-2-build-macosx-x86_64/jdk8u66/4988/hotspot/src/share/vm/prims/jni.cpp, line 709]

Events (10 events):
Event: 6782.020 loading class org/springframework/web/context/ContextLoaderListener
Event: 6782.020 loading class org/springframework/web/context/ContextLoaderListener done
Event: 6782.055 Thread 0x00007fe7cb9f6800 Uncommon trap: trap_request=0xffffff65 fr.pc=0x00000001045ca6d4
Event: 6782.055 Thread 0x00007fe7cb9f6800 DEOPT PACKING pc=0x00000001045ca6d4 sp=0x0000700006c5b7d0
Event: 6782.055 Thread 0x00007fe7cb9f6800 DEOPT UNPACKING pc=0x0000000104005229 sp=0x0000700006c5b7b0 mode 2
Event: 6782.069 Executing VM operation: RevokeBias
Event: 6782.069 Executing VM operation: RevokeBias done
Event: 6782.083 Thread 0x00007fe7cb9f6800 Uncommon trap: trap_request=0xffffff65 fr.pc=0x000000010413b52c
Event: 6782.083 Thread 0x00007fe7cb9f6800 DEOPT PACKING pc=0x000000010413b52c sp=0x0000700006c5cef0
Event: 6782.083 Thread 0x00007fe7cb9f6800 DEOPT UNPACKING pc=0x0000000104005229 sp=0x0000700006c5ce58 mode 2


Dynamic libraries:
0x000000000473f000 	/System/Library/Frameworks/Cocoa.framework/Versions/A/Cocoa
0x000000000473f000 	/System/Library/Frameworks/Security.framework/Versions/A/Security
0x000000000473f000 	/System/Library/Frameworks/ApplicationServices.framework/Versions/A/ApplicationServices
0x000000000473f000 	/usr/lib/libz.1.dylib
0x000000000473f000 	/usr/lib/libSystem.B.dylib
0x000000000473f000 	/usr/lib/libobjc.A.dylib
0x000000000473f000 	/System/Library/Frameworks/CoreFoundation.framework/Versions/A/CoreFoundation
0x000000000473f000 	/System/Library/Frameworks/Foundation.framework/Versions/C/Foundation
0x000000000473f000 	/System/Library/Frameworks/AppKit.framework/Versions/C/AppKit
0x000000000473f000 	/System/Library/Frameworks/CoreData.framework/Versions/A/CoreData
0x000000000473f000 	/System/Library/PrivateFrameworks/RemoteViewServices.framework/Versions/A/RemoteViewServices
0x000000000473f000 	/System/Library/PrivateFrameworks/UIFoundation.framework/Versions/A/UIFoundation
0x000000000473f000 	/System/Library/PrivateFrameworks/DFRFoundation.framework/Versions/A/DFRFoundation
0x000000000473f000 	/usr/lib/libenergytrace.dylib
0x000000000473f000 	/System/Library/PrivateFrameworks/SkyLight.framework/Versions/A/SkyLight
0x000000000473f000 	/System/Library/Frameworks/CoreGraphics.framework/Versions/A/CoreGraphics
0x000000000473f000 	/usr/lib/libScreenReader.dylib
0x000000000473f000 	/System/Library/Frameworks/Accelerate.framework/Versions/A/Accelerate
0x000000000473f000 	/System/Library/Frameworks/IOSurface.framework/Versions/A/IOSurface
0x000000000473f000 	/System/Library/Frameworks/AudioToolbox.framework/Versions/A/AudioToolbox
0x000000000473f000 	/System/Library/Frameworks/AudioUnit.framework/Versions/A/AudioUnit
0x000000000473f000 	/System/Library/PrivateFrameworks/DataDetectorsCore.framework/Versions/A/DataDetectorsCore
0x000000000473f000 	/System/Library/PrivateFrameworks/DesktopServicesPriv.framework/Versions/A/DesktopServicesPriv
0x000000000473f000 	/System/Library/Frameworks/Carbon.framework/Versions/A/Frameworks/HIToolbox.framework/Versions/A/HIToolbox
0x000000000473f000 	/usr/lib/libicucore.A.dylib
0x000000000473f000 	/System/Library/Frameworks/QuartzCore.framework/Versions/A/QuartzCore
0x000000000473f000 	/System/Library/Frameworks/Carbon.framework/Versions/A/Frameworks/SpeechRecognition.framework/Versions/A/SpeechRecognition
0x000000000473f000 	/usr/lib/libauto.dylib
0x000000000473f000 	/usr/lib/libxml2.2.dylib
0x000000000473f000 	/System/Library/PrivateFrameworks/CoreUI.framework/Versions/A/CoreUI
0x000000000473f000 	/System/Library/Frameworks/CoreAudio.framework/Versions/A/CoreAudio
0x000000000473f000 	/System/Library/Frameworks/DiskArbitration.framework/Versions/A/DiskArbitration
0x000000000473f000 	/usr/lib/liblangid.dylib
0x000000000473f000 	/System/Library/PrivateFrameworks/MultitouchSupport.framework/Versions/A/MultitouchSupport
0x000000000473f000 	/System/Library/Frameworks/IOKit.framework/Versions/A/IOKit
0x000000000473f000 	/usr/lib/libDiagnosticMessagesClient.dylib
0x000000000473f000 	/System/Library/Frameworks/CoreServices.framework/Versions/A/CoreServices
0x000000000473f000 	/System/Library/PrivateFrameworks/PerformanceAnalysis.framework/Versions/A/PerformanceAnalysis
0x000000000473f000 	/System/Library/PrivateFrameworks/GenerationalStorage.framework/Versions/A/GenerationalStorage
0x000000000473f000 	/System/Library/Frameworks/OpenGL.framework/Versions/A/OpenGL
0x000000000473f000 	/System/Library/Frameworks/CoreImage.framework/Versions/A/CoreImage
0x000000000473f000 	/System/Library/Frameworks/CoreText.framework/Versions/A/CoreText
0x000000000473f000 	/System/Library/Frameworks/ImageIO.framework/Versions/A/ImageIO
0x000000000473f000 	/System/Library/PrivateFrameworks/Backup.framework/Versions/A/Backup
0x000000000473f000 	/usr/lib/libarchive.2.dylib
0x000000000473f000 	/System/Library/Frameworks/CFNetwork.framework/Versions/A/CFNetwork
0x000000000473f000 	/System/Library/Frameworks/SystemConfiguration.framework/Versions/A/SystemConfiguration
0x000000000473f000 	/usr/lib/libCRFSuite.dylib
0x000000000473f000 	/usr/lib/libc++.1.dylib
0x000000000473f000 	/usr/lib/libc++abi.dylib
0x000000000473f000 	/usr/lib/system/libcache.dylib
0x000000000473f000 	/usr/lib/system/libcommonCrypto.dylib
0x000000000473f000 	/usr/lib/system/libcompiler_rt.dylib
0x000000000473f000 	/usr/lib/system/libcopyfile.dylib
0x000000000473f000 	/usr/lib/system/libcorecrypto.dylib
0x000000000473f000 	/usr/lib/system/libdispatch.dylib
0x000000000473f000 	/usr/lib/system/libdyld.dylib
0x000000000473f000 	/usr/lib/system/libkeymgr.dylib
0x000000000473f000 	/usr/lib/system/liblaunch.dylib
0x000000000473f000 	/usr/lib/system/libmacho.dylib
0x000000000473f000 	/usr/lib/system/libquarantine.dylib
0x000000000473f000 	/usr/lib/system/libremovefile.dylib
0x000000000473f000 	/usr/lib/system/libsystem_asl.dylib
0x000000000473f000 	/usr/lib/system/libsystem_blocks.dylib
0x000000000473f000 	/usr/lib/system/libsystem_c.dylib
0x000000000473f000 	/usr/lib/system/libsystem_configuration.dylib
0x000000000473f000 	/usr/lib/system/libsystem_coreservices.dylib
0x000000000473f000 	/usr/lib/system/libsystem_coretls.dylib
0x000000000473f000 	/usr/lib/system/libsystem_dnssd.dylib
0x000000000473f000 	/usr/lib/system/libsystem_info.dylib
0x000000000473f000 	/usr/lib/system/libsystem_kernel.dylib
0x000000000473f000 	/usr/lib/system/libsystem_m.dylib
0x000000000473f000 	/usr/lib/system/libsystem_malloc.dylib
0x000000000473f000 	/usr/lib/system/libsystem_network.dylib
0x000000000473f000 	/usr/lib/system/libsystem_networkextension.dylib
0x000000000473f000 	/usr/lib/system/libsystem_notify.dylib
0x000000000473f000 	/usr/lib/system/libsystem_platform.dylib
0x000000000473f000 	/usr/lib/system/libsystem_pthread.dylib
0x000000000473f000 	/usr/lib/system/libsystem_sandbox.dylib
0x000000000473f000 	/usr/lib/system/libsystem_secinit.dylib
0x000000000473f000 	/usr/lib/system/libsystem_symptoms.dylib
0x000000000473f000 	/usr/lib/system/libsystem_trace.dylib
0x000000000473f000 	/usr/lib/system/libunwind.dylib
0x000000000473f000 	/usr/lib/system/libxpc.dylib
0x000000000473f000 	/usr/lib/libbsm.0.dylib
0x000000000473f000 	/usr/lib/system/libkxld.dylib
0x000000000473f000 	/usr/lib/libcoretls.dylib
0x000000000473f000 	/usr/lib/libcoretls_cfhelpers.dylib
0x000000000473f000 	/usr/lib/libOpenScriptingUtil.dylib
0x000000000473f000 	/usr/lib/libpam.2.dylib
0x000000000473f000 	/usr/lib/libsqlite3.dylib
0x000000000473f000 	/usr/lib/libxar.1.dylib
0x000000000473f000 	/usr/lib/libbz2.1.0.dylib
0x000000000473f000 	/usr/lib/liblzma.5.dylib
0x000000000473f000 	/usr/lib/libnetwork.dylib
0x000000000473f000 	/usr/lib/libpcap.A.dylib
0x000000000473f000 	/System/Library/Frameworks/CoreServices.framework/Versions/A/Frameworks/FSEvents.framework/Versions/A/FSEvents
0x000000000473f000 	/System/Library/Frameworks/CoreServices.framework/Versions/A/Frameworks/CarbonCore.framework/Versions/A/CarbonCore
0x000000000473f000 	/System/Library/Frameworks/CoreServices.framework/Versions/A/Frameworks/Metadata.framework/Versions/A/Metadata
0x000000000473f000 	/System/Library/Frameworks/CoreServices.framework/Versions/A/Frameworks/OSServices.framework/Versions/A/OSServices
0x000000000473f000 	/System/Library/Frameworks/CoreServices.framework/Versions/A/Frameworks/SearchKit.framework/Versions/A/SearchKit
0x000000000473f000 	/System/Library/Frameworks/CoreServices.framework/Versions/A/Frameworks/AE.framework/Versions/A/AE
0x000000000473f000 	/System/Library/Frameworks/CoreServices.framework/Versions/A/Frameworks/LaunchServices.framework/Versions/A/LaunchServices
0x000000000473f000 	/System/Library/Frameworks/CoreServices.framework/Versions/A/Frameworks/DictionaryServices.framework/Versions/A/DictionaryServices
0x000000000473f000 	/System/Library/Frameworks/CoreServices.framework/Versions/A/Frameworks/SharedFileList.framework/Versions/A/SharedFileList
0x000000000473f000 	/System/Library/Frameworks/NetFS.framework/Versions/A/NetFS
0x000000000473f000 	/System/Library/PrivateFrameworks/NetAuth.framework/Versions/A/NetAuth
0x000000000473f000 	/System/Library/PrivateFrameworks/login.framework/Versions/A/Frameworks/loginsupport.framework/Versions/A/loginsupport
0x000000000473f000 	/System/Library/PrivateFrameworks/TCC.framework/Versions/A/TCC
0x000000000473f000 	/usr/lib/libmecabra.dylib
0x000000000473f000 	/System/Library/Frameworks/ApplicationServices.framework/Versions/A/Frameworks/ATS.framework/Versions/A/ATS
0x000000000473f000 	/System/Library/Frameworks/ApplicationServices.framework/Versions/A/Frameworks/ColorSync.framework/Versions/A/ColorSync
0x000000000473f000 	/System/Library/Frameworks/ApplicationServices.framework/Versions/A/Frameworks/HIServices.framework/Versions/A/HIServices
0x000000000473f000 	/System/Library/Frameworks/ApplicationServices.framework/Versions/A/Frameworks/LangAnalysis.framework/Versions/A/LangAnalysis
0x000000000473f000 	/System/Library/Frameworks/ApplicationServices.framework/Versions/A/Frameworks/PrintCore.framework/Versions/A/PrintCore
0x000000000473f000 	/System/Library/Frameworks/ApplicationServices.framework/Versions/A/Frameworks/QD.framework/Versions/A/QD
0x000000000473f000 	/System/Library/Frameworks/ApplicationServices.framework/Versions/A/Frameworks/SpeechSynthesis.framework/Versions/A/SpeechSynthesis
0x000000000473f000 	/System/Library/Frameworks/Accelerate.framework/Versions/A/Frameworks/vImage.framework/Versions/A/vImage
0x000000000473f000 	/System/Library/Frameworks/Accelerate.framework/Versions/A/Frameworks/vecLib.framework/Versions/A/vecLib
0x000000000473f000 	/System/Library/Frameworks/Accelerate.framework/Versions/A/Frameworks/vecLib.framework/Versions/A/libvDSP.dylib
0x000000000473f000 	/System/Library/Frameworks/Accelerate.framework/Versions/A/Frameworks/vecLib.framework/Versions/A/libBNNS.dylib
0x000000000473f000 	/System/Library/Frameworks/Accelerate.framework/Versions/A/Frameworks/vecLib.framework/Versions/A/libQuadrature.dylib
0x000000000473f000 	/System/Library/Frameworks/Accelerate.framework/Versions/A/Frameworks/vecLib.framework/Versions/A/libvMisc.dylib
0x000000000473f000 	/System/Library/Frameworks/Accelerate.framework/Versions/A/Frameworks/vecLib.framework/Versions/A/libLAPACK.dylib
0x000000000473f000 	/System/Library/Frameworks/Accelerate.framework/Versions/A/Frameworks/vecLib.framework/Versions/A/libBLAS.dylib
0x000000000473f000 	/System/Library/Frameworks/Accelerate.framework/Versions/A/Frameworks/vecLib.framework/Versions/A/libLinearAlgebra.dylib
0x000000000473f000 	/System/Library/Frameworks/Accelerate.framework/Versions/A/Frameworks/vecLib.framework/Versions/A/libSparseBLAS.dylib
0x000000000473f000 	/System/Library/Frameworks/ApplicationServices.framework/Versions/A/Frameworks/ATS.framework/Versions/A/Resources/libFontParser.dylib
0x000000000473f000 	/System/Library/Frameworks/ApplicationServices.framework/Versions/A/Frameworks/ATS.framework/Versions/A/Resources/libFontRegistry.dylib
0x000000000473f000 	/System/Library/Frameworks/ImageIO.framework/Versions/A/Resources/libJPEG.dylib
0x000000000473f000 	/System/Library/Frameworks/ImageIO.framework/Versions/A/Resources/libTIFF.dylib
0x000000000473f000 	/System/Library/Frameworks/ImageIO.framework/Versions/A/Resources/libPng.dylib
0x000000000473f000 	/System/Library/Frameworks/ImageIO.framework/Versions/A/Resources/libGIF.dylib
0x000000000473f000 	/System/Library/Frameworks/ImageIO.framework/Versions/A/Resources/libJP2.dylib
0x000000000473f000 	/System/Library/Frameworks/ImageIO.framework/Versions/A/Resources/libRadiance.dylib
0x000000000473f000 	/usr/lib/libcompression.dylib
0x000000000473f000 	/System/Library/PrivateFrameworks/AppleJPEG.framework/Versions/A/AppleJPEG
0x000000000473f000 	/usr/lib/libcups.2.dylib
0x000000000473f000 	/System/Library/Frameworks/Kerberos.framework/Versions/A/Kerberos
0x000000000473f000 	/System/Library/Frameworks/GSS.framework/Versions/A/GSS
0x000000000473f000 	/usr/lib/libresolv.9.dylib
0x000000000473f000 	/usr/lib/libiconv.2.dylib
0x000000000473f000 	/System/Library/PrivateFrameworks/Heimdal.framework/Versions/A/Heimdal
0x000000000473f000 	/usr/lib/libheimdal-asn1.dylib
0x000000000473f000 	/System/Library/Frameworks/OpenDirectory.framework/Versions/A/OpenDirectory
0x000000000473f000 	/System/Library/PrivateFrameworks/CommonAuth.framework/Versions/A/CommonAuth
0x000000000473f000 	/System/Library/Frameworks/OpenDirectory.framework/Versions/A/Frameworks/CFOpenDirectory.framework/Versions/A/CFOpenDirectory
0x000000000473f000 	/System/Library/Frameworks/SecurityFoundation.framework/Versions/A/SecurityFoundation
0x000000000473f000 	/System/Library/PrivateFrameworks/LanguageModeling.framework/Versions/A/LanguageModeling
0x000000000473f000 	/usr/lib/libmarisa.dylib
0x000000000473f000 	/usr/lib/libChineseTokenizer.dylib
0x000000000473f000 	/usr/lib/libcmph.dylib
0x000000000473f000 	/System/Library/PrivateFrameworks/CoreEmoji.framework/Versions/A/CoreEmoji
0x000000000473f000 	/System/Library/Frameworks/ServiceManagement.framework/Versions/A/ServiceManagement
0x000000000473f000 	/usr/lib/libxslt.1.dylib
0x000000000473f000 	/System/Library/Frameworks/Carbon.framework/Versions/A/Frameworks/Ink.framework/Versions/A/Ink
0x000000000473f000 	/System/Library/PrivateFrameworks/TextureIO.framework/Versions/A/TextureIO
0x000000000473f000 	/System/Library/Frameworks/Metal.framework/Versions/A/Metal
0x000000000473f000 	/usr/lib/libate.dylib
0x000000000473f000 	/System/Library/PrivateFrameworks/GPUCompiler.framework/libmetal_timestamp.dylib
0x000000000473f000 	/System/Library/Frameworks/OpenGL.framework/Versions/A/Libraries/libCoreFSCache.dylib
0x000000000473f000 	/System/Library/PrivateFrameworks/IOAccelerator.framework/Versions/A/IOAccelerator
0x000000000473f000 	/System/Library/Frameworks/CoreVideo.framework/Versions/A/CoreVideo
0x000000000473f000 	/usr/lib/libFosl_dynamic.dylib
0x000000000473f000 	/System/Library/PrivateFrameworks/MetalPerformanceShaders.framework/Versions/A/MetalPerformanceShaders
0x000000000473f000 	/System/Library/PrivateFrameworks/FaceCore.framework/Versions/A/FaceCore
0x000000000473f000 	/System/Library/Frameworks/OpenCL.framework/Versions/A/OpenCL
0x000000000473f000 	/System/Library/Frameworks/OpenGL.framework/Versions/A/Libraries/libGLU.dylib
0x000000000473f000 	/System/Library/Frameworks/OpenGL.framework/Versions/A/Libraries/libGFXShared.dylib
0x000000000473f000 	/System/Library/Frameworks/OpenGL.framework/Versions/A/Libraries/libGL.dylib
0x000000000473f000 	/System/Library/Frameworks/OpenGL.framework/Versions/A/Libraries/libGLImage.dylib
0x000000000473f000 	/System/Library/Frameworks/OpenGL.framework/Versions/A/Libraries/libCVMSPluginSupport.dylib
0x000000000473f000 	/System/Library/Frameworks/OpenGL.framework/Versions/A/Libraries/libCoreVMClient.dylib
0x000000000473f000 	/System/Library/PrivateFrameworks/CrashReporterSupport.framework/Versions/A/CrashReporterSupport
0x000000000473f000 	/System/Library/PrivateFrameworks/Sharing.framework/Versions/A/Sharing
0x000000000473f000 	/System/Library/PrivateFrameworks/IconServices.framework/Versions/A/IconServices
0x000000000473f000 	/System/Library/PrivateFrameworks/ProtocolBuffer.framework/Versions/A/ProtocolBuffer
0x000000000473f000 	/System/Library/PrivateFrameworks/Apple80211.framework/Versions/A/Apple80211
0x000000000473f000 	/System/Library/Frameworks/CoreWLAN.framework/Versions/A/CoreWLAN
0x000000000473f000 	/System/Library/PrivateFrameworks/CoreUtils.framework/Versions/A/CoreUtils
0x000000000473f000 	/System/Library/Frameworks/IOBluetooth.framework/Versions/A/IOBluetooth
0x000000000473f000 	/System/Library/PrivateFrameworks/CoreWiFi.framework/Versions/A/CoreWiFi
0x000000000473f000 	/System/Library/Frameworks/CoreBluetooth.framework/Versions/A/CoreBluetooth
0x000000000473f000 	/System/Library/Frameworks/CoreDisplay.framework/Versions/A/CoreDisplay
0x000000000473f000 	/System/Library/PrivateFrameworks/IOPresentment.framework/Versions/A/IOPresentment
0x000000000473f000 	/System/Library/PrivateFrameworks/DSExternalDisplay.framework/Versions/A/DSExternalDisplay
0x000000000473f000 	/System/Library/PrivateFrameworks/DebugSymbols.framework/Versions/A/DebugSymbols
0x000000000473f000 	/System/Library/PrivateFrameworks/CoreSymbolication.framework/Versions/A/CoreSymbolication
0x000000000473f000 	/System/Library/PrivateFrameworks/Symbolication.framework/Versions/A/Symbolication
0x000000000473f000 	/System/Library/PrivateFrameworks/AppleFSCompression.framework/Versions/A/AppleFSCompression
0x000000000473f000 	/System/Library/PrivateFrameworks/SpeechRecognitionCore.framework/Versions/A/SpeechRecognitionCore
0x000000000473f000 	/System/Library/PrivateFrameworks/ChunkingLibrary.framework/Versions/A/ChunkingLibrary
0x000000010283a000 	/Library/Java/JavaVirtualMachines/jdk1.8.0_66.jdk/Contents/Home/jre/lib/server/libjvm.dylib
0x000000000473f000 	/usr/lib/libstdc++.6.dylib
0x0000000102203000 	/Library/Java/JavaVirtualMachines/jdk1.8.0_66.jdk/Contents/Home/jre/lib/libverify.dylib
0x0000000102211000 	/Library/Java/JavaVirtualMachines/jdk1.8.0_66.jdk/Contents/Home/jre/lib/libjava.dylib
0x0000000102250000 	/Library/Java/JavaVirtualMachines/jdk1.8.0_66.jdk/Contents/Home/jre/lib/libzip.dylib
0x00000001193d0000 	/System/Library/Frameworks/JavaVM.framework/Frameworks/JavaRuntimeSupport.framework/JavaRuntimeSupport
0x00000001193ea000 	/System/Library/Frameworks/JavaVM.framework/Versions/A/Frameworks/JavaNativeFoundation.framework/Versions/A/JavaNativeFoundation
0x00000001193ff000 	/System/Library/Frameworks/JavaVM.framework/Versions/A/JavaVM
0x000000000473f000 	/System/Library/Frameworks/Carbon.framework/Versions/A/Carbon
0x000000011940c000 	/System/Library/PrivateFrameworks/JavaLaunching.framework/Versions/A/JavaLaunching
0x000000000473f000 	/System/Library/Frameworks/Carbon.framework/Versions/A/Frameworks/CommonPanels.framework/Versions/A/CommonPanels
0x000000000473f000 	/System/Library/Frameworks/Carbon.framework/Versions/A/Frameworks/Help.framework/Versions/A/Help
0x000000000473f000 	/System/Library/Frameworks/Carbon.framework/Versions/A/Frameworks/ImageCapture.framework/Versions/A/ImageCapture
0x000000000473f000 	/System/Library/Frameworks/Carbon.framework/Versions/A/Frameworks/OpenScripting.framework/Versions/A/OpenScripting
0x000000000473f000 	/System/Library/Frameworks/Carbon.framework/Versions/A/Frameworks/Print.framework/Versions/A/Print
0x000000000473f000 	/System/Library/Frameworks/Carbon.framework/Versions/A/Frameworks/SecurityHI.framework/Versions/A/SecurityHI
0x000000011ae28000 	/Library/Java/JavaVirtualMachines/jdk1.8.0_66.jdk/Contents/Home/jre/lib/libmanagement.dylib
0x000000011af7f000 	/Library/Java/JavaVirtualMachines/jdk1.8.0_66.jdk/Contents/Home/jre/lib/libnet.dylib
0x000000011ae36000 	/Library/Java/JavaVirtualMachines/jdk1.8.0_66.jdk/Contents/Home/jre/lib/libnio.dylib
0x000000011aeeb000 	/Library/Java/JavaVirtualMachines/jdk1.8.0_66.jdk/Contents/Home/jre/lib/libsunec.dylib

VM Arguments:
jvm_args: -Djava.util.logging.config.file=/Users/ptom/NetBeansProjects/apache-tomcat-8.0.30/conf/logging.properties -Djava.util.logging.manager=org.apache.juli.ClassLoaderLogManager -Dhttp.nonProxyHosts=localhost|127.0.0.1|iMac-di-Paolo-6.station -Djava.endorsed.dirs=/Users/ptom/NetBeansProjects/apache-tomcat-8.0.30/endorsed -Dcatalina.base=/Users/ptom/NetBeansProjects/apache-tomcat-8.0.30 -Dcatalina.home=/Users/ptom/NetBeansProjects/apache-tomcat-8.0.30 -Djava.io.tmpdir=/Users/ptom/NetBeansProjects/apache-tomcat-8.0.30/temp 
java_command: org.apache.catalina.startup.Bootstrap start
java_class_path (initial): /Users/ptom/NetBeansProjects/apache-tomcat-8.0.30/bin/bootstrap.jar:/Users/ptom/NetBeansProjects/apache-tomcat-8.0.30/bin/tomcat-juli.jar
Launcher Type: SUN_STANDARD

Environment Variables:
JAVA_HOME=/Library/Java/JavaVirtualMachines/jdk1.8.0_66.jdk/Contents/Home
JRE_HOME=/Library/Java/JavaVirtualMachines/jdk1.8.0_66.jdk/Contents/Home
PATH=/usr/bin:/bin:/usr/sbin:/sbin
LD_LIBRARY_PATH=/Library/Java/JavaVirtualMachines/jdk1.8.0_66.jdk/Contents/Home/jre/lib/amd64:/Library/Java/JavaVirtualMachines/jdk1.8.0_66.jdk/Contents/Home/jre/lib/i386:
SHELL=/bin/bash

Signal Handlers:
SIGSEGV: [libjvm.dylib+0x5a65d5], sa_mask[0]=11111111011111110111111111111111, sa_flags=SA_ONSTACK|SA_RESTART|SA_SIGINFO
SIGBUS: [libjvm.dylib+0x5a65d5], sa_mask[0]=11111111011111110111111111111111, sa_flags=SA_RESTART|SA_SIGINFO
SIGFPE: [libjvm.dylib+0x4802e8], sa_mask[0]=11111111011111110111111111111111, sa_flags=SA_RESTART|SA_SIGINFO
SIGPIPE: [libjvm.dylib+0x4802e8], sa_mask[0]=11111111011111110111111111111111, sa_flags=SA_RESTART|SA_SIGINFO
SIGXFSZ: [libjvm.dylib+0x4802e8], sa_mask[0]=11111111011111110111111111111111, sa_flags=SA_RESTART|SA_SIGINFO
SIGILL: [libjvm.dylib+0x4802e8], sa_mask[0]=11111111011111110111111111111111, sa_flags=SA_RESTART|SA_SIGINFO
SIGUSR1: SIG_DFL, sa_mask[0]=00000000000000000000000000000000, sa_flags=none
SIGUSR2: [libjvm.dylib+0x47fe06], sa_mask[0]=00100000000000000000000000000000, sa_flags=SA_RESTART|SA_SIGINFO
SIGHUP: [libjvm.dylib+0x47e3dd], sa_mask[0]=11111111011111110111111111111111, sa_flags=SA_RESTART|SA_SIGINFO
SIGINT: SIG_IGN, sa_mask[0]=00000000000000000000000000000000, sa_flags=none
SIGTERM: [libjvm.dylib+0x47e3dd], sa_mask[0]=11111111011111110111111111111111, sa_flags=SA_RESTART|SA_SIGINFO
SIGQUIT: [libjvm.dylib+0x47e3dd], sa_mask[0]=11111111011111110111111111111111, sa_flags=SA_RESTART|SA_SIGINFO


---------------  S Y S T E M  ---------------

OS:Bsduname:Darwin 16.7.0 Darwin Kernel Version 16.7.0: Thu Jan 11 22:59:40 PST 2018; root:xnu-3789.73.8~1/RELEASE_X86_64 x86_64
rlimit: STACK 8192k, CORE 0k, NPROC 709, NOFILE 10240, AS infinity
load average:3.74 3.17 3.18

CPU:total 4 (4 cores per cpu, 1 threads per core) family 6 model 71 stepping 1, cmov, cx8, fxsr, mmx, sse, sse2, sse3, ssse3, sse4.1, sse4.2, popcnt, avx, avx2, aes, clmul, erms, rtm, 3dnowpref, lzcnt, tsc, tscinvbit, bmi1, bmi2, adx

Memory: 4k page, physical 8388608k(83400k free)

/proc/meminfo:


vm_info: Java HotSpot(TM) 64-Bit Server VM (25.66-b17) for bsd-amd64 JRE (1.8.0_66-b17), built on Oct  6 2015 16:09:13 by "java_re" with gcc 4.2.1 (Based on Apple Inc. build 5658) (LLVM build 2336.11.00)

time: Thu Apr 19 22:39:40 2018
elapsed time: 6782 seconds (0d 1h 53m 2s)

